<?xml version="1.0" encoding="UTF-8"?>
<testsuite name="KarateReportTest" tests="1" skipped="0" failures="0" errors="0" timestamp="2020-12-03T13:41:29" hostname="DESKTOP-DPMQS50" time="9.106">
  <properties/>
  <testcase name="testrunAll()" classname="KarateReportTest" time="9.106"/>
  <system-out><![CDATA[19:11:30.168 [Test worker] INFO com.intuit.karate.Runner - waiting for parallel features to complete ...
19:11:30.253 [ForkJoinPool-1-worker-1] INFO com.intuit.karate - from karate-config.js 
19:11:30.347 [ForkJoinPool-1-worker-1] DEBUG com.jayway.jsonpath.internal.path.CompiledPath - Evaluating path: $
19:11:30.597 [ForkJoinPool-1-worker-1] DEBUG org.apache.http.client.protocol.RequestAddCookies - CookieSpec selected: karate
19:11:30.613 [ForkJoinPool-1-worker-1] DEBUG org.apache.http.client.protocol.RequestAuthCache - Auth cache not set in the context
19:11:30.613 [ForkJoinPool-1-worker-1] DEBUG com.intuit.karate - request:
1 > GET https://reqres.in/api/users%3Fpage=2
1 > Accept-Encoding: gzip,deflate
1 > Connection: Keep-Alive
1 > Host: reqres.in
1 > User-Agent: Apache-HttpClient/4.5.12 (Java/1.8.0_251)

19:11:30.613 [ForkJoinPool-1-worker-1] DEBUG org.apache.http.impl.conn.PoolingHttpClientConnectionManager - Connection request: [route: {s}->https://reqres.in:443][total available: 0; route allocated: 0 of 5; total allocated: 0 of 10]
19:11:30.628 [ForkJoinPool-1-worker-1] DEBUG org.apache.http.impl.conn.PoolingHttpClientConnectionManager - Connection leased: [id: 0][route: {s}->https://reqres.in:443][total available: 0; route allocated: 1 of 5; total allocated: 1 of 10]
19:11:30.628 [ForkJoinPool-1-worker-1] DEBUG org.apache.http.impl.execchain.MainClientExec - Opening connection {s}->https://reqres.in:443
19:11:30.644 [ForkJoinPool-1-worker-1] DEBUG org.apache.http.impl.conn.DefaultHttpClientConnectionOperator - Connecting to reqres.in/104.27.135.11:443
19:11:30.644 [ForkJoinPool-1-worker-1] DEBUG org.apache.http.conn.ssl.SSLConnectionSocketFactory - Connecting socket to reqres.in/104.27.135.11:443 with timeout 30000
19:11:30.737 [ForkJoinPool-1-worker-1] DEBUG org.apache.http.conn.ssl.SSLConnectionSocketFactory - Enabled protocols: [TLSv1, TLSv1.1, TLSv1.2]
19:11:30.737 [ForkJoinPool-1-worker-1] DEBUG org.apache.http.conn.ssl.SSLConnectionSocketFactory - Enabled cipher suites:[TLS_ECDHE_ECDSA_WITH_AES_256_CBC_SHA384, TLS_ECDHE_RSA_WITH_AES_256_CBC_SHA384, TLS_RSA_WITH_AES_256_CBC_SHA256, TLS_ECDH_ECDSA_WITH_AES_256_CBC_SHA384, TLS_ECDH_RSA_WITH_AES_256_CBC_SHA384, TLS_DHE_RSA_WITH_AES_256_CBC_SHA256, TLS_DHE_DSS_WITH_AES_256_CBC_SHA256, TLS_ECDHE_ECDSA_WITH_AES_256_CBC_SHA, TLS_ECDHE_RSA_WITH_AES_256_CBC_SHA, TLS_RSA_WITH_AES_256_CBC_SHA, TLS_ECDH_ECDSA_WITH_AES_256_CBC_SHA, TLS_ECDH_RSA_WITH_AES_256_CBC_SHA, TLS_DHE_RSA_WITH_AES_256_CBC_SHA, TLS_DHE_DSS_WITH_AES_256_CBC_SHA, TLS_ECDHE_ECDSA_WITH_AES_128_CBC_SHA256, TLS_ECDHE_RSA_WITH_AES_128_CBC_SHA256, TLS_RSA_WITH_AES_128_CBC_SHA256, TLS_ECDH_ECDSA_WITH_AES_128_CBC_SHA256, TLS_ECDH_RSA_WITH_AES_128_CBC_SHA256, TLS_DHE_RSA_WITH_AES_128_CBC_SHA256, TLS_DHE_DSS_WITH_AES_128_CBC_SHA256, TLS_ECDHE_ECDSA_WITH_AES_128_CBC_SHA, TLS_ECDHE_RSA_WITH_AES_128_CBC_SHA, TLS_RSA_WITH_AES_128_CBC_SHA, TLS_ECDH_ECDSA_WITH_AES_128_CBC_SHA, TLS_ECDH_RSA_WITH_AES_128_CBC_SHA, TLS_DHE_RSA_WITH_AES_128_CBC_SHA, TLS_DHE_DSS_WITH_AES_128_CBC_SHA, TLS_ECDHE_ECDSA_WITH_AES_256_GCM_SHA384, TLS_ECDHE_ECDSA_WITH_AES_128_GCM_SHA256, TLS_ECDHE_RSA_WITH_AES_256_GCM_SHA384, TLS_RSA_WITH_AES_256_GCM_SHA384, TLS_ECDH_ECDSA_WITH_AES_256_GCM_SHA384, TLS_ECDH_RSA_WITH_AES_256_GCM_SHA384, TLS_DHE_RSA_WITH_AES_256_GCM_SHA384, TLS_DHE_DSS_WITH_AES_256_GCM_SHA384, TLS_ECDHE_RSA_WITH_AES_128_GCM_SHA256, TLS_RSA_WITH_AES_128_GCM_SHA256, TLS_ECDH_ECDSA_WITH_AES_128_GCM_SHA256, TLS_ECDH_RSA_WITH_AES_128_GCM_SHA256, TLS_DHE_RSA_WITH_AES_128_GCM_SHA256, TLS_DHE_DSS_WITH_AES_128_GCM_SHA256, TLS_EMPTY_RENEGOTIATION_INFO_SCSV]
19:11:30.737 [ForkJoinPool-1-worker-1] DEBUG org.apache.http.conn.ssl.SSLConnectionSocketFactory - Starting handshake
19:11:30.862 [ForkJoinPool-1-worker-1] DEBUG org.apache.http.conn.ssl.SSLConnectionSocketFactory - Secure session established
19:11:30.862 [ForkJoinPool-1-worker-1] DEBUG org.apache.http.conn.ssl.SSLConnectionSocketFactory -  negotiated protocol: TLSv1.2
19:11:30.862 [ForkJoinPool-1-worker-1] DEBUG org.apache.http.conn.ssl.SSLConnectionSocketFactory -  negotiated cipher suite: TLS_ECDHE_ECDSA_WITH_AES_128_GCM_SHA256
19:11:30.862 [ForkJoinPool-1-worker-1] DEBUG org.apache.http.conn.ssl.SSLConnectionSocketFactory -  peer principal: CN=sni.cloudflaressl.com, O="Cloudflare, Inc.", L=San Francisco, ST=CA, C=US
19:11:30.862 [ForkJoinPool-1-worker-1] DEBUG org.apache.http.conn.ssl.SSLConnectionSocketFactory -  peer alternative names: [reqres.in, sni.cloudflaressl.com, *.reqres.in]
19:11:30.862 [ForkJoinPool-1-worker-1] DEBUG org.apache.http.conn.ssl.SSLConnectionSocketFactory -  issuer principal: CN=Cloudflare Inc ECC CA-3, O="Cloudflare, Inc.", C=US
19:11:30.878 [ForkJoinPool-1-worker-1] DEBUG org.apache.http.impl.conn.DefaultHttpClientConnectionOperator - Connection established 192.168.1.87:53452<->104.27.135.11:443
19:11:30.878 [ForkJoinPool-1-worker-1] DEBUG org.apache.http.impl.conn.DefaultManagedHttpClientConnection - http-outgoing-0: set socket timeout to 30000
19:11:30.878 [ForkJoinPool-1-worker-1] DEBUG org.apache.http.impl.execchain.MainClientExec - Executing request GET /api/users%3Fpage=2 HTTP/1.1
19:11:30.878 [ForkJoinPool-1-worker-1] DEBUG org.apache.http.impl.execchain.MainClientExec - Target auth state: UNCHALLENGED
19:11:30.878 [ForkJoinPool-1-worker-1] DEBUG org.apache.http.impl.execchain.MainClientExec - Proxy auth state: UNCHALLENGED
19:11:30.878 [ForkJoinPool-1-worker-1] DEBUG org.apache.http.headers - http-outgoing-0 >> GET /api/users%3Fpage=2 HTTP/1.1
19:11:30.878 [ForkJoinPool-1-worker-1] DEBUG org.apache.http.headers - http-outgoing-0 >> Host: reqres.in
19:11:30.878 [ForkJoinPool-1-worker-1] DEBUG org.apache.http.headers - http-outgoing-0 >> Connection: Keep-Alive
19:11:30.878 [ForkJoinPool-1-worker-1] DEBUG org.apache.http.headers - http-outgoing-0 >> User-Agent: Apache-HttpClient/4.5.12 (Java/1.8.0_251)
19:11:30.878 [ForkJoinPool-1-worker-1] DEBUG org.apache.http.headers - http-outgoing-0 >> Accept-Encoding: gzip,deflate
19:11:30.878 [ForkJoinPool-1-worker-1] DEBUG org.apache.http.wire - http-outgoing-0 >> "GET /api/users%3Fpage=2 HTTP/1.1[\r][\n]"
19:11:30.878 [ForkJoinPool-1-worker-1] DEBUG org.apache.http.wire - http-outgoing-0 >> "Host: reqres.in[\r][\n]"
19:11:30.878 [ForkJoinPool-1-worker-1] DEBUG org.apache.http.wire - http-outgoing-0 >> "Connection: Keep-Alive[\r][\n]"
19:11:30.878 [ForkJoinPool-1-worker-1] DEBUG org.apache.http.wire - http-outgoing-0 >> "User-Agent: Apache-HttpClient/4.5.12 (Java/1.8.0_251)[\r][\n]"
19:11:30.878 [ForkJoinPool-1-worker-1] DEBUG org.apache.http.wire - http-outgoing-0 >> "Accept-Encoding: gzip,deflate[\r][\n]"
19:11:30.878 [ForkJoinPool-1-worker-1] DEBUG org.apache.http.wire - http-outgoing-0 >> "[\r][\n]"
19:11:31.193 [ForkJoinPool-1-worker-1] DEBUG org.apache.http.wire - http-outgoing-0 << "HTTP/1.1 200 OK[\r][\n]"
19:11:31.193 [ForkJoinPool-1-worker-1] DEBUG org.apache.http.wire - http-outgoing-0 << "Date: Thu, 03 Dec 2020 13:41:30 GMT[\r][\n]"
19:11:31.193 [ForkJoinPool-1-worker-1] DEBUG org.apache.http.wire - http-outgoing-0 << "Content-Type: application/json; charset=utf-8[\r][\n]"
19:11:31.193 [ForkJoinPool-1-worker-1] DEBUG org.apache.http.wire - http-outgoing-0 << "Transfer-Encoding: chunked[\r][\n]"
19:11:31.193 [ForkJoinPool-1-worker-1] DEBUG org.apache.http.wire - http-outgoing-0 << "Connection: keep-alive[\r][\n]"
19:11:31.194 [ForkJoinPool-1-worker-1] DEBUG org.apache.http.wire - http-outgoing-0 << "Set-Cookie: __cfduid=db75cd2d515c62508f39904fff906d2ae1607002890; expires=Sat, 02-Jan-21 13:41:30 GMT; path=/; domain=.reqres.in; HttpOnly; SameSite=Lax; Secure[\r][\n]"
19:11:31.194 [ForkJoinPool-1-worker-1] DEBUG org.apache.http.wire - http-outgoing-0 << "X-Powered-By: Express[\r][\n]"
19:11:31.194 [ForkJoinPool-1-worker-1] DEBUG org.apache.http.wire - http-outgoing-0 << "Access-Control-Allow-Origin: *[\r][\n]"
19:11:31.194 [ForkJoinPool-1-worker-1] DEBUG org.apache.http.wire - http-outgoing-0 << "Etag: W/"2c1-N6Rqerxquq2kgQhL51EiSg4x0R8"[\r][\n]"
19:11:31.194 [ForkJoinPool-1-worker-1] DEBUG org.apache.http.wire - http-outgoing-0 << "Via: 1.1 vegur[\r][\n]"
19:11:31.194 [ForkJoinPool-1-worker-1] DEBUG org.apache.http.wire - http-outgoing-0 << "Cache-Control: max-age=14400[\r][\n]"
19:11:31.194 [ForkJoinPool-1-worker-1] DEBUG org.apache.http.wire - http-outgoing-0 << "CF-Cache-Status: REVALIDATED[\r][\n]"
19:11:31.194 [ForkJoinPool-1-worker-1] DEBUG org.apache.http.wire - http-outgoing-0 << "cf-request-id: 06ca6f39a0000031ed63903000000001[\r][\n]"
19:11:31.194 [ForkJoinPool-1-worker-1] DEBUG org.apache.http.wire - http-outgoing-0 << "Expect-CT: max-age=604800, report-uri="https://report-uri.cloudflare.com/cdn-cgi/beacon/expect-ct"[\r][\n]"
19:11:31.195 [ForkJoinPool-1-worker-1] DEBUG org.apache.http.wire - http-outgoing-0 << "Report-To: {"endpoints":[{"url":"https:\/\/a.nel.cloudflare.com\/report?s=2jyTiNZr6CnSt%2Bn1AzoiqQR1rK7NcWfSCabeMPq8M1F%2BKTryTLcdAUrR3lojx1SY5mKmpzehsjA%2Byo7wG4IYw0wLQDMcziS6d38%3D"}],"group":"cf-nel","max_age":604800}[\r][\n]"
19:11:31.195 [ForkJoinPool-1-worker-1] DEBUG org.apache.http.wire - http-outgoing-0 << "NEL: {"report_to":"cf-nel","max_age":604800}[\r][\n]"
19:11:31.195 [ForkJoinPool-1-worker-1] DEBUG org.apache.http.wire - http-outgoing-0 << "Vary: Accept-Encoding[\r][\n]"
19:11:31.195 [ForkJoinPool-1-worker-1] DEBUG org.apache.http.wire - http-outgoing-0 << "Server: cloudflare[\r][\n]"
19:11:31.195 [ForkJoinPool-1-worker-1] DEBUG org.apache.http.wire - http-outgoing-0 << "CF-RAY: 5fbdb4a29b5231ed-BOM[\r][\n]"
19:11:31.195 [ForkJoinPool-1-worker-1] DEBUG org.apache.http.wire - http-outgoing-0 << "Content-Encoding: gzip[\r][\n]"
19:11:31.195 [ForkJoinPool-1-worker-1] DEBUG org.apache.http.wire - http-outgoing-0 << "[\r][\n]"
19:11:31.195 [ForkJoinPool-1-worker-1] DEBUG org.apache.http.wire - http-outgoing-0 << "170[\r][\n]"
19:11:31.195 [ForkJoinPool-1-worker-1] DEBUG org.apache.http.wire - http-outgoing-0 << "[0x1f][0x8b][0x8][0x0][0x0][0x0][0x0][0x0][0x0][0x3]m[0xd1][0xcd]n[0xdb]0[0xc][0x7][0xf0]W[0xd1][0xd8][0xab][0xbc]X[0xb2]l'[0xba]5Y[0xf6][0x0]Eo[0xc5]P[0xb0]6[0x9b][0x8][0xf5],[0x85][0x92][0xba][0x15]A[0xde][0xbd][0xe8][0x7]\[0x17][0xf0]M[0x82][0xf8][0xff][0x81][0x14][0xcf][0x10][0xf0]@`[0x95][0x84]@|[0xff]qi$$[0x9f]p[0x0][0xab][0xf4][0xe7][0xf1][0xfd]%[0x82][0xd5][0x12]zL[0x8][0xf6][0xee][0xc][0xae]]]>&#x7f;<![CDATA[[0xcf][0x8d][0xf8][0x97][0xc0]BG[0x9c][0x7][0xc2][0x11]$[0xbc][0x10]2X][0x96][0xa5][0x84][0xce][0xf][0x9e][0xc1][0xc2][0xd5]f[0xbd][0xd5][0xbf][0x14]H[0x8]8&?[0xd2][0xfd]3[0xe][0xf9]-[0xa8][0xea][0xc2][0x94][0xba][0x84][0x8b][0xfc] [0xf5]D>[0xe6][0xee][0x18][0x1d][\n]"
19:11:31.195 [ForkJoinPool-1-worker-1] DEBUG org.apache.http.wire - http-outgoing-0 << "[0xf6][0x91][0xe6][0xac][0x9a][0xb1][0xbb][0xd6]Tm[0xbd][0xc4][0xb6][0x85].+5[0xb1][0xd5][0xc4]&[0xce]$[0x98][0xfa]9[0xa9]g[0xe4][0xf6][0xb7][0xda]Tz[0x89][0xdc][0x14][0xaa]i[0xcc]D[0x9a][0x89][0xc4]SF[0x11][0x9f]^[0xe6]d5#[0xdb][0xed][0xce][0xec][0xcc][0x12]i[\n]"
19:11:31.195 [ForkJoinPool-1-worker-1] DEBUG org.apache.http.wire - http-outgoing-0 << "[0xb3]V_][0xd6]_][0xba][0x3][0xf1][0xe0][0x86]o[0xa6][0x99][0x99]{][0xaf][0xab][0xfd][0xf2][0xe4][0xca][0xd4][0xcd]d6[0x93][0xf9]0d[0x12])[0xf3]){[0xf7][0xfd]K[0xeb][0x19]\W[0xdb][0xf2]z[0xbf][0xbc][0xa9]Z[0xab][0x16].]]>&#x7f;<![CDATA[$[0xc4][0x1c][0x82][0xe7][0x4][0xf6][0xc][0x99][0x7][0xb0]pL)D[0xbb]Z1[0x9d][0x98][0xe2]O7[0xae][0xae]>k[0x8a]#a[0xef][0xc6][0x3]HH[0xf4]?[0x81][0x85][/[0x9e][0x88][0x82][0xb8][0xa1][0xd3][\r]E[0xf1][0xc8]DRt~L[0xec][0x1e]rr~[0x8c]"[0xf9]]]>&#x7f;<![CDATA[[0xc8]}[0x14][0x91][0xf8][0x99]Xt>[0xa6]([0x90]I`[0x8]L[0x9d][0xc3]D[0xfd][0xf][0xb8]\^"
19:11:31.197 [ForkJoinPool-1-worker-1] DEBUG org.apache.http.headers - http-outgoing-0 << HTTP/1.1 200 OK
19:11:31.197 [ForkJoinPool-1-worker-1] DEBUG org.apache.http.headers - http-outgoing-0 << Date: Thu, 03 Dec 2020 13:41:30 GMT
19:11:31.197 [ForkJoinPool-1-worker-1] DEBUG org.apache.http.headers - http-outgoing-0 << Content-Type: application/json; charset=utf-8
19:11:31.198 [ForkJoinPool-1-worker-1] DEBUG org.apache.http.headers - http-outgoing-0 << Transfer-Encoding: chunked
19:11:31.198 [ForkJoinPool-1-worker-1] DEBUG org.apache.http.headers - http-outgoing-0 << Connection: keep-alive
19:11:31.198 [ForkJoinPool-1-worker-1] DEBUG org.apache.http.headers - http-outgoing-0 << Set-Cookie: __cfduid=db75cd2d515c62508f39904fff906d2ae1607002890; expires=Sat, 02-Jan-21 13:41:30 GMT; path=/; domain=.reqres.in; HttpOnly; SameSite=Lax; Secure
19:11:31.198 [ForkJoinPool-1-worker-1] DEBUG org.apache.http.headers - http-outgoing-0 << X-Powered-By: Express
19:11:31.198 [ForkJoinPool-1-worker-1] DEBUG org.apache.http.headers - http-outgoing-0 << Access-Control-Allow-Origin: *
19:11:31.198 [ForkJoinPool-1-worker-1] DEBUG org.apache.http.headers - http-outgoing-0 << Etag: W/"2c1-N6Rqerxquq2kgQhL51EiSg4x0R8"
19:11:31.198 [ForkJoinPool-1-worker-1] DEBUG org.apache.http.headers - http-outgoing-0 << Via: 1.1 vegur
19:11:31.198 [ForkJoinPool-1-worker-1] DEBUG org.apache.http.headers - http-outgoing-0 << Cache-Control: max-age=14400
19:11:31.198 [ForkJoinPool-1-worker-1] DEBUG org.apache.http.headers - http-outgoing-0 << CF-Cache-Status: REVALIDATED
19:11:31.198 [ForkJoinPool-1-worker-1] DEBUG org.apache.http.headers - http-outgoing-0 << cf-request-id: 06ca6f39a0000031ed63903000000001
19:11:31.198 [ForkJoinPool-1-worker-1] DEBUG org.apache.http.headers - http-outgoing-0 << Expect-CT: max-age=604800, report-uri="https://report-uri.cloudflare.com/cdn-cgi/beacon/expect-ct"
19:11:31.198 [ForkJoinPool-1-worker-1] DEBUG org.apache.http.headers - http-outgoing-0 << Report-To: {"endpoints":[{"url":"https:\/\/a.nel.cloudflare.com\/report?s=2jyTiNZr6CnSt%2Bn1AzoiqQR1rK7NcWfSCabeMPq8M1F%2BKTryTLcdAUrR3lojx1SY5mKmpzehsjA%2Byo7wG4IYw0wLQDMcziS6d38%3D"}],"group":"cf-nel","max_age":604800}
19:11:31.198 [ForkJoinPool-1-worker-1] DEBUG org.apache.http.headers - http-outgoing-0 << NEL: {"report_to":"cf-nel","max_age":604800}
19:11:31.198 [ForkJoinPool-1-worker-1] DEBUG org.apache.http.headers - http-outgoing-0 << Vary: Accept-Encoding
19:11:31.198 [ForkJoinPool-1-worker-1] DEBUG org.apache.http.headers - http-outgoing-0 << Server: cloudflare
19:11:31.198 [ForkJoinPool-1-worker-1] DEBUG org.apache.http.headers - http-outgoing-0 << CF-RAY: 5fbdb4a29b5231ed-BOM
19:11:31.198 [ForkJoinPool-1-worker-1] DEBUG org.apache.http.headers - http-outgoing-0 << Content-Encoding: gzip
19:11:31.202 [ForkJoinPool-1-worker-1] DEBUG org.apache.http.impl.execchain.MainClientExec - Connection can be kept alive indefinitely
19:11:31.210 [ForkJoinPool-1-worker-1] DEBUG org.apache.http.client.protocol.ResponseProcessCookies - Cookie accepted [__cfduid="db75cd2d515c62508f39904fff906d2ae1607002890", version:0, domain:reqres.in, path:/, expiry:Sat Jan 02 19:11:30 IST 2021]
19:11:31.213 [ForkJoinPool-1-worker-1] DEBUG org.apache.http.wire - http-outgoing-0 << "[0x1]0[0x9f][0xa1]R[0xc1][0x2][0x0][0x0][\r][\n]"
19:11:31.213 [ForkJoinPool-1-worker-1] DEBUG org.apache.http.wire - http-outgoing-0 << "0[\r][\n]"
19:11:31.213 [ForkJoinPool-1-worker-1] DEBUG org.apache.http.wire - http-outgoing-0 << "[\r][\n]"
19:11:31.214 [ForkJoinPool-1-worker-1] DEBUG org.apache.http.impl.conn.PoolingHttpClientConnectionManager - Connection [id: 0][route: {s}->https://reqres.in:443] can be kept alive indefinitely
19:11:31.214 [ForkJoinPool-1-worker-1] DEBUG org.apache.http.impl.conn.DefaultManagedHttpClientConnection - http-outgoing-0: set socket timeout to 0
19:11:31.214 [ForkJoinPool-1-worker-1] DEBUG org.apache.http.impl.conn.PoolingHttpClientConnectionManager - Connection released: [id: 0][route: {s}->https://reqres.in:443][total available: 1; route allocated: 1 of 5; total allocated: 1 of 10]
19:11:31.214 [ForkJoinPool-1-worker-1] DEBUG com.intuit.karate - response time in milliseconds: 596.49
1 < 200
1 < Access-Control-Allow-Origin: *
1 < CF-Cache-Status: REVALIDATED
1 < CF-RAY: 5fbdb4a29b5231ed-BOM
1 < Cache-Control: max-age=14400
1 < Connection: keep-alive
1 < Content-Type: application/json; charset=utf-8
1 < Date: Thu, 03 Dec 2020 13:41:30 GMT
1 < Etag: W/"2c1-N6Rqerxquq2kgQhL51EiSg4x0R8"
1 < Expect-CT: max-age=604800, report-uri="https://report-uri.cloudflare.com/cdn-cgi/beacon/expect-ct"
1 < NEL: {"report_to":"cf-nel","max_age":604800}
1 < Report-To: {"endpoints":[{"url":"https:\/\/a.nel.cloudflare.com\/report?s=2jyTiNZr6CnSt%2Bn1AzoiqQR1rK7NcWfSCabeMPq8M1F%2BKTryTLcdAUrR3lojx1SY5mKmpzehsjA%2Byo7wG4IYw0wLQDMcziS6d38%3D"}],"group":"cf-nel","max_age":604800}
1 < Server: cloudflare
1 < Set-Cookie: __cfduid=db75cd2d515c62508f39904fff906d2ae1607002890; expires=Sat, 02-Jan-21 13:41:30 GMT; path=/; domain=.reqres.in; HttpOnly; SameSite=Lax; Secure
1 < Transfer-Encoding: chunked
1 < Vary: Accept-Encoding
1 < Via: 1.1 vegur
1 < X-Powered-By: Express
1 < cf-request-id: 06ca6f39a0000031ed63903000000001
{"page":1,"per_page":6,"total":12,"total_pages":2,"data":[{"id":1,"name":"cerulean","year":2000,"color":"#98B2D1","pantone_value":"15-4020"},{"id":2,"name":"fuchsia rose","year":2001,"color":"#C74375","pantone_value":"17-2031"},{"id":3,"name":"true red","year":2002,"color":"#BF1932","pantone_value":"19-1664"},{"id":4,"name":"aqua sky","year":2003,"color":"#7BC4C4","pantone_value":"14-4811"},{"id":5,"name":"tigerlily","year":2004,"color":"#E2583E","pantone_value":"17-1456"},{"id":6,"name":"blue turquoise","year":2005,"color":"#53B0AE","pantone_value":"15-5217"}],"support":{"url":"https://reqres.in/#support-heading","text":"To keep ReqRes free, contributions towards server costs are appreciated!"}}

19:11:31.222 [ForkJoinPool-1-worker-1] DEBUG com.jayway.jsonpath.internal.path.CompiledPath - Evaluating path: $['page']
19:11:31.271 [pool-1-thread-1] INFO com.intuit.karate.Runner - <<pass>> feature 1 of 22: classpath:featurefiles/calledfeature.feature
---------------------------------------------------------
feature: classpath:featurefiles/calledfeature.feature
report: build\surefire-reports\featurefiles.calledfeature.json
scenarios:  1 | passed:  1 | failed:  0 | time: 0.8593
---------------------------------------------------------
19:11:31.282 [ForkJoinPool-1-worker-1] INFO com.intuit.karate - from karate-config.js 
19:11:31.282 [ForkJoinPool-1-worker-1] DEBUG com.jayway.jsonpath.internal.path.CompiledPath - Evaluating path: $
19:11:31.295 [ForkJoinPool-1-worker-1] DEBUG org.apache.http.client.protocol.RequestAddCookies - CookieSpec selected: karate
19:11:31.295 [ForkJoinPool-1-worker-1] DEBUG org.apache.http.client.protocol.RequestAuthCache - Auth cache not set in the context
19:11:31.295 [ForkJoinPool-1-worker-1] DEBUG com.intuit.karate - request:
1 > GET https://reqres.in/api/users%3Fpage=2
1 > Accept-Encoding: gzip,deflate
1 > Connection: Keep-Alive
1 > Host: reqres.in
1 > User-Agent: Apache-HttpClient/4.5.12 (Java/1.8.0_251)

19:11:31.296 [ForkJoinPool-1-worker-1] DEBUG org.apache.http.impl.conn.PoolingHttpClientConnectionManager - Connection request: [route: {s}->https://reqres.in:443][total available: 0; route allocated: 0 of 5; total allocated: 0 of 10]
19:11:31.296 [ForkJoinPool-1-worker-1] DEBUG org.apache.http.impl.conn.PoolingHttpClientConnectionManager - Connection leased: [id: 1][route: {s}->https://reqres.in:443][total available: 0; route allocated: 1 of 5; total allocated: 1 of 10]
19:11:31.296 [ForkJoinPool-1-worker-1] DEBUG org.apache.http.impl.execchain.MainClientExec - Opening connection {s}->https://reqres.in:443
19:11:31.296 [ForkJoinPool-1-worker-1] DEBUG org.apache.http.impl.conn.DefaultHttpClientConnectionOperator - Connecting to reqres.in/104.27.135.11:443
19:11:31.296 [ForkJoinPool-1-worker-1] DEBUG org.apache.http.conn.ssl.SSLConnectionSocketFactory - Connecting socket to reqres.in/104.27.135.11:443 with timeout 30000
19:11:31.311 [ForkJoinPool-1-worker-1] DEBUG org.apache.http.conn.ssl.SSLConnectionSocketFactory - Enabled protocols: [TLSv1, TLSv1.1, TLSv1.2]
19:11:31.311 [ForkJoinPool-1-worker-1] DEBUG org.apache.http.conn.ssl.SSLConnectionSocketFactory - Enabled cipher suites:[TLS_ECDHE_ECDSA_WITH_AES_256_CBC_SHA384, TLS_ECDHE_RSA_WITH_AES_256_CBC_SHA384, TLS_RSA_WITH_AES_256_CBC_SHA256, TLS_ECDH_ECDSA_WITH_AES_256_CBC_SHA384, TLS_ECDH_RSA_WITH_AES_256_CBC_SHA384, TLS_DHE_RSA_WITH_AES_256_CBC_SHA256, TLS_DHE_DSS_WITH_AES_256_CBC_SHA256, TLS_ECDHE_ECDSA_WITH_AES_256_CBC_SHA, TLS_ECDHE_RSA_WITH_AES_256_CBC_SHA, TLS_RSA_WITH_AES_256_CBC_SHA, TLS_ECDH_ECDSA_WITH_AES_256_CBC_SHA, TLS_ECDH_RSA_WITH_AES_256_CBC_SHA, TLS_DHE_RSA_WITH_AES_256_CBC_SHA, TLS_DHE_DSS_WITH_AES_256_CBC_SHA, TLS_ECDHE_ECDSA_WITH_AES_128_CBC_SHA256, TLS_ECDHE_RSA_WITH_AES_128_CBC_SHA256, TLS_RSA_WITH_AES_128_CBC_SHA256, TLS_ECDH_ECDSA_WITH_AES_128_CBC_SHA256, TLS_ECDH_RSA_WITH_AES_128_CBC_SHA256, TLS_DHE_RSA_WITH_AES_128_CBC_SHA256, TLS_DHE_DSS_WITH_AES_128_CBC_SHA256, TLS_ECDHE_ECDSA_WITH_AES_128_CBC_SHA, TLS_ECDHE_RSA_WITH_AES_128_CBC_SHA, TLS_RSA_WITH_AES_128_CBC_SHA, TLS_ECDH_ECDSA_WITH_AES_128_CBC_SHA, TLS_ECDH_RSA_WITH_AES_128_CBC_SHA, TLS_DHE_RSA_WITH_AES_128_CBC_SHA, TLS_DHE_DSS_WITH_AES_128_CBC_SHA, TLS_ECDHE_ECDSA_WITH_AES_256_GCM_SHA384, TLS_ECDHE_ECDSA_WITH_AES_128_GCM_SHA256, TLS_ECDHE_RSA_WITH_AES_256_GCM_SHA384, TLS_RSA_WITH_AES_256_GCM_SHA384, TLS_ECDH_ECDSA_WITH_AES_256_GCM_SHA384, TLS_ECDH_RSA_WITH_AES_256_GCM_SHA384, TLS_DHE_RSA_WITH_AES_256_GCM_SHA384, TLS_DHE_DSS_WITH_AES_256_GCM_SHA384, TLS_ECDHE_RSA_WITH_AES_128_GCM_SHA256, TLS_RSA_WITH_AES_128_GCM_SHA256, TLS_ECDH_ECDSA_WITH_AES_128_GCM_SHA256, TLS_ECDH_RSA_WITH_AES_128_GCM_SHA256, TLS_DHE_RSA_WITH_AES_128_GCM_SHA256, TLS_DHE_DSS_WITH_AES_128_GCM_SHA256, TLS_EMPTY_RENEGOTIATION_INFO_SCSV]
19:11:31.312 [ForkJoinPool-1-worker-1] DEBUG org.apache.http.conn.ssl.SSLConnectionSocketFactory - Starting handshake
19:11:31.333 [ForkJoinPool-1-worker-1] DEBUG org.apache.http.conn.ssl.SSLConnectionSocketFactory - Secure session established
19:11:31.333 [ForkJoinPool-1-worker-1] DEBUG org.apache.http.conn.ssl.SSLConnectionSocketFactory -  negotiated protocol: TLSv1.2
19:11:31.334 [ForkJoinPool-1-worker-1] DEBUG org.apache.http.conn.ssl.SSLConnectionSocketFactory -  negotiated cipher suite: TLS_ECDHE_ECDSA_WITH_AES_128_GCM_SHA256
19:11:31.334 [ForkJoinPool-1-worker-1] DEBUG org.apache.http.conn.ssl.SSLConnectionSocketFactory -  peer principal: CN=sni.cloudflaressl.com, O="Cloudflare, Inc.", L=San Francisco, ST=CA, C=US
19:11:31.334 [ForkJoinPool-1-worker-1] DEBUG org.apache.http.conn.ssl.SSLConnectionSocketFactory -  peer alternative names: [reqres.in, sni.cloudflaressl.com, *.reqres.in]
19:11:31.334 [ForkJoinPool-1-worker-1] DEBUG org.apache.http.conn.ssl.SSLConnectionSocketFactory -  issuer principal: CN=Cloudflare Inc ECC CA-3, O="Cloudflare, Inc.", C=US
19:11:31.334 [ForkJoinPool-1-worker-1] DEBUG org.apache.http.impl.conn.DefaultHttpClientConnectionOperator - Connection established 192.168.1.87:53453<->104.27.135.11:443
19:11:31.334 [ForkJoinPool-1-worker-1] DEBUG org.apache.http.impl.conn.DefaultManagedHttpClientConnection - http-outgoing-1: set socket timeout to 30000
19:11:31.334 [ForkJoinPool-1-worker-1] DEBUG org.apache.http.impl.execchain.MainClientExec - Executing request GET /api/users%3Fpage=2 HTTP/1.1
19:11:31.334 [ForkJoinPool-1-worker-1] DEBUG org.apache.http.impl.execchain.MainClientExec - Target auth state: UNCHALLENGED
19:11:31.334 [ForkJoinPool-1-worker-1] DEBUG org.apache.http.impl.execchain.MainClientExec - Proxy auth state: UNCHALLENGED
19:11:31.334 [ForkJoinPool-1-worker-1] DEBUG org.apache.http.headers - http-outgoing-1 >> GET /api/users%3Fpage=2 HTTP/1.1
19:11:31.334 [ForkJoinPool-1-worker-1] DEBUG org.apache.http.headers - http-outgoing-1 >> Host: reqres.in
19:11:31.334 [ForkJoinPool-1-worker-1] DEBUG org.apache.http.headers - http-outgoing-1 >> Connection: Keep-Alive
19:11:31.334 [ForkJoinPool-1-worker-1] DEBUG org.apache.http.headers - http-outgoing-1 >> User-Agent: Apache-HttpClient/4.5.12 (Java/1.8.0_251)
19:11:31.334 [ForkJoinPool-1-worker-1] DEBUG org.apache.http.headers - http-outgoing-1 >> Accept-Encoding: gzip,deflate
19:11:31.334 [ForkJoinPool-1-worker-1] DEBUG org.apache.http.wire - http-outgoing-1 >> "GET /api/users%3Fpage=2 HTTP/1.1[\r][\n]"
19:11:31.334 [ForkJoinPool-1-worker-1] DEBUG org.apache.http.wire - http-outgoing-1 >> "Host: reqres.in[\r][\n]"
19:11:31.334 [ForkJoinPool-1-worker-1] DEBUG org.apache.http.wire - http-outgoing-1 >> "Connection: Keep-Alive[\r][\n]"
19:11:31.335 [ForkJoinPool-1-worker-1] DEBUG org.apache.http.wire - http-outgoing-1 >> "User-Agent: Apache-HttpClient/4.5.12 (Java/1.8.0_251)[\r][\n]"
19:11:31.335 [ForkJoinPool-1-worker-1] DEBUG org.apache.http.wire - http-outgoing-1 >> "Accept-Encoding: gzip,deflate[\r][\n]"
19:11:31.335 [ForkJoinPool-1-worker-1] DEBUG org.apache.http.wire - http-outgoing-1 >> "[\r][\n]"
19:11:31.355 [ForkJoinPool-1-worker-1] DEBUG org.apache.http.wire - http-outgoing-1 << "HTTP/1.1 200 OK[\r][\n]"
19:11:31.355 [ForkJoinPool-1-worker-1] DEBUG org.apache.http.wire - http-outgoing-1 << "Date: Thu, 03 Dec 2020 13:41:31 GMT[\r][\n]"
19:11:31.355 [ForkJoinPool-1-worker-1] DEBUG org.apache.http.wire - http-outgoing-1 << "Content-Type: application/json; charset=utf-8[\r][\n]"
19:11:31.355 [ForkJoinPool-1-worker-1] DEBUG org.apache.http.wire - http-outgoing-1 << "Transfer-Encoding: chunked[\r][\n]"
19:11:31.355 [ForkJoinPool-1-worker-1] DEBUG org.apache.http.wire - http-outgoing-1 << "Connection: keep-alive[\r][\n]"
19:11:31.355 [ForkJoinPool-1-worker-1] DEBUG org.apache.http.wire - http-outgoing-1 << "Set-Cookie: __cfduid=d6284558c9bdfe4063731d4d0015d2f381607002891; expires=Sat, 02-Jan-21 13:41:31 GMT; path=/; domain=.reqres.in; HttpOnly; SameSite=Lax; Secure[\r][\n]"
19:11:31.356 [ForkJoinPool-1-worker-1] DEBUG org.apache.http.wire - http-outgoing-1 << "X-Powered-By: Express[\r][\n]"
19:11:31.356 [ForkJoinPool-1-worker-1] DEBUG org.apache.http.wire - http-outgoing-1 << "Access-Control-Allow-Origin: *[\r][\n]"
19:11:31.356 [ForkJoinPool-1-worker-1] DEBUG org.apache.http.wire - http-outgoing-1 << "Etag: W/"2c1-N6Rqerxquq2kgQhL51EiSg4x0R8"[\r][\n]"
19:11:31.356 [ForkJoinPool-1-worker-1] DEBUG org.apache.http.wire - http-outgoing-1 << "Via: 1.1 vegur[\r][\n]"
19:11:31.356 [ForkJoinPool-1-worker-1] DEBUG org.apache.http.wire - http-outgoing-1 << "Cache-Control: max-age=14400[\r][\n]"
19:11:31.356 [ForkJoinPool-1-worker-1] DEBUG org.apache.http.wire - http-outgoing-1 << "CF-Cache-Status: HIT[\r][\n]"
19:11:31.356 [ForkJoinPool-1-worker-1] DEBUG org.apache.http.wire - http-outgoing-1 << "Age: 1[\r][\n]"
19:11:31.356 [ForkJoinPool-1-worker-1] DEBUG org.apache.http.wire - http-outgoing-1 << "cf-request-id: 06ca6f3b5c000031dbd3b16000000001[\r][\n]"
19:11:31.356 [ForkJoinPool-1-worker-1] DEBUG org.apache.http.wire - http-outgoing-1 << "Expect-CT: max-age=604800, report-uri="https://report-uri.cloudflare.com/cdn-cgi/beacon/expect-ct"[\r][\n]"
19:11:31.356 [ForkJoinPool-1-worker-1] DEBUG org.apache.http.wire - http-outgoing-1 << "Report-To: {"endpoints":[{"url":"https:\/\/a.nel.cloudflare.com\/report?s=DjTpYTK2ouz0EY6dz8dulN3CozpWdRPbSobMH%2Bgk7isCBXc%2F%2Bh9lOVashs%2FttnBzOlBdsVF2e5cKlmC64kJKTF%2F%2Fov5u0GDRAeI%3D"}],"group":"cf-nel","max_age":604800}[\r][\n]"
19:11:31.356 [ForkJoinPool-1-worker-1] DEBUG org.apache.http.wire - http-outgoing-1 << "NEL: {"report_to":"cf-nel","max_age":604800}[\r][\n]"
19:11:31.356 [ForkJoinPool-1-worker-1] DEBUG org.apache.http.wire - http-outgoing-1 << "Vary: Accept-Encoding[\r][\n]"
19:11:31.356 [ForkJoinPool-1-worker-1] DEBUG org.apache.http.wire - http-outgoing-1 << "Server: cloudflare[\r][\n]"
19:11:31.356 [ForkJoinPool-1-worker-1] DEBUG org.apache.http.wire - http-outgoing-1 << "CF-RAY: 5fbdb4a56ace31db-BOM[\r][\n]"
19:11:31.356 [ForkJoinPool-1-worker-1] DEBUG org.apache.http.wire - http-outgoing-1 << "Content-Encoding: gzip[\r][\n]"
19:11:31.356 [ForkJoinPool-1-worker-1] DEBUG org.apache.http.wire - http-outgoing-1 << "[\r][\n]"
19:11:31.356 [ForkJoinPool-1-worker-1] DEBUG org.apache.http.wire - http-outgoing-1 << "170[\r][\n]"
19:11:31.356 [ForkJoinPool-1-worker-1] DEBUG org.apache.http.wire - http-outgoing-1 << "[0x1f][0x8b][0x8][0x0][0x0][0x0][0x0][0x0][0x0][0x3]m[0xd1][0xcd]n[0xdb]0[0xc][0x7][0xf0]W[0xd1][0xd8][0xab][0xbc]X[0xb2]l'[0xba]5Y[0xf6][0x0]Eo[0xc5]P[0xb0]6[0x9b][0x8][0xf5],[0x85][0x92][0xba][0x15]A[0xde][0xbd][0xe8][0x7]\[0x17][0xf0]M[0x82][0xf8][0xff][0x81][0x14][0xcf][0x10][0xf0]@`[0x95][0x84]@|[0xff]qi$$[0x9f]p[0x0][0xab][0xf4][0xe7][0xf1][0xfd]%[0x82][0xd5][0x12]zL[0x8][0xf6][0xee][0xc][0xae]]]>&#x7f;<![CDATA[[0xcf][0x8d][0xf8][0x97][0xc0]BG[0x9c][0x7][0xc2][0x11]$[0xbc][0x10]2X][0x96][0xa5][0x84][0xce][0xf][0x9e][0xc1][0xc2][0xd5]f[0xbd][0xd5][0xbf][0x14]H[0x8]8&?[0xd2][0xfd]3[0xe][0xf9]-[0xa8][0xea][0xc2][0x94][0xba][0x84][0x8b][0xfc] [0xf5]D>[0xe6][0xee][0x18][0x1d][\n]"
19:11:31.356 [ForkJoinPool-1-worker-1] DEBUG org.apache.http.wire - http-outgoing-1 << "[0xf6][0x91][0xe6][0xac][0x9a][0xb1][0xbb][0xd6]Tm[0xbd][0xc4][0xb6][0x85].+5[0xb1][0xd5][0xc4]&[0xce]$[0x98][0xfa]9[0xa9]g[0xe4][0xf6][0xb7][0xda]Tz[0x89][0xdc][0x14][0xaa]i[0xcc]D[0x9a][0x89][0xc4]SF[0x11][0x9f]^[0xe6]d5#[0xdb][0xed][0xce][0xec][0xcc][0x12]i[\n]"
19:11:31.356 [ForkJoinPool-1-worker-1] DEBUG org.apache.http.wire - http-outgoing-1 << "[0xb3]V_][0xd6]_][0xba][0x3][0xf1][0xe0][0x86]o[0xa6][0x99][0x99]{][0xaf][0xab][0xfd][0xf2][0xe4][0xca][0xd4][0xcd]d6[0x93][0xf9]0d[0x12])[0xf3]){[0xf7][0xfd]K[0xeb][0x19]\W[0xdb][0xf2]z[0xbf][0xbc][0xa9]Z[0xab][0x16].]]>&#x7f;<![CDATA[$[0xc4][0x1c][0x82][0xe7][0x4][0xf6][0xc][0x99][0x7][0xb0]pL)D[0xbb]Z1[0x9d][0x98][0xe2]O7[0xae][0xae]>k[0x8a]#a[0xef][0xc6][0x3]HH[0xf4]?[0x81][0x85][/[0x9e][0x88][0x82][0xb8][0xa1][0xd3][\r]E[0xf1][0xc8]DRt~L[0xec][0x1e]rr~[0x8c]"[0xf9]]]>&#x7f;<![CDATA[[0xc8]}[0x14][0x91][0xf8][0x99]Xt>[0xa6]([0x90]I`[0x8]L[0x9d][0xc3]"
19:11:31.356 [ForkJoinPool-1-worker-1] DEBUG org.apache.http.headers - http-outgoing-1 << HTTP/1.1 200 OK
19:11:31.357 [ForkJoinPool-1-worker-1] DEBUG org.apache.http.headers - http-outgoing-1 << Date: Thu, 03 Dec 2020 13:41:31 GMT
19:11:31.357 [ForkJoinPool-1-worker-1] DEBUG org.apache.http.headers - http-outgoing-1 << Content-Type: application/json; charset=utf-8
19:11:31.357 [ForkJoinPool-1-worker-1] DEBUG org.apache.http.headers - http-outgoing-1 << Transfer-Encoding: chunked
19:11:31.357 [ForkJoinPool-1-worker-1] DEBUG org.apache.http.headers - http-outgoing-1 << Connection: keep-alive
19:11:31.357 [ForkJoinPool-1-worker-1] DEBUG org.apache.http.headers - http-outgoing-1 << Set-Cookie: __cfduid=d6284558c9bdfe4063731d4d0015d2f381607002891; expires=Sat, 02-Jan-21 13:41:31 GMT; path=/; domain=.reqres.in; HttpOnly; SameSite=Lax; Secure
19:11:31.357 [ForkJoinPool-1-worker-1] DEBUG org.apache.http.headers - http-outgoing-1 << X-Powered-By: Express
19:11:31.357 [ForkJoinPool-1-worker-1] DEBUG org.apache.http.headers - http-outgoing-1 << Access-Control-Allow-Origin: *
19:11:31.357 [ForkJoinPool-1-worker-1] DEBUG org.apache.http.headers - http-outgoing-1 << Etag: W/"2c1-N6Rqerxquq2kgQhL51EiSg4x0R8"
19:11:31.357 [ForkJoinPool-1-worker-1] DEBUG org.apache.http.headers - http-outgoing-1 << Via: 1.1 vegur
19:11:31.357 [ForkJoinPool-1-worker-1] DEBUG org.apache.http.headers - http-outgoing-1 << Cache-Control: max-age=14400
19:11:31.357 [ForkJoinPool-1-worker-1] DEBUG org.apache.http.headers - http-outgoing-1 << CF-Cache-Status: HIT
19:11:31.357 [ForkJoinPool-1-worker-1] DEBUG org.apache.http.headers - http-outgoing-1 << Age: 1
19:11:31.357 [ForkJoinPool-1-worker-1] DEBUG org.apache.http.headers - http-outgoing-1 << cf-request-id: 06ca6f3b5c000031dbd3b16000000001
19:11:31.357 [ForkJoinPool-1-worker-1] DEBUG org.apache.http.headers - http-outgoing-1 << Expect-CT: max-age=604800, report-uri="https://report-uri.cloudflare.com/cdn-cgi/beacon/expect-ct"
19:11:31.357 [ForkJoinPool-1-worker-1] DEBUG org.apache.http.headers - http-outgoing-1 << Report-To: {"endpoints":[{"url":"https:\/\/a.nel.cloudflare.com\/report?s=DjTpYTK2ouz0EY6dz8dulN3CozpWdRPbSobMH%2Bgk7isCBXc%2F%2Bh9lOVashs%2FttnBzOlBdsVF2e5cKlmC64kJKTF%2F%2Fov5u0GDRAeI%3D"}],"group":"cf-nel","max_age":604800}
19:11:31.357 [ForkJoinPool-1-worker-1] DEBUG org.apache.http.headers - http-outgoing-1 << NEL: {"report_to":"cf-nel","max_age":604800}
19:11:31.357 [ForkJoinPool-1-worker-1] DEBUG org.apache.http.headers - http-outgoing-1 << Vary: Accept-Encoding
19:11:31.357 [ForkJoinPool-1-worker-1] DEBUG org.apache.http.headers - http-outgoing-1 << Server: cloudflare
19:11:31.357 [ForkJoinPool-1-worker-1] DEBUG org.apache.http.headers - http-outgoing-1 << CF-RAY: 5fbdb4a56ace31db-BOM
19:11:31.357 [ForkJoinPool-1-worker-1] DEBUG org.apache.http.headers - http-outgoing-1 << Content-Encoding: gzip
19:11:31.357 [ForkJoinPool-1-worker-1] DEBUG org.apache.http.impl.execchain.MainClientExec - Connection can be kept alive indefinitely
19:11:31.358 [ForkJoinPool-1-worker-1] DEBUG org.apache.http.client.protocol.ResponseProcessCookies - Cookie accepted [__cfduid="d6284558c9bdfe4063731d4d0015d2f381607002891", version:0, domain:reqres.in, path:/, expiry:Sat Jan 02 19:11:31 IST 2021]
19:11:31.358 [ForkJoinPool-1-worker-1] DEBUG org.apache.http.wire - http-outgoing-1 << "D[0xfd][0xf][0xb8]\^[0x1]0[0x9f][0xa1]R[0xc1][0x2][0x0][0x0][\r][\n]"
19:11:31.358 [ForkJoinPool-1-worker-1] DEBUG org.apache.http.wire - http-outgoing-1 << "0[\r][\n]"
19:11:31.359 [ForkJoinPool-1-worker-1] DEBUG org.apache.http.wire - http-outgoing-1 << "[\r][\n]"
19:11:31.359 [ForkJoinPool-1-worker-1] DEBUG org.apache.http.impl.conn.PoolingHttpClientConnectionManager - Connection [id: 1][route: {s}->https://reqres.in:443] can be kept alive indefinitely
19:11:31.359 [ForkJoinPool-1-worker-1] DEBUG org.apache.http.impl.conn.DefaultManagedHttpClientConnection - http-outgoing-1: set socket timeout to 0
19:11:31.359 [ForkJoinPool-1-worker-1] DEBUG org.apache.http.impl.conn.PoolingHttpClientConnectionManager - Connection released: [id: 1][route: {s}->https://reqres.in:443][total available: 1; route allocated: 1 of 5; total allocated: 1 of 10]
19:11:31.359 [ForkJoinPool-1-worker-1] DEBUG com.intuit.karate - response time in milliseconds: 61.92
1 < 200
1 < Access-Control-Allow-Origin: *
1 < Age: 1
1 < CF-Cache-Status: HIT
1 < CF-RAY: 5fbdb4a56ace31db-BOM
1 < Cache-Control: max-age=14400
1 < Connection: keep-alive
1 < Content-Type: application/json; charset=utf-8
1 < Date: Thu, 03 Dec 2020 13:41:31 GMT
1 < Etag: W/"2c1-N6Rqerxquq2kgQhL51EiSg4x0R8"
1 < Expect-CT: max-age=604800, report-uri="https://report-uri.cloudflare.com/cdn-cgi/beacon/expect-ct"
1 < NEL: {"report_to":"cf-nel","max_age":604800}
1 < Report-To: {"endpoints":[{"url":"https:\/\/a.nel.cloudflare.com\/report?s=DjTpYTK2ouz0EY6dz8dulN3CozpWdRPbSobMH%2Bgk7isCBXc%2F%2Bh9lOVashs%2FttnBzOlBdsVF2e5cKlmC64kJKTF%2F%2Fov5u0GDRAeI%3D"}],"group":"cf-nel","max_age":604800}
1 < Server: cloudflare
1 < Set-Cookie: __cfduid=d6284558c9bdfe4063731d4d0015d2f381607002891; expires=Sat, 02-Jan-21 13:41:31 GMT; path=/; domain=.reqres.in; HttpOnly; SameSite=Lax; Secure
1 < Transfer-Encoding: chunked
1 < Vary: Accept-Encoding
1 < Via: 1.1 vegur
1 < X-Powered-By: Express
1 < cf-request-id: 06ca6f3b5c000031dbd3b16000000001
{"page":1,"per_page":6,"total":12,"total_pages":2,"data":[{"id":1,"name":"cerulean","year":2000,"color":"#98B2D1","pantone_value":"15-4020"},{"id":2,"name":"fuchsia rose","year":2001,"color":"#C74375","pantone_value":"17-2031"},{"id":3,"name":"true red","year":2002,"color":"#BF1932","pantone_value":"19-1664"},{"id":4,"name":"aqua sky","year":2003,"color":"#7BC4C4","pantone_value":"14-4811"},{"id":5,"name":"tigerlily","year":2004,"color":"#E2583E","pantone_value":"17-1456"},{"id":6,"name":"blue turquoise","year":2005,"color":"#53B0AE","pantone_value":"15-5217"}],"support":{"url":"https://reqres.in/#support-heading","text":"To keep ReqRes free, contributions towards server costs are appreciated!"}}

19:11:31.360 [ForkJoinPool-1-worker-1] DEBUG com.jayway.jsonpath.internal.path.CompiledPath - Evaluating path: $['page']
19:11:31.361 [ForkJoinPool-1-worker-1] DEBUG com.jayway.jsonpath.internal.path.CompiledPath - Evaluating path: $
19:11:31.361 [ForkJoinPool-1-worker-1] DEBUG com.jayway.jsonpath.internal.path.CompiledPath - Evaluating path: $
19:11:31.361 [ForkJoinPool-1-worker-1] INFO com.intuit.karate - [print] {
  "__arg": null,
  "responseType": "json",
  "responseHeaders": {
    "Date": [
      "Thu, 03 Dec 2020 13:41:31 GMT"
    ],
    "Content-Type": [
      "application/json; charset=utf-8"
    ],
    "Transfer-Encoding": [
      "chunked"
    ],
    "Connection": [
      "keep-alive"
    ],
    "Set-Cookie": [
      "__cfduid=d6284558c9bdfe4063731d4d0015d2f381607002891; expires=Sat, 02-Jan-21 13:41:31 GMT; path=/; domain=.reqres.in; HttpOnly; SameSite=Lax; Secure"
    ],
    "X-Powered-By": [
      "Express"
    ],
    "Access-Control-Allow-Origin": [
      "*"
    ],
    "Etag": [
      "W/\"2c1-N6Rqerxquq2kgQhL51EiSg4x0R8\""
    ],
    "Via": [
      "1.1 vegur"
    ],
    "Cache-Control": [
      "max-age=14400"
    ],
    "CF-Cache-Status": [
      "HIT"
    ],
    "Age": [
      "1"
    ],
    "cf-request-id": [
      "06ca6f3b5c000031dbd3b16000000001"
    ],
    "Expect-CT": [
      "max-age=604800, report-uri=\"https://report-uri.cloudflare.com/cdn-cgi/beacon/expect-ct\""
    ],
    "Report-To": [
      "{\"endpoints\":[{\"url\":\"https:\\/\\/a.nel.cloudflare.com\\/report?s=DjTpYTK2ouz0EY6dz8dulN3CozpWdRPbSobMH%2Bgk7isCBXc%2F%2Bh9lOVashs%2FttnBzOlBdsVF2e5cKlmC64kJKTF%2F%2Fov5u0GDRAeI%3D\"}],\"group\":\"cf-nel\",\"max_age\":604800}"
    ],
    "NEL": [
      "{\"report_to\":\"cf-nel\",\"max_age\":604800}"
    ],
    "Vary": [
      "Accept-Encoding"
    ],
    "Server": [
      "cloudflare"
    ],
    "CF-RAY": [
      "5fbdb4a56ace31db-BOM"
    ]
  },
  "responseTime": 62,
  "response": {
    "per_page": 6,
    "total": 12,
    "data": [
      {
        "color": "#98B2D1",
        "year": 2000,
        "name": "cerulean",
        "id": 1,
        "pantone_value": "15-4020"
      },
      {
        "color": "#C74375",
        "year": 2001,
        "name": "fuchsia rose",
        "id": 2,
        "pantone_value": "17-2031"
      },
      {
        "color": "#BF1932",
        "year": 2002,
        "name": "true red",
        "id": 3,
        "pantone_value": "19-1664"
      },
      {
        "color": "#7BC4C4",
        "year": 2003,
        "name": "aqua sky",
        "id": 4,
        "pantone_value": "14-4811"
      },
      {
        "color": "#E2583E",
        "year": 2004,
        "name": "tigerlily",
        "id": 5,
        "pantone_value": "17-1456"
      },
      {
        "color": "#53B0AE",
        "year": 2005,
        "name": "blue turquoise",
        "id": 6,
        "pantone_value": "15-5217"
      }
    ],
    "page": 1,
    "total_pages": 2,
    "support": {
      "text": "To keep ReqRes free, contributions towards server costs are appreciated!",
      "url": "https://reqres.in/#support-heading"
    }
  },
  "base_url": "https://reqres.in",
  "requestTimeStamp": 1607002891296,
  "responseStatus": 200,
  "__loop": -1,
  "misUsers": "/api/users?page=2",
  "responseCookies": {
    "__cfduid": {
      "name": "__cfduid",
      "value": "d6284558c9bdfe4063731d4d0015d2f381607002891",
      "domain": "reqres.in",
      "path": "/",
      "expires": "1609594891000",
      "persistent": "true",
      "secure": "true"
    }
  }
}

19:11:31.364 [ForkJoinPool-1-worker-1] DEBUG com.jayway.jsonpath.internal.path.CompiledPath - Evaluating path: $['responseType']
19:11:31.367 [ForkJoinPool-1-worker-1] DEBUG com.jayway.jsonpath.internal.path.CompiledPath - Evaluating path: $['responseHeaders']['Transfer-Encoding'][0]
19:11:31.369 [ForkJoinPool-1-worker-1] DEBUG com.jayway.jsonpath.internal.path.CompiledPath - Evaluating path: $['response']['data'][0]['name']
19:11:31.369 [ForkJoinPool-1-worker-1] DEBUG com.jayway.jsonpath.internal.path.CompiledPath - Evaluating path: $
19:11:31.373 [pool-1-thread-1] INFO com.intuit.karate.Runner - <<pass>> feature 2 of 22: classpath:featurefiles/callingfeature.feature
---------------------------------------------------------
feature: classpath:featurefiles/callingfeature.feature
report: build\surefire-reports\featurefiles.callingfeature.json
scenarios:  1 | passed:  1 | failed:  0 | time: 0.0863
---------------------------------------------------------
19:11:31.381 [ForkJoinPool-1-worker-1] INFO com.intuit.karate - from karate-config.js 
19:11:31.382 [ForkJoinPool-1-worker-1] DEBUG com.jayway.jsonpath.internal.path.CompiledPath - Evaluating path: $
19:11:31.383 [ForkJoinPool-1-worker-1] DEBUG org.apache.http.client.protocol.RequestAddCookies - CookieSpec selected: karate
19:11:31.383 [ForkJoinPool-1-worker-1] DEBUG org.apache.http.client.protocol.RequestAuthCache - Auth cache not set in the context
19:11:31.383 [ForkJoinPool-1-worker-1] DEBUG com.intuit.karate - request:
1 > GET https://reqres.in/api/users%3Fpage=2
1 > Accept-Encoding: gzip,deflate
1 > Connection: Keep-Alive
1 > Host: reqres.in
1 > User-Agent: Apache-HttpClient/4.5.12 (Java/1.8.0_251)

19:11:31.383 [ForkJoinPool-1-worker-1] DEBUG org.apache.http.impl.conn.PoolingHttpClientConnectionManager - Connection request: [route: {s}->https://reqres.in:443][total available: 0; route allocated: 0 of 5; total allocated: 0 of 10]
19:11:31.383 [ForkJoinPool-1-worker-1] DEBUG org.apache.http.impl.conn.PoolingHttpClientConnectionManager - Connection leased: [id: 2][route: {s}->https://reqres.in:443][total available: 0; route allocated: 1 of 5; total allocated: 1 of 10]
19:11:31.384 [ForkJoinPool-1-worker-1] DEBUG org.apache.http.impl.execchain.MainClientExec - Opening connection {s}->https://reqres.in:443
19:11:31.384 [ForkJoinPool-1-worker-1] DEBUG org.apache.http.impl.conn.DefaultHttpClientConnectionOperator - Connecting to reqres.in/104.27.135.11:443
19:11:31.384 [ForkJoinPool-1-worker-1] DEBUG org.apache.http.conn.ssl.SSLConnectionSocketFactory - Connecting socket to reqres.in/104.27.135.11:443 with timeout 30000
19:11:31.400 [ForkJoinPool-1-worker-1] DEBUG org.apache.http.conn.ssl.SSLConnectionSocketFactory - Enabled protocols: [TLSv1, TLSv1.1, TLSv1.2]
19:11:31.400 [ForkJoinPool-1-worker-1] DEBUG org.apache.http.conn.ssl.SSLConnectionSocketFactory - Enabled cipher suites:[TLS_ECDHE_ECDSA_WITH_AES_256_CBC_SHA384, TLS_ECDHE_RSA_WITH_AES_256_CBC_SHA384, TLS_RSA_WITH_AES_256_CBC_SHA256, TLS_ECDH_ECDSA_WITH_AES_256_CBC_SHA384, TLS_ECDH_RSA_WITH_AES_256_CBC_SHA384, TLS_DHE_RSA_WITH_AES_256_CBC_SHA256, TLS_DHE_DSS_WITH_AES_256_CBC_SHA256, TLS_ECDHE_ECDSA_WITH_AES_256_CBC_SHA, TLS_ECDHE_RSA_WITH_AES_256_CBC_SHA, TLS_RSA_WITH_AES_256_CBC_SHA, TLS_ECDH_ECDSA_WITH_AES_256_CBC_SHA, TLS_ECDH_RSA_WITH_AES_256_CBC_SHA, TLS_DHE_RSA_WITH_AES_256_CBC_SHA, TLS_DHE_DSS_WITH_AES_256_CBC_SHA, TLS_ECDHE_ECDSA_WITH_AES_128_CBC_SHA256, TLS_ECDHE_RSA_WITH_AES_128_CBC_SHA256, TLS_RSA_WITH_AES_128_CBC_SHA256, TLS_ECDH_ECDSA_WITH_AES_128_CBC_SHA256, TLS_ECDH_RSA_WITH_AES_128_CBC_SHA256, TLS_DHE_RSA_WITH_AES_128_CBC_SHA256, TLS_DHE_DSS_WITH_AES_128_CBC_SHA256, TLS_ECDHE_ECDSA_WITH_AES_128_CBC_SHA, TLS_ECDHE_RSA_WITH_AES_128_CBC_SHA, TLS_RSA_WITH_AES_128_CBC_SHA, TLS_ECDH_ECDSA_WITH_AES_128_CBC_SHA, TLS_ECDH_RSA_WITH_AES_128_CBC_SHA, TLS_DHE_RSA_WITH_AES_128_CBC_SHA, TLS_DHE_DSS_WITH_AES_128_CBC_SHA, TLS_ECDHE_ECDSA_WITH_AES_256_GCM_SHA384, TLS_ECDHE_ECDSA_WITH_AES_128_GCM_SHA256, TLS_ECDHE_RSA_WITH_AES_256_GCM_SHA384, TLS_RSA_WITH_AES_256_GCM_SHA384, TLS_ECDH_ECDSA_WITH_AES_256_GCM_SHA384, TLS_ECDH_RSA_WITH_AES_256_GCM_SHA384, TLS_DHE_RSA_WITH_AES_256_GCM_SHA384, TLS_DHE_DSS_WITH_AES_256_GCM_SHA384, TLS_ECDHE_RSA_WITH_AES_128_GCM_SHA256, TLS_RSA_WITH_AES_128_GCM_SHA256, TLS_ECDH_ECDSA_WITH_AES_128_GCM_SHA256, TLS_ECDH_RSA_WITH_AES_128_GCM_SHA256, TLS_DHE_RSA_WITH_AES_128_GCM_SHA256, TLS_DHE_DSS_WITH_AES_128_GCM_SHA256, TLS_EMPTY_RENEGOTIATION_INFO_SCSV]
19:11:31.400 [ForkJoinPool-1-worker-1] DEBUG org.apache.http.conn.ssl.SSLConnectionSocketFactory - Starting handshake
19:11:31.427 [ForkJoinPool-1-worker-1] DEBUG org.apache.http.conn.ssl.SSLConnectionSocketFactory - Secure session established
19:11:31.427 [ForkJoinPool-1-worker-1] DEBUG org.apache.http.conn.ssl.SSLConnectionSocketFactory -  negotiated protocol: TLSv1.2
19:11:31.427 [ForkJoinPool-1-worker-1] DEBUG org.apache.http.conn.ssl.SSLConnectionSocketFactory -  negotiated cipher suite: TLS_ECDHE_ECDSA_WITH_AES_128_GCM_SHA256
19:11:31.427 [ForkJoinPool-1-worker-1] DEBUG org.apache.http.conn.ssl.SSLConnectionSocketFactory -  peer principal: CN=sni.cloudflaressl.com, O="Cloudflare, Inc.", L=San Francisco, ST=CA, C=US
19:11:31.427 [ForkJoinPool-1-worker-1] DEBUG org.apache.http.conn.ssl.SSLConnectionSocketFactory -  peer alternative names: [reqres.in, sni.cloudflaressl.com, *.reqres.in]
19:11:31.428 [ForkJoinPool-1-worker-1] DEBUG org.apache.http.conn.ssl.SSLConnectionSocketFactory -  issuer principal: CN=Cloudflare Inc ECC CA-3, O="Cloudflare, Inc.", C=US
19:11:31.428 [ForkJoinPool-1-worker-1] DEBUG org.apache.http.impl.conn.DefaultHttpClientConnectionOperator - Connection established 192.168.1.87:53454<->104.27.135.11:443
19:11:31.428 [ForkJoinPool-1-worker-1] DEBUG org.apache.http.impl.conn.DefaultManagedHttpClientConnection - http-outgoing-2: set socket timeout to 30000
19:11:31.428 [ForkJoinPool-1-worker-1] DEBUG org.apache.http.impl.execchain.MainClientExec - Executing request GET /api/users%3Fpage=2 HTTP/1.1
19:11:31.428 [ForkJoinPool-1-worker-1] DEBUG org.apache.http.impl.execchain.MainClientExec - Target auth state: UNCHALLENGED
19:11:31.428 [ForkJoinPool-1-worker-1] DEBUG org.apache.http.impl.execchain.MainClientExec - Proxy auth state: UNCHALLENGED
19:11:31.428 [ForkJoinPool-1-worker-1] DEBUG org.apache.http.headers - http-outgoing-2 >> GET /api/users%3Fpage=2 HTTP/1.1
19:11:31.428 [ForkJoinPool-1-worker-1] DEBUG org.apache.http.headers - http-outgoing-2 >> Host: reqres.in
19:11:31.428 [ForkJoinPool-1-worker-1] DEBUG org.apache.http.headers - http-outgoing-2 >> Connection: Keep-Alive
19:11:31.428 [ForkJoinPool-1-worker-1] DEBUG org.apache.http.headers - http-outgoing-2 >> User-Agent: Apache-HttpClient/4.5.12 (Java/1.8.0_251)
19:11:31.428 [ForkJoinPool-1-worker-1] DEBUG org.apache.http.headers - http-outgoing-2 >> Accept-Encoding: gzip,deflate
19:11:31.428 [ForkJoinPool-1-worker-1] DEBUG org.apache.http.wire - http-outgoing-2 >> "GET /api/users%3Fpage=2 HTTP/1.1[\r][\n]"
19:11:31.428 [ForkJoinPool-1-worker-1] DEBUG org.apache.http.wire - http-outgoing-2 >> "Host: reqres.in[\r][\n]"
19:11:31.428 [ForkJoinPool-1-worker-1] DEBUG org.apache.http.wire - http-outgoing-2 >> "Connection: Keep-Alive[\r][\n]"
19:11:31.428 [ForkJoinPool-1-worker-1] DEBUG org.apache.http.wire - http-outgoing-2 >> "User-Agent: Apache-HttpClient/4.5.12 (Java/1.8.0_251)[\r][\n]"
19:11:31.428 [ForkJoinPool-1-worker-1] DEBUG org.apache.http.wire - http-outgoing-2 >> "Accept-Encoding: gzip,deflate[\r][\n]"
19:11:31.428 [ForkJoinPool-1-worker-1] DEBUG org.apache.http.wire - http-outgoing-2 >> "[\r][\n]"
19:11:31.462 [ForkJoinPool-1-worker-1] DEBUG org.apache.http.wire - http-outgoing-2 << "HTTP/1.1 200 OK[\r][\n]"
19:11:31.462 [ForkJoinPool-1-worker-1] DEBUG org.apache.http.wire - http-outgoing-2 << "Date: Thu, 03 Dec 2020 13:41:31 GMT[\r][\n]"
19:11:31.462 [ForkJoinPool-1-worker-1] DEBUG org.apache.http.wire - http-outgoing-2 << "Content-Type: application/json; charset=utf-8[\r][\n]"
19:11:31.462 [ForkJoinPool-1-worker-1] DEBUG org.apache.http.wire - http-outgoing-2 << "Transfer-Encoding: chunked[\r][\n]"
19:11:31.462 [ForkJoinPool-1-worker-1] DEBUG org.apache.http.wire - http-outgoing-2 << "Connection: keep-alive[\r][\n]"
19:11:31.462 [ForkJoinPool-1-worker-1] DEBUG org.apache.http.wire - http-outgoing-2 << "Set-Cookie: __cfduid=d2bccb715cfb78b30463af4cbafac77fd1607002891; expires=Sat, 02-Jan-21 13:41:31 GMT; path=/; domain=.reqres.in; HttpOnly; SameSite=Lax; Secure[\r][\n]"
19:11:31.462 [ForkJoinPool-1-worker-1] DEBUG org.apache.http.wire - http-outgoing-2 << "X-Powered-By: Express[\r][\n]"
19:11:31.462 [ForkJoinPool-1-worker-1] DEBUG org.apache.http.wire - http-outgoing-2 << "Access-Control-Allow-Origin: *[\r][\n]"
19:11:31.462 [ForkJoinPool-1-worker-1] DEBUG org.apache.http.wire - http-outgoing-2 << "Etag: W/"2c1-N6Rqerxquq2kgQhL51EiSg4x0R8"[\r][\n]"
19:11:31.462 [ForkJoinPool-1-worker-1] DEBUG org.apache.http.wire - http-outgoing-2 << "Via: 1.1 vegur[\r][\n]"
19:11:31.462 [ForkJoinPool-1-worker-1] DEBUG org.apache.http.wire - http-outgoing-2 << "Cache-Control: max-age=14400[\r][\n]"
19:11:31.462 [ForkJoinPool-1-worker-1] DEBUG org.apache.http.wire - http-outgoing-2 << "CF-Cache-Status: HIT[\r][\n]"
19:11:31.462 [ForkJoinPool-1-worker-1] DEBUG org.apache.http.wire - http-outgoing-2 << "Age: 1[\r][\n]"
19:11:31.463 [ForkJoinPool-1-worker-1] DEBUG org.apache.http.wire - http-outgoing-2 << "cf-request-id: 06ca6f3bbb0000d597901a9000000001[\r][\n]"
19:11:31.463 [ForkJoinPool-1-worker-1] DEBUG org.apache.http.wire - http-outgoing-2 << "Expect-CT: max-age=604800, report-uri="https://report-uri.cloudflare.com/cdn-cgi/beacon/expect-ct"[\r][\n]"
19:11:31.463 [ForkJoinPool-1-worker-1] DEBUG org.apache.http.wire - http-outgoing-2 << "Report-To: {"endpoints":[{"url":"https:\/\/a.nel.cloudflare.com\/report?s=vxyE3HwXjVO4gBWJv3oY4dDx%2FKcDdMd1HxBpnkJtzk3mz6hDnqDPHZ5u2GfvWkquP2ybK9UxXQbPOw7C%2Bf9hLylM2XQrsIQAG58%3D"}],"group":"cf-nel","max_age":604800}[\r][\n]"
19:11:31.463 [ForkJoinPool-1-worker-1] DEBUG org.apache.http.wire - http-outgoing-2 << "NEL: {"report_to":"cf-nel","max_age":604800}[\r][\n]"
19:11:31.463 [ForkJoinPool-1-worker-1] DEBUG org.apache.http.wire - http-outgoing-2 << "Vary: Accept-Encoding[\r][\n]"
19:11:31.463 [ForkJoinPool-1-worker-1] DEBUG org.apache.http.wire - http-outgoing-2 << "Server: cloudflare[\r][\n]"
19:11:31.463 [ForkJoinPool-1-worker-1] DEBUG org.apache.http.wire - http-outgoing-2 << "CF-RAY: 5fbdb4a5fbbfd597-BOM[\r][\n]"
19:11:31.463 [ForkJoinPool-1-worker-1] DEBUG org.apache.http.wire - http-outgoing-2 << "Content-Encoding: gzip[\r][\n]"
19:11:31.463 [ForkJoinPool-1-worker-1] DEBUG org.apache.http.wire - http-outgoing-2 << "[\r][\n]"
19:11:31.463 [ForkJoinPool-1-worker-1] DEBUG org.apache.http.wire - http-outgoing-2 << "170[\r][\n]"
19:11:31.463 [ForkJoinPool-1-worker-1] DEBUG org.apache.http.wire - http-outgoing-2 << "[0x1f][0x8b][0x8][0x0][0x0][0x0][0x0][0x0][0x0][0x3]m[0xd1][0xcd]n[0xdb]0[0xc][0x7][0xf0]W[0xd1][0xd8][0xab][0xbc]X[0xb2]l'[0xba]5Y[0xf6][0x0]Eo[0xc5]P[0xb0]6[0x9b][0x8][0xf5],[0x85][0x92][0xba][0x15]A[0xde][0xbd][0xe8][0x7]\[0x17][0xf0]M[0x82][0xf8][0xff][0x81][0x14][0xcf][0x10][0xf0]@`[0x95][0x84]@|[0xff]qi$$[0x9f]p[0x0][0xab][0xf4][0xe7][0xf1][0xfd]%[0x82][0xd5][0x12]zL[0x8][0xf6][0xee][0xc][0xae]]]>&#x7f;<![CDATA[[0xcf][0x8d][0xf8][0x97][0xc0]BG[0x9c][0x7][0xc2][0x11]$[0xbc][0x10]2X][0x96][0xa5][0x84][0xce][0xf][0x9e][0xc1][0xc2][0xd5]f[0xbd][0xd5][0xbf][0x14]H[0x8]8&?[0xd2][0xfd]3[0xe][0xf9]-[0xa8][0xea][0xc2][0x94][0xba][0x84][0x8b][0xfc] [0xf5]D>[0xe6][0xee][0x18][0x1d][\n]"
19:11:31.463 [ForkJoinPool-1-worker-1] DEBUG org.apache.http.wire - http-outgoing-2 << "[0xf6][0x91][0xe6][0xac][0x9a][0xb1][0xbb][0xd6]Tm[0xbd][0xc4][0xb6][0x85].+5[0xb1][0xd5][0xc4]&[0xce]$[0x98][0xfa]9[0xa9]g[0xe4][0xf6][0xb7][0xda]Tz[0x89][0xdc][0x14][0xaa]i[0xcc]D[0x9a][0x89][0xc4]SF[0x11][0x9f]^[0xe6]d5#[0xdb][0xed][0xce][0xec][0xcc][0x12]i[\n]"
19:11:31.463 [ForkJoinPool-1-worker-1] DEBUG org.apache.http.wire - http-outgoing-2 << "[0xb3]V_][0xd6]_][0xba][0x3][0xf1][0xe0][0x86]o[0xa6][0x99][0x99]{][0xaf][0xab][0xfd][0xf2][0xe4][0xca][0xd4][0xcd]d6[0x93][0xf9]0d[0x12])[0xf3]){[0xf7][0xfd]K[0xeb][0x19]\W[0xdb][0xf2]z[0xbf][0xbc][0xa9]Z[0xab][0x16].]]>&#x7f;<![CDATA[$[0xc4][0x1c][0x82][0xe7][0x4][0xf6][0xc][0x99][0x7][0xb0]pL)D[0xbb]Z1[0x9d][0x98][0xe2]O7[0xae][0xae]>k[0x8a]#a[0xef][0xc6][0x3]HH[0xf4]?[0x81][0x85][/[0x9e][0x88][0x82][0xb8][0xa1][0xd3][\r]E[0xf1][0xc8]DRt~L[0xec][0x1e]rr~[0x8c]"[0xf9]]]>&#x7f;<![CDATA[[0xc8]}[0x14][0x91][0xf8][0x99]Xt>[0xa6]([0x90]I`[0x8]L[0x9d][0xc3]D[0xfd][0xf][0xb8]\^[0x1]0"
19:11:31.463 [ForkJoinPool-1-worker-1] DEBUG org.apache.http.headers - http-outgoing-2 << HTTP/1.1 200 OK
19:11:31.463 [ForkJoinPool-1-worker-1] DEBUG org.apache.http.headers - http-outgoing-2 << Date: Thu, 03 Dec 2020 13:41:31 GMT
19:11:31.463 [ForkJoinPool-1-worker-1] DEBUG org.apache.http.headers - http-outgoing-2 << Content-Type: application/json; charset=utf-8
19:11:31.463 [ForkJoinPool-1-worker-1] DEBUG org.apache.http.headers - http-outgoing-2 << Transfer-Encoding: chunked
19:11:31.463 [ForkJoinPool-1-worker-1] DEBUG org.apache.http.headers - http-outgoing-2 << Connection: keep-alive
19:11:31.463 [ForkJoinPool-1-worker-1] DEBUG org.apache.http.headers - http-outgoing-2 << Set-Cookie: __cfduid=d2bccb715cfb78b30463af4cbafac77fd1607002891; expires=Sat, 02-Jan-21 13:41:31 GMT; path=/; domain=.reqres.in; HttpOnly; SameSite=Lax; Secure
19:11:31.463 [ForkJoinPool-1-worker-1] DEBUG org.apache.http.headers - http-outgoing-2 << X-Powered-By: Express
19:11:31.463 [ForkJoinPool-1-worker-1] DEBUG org.apache.http.headers - http-outgoing-2 << Access-Control-Allow-Origin: *
19:11:31.463 [ForkJoinPool-1-worker-1] DEBUG org.apache.http.headers - http-outgoing-2 << Etag: W/"2c1-N6Rqerxquq2kgQhL51EiSg4x0R8"
19:11:31.463 [ForkJoinPool-1-worker-1] DEBUG org.apache.http.headers - http-outgoing-2 << Via: 1.1 vegur
19:11:31.463 [ForkJoinPool-1-worker-1] DEBUG org.apache.http.headers - http-outgoing-2 << Cache-Control: max-age=14400
19:11:31.463 [ForkJoinPool-1-worker-1] DEBUG org.apache.http.headers - http-outgoing-2 << CF-Cache-Status: HIT
19:11:31.463 [ForkJoinPool-1-worker-1] DEBUG org.apache.http.headers - http-outgoing-2 << Age: 1
19:11:31.464 [ForkJoinPool-1-worker-1] DEBUG org.apache.http.headers - http-outgoing-2 << cf-request-id: 06ca6f3bbb0000d597901a9000000001
19:11:31.464 [ForkJoinPool-1-worker-1] DEBUG org.apache.http.headers - http-outgoing-2 << Expect-CT: max-age=604800, report-uri="https://report-uri.cloudflare.com/cdn-cgi/beacon/expect-ct"
19:11:31.464 [ForkJoinPool-1-worker-1] DEBUG org.apache.http.headers - http-outgoing-2 << Report-To: {"endpoints":[{"url":"https:\/\/a.nel.cloudflare.com\/report?s=vxyE3HwXjVO4gBWJv3oY4dDx%2FKcDdMd1HxBpnkJtzk3mz6hDnqDPHZ5u2GfvWkquP2ybK9UxXQbPOw7C%2Bf9hLylM2XQrsIQAG58%3D"}],"group":"cf-nel","max_age":604800}
19:11:31.464 [ForkJoinPool-1-worker-1] DEBUG org.apache.http.headers - http-outgoing-2 << NEL: {"report_to":"cf-nel","max_age":604800}
19:11:31.464 [ForkJoinPool-1-worker-1] DEBUG org.apache.http.headers - http-outgoing-2 << Vary: Accept-Encoding
19:11:31.464 [ForkJoinPool-1-worker-1] DEBUG org.apache.http.headers - http-outgoing-2 << Server: cloudflare
19:11:31.464 [ForkJoinPool-1-worker-1] DEBUG org.apache.http.headers - http-outgoing-2 << CF-RAY: 5fbdb4a5fbbfd597-BOM
19:11:31.464 [ForkJoinPool-1-worker-1] DEBUG org.apache.http.headers - http-outgoing-2 << Content-Encoding: gzip
19:11:31.464 [ForkJoinPool-1-worker-1] DEBUG org.apache.http.impl.execchain.MainClientExec - Connection can be kept alive indefinitely
19:11:31.464 [ForkJoinPool-1-worker-1] DEBUG org.apache.http.client.protocol.ResponseProcessCookies - Cookie accepted [__cfduid="d2bccb715cfb78b30463af4cbafac77fd1607002891", version:0, domain:reqres.in, path:/, expiry:Sat Jan 02 19:11:31 IST 2021]
19:11:31.465 [ForkJoinPool-1-worker-1] DEBUG org.apache.http.wire - http-outgoing-2 << "[0x9f][0xa1]R[0xc1][0x2][0x0][0x0][\r][\n]"
19:11:31.465 [ForkJoinPool-1-worker-1] DEBUG org.apache.http.wire - http-outgoing-2 << "0[\r][\n]"
19:11:31.465 [ForkJoinPool-1-worker-1] DEBUG org.apache.http.wire - http-outgoing-2 << "[\r][\n]"
19:11:31.465 [ForkJoinPool-1-worker-1] DEBUG org.apache.http.impl.conn.PoolingHttpClientConnectionManager - Connection [id: 2][route: {s}->https://reqres.in:443] can be kept alive indefinitely
19:11:31.465 [ForkJoinPool-1-worker-1] DEBUG org.apache.http.impl.conn.DefaultManagedHttpClientConnection - http-outgoing-2: set socket timeout to 0
19:11:31.465 [ForkJoinPool-1-worker-1] DEBUG org.apache.http.impl.conn.PoolingHttpClientConnectionManager - Connection released: [id: 2][route: {s}->https://reqres.in:443][total available: 1; route allocated: 1 of 5; total allocated: 1 of 10]
19:11:31.465 [ForkJoinPool-1-worker-1] DEBUG com.intuit.karate - response time in milliseconds: 80.77
1 < 200
1 < Access-Control-Allow-Origin: *
1 < Age: 1
1 < CF-Cache-Status: HIT
1 < CF-RAY: 5fbdb4a5fbbfd597-BOM
1 < Cache-Control: max-age=14400
1 < Connection: keep-alive
1 < Content-Type: application/json; charset=utf-8
1 < Date: Thu, 03 Dec 2020 13:41:31 GMT
1 < Etag: W/"2c1-N6Rqerxquq2kgQhL51EiSg4x0R8"
1 < Expect-CT: max-age=604800, report-uri="https://report-uri.cloudflare.com/cdn-cgi/beacon/expect-ct"
1 < NEL: {"report_to":"cf-nel","max_age":604800}
1 < Report-To: {"endpoints":[{"url":"https:\/\/a.nel.cloudflare.com\/report?s=vxyE3HwXjVO4gBWJv3oY4dDx%2FKcDdMd1HxBpnkJtzk3mz6hDnqDPHZ5u2GfvWkquP2ybK9UxXQbPOw7C%2Bf9hLylM2XQrsIQAG58%3D"}],"group":"cf-nel","max_age":604800}
1 < Server: cloudflare
1 < Set-Cookie: __cfduid=d2bccb715cfb78b30463af4cbafac77fd1607002891; expires=Sat, 02-Jan-21 13:41:31 GMT; path=/; domain=.reqres.in; HttpOnly; SameSite=Lax; Secure
1 < Transfer-Encoding: chunked
1 < Vary: Accept-Encoding
1 < Via: 1.1 vegur
1 < X-Powered-By: Express
1 < cf-request-id: 06ca6f3bbb0000d597901a9000000001
{"page":1,"per_page":6,"total":12,"total_pages":2,"data":[{"id":1,"name":"cerulean","year":2000,"color":"#98B2D1","pantone_value":"15-4020"},{"id":2,"name":"fuchsia rose","year":2001,"color":"#C74375","pantone_value":"17-2031"},{"id":3,"name":"true red","year":2002,"color":"#BF1932","pantone_value":"19-1664"},{"id":4,"name":"aqua sky","year":2003,"color":"#7BC4C4","pantone_value":"14-4811"},{"id":5,"name":"tigerlily","year":2004,"color":"#E2583E","pantone_value":"17-1456"},{"id":6,"name":"blue turquoise","year":2005,"color":"#53B0AE","pantone_value":"15-5217"}],"support":{"url":"https://reqres.in/#support-heading","text":"To keep ReqRes free, contributions towards server costs are appreciated!"}}

19:11:31.469 [pool-1-thread-1] INFO com.intuit.karate.Runner - <<pass>> feature 3 of 22: classpath:featurefiles/karate-config.feature
---------------------------------------------------------
feature: classpath:featurefiles/karate-config.feature
report: build\surefire-reports\featurefiles.karate-config.json
scenarios:  1 | passed:  1 | failed:  0 | time: 0.0831
---------------------------------------------------------
19:11:31.485 [ForkJoinPool-1-worker-1] INFO com.intuit.karate - from karate-config.js 
19:11:31.486 [ForkJoinPool-1-worker-1] DEBUG com.jayway.jsonpath.internal.path.CompiledPath - Evaluating path: $
19:11:31.497 [ForkJoinPool-1-worker-1] INFO com.intuit.karate - [print] c =  30.0
19:11:31.500 [ForkJoinPool-1-worker-1] INFO com.intuit.karate - test ended 
19:11:31.505 [ForkJoinPool-1-worker-1] INFO com.intuit.karate - from karate-config.js 
19:11:31.505 [ForkJoinPool-1-worker-1] DEBUG com.jayway.jsonpath.internal.path.CompiledPath - Evaluating path: $
19:11:31.510 [ForkJoinPool-1-worker-1] INFO com.intuit.karate - [print] c =  60.0
19:11:31.510 [ForkJoinPool-1-worker-1] INFO com.intuit.karate - test ended 
19:11:31.516 [ForkJoinPool-1-worker-1] INFO com.intuit.karate - from karate-config.js 
19:11:31.517 [ForkJoinPool-1-worker-1] DEBUG com.jayway.jsonpath.internal.path.CompiledPath - Evaluating path: $
19:11:31.522 [ForkJoinPool-1-worker-1] INFO com.intuit.karate - [print] c =  90.0
19:11:31.522 [ForkJoinPool-1-worker-1] INFO com.intuit.karate - test ended 
19:11:31.526 [pool-1-thread-1] INFO com.intuit.karate.Runner - <<pass>> feature 4 of 22: classpath:featurefiles/karate01.feature
---------------------------------------------------------
feature: classpath:featurefiles/karate01.feature
report: build\surefire-reports\featurefiles.karate01.json
scenarios:  3 | passed:  3 | failed:  0 | time: 0.0233
---------------------------------------------------------
19:11:31.534 [ForkJoinPool-1-worker-1] INFO com.intuit.karate - from karate-config.js 
19:11:31.534 [ForkJoinPool-1-worker-1] DEBUG com.jayway.jsonpath.internal.path.CompiledPath - Evaluating path: $
19:11:31.535 [ForkJoinPool-1-worker-1] DEBUG com.jayway.jsonpath.internal.path.CompiledPath - Evaluating path: $
19:11:31.535 [ForkJoinPool-1-worker-1] DEBUG com.jayway.jsonpath.internal.path.CompiledPath - Evaluating path: $
19:11:31.535 [ForkJoinPool-1-worker-1] INFO com.intuit.karate - [print] {
  "id": "101",
  "tool": {
    "name": "Karate",
    "version": "0.9.6"
  }
}

19:11:31.539 [ForkJoinPool-1-worker-1] DEBUG com.jayway.jsonpath.internal.path.CompiledPath - Evaluating path: $
19:11:31.544 [ForkJoinPool-1-worker-1] DEBUG com.jayway.jsonpath.internal.path.CompiledPath - Evaluating path: $
19:11:31.547 [ForkJoinPool-1-worker-1] DEBUG com.jayway.jsonpath.internal.path.CompiledPath - Evaluating path: $
19:11:31.548 [ForkJoinPool-1-worker-1] DEBUG com.jayway.jsonpath.internal.path.CompiledPath - Evaluating path: $
19:11:31.548 [ForkJoinPool-1-worker-1] DEBUG com.jayway.jsonpath.internal.path.CompiledPath - Evaluating path: $['tool']
19:11:31.548 [ForkJoinPool-1-worker-1] DEBUG com.jayway.jsonpath.internal.path.CompiledPath - Evaluating path: $
19:11:31.552 [ForkJoinPool-1-worker-1] INFO com.intuit.karate - from karate-config.js 
19:11:31.552 [ForkJoinPool-1-worker-1] DEBUG com.jayway.jsonpath.internal.path.CompiledPath - Evaluating path: $
19:11:31.552 [ForkJoinPool-1-worker-1] DEBUG com.jayway.jsonpath.internal.path.CompiledPath - Evaluating path: $
19:11:31.553 [ForkJoinPool-1-worker-1] DEBUG com.jayway.jsonpath.internal.path.CompiledPath - Evaluating path: $
19:11:31.553 [ForkJoinPool-1-worker-1] INFO com.intuit.karate - [print] {
  "id": "101",
  "tool": {
    "name": "Karate",
    "version": "0.9.6"
  }
}

19:11:31.553 [ForkJoinPool-1-worker-1] DEBUG com.jayway.jsonpath.internal.path.CompiledPath - Evaluating path: $
19:11:31.554 [ForkJoinPool-1-worker-1] DEBUG com.jayway.jsonpath.internal.path.CompiledPath - Evaluating path: $
19:11:31.554 [ForkJoinPool-1-worker-1] DEBUG com.jayway.jsonpath.internal.path.CompiledPath - Evaluating path: $
19:11:31.554 [ForkJoinPool-1-worker-1] DEBUG com.jayway.jsonpath.internal.path.CompiledPath - Evaluating path: $
19:11:31.554 [ForkJoinPool-1-worker-1] DEBUG com.jayway.jsonpath.internal.path.CompiledPath - Evaluating path: $['tool']
19:11:31.555 [ForkJoinPool-1-worker-1] DEBUG com.jayway.jsonpath.internal.path.CompiledPath - Evaluating path: $
19:11:31.558 [pool-1-thread-1] INFO com.intuit.karate.Runner - <<pass>> feature 5 of 22: classpath:featurefiles/karate02.feature
---------------------------------------------------------
feature: classpath:featurefiles/karate02.feature
report: build\surefire-reports\featurefiles.karate02.json
scenarios:  2 | passed:  2 | failed:  0 | time: 0.0150
---------------------------------------------------------
19:11:31.564 [ForkJoinPool-1-worker-1] INFO com.intuit.karate - from karate-config.js 
19:11:31.565 [ForkJoinPool-1-worker-1] DEBUG com.jayway.jsonpath.internal.path.CompiledPath - Evaluating path: $
19:11:31.571 [ForkJoinPool-1-worker-1] INFO com.intuit.karate - [print] <info>
  <id>101</id>
  <tool>
    <name>Karate</name>
    <version>0.9.6</version>
  </tool>
</info>

19:11:31.598 [ForkJoinPool-1-worker-1] INFO com.intuit.karate - from karate-config.js 
19:11:31.599 [ForkJoinPool-1-worker-1] DEBUG com.jayway.jsonpath.internal.path.CompiledPath - Evaluating path: $
19:11:31.600 [ForkJoinPool-1-worker-1] INFO com.intuit.karate - [print] <info>
  <id>101</id>
  <tool>
    <name>Karate</name>
    <version>0.9.6</version>
  </tool>
  <tool>
    <name>IntelliJ</name>
    <version>2020.2</version>
  </tool>
</info>

19:11:31.615 [pool-1-thread-1] INFO com.intuit.karate.Runner - <<fail>> feature 6 of 22: classpath:featurefiles/karate03.feature
---------------------------------------------------------
feature: classpath:featurefiles/karate03.feature
report: build\surefire-reports\featurefiles.karate03.json
scenarios:  2 | passed:  1 | failed:  1 | time: 0.0401
---------------------------------------------------------
19:11:31.621 [ForkJoinPool-1-worker-1] INFO com.intuit.karate - from karate-config.js 
19:11:31.621 [ForkJoinPool-1-worker-1] DEBUG com.jayway.jsonpath.internal.path.CompiledPath - Evaluating path: $
19:11:31.632 [ForkJoinPool-1-worker-1] DEBUG org.apache.http.client.protocol.RequestAddCookies - CookieSpec selected: karate
19:11:31.632 [ForkJoinPool-1-worker-1] DEBUG org.apache.http.client.protocol.RequestAuthCache - Auth cache not set in the context
19:11:31.633 [ForkJoinPool-1-worker-1] DEBUG com.intuit.karate - request:
1 > POST https://www.w3schools.com/xml/tempconvert.asmx
1 > Accept-Encoding: gzip,deflate
1 > Connection: Keep-Alive
1 > Content-Length: 331
1 > Content-Type: text/xml; charset=UTF-8
1 > Host: www.w3schools.com
1 > SOAPAction: https://www.w3schools.com/xml/CelsiusToFahrenheit
1 > User-Agent: Apache-HttpClient/4.5.12 (Java/1.8.0_251)
<soap:Envelope xmlns:soap="http://schemas.xmlsoap.org/soap/envelope/" xmlns:xsd="http://www.w3.org/2001/XMLSchema" xmlns:xsi="http://www.w3.org/2001/XMLSchema-instance">
<soap:Body>
  <CelsiusToFahrenheit xmlns="https://www.w3schools.com/xml/">
    <Celsius>37</Celsius>
  </CelsiusToFahrenheit>
</soap:Body>
</soap:Envelope>

19:11:31.633 [ForkJoinPool-1-worker-1] DEBUG org.apache.http.impl.conn.PoolingHttpClientConnectionManager - Connection request: [route: {s}->https://www.w3schools.com:443][total available: 0; route allocated: 0 of 5; total allocated: 0 of 10]
19:11:31.633 [ForkJoinPool-1-worker-1] DEBUG org.apache.http.impl.conn.PoolingHttpClientConnectionManager - Connection leased: [id: 3][route: {s}->https://www.w3schools.com:443][total available: 0; route allocated: 1 of 5; total allocated: 1 of 10]
19:11:31.633 [ForkJoinPool-1-worker-1] DEBUG org.apache.http.impl.execchain.MainClientExec - Opening connection {s}->https://www.w3schools.com:443
19:11:31.634 [ForkJoinPool-1-worker-1] DEBUG org.apache.http.impl.conn.DefaultHttpClientConnectionOperator - Connecting to www.w3schools.com/192.229.179.87:443
19:11:31.634 [ForkJoinPool-1-worker-1] DEBUG org.apache.http.conn.ssl.SSLConnectionSocketFactory - Connecting socket to www.w3schools.com/192.229.179.87:443 with timeout 30000
19:11:31.650 [ForkJoinPool-1-worker-1] DEBUG org.apache.http.conn.ssl.SSLConnectionSocketFactory - Enabled protocols: [TLSv1, TLSv1.1, TLSv1.2]
19:11:31.650 [ForkJoinPool-1-worker-1] DEBUG org.apache.http.conn.ssl.SSLConnectionSocketFactory - Enabled cipher suites:[TLS_ECDHE_ECDSA_WITH_AES_256_CBC_SHA384, TLS_ECDHE_RSA_WITH_AES_256_CBC_SHA384, TLS_RSA_WITH_AES_256_CBC_SHA256, TLS_ECDH_ECDSA_WITH_AES_256_CBC_SHA384, TLS_ECDH_RSA_WITH_AES_256_CBC_SHA384, TLS_DHE_RSA_WITH_AES_256_CBC_SHA256, TLS_DHE_DSS_WITH_AES_256_CBC_SHA256, TLS_ECDHE_ECDSA_WITH_AES_256_CBC_SHA, TLS_ECDHE_RSA_WITH_AES_256_CBC_SHA, TLS_RSA_WITH_AES_256_CBC_SHA, TLS_ECDH_ECDSA_WITH_AES_256_CBC_SHA, TLS_ECDH_RSA_WITH_AES_256_CBC_SHA, TLS_DHE_RSA_WITH_AES_256_CBC_SHA, TLS_DHE_DSS_WITH_AES_256_CBC_SHA, TLS_ECDHE_ECDSA_WITH_AES_128_CBC_SHA256, TLS_ECDHE_RSA_WITH_AES_128_CBC_SHA256, TLS_RSA_WITH_AES_128_CBC_SHA256, TLS_ECDH_ECDSA_WITH_AES_128_CBC_SHA256, TLS_ECDH_RSA_WITH_AES_128_CBC_SHA256, TLS_DHE_RSA_WITH_AES_128_CBC_SHA256, TLS_DHE_DSS_WITH_AES_128_CBC_SHA256, TLS_ECDHE_ECDSA_WITH_AES_128_CBC_SHA, TLS_ECDHE_RSA_WITH_AES_128_CBC_SHA, TLS_RSA_WITH_AES_128_CBC_SHA, TLS_ECDH_ECDSA_WITH_AES_128_CBC_SHA, TLS_ECDH_RSA_WITH_AES_128_CBC_SHA, TLS_DHE_RSA_WITH_AES_128_CBC_SHA, TLS_DHE_DSS_WITH_AES_128_CBC_SHA, TLS_ECDHE_ECDSA_WITH_AES_256_GCM_SHA384, TLS_ECDHE_ECDSA_WITH_AES_128_GCM_SHA256, TLS_ECDHE_RSA_WITH_AES_256_GCM_SHA384, TLS_RSA_WITH_AES_256_GCM_SHA384, TLS_ECDH_ECDSA_WITH_AES_256_GCM_SHA384, TLS_ECDH_RSA_WITH_AES_256_GCM_SHA384, TLS_DHE_RSA_WITH_AES_256_GCM_SHA384, TLS_DHE_DSS_WITH_AES_256_GCM_SHA384, TLS_ECDHE_RSA_WITH_AES_128_GCM_SHA256, TLS_RSA_WITH_AES_128_GCM_SHA256, TLS_ECDH_ECDSA_WITH_AES_128_GCM_SHA256, TLS_ECDH_RSA_WITH_AES_128_GCM_SHA256, TLS_DHE_RSA_WITH_AES_128_GCM_SHA256, TLS_DHE_DSS_WITH_AES_128_GCM_SHA256, TLS_EMPTY_RENEGOTIATION_INFO_SCSV]
19:11:31.650 [ForkJoinPool-1-worker-1] DEBUG org.apache.http.conn.ssl.SSLConnectionSocketFactory - Starting handshake
19:11:31.707 [ForkJoinPool-1-worker-1] DEBUG org.apache.http.conn.ssl.SSLConnectionSocketFactory - Secure session established
19:11:31.707 [ForkJoinPool-1-worker-1] DEBUG org.apache.http.conn.ssl.SSLConnectionSocketFactory -  negotiated protocol: TLSv1.2
19:11:31.707 [ForkJoinPool-1-worker-1] DEBUG org.apache.http.conn.ssl.SSLConnectionSocketFactory -  negotiated cipher suite: TLS_ECDHE_RSA_WITH_AES_128_GCM_SHA256
19:11:31.708 [ForkJoinPool-1-worker-1] DEBUG org.apache.http.conn.ssl.SSLConnectionSocketFactory -  peer principal: CN=*.w3schools.com, OU=IT, O="Verizon Digital Media Services, Inc.", L=Los Angeles, ST=California, C=US
19:11:31.708 [ForkJoinPool-1-worker-1] DEBUG org.apache.http.conn.ssl.SSLConnectionSocketFactory -  peer alternative names: [*.w3schools.com, w3schools.com]
19:11:31.708 [ForkJoinPool-1-worker-1] DEBUG org.apache.http.conn.ssl.SSLConnectionSocketFactory -  issuer principal: CN=DigiCert SHA2 Secure Server CA, O=DigiCert Inc, C=US
19:11:31.708 [ForkJoinPool-1-worker-1] DEBUG org.apache.http.impl.conn.DefaultHttpClientConnectionOperator - Connection established 192.168.1.87:53455<->192.229.179.87:443
19:11:31.708 [ForkJoinPool-1-worker-1] DEBUG org.apache.http.impl.conn.DefaultManagedHttpClientConnection - http-outgoing-3: set socket timeout to 30000
19:11:31.708 [ForkJoinPool-1-worker-1] DEBUG org.apache.http.impl.execchain.MainClientExec - Executing request POST /xml/tempconvert.asmx HTTP/1.1
19:11:31.708 [ForkJoinPool-1-worker-1] DEBUG org.apache.http.impl.execchain.MainClientExec - Target auth state: UNCHALLENGED
19:11:31.708 [ForkJoinPool-1-worker-1] DEBUG org.apache.http.impl.execchain.MainClientExec - Proxy auth state: UNCHALLENGED
19:11:31.708 [ForkJoinPool-1-worker-1] DEBUG org.apache.http.headers - http-outgoing-3 >> POST /xml/tempconvert.asmx HTTP/1.1
19:11:31.708 [ForkJoinPool-1-worker-1] DEBUG org.apache.http.headers - http-outgoing-3 >> Content-Type: text/xml; charset=UTF-8
19:11:31.708 [ForkJoinPool-1-worker-1] DEBUG org.apache.http.headers - http-outgoing-3 >> SOAPAction: https://www.w3schools.com/xml/CelsiusToFahrenheit
19:11:31.708 [ForkJoinPool-1-worker-1] DEBUG org.apache.http.headers - http-outgoing-3 >> Content-Length: 331
19:11:31.708 [ForkJoinPool-1-worker-1] DEBUG org.apache.http.headers - http-outgoing-3 >> Host: www.w3schools.com
19:11:31.708 [ForkJoinPool-1-worker-1] DEBUG org.apache.http.headers - http-outgoing-3 >> Connection: Keep-Alive
19:11:31.708 [ForkJoinPool-1-worker-1] DEBUG org.apache.http.headers - http-outgoing-3 >> User-Agent: Apache-HttpClient/4.5.12 (Java/1.8.0_251)
19:11:31.708 [ForkJoinPool-1-worker-1] DEBUG org.apache.http.headers - http-outgoing-3 >> Accept-Encoding: gzip,deflate
19:11:31.708 [ForkJoinPool-1-worker-1] DEBUG org.apache.http.wire - http-outgoing-3 >> "POST /xml/tempconvert.asmx HTTP/1.1[\r][\n]"
19:11:31.708 [ForkJoinPool-1-worker-1] DEBUG org.apache.http.wire - http-outgoing-3 >> "Content-Type: text/xml; charset=UTF-8[\r][\n]"
19:11:31.708 [ForkJoinPool-1-worker-1] DEBUG org.apache.http.wire - http-outgoing-3 >> "SOAPAction: https://www.w3schools.com/xml/CelsiusToFahrenheit[\r][\n]"
19:11:31.708 [ForkJoinPool-1-worker-1] DEBUG org.apache.http.wire - http-outgoing-3 >> "Content-Length: 331[\r][\n]"
19:11:31.708 [ForkJoinPool-1-worker-1] DEBUG org.apache.http.wire - http-outgoing-3 >> "Host: www.w3schools.com[\r][\n]"
19:11:31.708 [ForkJoinPool-1-worker-1] DEBUG org.apache.http.wire - http-outgoing-3 >> "Connection: Keep-Alive[\r][\n]"
19:11:31.708 [ForkJoinPool-1-worker-1] DEBUG org.apache.http.wire - http-outgoing-3 >> "User-Agent: Apache-HttpClient/4.5.12 (Java/1.8.0_251)[\r][\n]"
19:11:31.708 [ForkJoinPool-1-worker-1] DEBUG org.apache.http.wire - http-outgoing-3 >> "Accept-Encoding: gzip,deflate[\r][\n]"
19:11:31.708 [ForkJoinPool-1-worker-1] DEBUG org.apache.http.wire - http-outgoing-3 >> "[\r][\n]"
19:11:31.708 [ForkJoinPool-1-worker-1] DEBUG org.apache.http.wire - http-outgoing-3 >> "<soap:Envelope xmlns:soap="http://schemas.xmlsoap.org/soap/envelope/" xmlns:xsd="http://www.w3.org/2001/XMLSchema" xmlns:xsi="http://www.w3.org/2001/XMLSchema-instance">[\r][\n]"
19:11:31.708 [ForkJoinPool-1-worker-1] DEBUG org.apache.http.wire - http-outgoing-3 >> "<soap:Body>[\r][\n]"
19:11:31.708 [ForkJoinPool-1-worker-1] DEBUG org.apache.http.wire - http-outgoing-3 >> "  <CelsiusToFahrenheit xmlns="https://www.w3schools.com/xml/">[\r][\n]"
19:11:31.708 [ForkJoinPool-1-worker-1] DEBUG org.apache.http.wire - http-outgoing-3 >> "    <Celsius>37</Celsius>[\r][\n]"
19:11:31.708 [ForkJoinPool-1-worker-1] DEBUG org.apache.http.wire - http-outgoing-3 >> "  </CelsiusToFahrenheit>[\r][\n]"
19:11:31.708 [ForkJoinPool-1-worker-1] DEBUG org.apache.http.wire - http-outgoing-3 >> "</soap:Body>[\r][\n]"
19:11:31.708 [ForkJoinPool-1-worker-1] DEBUG org.apache.http.wire - http-outgoing-3 >> "</soap:Envelope>"
19:11:32.001 [ForkJoinPool-1-worker-1] DEBUG org.apache.http.wire - http-outgoing-3 << "HTTP/1.1 200 OK[\r][\n]"
19:11:32.001 [ForkJoinPool-1-worker-1] DEBUG org.apache.http.wire - http-outgoing-3 << "Content-Encoding: gzip[\r][\n]"
19:11:32.001 [ForkJoinPool-1-worker-1] DEBUG org.apache.http.wire - http-outgoing-3 << "Cache-Control: private, max-age=0,public[\r][\n]"
19:11:32.001 [ForkJoinPool-1-worker-1] DEBUG org.apache.http.wire - http-outgoing-3 << "Content-Type: text/xml; charset=utf-8[\r][\n]"
19:11:32.001 [ForkJoinPool-1-worker-1] DEBUG org.apache.http.wire - http-outgoing-3 << "Date: Thu, 03 Dec 2020 13:39:32 GMT[\r][\n]"
19:11:32.001 [ForkJoinPool-1-worker-1] DEBUG org.apache.http.wire - http-outgoing-3 << "Server: Microsoft-IIS/7.5[\r][\n]"
19:11:32.002 [ForkJoinPool-1-worker-1] DEBUG org.apache.http.wire - http-outgoing-3 << "Vary: Accept-Encoding[\r][\n]"
19:11:32.002 [ForkJoinPool-1-worker-1] DEBUG org.apache.http.wire - http-outgoing-3 << "X-AspNet-Version: 4.0.30319[\r][\n]"
19:11:32.002 [ForkJoinPool-1-worker-1] DEBUG org.apache.http.wire - http-outgoing-3 << "X-Frame-Options: SAMEORIGIN[\r][\n]"
19:11:32.002 [ForkJoinPool-1-worker-1] DEBUG org.apache.http.wire - http-outgoing-3 << "X-Powered-By: ASP.NET[\r][\n]"
19:11:32.002 [ForkJoinPool-1-worker-1] DEBUG org.apache.http.wire - http-outgoing-3 << "Content-Length: 322[\r][\n]"
19:11:32.002 [ForkJoinPool-1-worker-1] DEBUG org.apache.http.wire - http-outgoing-3 << "[\r][\n]"
19:11:32.002 [ForkJoinPool-1-worker-1] DEBUG org.apache.http.headers - http-outgoing-3 << HTTP/1.1 200 OK
19:11:32.002 [ForkJoinPool-1-worker-1] DEBUG org.apache.http.headers - http-outgoing-3 << Content-Encoding: gzip
19:11:32.002 [ForkJoinPool-1-worker-1] DEBUG org.apache.http.headers - http-outgoing-3 << Cache-Control: private, max-age=0,public
19:11:32.003 [ForkJoinPool-1-worker-1] DEBUG org.apache.http.headers - http-outgoing-3 << Content-Type: text/xml; charset=utf-8
19:11:32.003 [ForkJoinPool-1-worker-1] DEBUG org.apache.http.headers - http-outgoing-3 << Date: Thu, 03 Dec 2020 13:39:32 GMT
19:11:32.003 [ForkJoinPool-1-worker-1] DEBUG org.apache.http.headers - http-outgoing-3 << Server: Microsoft-IIS/7.5
19:11:32.003 [ForkJoinPool-1-worker-1] DEBUG org.apache.http.headers - http-outgoing-3 << Vary: Accept-Encoding
19:11:32.003 [ForkJoinPool-1-worker-1] DEBUG org.apache.http.headers - http-outgoing-3 << X-AspNet-Version: 4.0.30319
19:11:32.003 [ForkJoinPool-1-worker-1] DEBUG org.apache.http.headers - http-outgoing-3 << X-Frame-Options: SAMEORIGIN
19:11:32.003 [ForkJoinPool-1-worker-1] DEBUG org.apache.http.headers - http-outgoing-3 << X-Powered-By: ASP.NET
19:11:32.003 [ForkJoinPool-1-worker-1] DEBUG org.apache.http.headers - http-outgoing-3 << Content-Length: 322
19:11:32.004 [ForkJoinPool-1-worker-1] DEBUG org.apache.http.impl.execchain.MainClientExec - Connection can be kept alive indefinitely
19:11:32.005 [ForkJoinPool-1-worker-1] DEBUG org.apache.http.wire - http-outgoing-3 << "[0x1f][0x8b][0x8][0x0][0x0][0x0][0x0][0x0][0x4][0x0][0xed][0xbd][0x7]`[0x1c]I[0x96]%&/m[0xca]{]]>&#x7f;<![CDATA[J[0xf5]J[0xd7][0xe0]t[0xa1][0x8][0x80]`[0x13]$[0xd8][0x90]@[0x10][0xec][0xc1][0x88][0xcd][0xe6][0x92][0xec][0x1d]iG#)[0xab]*[0x81][0xca]eVe]f[0x16]@[0xcc][0xed][0x9d][0xbc][0xf7][0xde]{[0xef][0xbd][0xf7][0xde]{[0xef][0xbd][0xf7][0xba];[0x9d]N'[0xf7][0xdf][0xff]?\fd[0x1]l[0xf6][0xce]J[0xda][0xc9][0x9e]![0x80][0xaa][0xc8][0x1f]?~|[0x1f]?"[0x1e][0xff][0x1e][0xef][0x16]ez[0x99][0xd7]MQ-?[0xfb]hw[0xbc][0xf3]Q[0x9a]/[0xa7][0xd5][0xac]X^|[0xf6][0xd1][0xba]=[0xdf]>[0xf8][0xe8][0xf7]8z[0xdc]T[0xd9][0xea][0xd1][0xe9][0xf2]2/[0xab]U[0x9e][0xd2]+[0xcb][0xe6][0x11]>[0xfb][0xec][0xa3]y[0xdb][0xae][0x1e][0xdd][0xbd][0xdb]L[0xe7][0xf9]"k[0xc6][0xf4][0x15]>[0x1f]W[0xf5][0xc5]][0xfc]r7[0xd7][0x97][0xee]~[0xa4][0xaf][0xbd]k[\n]"
19:11:32.005 [ForkJoinPool-1-worker-1] DEBUG org.apache.http.wire - http-outgoing-3 << "[0xfb][0xd6][0xd5][0xd5][0xd5][0xf8][0xea][0x1e]7[0xde][0xdb][0xd9][0xd9][0xbd][0xfb]{]]>&#x7f;<![CDATA[[0xf1][0xfc]5[0x3][0xda].[0x96]M[0x9b]-[0xa7][0xb9]{kv[0xf3][[0x1f])[0xa2]O[0xaa][0xd9][0xf5][0xd1][0xe3][0x93][0xbc]l[0x8a]u[0xf3][0xa6]z[0x96][0xcd][0xeb]|9[0xcf][0x8b][0xf6]U[0xde][0xac][0xaa]e[0xa3]#[0x10][0x80][0x8d][0x85]Hc[0xa8][0xaa][0xb2][0x19]O[0xab][0xc5]]jp[0x97][0xc0][0xc5]a[0xac][0xcb][0xf6][0xe8][0xe1][0xc1][0xf8][0xd3][0xc7]w[0x87][0xbf][0x1f][0xfa][0x8e][0xfb][0xa7]o=D[0xe5]wC[0xdd][0xa3][0xff][0x7][0x14]j[0xe5][0x2][0x93][0x1][0x0][0x0]"
19:11:32.006 [ForkJoinPool-1-worker-1] DEBUG org.apache.http.impl.conn.PoolingHttpClientConnectionManager - Connection [id: 3][route: {s}->https://www.w3schools.com:443] can be kept alive indefinitely
19:11:32.006 [ForkJoinPool-1-worker-1] DEBUG org.apache.http.impl.conn.DefaultManagedHttpClientConnection - http-outgoing-3: set socket timeout to 0
19:11:32.006 [ForkJoinPool-1-worker-1] DEBUG org.apache.http.impl.conn.PoolingHttpClientConnectionManager - Connection released: [id: 3][route: {s}->https://www.w3schools.com:443][total available: 1; route allocated: 1 of 5; total allocated: 1 of 10]
19:11:32.006 [ForkJoinPool-1-worker-1] DEBUG com.intuit.karate - response time in milliseconds: 370.90
1 < 200
1 < Cache-Control: private, max-age=0,public
1 < Content-Type: text/xml; charset=utf-8
1 < Date: Thu, 03 Dec 2020 13:39:32 GMT
1 < Server: Microsoft-IIS/7.5
1 < Vary: Accept-Encoding
1 < X-AspNet-Version: 4.0.30319
1 < X-Frame-Options: SAMEORIGIN
1 < X-Powered-By: ASP.NET
<?xml version="1.0" encoding="utf-8"?><soap:Envelope xmlns:soap="http://schemas.xmlsoap.org/soap/envelope/" xmlns:xsi="http://www.w3.org/2001/XMLSchema-instance" xmlns:xsd="http://www.w3.org/2001/XMLSchema"><soap:Body><CelsiusToFahrenheitResponse xmlns="https://www.w3schools.com/xml/"><CelsiusToFahrenheitResult>98.6</CelsiusToFahrenheitResult></CelsiusToFahrenheitResponse></soap:Body></soap:Envelope>

19:11:32.011 [ForkJoinPool-1-worker-1] DEBUG com.jayway.jsonpath.internal.path.CompiledPath - Evaluating path: $
19:11:32.012 [ForkJoinPool-1-worker-1] DEBUG com.jayway.jsonpath.internal.path.CompiledPath - Evaluating path: $['Server']
19:11:32.012 [ForkJoinPool-1-worker-1] DEBUG com.jayway.jsonpath.internal.path.CompiledPath - Evaluating path: $
19:11:32.013 [ForkJoinPool-1-worker-1] DEBUG com.jayway.jsonpath.internal.path.CompiledPath - Evaluating path: $['Server'][0]
19:11:32.022 [pool-1-thread-1] INFO com.intuit.karate.Runner - <<pass>> feature 7 of 22: classpath:featurefiles/karate04.feature
---------------------------------------------------------
feature: classpath:featurefiles/karate04.feature
report: build\surefire-reports\featurefiles.karate04.json
scenarios:  1 | passed:  1 | failed:  0 | time: 0.3957
---------------------------------------------------------
19:11:32.028 [ForkJoinPool-1-worker-1] INFO com.intuit.karate - from karate-config.js 
19:11:32.028 [ForkJoinPool-1-worker-1] DEBUG com.jayway.jsonpath.internal.path.CompiledPath - Evaluating path: $
19:11:32.034 [ForkJoinPool-1-worker-1] DEBUG org.apache.http.client.protocol.RequestAddCookies - CookieSpec selected: karate
19:11:32.034 [ForkJoinPool-1-worker-1] DEBUG org.apache.http.client.protocol.RequestAuthCache - Auth cache not set in the context
19:11:32.034 [ForkJoinPool-1-worker-1] DEBUG com.intuit.karate - request:
1 > POST https://www.w3schools.com/xml/tempconvert.asmx/CelsiusToFahrenheit
1 > Accept-Encoding: gzip,deflate
1 > Connection: Keep-Alive
1 > Content-Length: 10
1 > Content-Type: application/x-www-form-urlencoded; charset=UTF-8
1 > Host: www.w3schools.com
1 > User-Agent: Apache-HttpClient/4.5.12 (Java/1.8.0_251)
Celsius=37

19:11:32.034 [ForkJoinPool-1-worker-1] DEBUG org.apache.http.impl.conn.PoolingHttpClientConnectionManager - Connection request: [route: {s}->https://www.w3schools.com:443][total available: 0; route allocated: 0 of 5; total allocated: 0 of 10]
19:11:32.034 [ForkJoinPool-1-worker-1] DEBUG org.apache.http.impl.conn.PoolingHttpClientConnectionManager - Connection leased: [id: 4][route: {s}->https://www.w3schools.com:443][total available: 0; route allocated: 1 of 5; total allocated: 1 of 10]
19:11:32.034 [ForkJoinPool-1-worker-1] DEBUG org.apache.http.impl.execchain.MainClientExec - Opening connection {s}->https://www.w3schools.com:443
19:11:32.034 [ForkJoinPool-1-worker-1] DEBUG org.apache.http.impl.conn.DefaultHttpClientConnectionOperator - Connecting to www.w3schools.com/192.229.179.87:443
19:11:32.034 [ForkJoinPool-1-worker-1] DEBUG org.apache.http.conn.ssl.SSLConnectionSocketFactory - Connecting socket to www.w3schools.com/192.229.179.87:443 with timeout 30000
19:11:32.049 [ForkJoinPool-1-worker-1] DEBUG org.apache.http.conn.ssl.SSLConnectionSocketFactory - Enabled protocols: [TLSv1, TLSv1.1, TLSv1.2]
19:11:32.049 [ForkJoinPool-1-worker-1] DEBUG org.apache.http.conn.ssl.SSLConnectionSocketFactory - Enabled cipher suites:[TLS_ECDHE_ECDSA_WITH_AES_256_CBC_SHA384, TLS_ECDHE_RSA_WITH_AES_256_CBC_SHA384, TLS_RSA_WITH_AES_256_CBC_SHA256, TLS_ECDH_ECDSA_WITH_AES_256_CBC_SHA384, TLS_ECDH_RSA_WITH_AES_256_CBC_SHA384, TLS_DHE_RSA_WITH_AES_256_CBC_SHA256, TLS_DHE_DSS_WITH_AES_256_CBC_SHA256, TLS_ECDHE_ECDSA_WITH_AES_256_CBC_SHA, TLS_ECDHE_RSA_WITH_AES_256_CBC_SHA, TLS_RSA_WITH_AES_256_CBC_SHA, TLS_ECDH_ECDSA_WITH_AES_256_CBC_SHA, TLS_ECDH_RSA_WITH_AES_256_CBC_SHA, TLS_DHE_RSA_WITH_AES_256_CBC_SHA, TLS_DHE_DSS_WITH_AES_256_CBC_SHA, TLS_ECDHE_ECDSA_WITH_AES_128_CBC_SHA256, TLS_ECDHE_RSA_WITH_AES_128_CBC_SHA256, TLS_RSA_WITH_AES_128_CBC_SHA256, TLS_ECDH_ECDSA_WITH_AES_128_CBC_SHA256, TLS_ECDH_RSA_WITH_AES_128_CBC_SHA256, TLS_DHE_RSA_WITH_AES_128_CBC_SHA256, TLS_DHE_DSS_WITH_AES_128_CBC_SHA256, TLS_ECDHE_ECDSA_WITH_AES_128_CBC_SHA, TLS_ECDHE_RSA_WITH_AES_128_CBC_SHA, TLS_RSA_WITH_AES_128_CBC_SHA, TLS_ECDH_ECDSA_WITH_AES_128_CBC_SHA, TLS_ECDH_RSA_WITH_AES_128_CBC_SHA, TLS_DHE_RSA_WITH_AES_128_CBC_SHA, TLS_DHE_DSS_WITH_AES_128_CBC_SHA, TLS_ECDHE_ECDSA_WITH_AES_256_GCM_SHA384, TLS_ECDHE_ECDSA_WITH_AES_128_GCM_SHA256, TLS_ECDHE_RSA_WITH_AES_256_GCM_SHA384, TLS_RSA_WITH_AES_256_GCM_SHA384, TLS_ECDH_ECDSA_WITH_AES_256_GCM_SHA384, TLS_ECDH_RSA_WITH_AES_256_GCM_SHA384, TLS_DHE_RSA_WITH_AES_256_GCM_SHA384, TLS_DHE_DSS_WITH_AES_256_GCM_SHA384, TLS_ECDHE_RSA_WITH_AES_128_GCM_SHA256, TLS_RSA_WITH_AES_128_GCM_SHA256, TLS_ECDH_ECDSA_WITH_AES_128_GCM_SHA256, TLS_ECDH_RSA_WITH_AES_128_GCM_SHA256, TLS_DHE_RSA_WITH_AES_128_GCM_SHA256, TLS_DHE_DSS_WITH_AES_128_GCM_SHA256, TLS_EMPTY_RENEGOTIATION_INFO_SCSV]
19:11:32.049 [ForkJoinPool-1-worker-1] DEBUG org.apache.http.conn.ssl.SSLConnectionSocketFactory - Starting handshake
19:11:32.091 [ForkJoinPool-1-worker-1] DEBUG org.apache.http.conn.ssl.SSLConnectionSocketFactory - Secure session established
19:11:32.091 [ForkJoinPool-1-worker-1] DEBUG org.apache.http.conn.ssl.SSLConnectionSocketFactory -  negotiated protocol: TLSv1.2
19:11:32.091 [ForkJoinPool-1-worker-1] DEBUG org.apache.http.conn.ssl.SSLConnectionSocketFactory -  negotiated cipher suite: TLS_ECDHE_RSA_WITH_AES_128_GCM_SHA256
19:11:32.091 [ForkJoinPool-1-worker-1] DEBUG org.apache.http.conn.ssl.SSLConnectionSocketFactory -  peer principal: CN=*.w3schools.com, OU=IT, O="Verizon Digital Media Services, Inc.", L=Los Angeles, ST=California, C=US
19:11:32.091 [ForkJoinPool-1-worker-1] DEBUG org.apache.http.conn.ssl.SSLConnectionSocketFactory -  peer alternative names: [*.w3schools.com, w3schools.com]
19:11:32.091 [ForkJoinPool-1-worker-1] DEBUG org.apache.http.conn.ssl.SSLConnectionSocketFactory -  issuer principal: CN=DigiCert SHA2 Secure Server CA, O=DigiCert Inc, C=US
19:11:32.091 [ForkJoinPool-1-worker-1] DEBUG org.apache.http.impl.conn.DefaultHttpClientConnectionOperator - Connection established 192.168.1.87:53456<->192.229.179.87:443
19:11:32.091 [ForkJoinPool-1-worker-1] DEBUG org.apache.http.impl.conn.DefaultManagedHttpClientConnection - http-outgoing-4: set socket timeout to 30000
19:11:32.091 [ForkJoinPool-1-worker-1] DEBUG org.apache.http.impl.execchain.MainClientExec - Executing request POST /xml/tempconvert.asmx/CelsiusToFahrenheit HTTP/1.1
19:11:32.091 [ForkJoinPool-1-worker-1] DEBUG org.apache.http.impl.execchain.MainClientExec - Target auth state: UNCHALLENGED
19:11:32.091 [ForkJoinPool-1-worker-1] DEBUG org.apache.http.impl.execchain.MainClientExec - Proxy auth state: UNCHALLENGED
19:11:32.092 [ForkJoinPool-1-worker-1] DEBUG org.apache.http.headers - http-outgoing-4 >> POST /xml/tempconvert.asmx/CelsiusToFahrenheit HTTP/1.1
19:11:32.092 [ForkJoinPool-1-worker-1] DEBUG org.apache.http.headers - http-outgoing-4 >> Content-Type: application/x-www-form-urlencoded; charset=UTF-8
19:11:32.092 [ForkJoinPool-1-worker-1] DEBUG org.apache.http.headers - http-outgoing-4 >> Content-Length: 10
19:11:32.092 [ForkJoinPool-1-worker-1] DEBUG org.apache.http.headers - http-outgoing-4 >> Host: www.w3schools.com
19:11:32.092 [ForkJoinPool-1-worker-1] DEBUG org.apache.http.headers - http-outgoing-4 >> Connection: Keep-Alive
19:11:32.092 [ForkJoinPool-1-worker-1] DEBUG org.apache.http.headers - http-outgoing-4 >> User-Agent: Apache-HttpClient/4.5.12 (Java/1.8.0_251)
19:11:32.092 [ForkJoinPool-1-worker-1] DEBUG org.apache.http.headers - http-outgoing-4 >> Accept-Encoding: gzip,deflate
19:11:32.092 [ForkJoinPool-1-worker-1] DEBUG org.apache.http.wire - http-outgoing-4 >> "POST /xml/tempconvert.asmx/CelsiusToFahrenheit HTTP/1.1[\r][\n]"
19:11:32.092 [ForkJoinPool-1-worker-1] DEBUG org.apache.http.wire - http-outgoing-4 >> "Content-Type: application/x-www-form-urlencoded; charset=UTF-8[\r][\n]"
19:11:32.092 [ForkJoinPool-1-worker-1] DEBUG org.apache.http.wire - http-outgoing-4 >> "Content-Length: 10[\r][\n]"
19:11:32.092 [ForkJoinPool-1-worker-1] DEBUG org.apache.http.wire - http-outgoing-4 >> "Host: www.w3schools.com[\r][\n]"
19:11:32.092 [ForkJoinPool-1-worker-1] DEBUG org.apache.http.wire - http-outgoing-4 >> "Connection: Keep-Alive[\r][\n]"
19:11:32.092 [ForkJoinPool-1-worker-1] DEBUG org.apache.http.wire - http-outgoing-4 >> "User-Agent: Apache-HttpClient/4.5.12 (Java/1.8.0_251)[\r][\n]"
19:11:32.092 [ForkJoinPool-1-worker-1] DEBUG org.apache.http.wire - http-outgoing-4 >> "Accept-Encoding: gzip,deflate[\r][\n]"
19:11:32.092 [ForkJoinPool-1-worker-1] DEBUG org.apache.http.wire - http-outgoing-4 >> "[\r][\n]"
19:11:32.092 [ForkJoinPool-1-worker-1] DEBUG org.apache.http.wire - http-outgoing-4 >> "Celsius=37"
19:11:32.407 [ForkJoinPool-1-worker-1] DEBUG org.apache.http.wire - http-outgoing-4 << "HTTP/1.1 200 OK[\r][\n]"
19:11:32.407 [ForkJoinPool-1-worker-1] DEBUG org.apache.http.wire - http-outgoing-4 << "Content-Encoding: gzip[\r][\n]"
19:11:32.407 [ForkJoinPool-1-worker-1] DEBUG org.apache.http.wire - http-outgoing-4 << "Cache-Control: private, max-age=0,public[\r][\n]"
19:11:32.408 [ForkJoinPool-1-worker-1] DEBUG org.apache.http.wire - http-outgoing-4 << "Content-Type: text/xml; charset=utf-8[\r][\n]"
19:11:32.408 [ForkJoinPool-1-worker-1] DEBUG org.apache.http.wire - http-outgoing-4 << "Date: Thu, 03 Dec 2020 13:39:33 GMT[\r][\n]"
19:11:32.408 [ForkJoinPool-1-worker-1] DEBUG org.apache.http.wire - http-outgoing-4 << "Server: Microsoft-IIS/7.5[\r][\n]"
19:11:32.408 [ForkJoinPool-1-worker-1] DEBUG org.apache.http.wire - http-outgoing-4 << "Vary: Accept-Encoding[\r][\n]"
19:11:32.408 [ForkJoinPool-1-worker-1] DEBUG org.apache.http.wire - http-outgoing-4 << "X-AspNet-Version: 4.0.30319[\r][\n]"
19:11:32.408 [ForkJoinPool-1-worker-1] DEBUG org.apache.http.wire - http-outgoing-4 << "X-Frame-Options: SAMEORIGIN[\r][\n]"
19:11:32.408 [ForkJoinPool-1-worker-1] DEBUG org.apache.http.wire - http-outgoing-4 << "X-Powered-By: ASP.NET[\r][\n]"
19:11:32.408 [ForkJoinPool-1-worker-1] DEBUG org.apache.http.wire - http-outgoing-4 << "Content-Length: 208[\r][\n]"
19:11:32.408 [ForkJoinPool-1-worker-1] DEBUG org.apache.http.wire - http-outgoing-4 << "[\r][\n]"
19:11:32.408 [ForkJoinPool-1-worker-1] DEBUG org.apache.http.headers - http-outgoing-4 << HTTP/1.1 200 OK
19:11:32.408 [ForkJoinPool-1-worker-1] DEBUG org.apache.http.headers - http-outgoing-4 << Content-Encoding: gzip
19:11:32.408 [ForkJoinPool-1-worker-1] DEBUG org.apache.http.headers - http-outgoing-4 << Cache-Control: private, max-age=0,public
19:11:32.408 [ForkJoinPool-1-worker-1] DEBUG org.apache.http.headers - http-outgoing-4 << Content-Type: text/xml; charset=utf-8
19:11:32.408 [ForkJoinPool-1-worker-1] DEBUG org.apache.http.headers - http-outgoing-4 << Date: Thu, 03 Dec 2020 13:39:33 GMT
19:11:32.408 [ForkJoinPool-1-worker-1] DEBUG org.apache.http.headers - http-outgoing-4 << Server: Microsoft-IIS/7.5
19:11:32.408 [ForkJoinPool-1-worker-1] DEBUG org.apache.http.headers - http-outgoing-4 << Vary: Accept-Encoding
19:11:32.408 [ForkJoinPool-1-worker-1] DEBUG org.apache.http.headers - http-outgoing-4 << X-AspNet-Version: 4.0.30319
19:11:32.408 [ForkJoinPool-1-worker-1] DEBUG org.apache.http.headers - http-outgoing-4 << X-Frame-Options: SAMEORIGIN
19:11:32.408 [ForkJoinPool-1-worker-1] DEBUG org.apache.http.headers - http-outgoing-4 << X-Powered-By: ASP.NET
19:11:32.408 [ForkJoinPool-1-worker-1] DEBUG org.apache.http.headers - http-outgoing-4 << Content-Length: 208
19:11:32.409 [ForkJoinPool-1-worker-1] DEBUG org.apache.http.impl.execchain.MainClientExec - Connection can be kept alive indefinitely
19:11:32.410 [ForkJoinPool-1-worker-1] DEBUG org.apache.http.wire - http-outgoing-4 << "[0x1f][0x8b][0x8][0x0][0x0][0x0][0x0][0x0][0x4][0x0][0xed][0xbd][0x7]`[0x1c]I[0x96]%&/m[0xca]{]]>&#x7f;<![CDATA[J[0xf5]J[0xd7][0xe0]t[0xa1][0x8][0x80]`[0x13]$[0xd8][0x90]@[0x10][0xec][0xc1][0x88][0xcd][0xe6][0x92][0xec][0x1d]iG#)[0xab]*[0x81][0xca]eVe]f[0x16]@[0xcc][0xed][0x9d][0xbc][0xf7][0xde]{[0xef][0xbd][0xf7][0xde]{[0xef][0xbd][0xf7][0xba];[0x9d]N'[0xf7][0xdf][0xff]?\fd[0x1]l[0xf6][0xce]J[0xda][0xc9][0x9e]![0x80][0xaa][0xc8][0x1f]?~|[0x1f]?"[0x1e][0xff][0x1e][0xef][0x16]ez[0x99][0xd7]MQ-?[0xfb]hw[0xbc][0xf3]Q[0x9a]/[0xa7][0xd5][0xac]X^|[0xf6][0xd1][0xba]=[0xdf]>[0xf8][0xe8][0xf7]8[0xfa][0x8d][0x93][0xc7]M[[0xd3]G)[0xb5]^6[0x9f]}4o[0xdb]U[0xf3][0xe8][0xee][0xdd][0xab][0xab][0xab][0xf1][0xd5][0xbd]f:[0xaf][0xaa][0xb2][0x19]O[0xab][0xc5]]jp[0xf7][0xa3][0xa3][0x87][0x7][0xe3]O[0x1f][0xdf][0x95]w[0x8e][0xfe][0x1f]O![0x80]Ed[0x0][0x0][0x0]"
19:11:32.410 [ForkJoinPool-1-worker-1] DEBUG org.apache.http.impl.conn.PoolingHttpClientConnectionManager - Connection [id: 4][route: {s}->https://www.w3schools.com:443] can be kept alive indefinitely
19:11:32.410 [ForkJoinPool-1-worker-1] DEBUG org.apache.http.impl.conn.DefaultManagedHttpClientConnection - http-outgoing-4: set socket timeout to 0
19:11:32.410 [ForkJoinPool-1-worker-1] DEBUG org.apache.http.impl.conn.PoolingHttpClientConnectionManager - Connection released: [id: 4][route: {s}->https://www.w3schools.com:443][total available: 1; route allocated: 1 of 5; total allocated: 1 of 10]
19:11:32.410 [ForkJoinPool-1-worker-1] DEBUG com.intuit.karate - response time in milliseconds: 375.27
1 < 200
1 < Cache-Control: private, max-age=0,public
1 < Content-Type: text/xml; charset=utf-8
1 < Date: Thu, 03 Dec 2020 13:39:33 GMT
1 < Server: Microsoft-IIS/7.5
1 < Vary: Accept-Encoding
1 < X-AspNet-Version: 4.0.30319
1 < X-Frame-Options: SAMEORIGIN
1 < X-Powered-By: ASP.NET
<?xml version="1.0" encoding="utf-8"?>
<string xmlns="https://www.w3schools.com/xml/">98.6</string>

19:11:32.414 [ForkJoinPool-1-worker-1] DEBUG com.jayway.jsonpath.internal.path.CompiledPath - Evaluating path: $
19:11:32.414 [ForkJoinPool-1-worker-1] DEBUG com.jayway.jsonpath.internal.path.CompiledPath - Evaluating path: $['Server']
19:11:32.414 [ForkJoinPool-1-worker-1] DEBUG com.jayway.jsonpath.internal.path.CompiledPath - Evaluating path: $
19:11:32.414 [ForkJoinPool-1-worker-1] DEBUG com.jayway.jsonpath.internal.path.CompiledPath - Evaluating path: $['Server'][0]
19:11:32.419 [pool-1-thread-1] INFO com.intuit.karate.Runner - <<pass>> feature 8 of 22: classpath:featurefiles/karate05.feature
---------------------------------------------------------
feature: classpath:featurefiles/karate05.feature
report: build\surefire-reports\featurefiles.karate05.json
scenarios:  1 | passed:  1 | failed:  0 | time: 0.3865
---------------------------------------------------------
19:11:32.424 [ForkJoinPool-1-worker-1] INFO com.intuit.karate - from karate-config.js 
19:11:32.425 [ForkJoinPool-1-worker-1] DEBUG com.jayway.jsonpath.internal.path.CompiledPath - Evaluating path: $
19:11:32.433 [Finalizer] DEBUG org.apache.http.impl.conn.PoolingHttpClientConnectionManager - Connection manager is shutting down
19:11:32.434 [Finalizer] DEBUG org.apache.http.impl.conn.DefaultManagedHttpClientConnection - http-outgoing-1: Close connection
19:11:32.434 [Finalizer] DEBUG org.apache.http.impl.conn.PoolingHttpClientConnectionManager - Connection manager shut down
19:11:32.435 [Finalizer] DEBUG org.apache.http.impl.conn.PoolingHttpClientConnectionManager - Connection manager is shutting down
19:11:32.435 [Finalizer] DEBUG org.apache.http.impl.conn.DefaultManagedHttpClientConnection - http-outgoing-2: Close connection
19:11:32.435 [Finalizer] DEBUG org.apache.http.impl.conn.PoolingHttpClientConnectionManager - Connection manager shut down
19:11:32.435 [Finalizer] DEBUG org.apache.http.impl.conn.PoolingHttpClientConnectionManager - Connection manager is shutting down
19:11:32.435 [Finalizer] DEBUG org.apache.http.impl.conn.DefaultManagedHttpClientConnection - http-outgoing-3: Close connection
19:11:32.435 [Finalizer] DEBUG org.apache.http.impl.conn.PoolingHttpClientConnectionManager - Connection manager shut down
19:11:32.435 [Finalizer] DEBUG org.apache.http.impl.conn.PoolingHttpClientConnectionManager - Connection manager is shutting down
19:11:32.435 [Finalizer] DEBUG org.apache.http.impl.conn.DefaultManagedHttpClientConnection - http-outgoing-4: Close connection
19:11:32.435 [Finalizer] DEBUG org.apache.http.impl.conn.PoolingHttpClientConnectionManager - Connection manager shut down
19:11:32.436 [Finalizer] DEBUG org.apache.http.impl.conn.PoolingHttpClientConnectionManager - Connection manager is shutting down
19:11:32.436 [Finalizer] DEBUG org.apache.http.impl.conn.DefaultManagedHttpClientConnection - http-outgoing-0: Close connection
19:11:32.436 [Finalizer] DEBUG org.apache.http.impl.conn.PoolingHttpClientConnectionManager - Connection manager shut down
19:11:32.439 [ForkJoinPool-1-worker-1] DEBUG org.apache.http.client.protocol.RequestAddCookies - CookieSpec selected: karate
19:11:32.439 [ForkJoinPool-1-worker-1] DEBUG org.apache.http.client.protocol.RequestAuthCache - Auth cache not set in the context
19:11:32.439 [ForkJoinPool-1-worker-1] DEBUG com.intuit.karate - request:
1 > POST https://www.w3schools.com/xml/tempconvert.asmx
1 > Accept-Encoding: gzip,deflate
1 > Connection: Keep-Alive
1 > Content-Length: 359
1 > Content-Type: text/xml; charset=UTF-8
1 > Host: www.w3schools.com
1 > SOAPAction: https://www.w3schools.com/xml/CelsiusToFahrenheit
1 > User-Agent: Apache-HttpClient/4.5.12 (Java/1.8.0_251)
<soap:Envelope xmlns:soap="http://schemas.xmlsoap.org/soap/envelope/" xmlns:xsd="http://www.w3.org/2001/XMLSchema" xmlns:xsi="http://www.w3.org/2001/XMLSchema-instance">
    <soap:Body>
        <CelsiusToFahrenheit xmlns="https://www.w3schools.com/xml/">
            <Celsius>50</Celsius>
        </CelsiusToFahrenheit>
    </soap:Body>
</soap:Envelope>

19:11:32.440 [ForkJoinPool-1-worker-1] DEBUG org.apache.http.impl.conn.PoolingHttpClientConnectionManager - Connection request: [route: {s}->https://www.w3schools.com:443][total available: 0; route allocated: 0 of 5; total allocated: 0 of 10]
19:11:32.440 [ForkJoinPool-1-worker-1] DEBUG org.apache.http.impl.conn.PoolingHttpClientConnectionManager - Connection leased: [id: 5][route: {s}->https://www.w3schools.com:443][total available: 0; route allocated: 1 of 5; total allocated: 1 of 10]
19:11:32.440 [ForkJoinPool-1-worker-1] DEBUG org.apache.http.impl.execchain.MainClientExec - Opening connection {s}->https://www.w3schools.com:443
19:11:32.440 [ForkJoinPool-1-worker-1] DEBUG org.apache.http.impl.conn.DefaultHttpClientConnectionOperator - Connecting to www.w3schools.com/192.229.179.87:443
19:11:32.440 [ForkJoinPool-1-worker-1] DEBUG org.apache.http.conn.ssl.SSLConnectionSocketFactory - Connecting socket to www.w3schools.com/192.229.179.87:443 with timeout 30000
19:11:32.454 [ForkJoinPool-1-worker-1] DEBUG org.apache.http.conn.ssl.SSLConnectionSocketFactory - Enabled protocols: [TLSv1, TLSv1.1, TLSv1.2]
19:11:32.454 [ForkJoinPool-1-worker-1] DEBUG org.apache.http.conn.ssl.SSLConnectionSocketFactory - Enabled cipher suites:[TLS_ECDHE_ECDSA_WITH_AES_256_CBC_SHA384, TLS_ECDHE_RSA_WITH_AES_256_CBC_SHA384, TLS_RSA_WITH_AES_256_CBC_SHA256, TLS_ECDH_ECDSA_WITH_AES_256_CBC_SHA384, TLS_ECDH_RSA_WITH_AES_256_CBC_SHA384, TLS_DHE_RSA_WITH_AES_256_CBC_SHA256, TLS_DHE_DSS_WITH_AES_256_CBC_SHA256, TLS_ECDHE_ECDSA_WITH_AES_256_CBC_SHA, TLS_ECDHE_RSA_WITH_AES_256_CBC_SHA, TLS_RSA_WITH_AES_256_CBC_SHA, TLS_ECDH_ECDSA_WITH_AES_256_CBC_SHA, TLS_ECDH_RSA_WITH_AES_256_CBC_SHA, TLS_DHE_RSA_WITH_AES_256_CBC_SHA, TLS_DHE_DSS_WITH_AES_256_CBC_SHA, TLS_ECDHE_ECDSA_WITH_AES_128_CBC_SHA256, TLS_ECDHE_RSA_WITH_AES_128_CBC_SHA256, TLS_RSA_WITH_AES_128_CBC_SHA256, TLS_ECDH_ECDSA_WITH_AES_128_CBC_SHA256, TLS_ECDH_RSA_WITH_AES_128_CBC_SHA256, TLS_DHE_RSA_WITH_AES_128_CBC_SHA256, TLS_DHE_DSS_WITH_AES_128_CBC_SHA256, TLS_ECDHE_ECDSA_WITH_AES_128_CBC_SHA, TLS_ECDHE_RSA_WITH_AES_128_CBC_SHA, TLS_RSA_WITH_AES_128_CBC_SHA, TLS_ECDH_ECDSA_WITH_AES_128_CBC_SHA, TLS_ECDH_RSA_WITH_AES_128_CBC_SHA, TLS_DHE_RSA_WITH_AES_128_CBC_SHA, TLS_DHE_DSS_WITH_AES_128_CBC_SHA, TLS_ECDHE_ECDSA_WITH_AES_256_GCM_SHA384, TLS_ECDHE_ECDSA_WITH_AES_128_GCM_SHA256, TLS_ECDHE_RSA_WITH_AES_256_GCM_SHA384, TLS_RSA_WITH_AES_256_GCM_SHA384, TLS_ECDH_ECDSA_WITH_AES_256_GCM_SHA384, TLS_ECDH_RSA_WITH_AES_256_GCM_SHA384, TLS_DHE_RSA_WITH_AES_256_GCM_SHA384, TLS_DHE_DSS_WITH_AES_256_GCM_SHA384, TLS_ECDHE_RSA_WITH_AES_128_GCM_SHA256, TLS_RSA_WITH_AES_128_GCM_SHA256, TLS_ECDH_ECDSA_WITH_AES_128_GCM_SHA256, TLS_ECDH_RSA_WITH_AES_128_GCM_SHA256, TLS_DHE_RSA_WITH_AES_128_GCM_SHA256, TLS_DHE_DSS_WITH_AES_128_GCM_SHA256, TLS_EMPTY_RENEGOTIATION_INFO_SCSV]
19:11:32.454 [ForkJoinPool-1-worker-1] DEBUG org.apache.http.conn.ssl.SSLConnectionSocketFactory - Starting handshake
19:11:32.493 [ForkJoinPool-1-worker-1] DEBUG org.apache.http.conn.ssl.SSLConnectionSocketFactory - Secure session established
19:11:32.493 [ForkJoinPool-1-worker-1] DEBUG org.apache.http.conn.ssl.SSLConnectionSocketFactory -  negotiated protocol: TLSv1.2
19:11:32.493 [ForkJoinPool-1-worker-1] DEBUG org.apache.http.conn.ssl.SSLConnectionSocketFactory -  negotiated cipher suite: TLS_ECDHE_RSA_WITH_AES_128_GCM_SHA256
19:11:32.493 [ForkJoinPool-1-worker-1] DEBUG org.apache.http.conn.ssl.SSLConnectionSocketFactory -  peer principal: CN=*.w3schools.com, OU=IT, O="Verizon Digital Media Services, Inc.", L=Los Angeles, ST=California, C=US
19:11:32.493 [ForkJoinPool-1-worker-1] DEBUG org.apache.http.conn.ssl.SSLConnectionSocketFactory -  peer alternative names: [*.w3schools.com, w3schools.com]
19:11:32.493 [ForkJoinPool-1-worker-1] DEBUG org.apache.http.conn.ssl.SSLConnectionSocketFactory -  issuer principal: CN=DigiCert SHA2 Secure Server CA, O=DigiCert Inc, C=US
19:11:32.493 [ForkJoinPool-1-worker-1] DEBUG org.apache.http.impl.conn.DefaultHttpClientConnectionOperator - Connection established 192.168.1.87:53457<->192.229.179.87:443
19:11:32.493 [ForkJoinPool-1-worker-1] DEBUG org.apache.http.impl.conn.DefaultManagedHttpClientConnection - http-outgoing-5: set socket timeout to 30000
19:11:32.493 [ForkJoinPool-1-worker-1] DEBUG org.apache.http.impl.execchain.MainClientExec - Executing request POST /xml/tempconvert.asmx HTTP/1.1
19:11:32.493 [ForkJoinPool-1-worker-1] DEBUG org.apache.http.impl.execchain.MainClientExec - Target auth state: UNCHALLENGED
19:11:32.493 [ForkJoinPool-1-worker-1] DEBUG org.apache.http.impl.execchain.MainClientExec - Proxy auth state: UNCHALLENGED
19:11:32.493 [ForkJoinPool-1-worker-1] DEBUG org.apache.http.headers - http-outgoing-5 >> POST /xml/tempconvert.asmx HTTP/1.1
19:11:32.493 [ForkJoinPool-1-worker-1] DEBUG org.apache.http.headers - http-outgoing-5 >> Content-Type: text/xml; charset=UTF-8
19:11:32.493 [ForkJoinPool-1-worker-1] DEBUG org.apache.http.headers - http-outgoing-5 >> SOAPAction: https://www.w3schools.com/xml/CelsiusToFahrenheit
19:11:32.493 [ForkJoinPool-1-worker-1] DEBUG org.apache.http.headers - http-outgoing-5 >> Content-Length: 359
19:11:32.493 [ForkJoinPool-1-worker-1] DEBUG org.apache.http.headers - http-outgoing-5 >> Host: www.w3schools.com
19:11:32.494 [ForkJoinPool-1-worker-1] DEBUG org.apache.http.headers - http-outgoing-5 >> Connection: Keep-Alive
19:11:32.494 [ForkJoinPool-1-worker-1] DEBUG org.apache.http.headers - http-outgoing-5 >> User-Agent: Apache-HttpClient/4.5.12 (Java/1.8.0_251)
19:11:32.494 [ForkJoinPool-1-worker-1] DEBUG org.apache.http.headers - http-outgoing-5 >> Accept-Encoding: gzip,deflate
19:11:32.494 [ForkJoinPool-1-worker-1] DEBUG org.apache.http.wire - http-outgoing-5 >> "POST /xml/tempconvert.asmx HTTP/1.1[\r][\n]"
19:11:32.494 [ForkJoinPool-1-worker-1] DEBUG org.apache.http.wire - http-outgoing-5 >> "Content-Type: text/xml; charset=UTF-8[\r][\n]"
19:11:32.494 [ForkJoinPool-1-worker-1] DEBUG org.apache.http.wire - http-outgoing-5 >> "SOAPAction: https://www.w3schools.com/xml/CelsiusToFahrenheit[\r][\n]"
19:11:32.494 [ForkJoinPool-1-worker-1] DEBUG org.apache.http.wire - http-outgoing-5 >> "Content-Length: 359[\r][\n]"
19:11:32.494 [ForkJoinPool-1-worker-1] DEBUG org.apache.http.wire - http-outgoing-5 >> "Host: www.w3schools.com[\r][\n]"
19:11:32.494 [ForkJoinPool-1-worker-1] DEBUG org.apache.http.wire - http-outgoing-5 >> "Connection: Keep-Alive[\r][\n]"
19:11:32.494 [ForkJoinPool-1-worker-1] DEBUG org.apache.http.wire - http-outgoing-5 >> "User-Agent: Apache-HttpClient/4.5.12 (Java/1.8.0_251)[\r][\n]"
19:11:32.494 [ForkJoinPool-1-worker-1] DEBUG org.apache.http.wire - http-outgoing-5 >> "Accept-Encoding: gzip,deflate[\r][\n]"
19:11:32.494 [ForkJoinPool-1-worker-1] DEBUG org.apache.http.wire - http-outgoing-5 >> "[\r][\n]"
19:11:32.494 [ForkJoinPool-1-worker-1] DEBUG org.apache.http.wire - http-outgoing-5 >> "<soap:Envelope xmlns:soap="http://schemas.xmlsoap.org/soap/envelope/" xmlns:xsd="http://www.w3.org/2001/XMLSchema" xmlns:xsi="http://www.w3.org/2001/XMLSchema-instance">[\r][\n]"
19:11:32.494 [ForkJoinPool-1-worker-1] DEBUG org.apache.http.wire - http-outgoing-5 >> "    <soap:Body>[\r][\n]"
19:11:32.494 [ForkJoinPool-1-worker-1] DEBUG org.apache.http.wire - http-outgoing-5 >> "        <CelsiusToFahrenheit xmlns="https://www.w3schools.com/xml/">[\r][\n]"
19:11:32.494 [ForkJoinPool-1-worker-1] DEBUG org.apache.http.wire - http-outgoing-5 >> "            <Celsius>50</Celsius>[\r][\n]"
19:11:32.494 [ForkJoinPool-1-worker-1] DEBUG org.apache.http.wire - http-outgoing-5 >> "        </CelsiusToFahrenheit>[\r][\n]"
19:11:32.494 [ForkJoinPool-1-worker-1] DEBUG org.apache.http.wire - http-outgoing-5 >> "    </soap:Body>[\r][\n]"
19:11:32.494 [ForkJoinPool-1-worker-1] DEBUG org.apache.http.wire - http-outgoing-5 >> "</soap:Envelope>"
19:11:32.789 [ForkJoinPool-1-worker-1] DEBUG org.apache.http.wire - http-outgoing-5 << "HTTP/1.1 200 OK[\r][\n]"
19:11:32.789 [ForkJoinPool-1-worker-1] DEBUG org.apache.http.wire - http-outgoing-5 << "Content-Encoding: gzip[\r][\n]"
19:11:32.789 [ForkJoinPool-1-worker-1] DEBUG org.apache.http.wire - http-outgoing-5 << "Cache-Control: private, max-age=0,public[\r][\n]"
19:11:32.789 [ForkJoinPool-1-worker-1] DEBUG org.apache.http.wire - http-outgoing-5 << "Content-Type: text/xml; charset=utf-8[\r][\n]"
19:11:32.789 [ForkJoinPool-1-worker-1] DEBUG org.apache.http.wire - http-outgoing-5 << "Date: Thu, 03 Dec 2020 13:39:33 GMT[\r][\n]"
19:11:32.789 [ForkJoinPool-1-worker-1] DEBUG org.apache.http.wire - http-outgoing-5 << "Server: Microsoft-IIS/7.5[\r][\n]"
19:11:32.789 [ForkJoinPool-1-worker-1] DEBUG org.apache.http.wire - http-outgoing-5 << "Vary: Accept-Encoding[\r][\n]"
19:11:32.789 [ForkJoinPool-1-worker-1] DEBUG org.apache.http.wire - http-outgoing-5 << "X-AspNet-Version: 4.0.30319[\r][\n]"
19:11:32.789 [ForkJoinPool-1-worker-1] DEBUG org.apache.http.wire - http-outgoing-5 << "X-Frame-Options: SAMEORIGIN[\r][\n]"
19:11:32.789 [ForkJoinPool-1-worker-1] DEBUG org.apache.http.wire - http-outgoing-5 << "X-Powered-By: ASP.NET[\r][\n]"
19:11:32.789 [ForkJoinPool-1-worker-1] DEBUG org.apache.http.wire - http-outgoing-5 << "Content-Length: 321[\r][\n]"
19:11:32.789 [ForkJoinPool-1-worker-1] DEBUG org.apache.http.wire - http-outgoing-5 << "[\r][\n]"
19:11:32.790 [ForkJoinPool-1-worker-1] DEBUG org.apache.http.headers - http-outgoing-5 << HTTP/1.1 200 OK
19:11:32.790 [ForkJoinPool-1-worker-1] DEBUG org.apache.http.headers - http-outgoing-5 << Content-Encoding: gzip
19:11:32.790 [ForkJoinPool-1-worker-1] DEBUG org.apache.http.headers - http-outgoing-5 << Cache-Control: private, max-age=0,public
19:11:32.790 [ForkJoinPool-1-worker-1] DEBUG org.apache.http.headers - http-outgoing-5 << Content-Type: text/xml; charset=utf-8
19:11:32.790 [ForkJoinPool-1-worker-1] DEBUG org.apache.http.headers - http-outgoing-5 << Date: Thu, 03 Dec 2020 13:39:33 GMT
19:11:32.790 [ForkJoinPool-1-worker-1] DEBUG org.apache.http.headers - http-outgoing-5 << Server: Microsoft-IIS/7.5
19:11:32.790 [ForkJoinPool-1-worker-1] DEBUG org.apache.http.headers - http-outgoing-5 << Vary: Accept-Encoding
19:11:32.790 [ForkJoinPool-1-worker-1] DEBUG org.apache.http.headers - http-outgoing-5 << X-AspNet-Version: 4.0.30319
19:11:32.790 [ForkJoinPool-1-worker-1] DEBUG org.apache.http.headers - http-outgoing-5 << X-Frame-Options: SAMEORIGIN
19:11:32.790 [ForkJoinPool-1-worker-1] DEBUG org.apache.http.headers - http-outgoing-5 << X-Powered-By: ASP.NET
19:11:32.790 [ForkJoinPool-1-worker-1] DEBUG org.apache.http.headers - http-outgoing-5 << Content-Length: 321
19:11:32.790 [ForkJoinPool-1-worker-1] DEBUG org.apache.http.impl.execchain.MainClientExec - Connection can be kept alive indefinitely
19:11:32.792 [ForkJoinPool-1-worker-1] DEBUG org.apache.http.wire - http-outgoing-5 << "[0x1f][0x8b][0x8][0x0][0x0][0x0][0x0][0x0][0x4][0x0][0xed][0xbd][0x7]`[0x1c]I[0x96]%&/m[0xca]{]]>&#x7f;<![CDATA[J[0xf5]J[0xd7][0xe0]t[0xa1][0x8][0x80]`[0x13]$[0xd8][0x90]@[0x10][0xec][0xc1][0x88][0xcd][0xe6][0x92][0xec][0x1d]iG#)[0xab]*[0x81][0xca]eVe]f[0x16]@[0xcc][0xed][0x9d][0xbc][0xf7][0xde]{[0xef][0xbd][0xf7][0xde]{[0xef][0xbd][0xf7][0xba];[0x9d]N'[0xf7][0xdf][0xff]?\fd[0x1]l[0xf6][0xce]J[0xda][0xc9][0x9e]![0x80][0xaa][0xc8][0x1f]?~|[0x1f]?"[0x1e][0xff][0x1e][0xef][0x16]ez[0x99][0xd7]MQ-?[0xfb]hw[0xbc][0xf3]Q[0x9a]/[0xa7][0xd5][0xac]X^|[0xf6][0xd1][0xba]=[0xdf]>[0xf8][0xe8][0xf7]8z[0xdc]T[0xd9][0xea][0xd1][0xe9][0xf2]2/[0xab]U[0x9e][0xd2]+[0xcb][0xe6][0x11]>[0xfb][0xec][0xa3]y[0xdb][0xae][0x1e][0xdd][0xbd][0xdb]L[0xe7][0xf9]"k[0xc6][0xf4][0x15]>[0x1f]W[0xf5][0xc5]][0xfc]r7[0xd7][0x97][0xee]~[0xa4][0xaf][0xbd]k[\n]"
19:11:32.792 [ForkJoinPool-1-worker-1] DEBUG org.apache.http.wire - http-outgoing-5 << "[0xfb][0xd6][0xd5][0xd5][0xd5][0xf8][0xea][0x1e]7[0xde][0xdb][0xd9][0xd9][0xbd][0xfb]{]]>&#x7f;<![CDATA[[0xf1][0xfc]5[0x3][0xda].[0x96]M[0x9b]-[0xa7][0xb9]{kv[0xf3][[0x1f])[0xa2]O[0xaa][0xd9][0xf5][0xd1][0xe3][0x93][0xbc]l[0x8a]u[0xf3][0xa6]z[0x96][0xcd][0xeb]|9[0xcf][0x8b][0xf6]U[0xde][0xac][0xaa]e[0xa3]#[0x10][0x80][0x8d][0x85]Hc[0xa8][0xaa][0xb2][0x19]O[0xab][0xc5]]jp[0x97][0xc0][0xc5]a[0xac][0xcb][0xf6]hwo[0xef][0xf1][0xdd][0xe1][0xaf][0x87][0xbe][0xe3][0xee][0xe9][[0xf]O[0xf9][0xdd][0x10][0xf7][0xe8][0xff][0x1]x[0xcc][0xc6][0x96][0x92][0x1][0x0][0x0]"
19:11:32.792 [ForkJoinPool-1-worker-1] DEBUG org.apache.http.impl.conn.PoolingHttpClientConnectionManager - Connection [id: 5][route: {s}->https://www.w3schools.com:443] can be kept alive indefinitely
19:11:32.792 [ForkJoinPool-1-worker-1] DEBUG org.apache.http.impl.conn.DefaultManagedHttpClientConnection - http-outgoing-5: set socket timeout to 0
19:11:32.792 [ForkJoinPool-1-worker-1] DEBUG org.apache.http.impl.conn.PoolingHttpClientConnectionManager - Connection released: [id: 5][route: {s}->https://www.w3schools.com:443][total available: 1; route allocated: 1 of 5; total allocated: 1 of 10]
19:11:32.792 [ForkJoinPool-1-worker-1] DEBUG com.intuit.karate - response time in milliseconds: 350.29
1 < 200
1 < Cache-Control: private, max-age=0,public
1 < Content-Type: text/xml; charset=utf-8
1 < Date: Thu, 03 Dec 2020 13:39:33 GMT
1 < Server: Microsoft-IIS/7.5
1 < Vary: Accept-Encoding
1 < X-AspNet-Version: 4.0.30319
1 < X-Frame-Options: SAMEORIGIN
1 < X-Powered-By: ASP.NET
<?xml version="1.0" encoding="utf-8"?><soap:Envelope xmlns:soap="http://schemas.xmlsoap.org/soap/envelope/" xmlns:xsi="http://www.w3.org/2001/XMLSchema-instance" xmlns:xsd="http://www.w3.org/2001/XMLSchema"><soap:Body><CelsiusToFahrenheitResponse xmlns="https://www.w3schools.com/xml/"><CelsiusToFahrenheitResult>122</CelsiusToFahrenheitResult></CelsiusToFahrenheitResponse></soap:Body></soap:Envelope>

19:11:32.797 [ForkJoinPool-1-worker-1] DEBUG com.jayway.jsonpath.internal.path.CompiledPath - Evaluating path: $
19:11:32.797 [ForkJoinPool-1-worker-1] DEBUG com.jayway.jsonpath.internal.path.CompiledPath - Evaluating path: $['Server']
19:11:32.797 [ForkJoinPool-1-worker-1] DEBUG com.jayway.jsonpath.internal.path.CompiledPath - Evaluating path: $
19:11:32.797 [ForkJoinPool-1-worker-1] DEBUG com.jayway.jsonpath.internal.path.CompiledPath - Evaluating path: $['Server'][0]
19:11:32.801 [pool-1-thread-1] INFO com.intuit.karate.Runner - <<pass>> feature 9 of 22: classpath:featurefiles/karate06.feature
---------------------------------------------------------
feature: classpath:featurefiles/karate06.feature
report: build\surefire-reports\featurefiles.karate06.json
scenarios:  1 | passed:  1 | failed:  0 | time: 0.3721
---------------------------------------------------------
19:11:32.805 [ForkJoinPool-1-worker-1] INFO com.intuit.karate - from karate-config.js 
19:11:32.806 [ForkJoinPool-1-worker-1] DEBUG com.jayway.jsonpath.internal.path.CompiledPath - Evaluating path: $
19:11:32.808 [ForkJoinPool-1-worker-1] DEBUG org.apache.http.client.protocol.RequestAddCookies - CookieSpec selected: karate
19:11:32.808 [ForkJoinPool-1-worker-1] DEBUG org.apache.http.client.protocol.RequestAuthCache - Auth cache not set in the context
19:11:32.808 [ForkJoinPool-1-worker-1] DEBUG com.intuit.karate - request:
1 > GET http://dummy.restapiexample.com/api/v1/employees
1 > Accept-Encoding: gzip,deflate
1 > Connection: Keep-Alive
1 > Host: dummy.restapiexample.com
1 > User-Agent: Apache-HttpClient/4.5.12 (Java/1.8.0_251)

19:11:32.808 [ForkJoinPool-1-worker-1] DEBUG org.apache.http.impl.conn.PoolingHttpClientConnectionManager - Connection request: [route: {}->http://dummy.restapiexample.com:80][total available: 0; route allocated: 0 of 5; total allocated: 0 of 10]
19:11:32.808 [ForkJoinPool-1-worker-1] DEBUG org.apache.http.impl.conn.PoolingHttpClientConnectionManager - Connection leased: [id: 6][route: {}->http://dummy.restapiexample.com:80][total available: 0; route allocated: 1 of 5; total allocated: 1 of 10]
19:11:32.808 [ForkJoinPool-1-worker-1] DEBUG org.apache.http.impl.execchain.MainClientExec - Opening connection {}->http://dummy.restapiexample.com:80
19:11:32.915 [ForkJoinPool-1-worker-1] DEBUG org.apache.http.impl.conn.DefaultHttpClientConnectionOperator - Connecting to dummy.restapiexample.com/3.6.18.84:80
19:11:32.931 [ForkJoinPool-1-worker-1] DEBUG org.apache.http.impl.conn.DefaultHttpClientConnectionOperator - Connection established 192.168.1.87:53458<->3.6.18.84:80
19:11:32.931 [ForkJoinPool-1-worker-1] DEBUG org.apache.http.impl.conn.DefaultManagedHttpClientConnection - http-outgoing-6: set socket timeout to 30000
19:11:32.931 [ForkJoinPool-1-worker-1] DEBUG org.apache.http.impl.execchain.MainClientExec - Executing request GET /api/v1/employees HTTP/1.1
19:11:32.931 [ForkJoinPool-1-worker-1] DEBUG org.apache.http.impl.execchain.MainClientExec - Target auth state: UNCHALLENGED
19:11:32.931 [ForkJoinPool-1-worker-1] DEBUG org.apache.http.impl.execchain.MainClientExec - Proxy auth state: UNCHALLENGED
19:11:32.932 [ForkJoinPool-1-worker-1] DEBUG org.apache.http.headers - http-outgoing-6 >> GET /api/v1/employees HTTP/1.1
19:11:32.932 [ForkJoinPool-1-worker-1] DEBUG org.apache.http.headers - http-outgoing-6 >> Host: dummy.restapiexample.com
19:11:32.932 [ForkJoinPool-1-worker-1] DEBUG org.apache.http.headers - http-outgoing-6 >> Connection: Keep-Alive
19:11:32.932 [ForkJoinPool-1-worker-1] DEBUG org.apache.http.headers - http-outgoing-6 >> User-Agent: Apache-HttpClient/4.5.12 (Java/1.8.0_251)
19:11:32.932 [ForkJoinPool-1-worker-1] DEBUG org.apache.http.headers - http-outgoing-6 >> Accept-Encoding: gzip,deflate
19:11:32.932 [ForkJoinPool-1-worker-1] DEBUG org.apache.http.wire - http-outgoing-6 >> "GET /api/v1/employees HTTP/1.1[\r][\n]"
19:11:32.932 [ForkJoinPool-1-worker-1] DEBUG org.apache.http.wire - http-outgoing-6 >> "Host: dummy.restapiexample.com[\r][\n]"
19:11:32.932 [ForkJoinPool-1-worker-1] DEBUG org.apache.http.wire - http-outgoing-6 >> "Connection: Keep-Alive[\r][\n]"
19:11:32.932 [ForkJoinPool-1-worker-1] DEBUG org.apache.http.wire - http-outgoing-6 >> "User-Agent: Apache-HttpClient/4.5.12 (Java/1.8.0_251)[\r][\n]"
19:11:32.932 [ForkJoinPool-1-worker-1] DEBUG org.apache.http.wire - http-outgoing-6 >> "Accept-Encoding: gzip,deflate[\r][\n]"
19:11:32.932 [ForkJoinPool-1-worker-1] DEBUG org.apache.http.wire - http-outgoing-6 >> "[\r][\n]"
19:11:32.964 [ForkJoinPool-1-worker-1] DEBUG org.apache.http.wire - http-outgoing-6 << "HTTP/1.1 200 OK[\r][\n]"
19:11:32.964 [ForkJoinPool-1-worker-1] DEBUG org.apache.http.wire - http-outgoing-6 << "Access-Control-Allow-Origin: *[\r][\n]"
19:11:32.964 [ForkJoinPool-1-worker-1] DEBUG org.apache.http.wire - http-outgoing-6 << "Access-Control-Expose-Headers: Content-Type, X-Requested-With, X-authentication, X-client[\r][\n]"
19:11:32.964 [ForkJoinPool-1-worker-1] DEBUG org.apache.http.wire - http-outgoing-6 << "Cache-Control: max-age=31536000[\r][\n]"
19:11:32.964 [ForkJoinPool-1-worker-1] DEBUG org.apache.http.wire - http-outgoing-6 << "Content-Encoding: gzip[\r][\n]"
19:11:32.964 [ForkJoinPool-1-worker-1] DEBUG org.apache.http.wire - http-outgoing-6 << "Content-Type: application/json;charset=utf-8[\r][\n]"
19:11:32.964 [ForkJoinPool-1-worker-1] DEBUG org.apache.http.wire - http-outgoing-6 << "Date: Thu, 03 Dec 2020 13:41:32 GMT[\r][\n]"
19:11:32.964 [ForkJoinPool-1-worker-1] DEBUG org.apache.http.wire - http-outgoing-6 << "Display: staticcontent_sol[\r][\n]"
19:11:32.964 [ForkJoinPool-1-worker-1] DEBUG org.apache.http.wire - http-outgoing-6 << "Referrer-Policy: [\r][\n]"
19:11:32.964 [ForkJoinPool-1-worker-1] DEBUG org.apache.http.wire - http-outgoing-6 << "Response: 200[\r][\n]"
19:11:32.964 [ForkJoinPool-1-worker-1] DEBUG org.apache.http.wire - http-outgoing-6 << "Server: nginx/1.16.0[\r][\n]"
19:11:32.964 [ForkJoinPool-1-worker-1] DEBUG org.apache.http.wire - http-outgoing-6 << "Vary: Accept-Encoding[\r][\n]"
19:11:32.964 [ForkJoinPool-1-worker-1] DEBUG org.apache.http.wire - http-outgoing-6 << "Vary: Accept-Encoding,User-Agent,Origin[\r][\n]"
19:11:32.964 [ForkJoinPool-1-worker-1] DEBUG org.apache.http.wire - http-outgoing-6 << "X-Ezoic-Cdn: Hit ds;mm;64e5dcd8fd074fe044e20470a9643699;2-133674-2;11eea874-25cc-4a8a-4a7a-e7fd9bafe9d8[\r][\n]"
19:11:32.965 [ForkJoinPool-1-worker-1] DEBUG org.apache.http.wire - http-outgoing-6 << "X-Middleton-Display: staticcontent_sol[\r][\n]"
19:11:32.965 [ForkJoinPool-1-worker-1] DEBUG org.apache.http.wire - http-outgoing-6 << "X-Middleton-Response: 200[\r][\n]"
19:11:32.965 [ForkJoinPool-1-worker-1] DEBUG org.apache.http.wire - http-outgoing-6 << "X-Sol: pub_site[\r][\n]"
19:11:32.965 [ForkJoinPool-1-worker-1] DEBUG org.apache.http.wire - http-outgoing-6 << "Content-Length: 595[\r][\n]"
19:11:32.965 [ForkJoinPool-1-worker-1] DEBUG org.apache.http.wire - http-outgoing-6 << "[\r][\n]"
19:11:32.965 [ForkJoinPool-1-worker-1] DEBUG org.apache.http.wire - http-outgoing-6 << "[0x1f][0x8b][0x8][0x0][0x0][0x0][0x0][0x0][0x0][0xff][0x9c][0x95][0xcd]n[0xdb]:[0x14][0x84]_[0x85][0xe0]:[0xb][0x89][0xd4][0x8f][0xed][0xdd][0xb5][0x83]8[0xb8]i[0x8a]6[0x9][0x1a][0x14]E[0x11][0x1c]X[0xa7]1Q[0x9a]4[0x8e][0xa8]4j[0x90]w/[0x8c]v[0x91][0xc5][0x88]B[0xbb][0xb5]`}[0x18]r[0xe6][0xd3][0x8b][0xee][0x13][0xa5][0xa1][0xd7]+[0xdd][0xf][0xbb][0x1d][0xf7][0xbd]>[0xd3][0x1d]%[0xd2][0xab]//[0xda]uz[0xa5]K}[0xa6][0xf9]p[0xf4]qd~[0x8]t`[0xbd][0xd2]w[0xee][0x91]E[0xbd]w[0xcf]1[0xbc]}[0xda][0x93]'[0x19][0xf5]J[S,[0x8a][0xe2][0xed]#z<[0xfd][0xaf]9[0xbd][0xec]([0xf1][0x9b][0xf3][0xfc][0xe0][0xe][0xbf]]]>&#x7f;<![CDATA[[0xd4][0xaf]g]]>&#x7f;<![CDATA[P[0x6][0xa0][0xb6]$[0xc2])[0xa9]{[0x17][0x12]K[0xf]qe[[0xb4]5[0xc2][0xd9],[0xce][0x2][0xdc]]]>&#x7f;<![CDATA[[0xfd]>[0xc5][0xa0]6[0xf1][0x19][0x92][0x16]M[0x1]s5YP[0x5]@[0x1b][0xee][0xc4][0xed][0xd4][0x15]{?BTem[0xd1][0x0][0x96]1YV[0x8d]B9q[0xea][0x96]R[0x1c][0xf0][0xf1]5[0xa6]E[0xa9]l[0xfe][0xf8][0x1a]@Z[0x8b]c[0xef]Y[0xdd];[0xef][0x1d][0x1d][0xfa][0xa9]~[0xb4][0x6][0x9f]c[0xbe][0x1f]- ^[0xb2]H[0xec][0xd4]fO[0xa1][0xf3],8[0xa0]mk[0x84][0xab][0x97]Y[0xdc][0x2][0xe0]n[0xf6]1[0x90]:[0xa7]'[0xd7]M[0x86]3[0xed][0x12][0xd2][0xea],m[0x89]J[0x12][0xbd]g[0xe][0xea]r[0x90]>A[0x98])j[0x18][0xcd][0xe6][0xa3][0x95][0x5][0xa0][0xdd][0xc6]0[0x92][0xba][0x90]8[0xc1]*[0xb][0xdb] [0x96][0xc9][0xf7][0xa4]D[0x6][0xf9][0x9f][0x3][0xa9]-[0xb9][0xc0]x[0xd2][0xcb][0xa2]F[0xe5][0xb7]E[0x1e][0x85][0xc][0xf2]qp![0xa8][0xb]?[0x86][0x89][0xfb][0xaa]p[0x19]g[0x86]V"}l[0xf6]$[0x1d][0xab]k[0x92]~O[0xde][0xe3]a[0xb7][0x5]<F[0x9b][0x97]H[0x89],rI[0x9e]Gu[0xc5]!p[0x87]5bK[0xb][0xb]R[0xcd]\[0x1a][0xf2][0xc8][0x1d][0xa5][0x91][0x2][0xa9][0xb][0x97]~[0x1e])[0x89][0xdb]}[0xc7][0xcc]E[\r]}\[0xce][0x94][0x12][0x19][0xe5][0xda][0xed][0xf6][0xc4]^[0xdd]:[0xff]D[0xb8][0x96][0xcb][0x5]L8#[0xe5][0x12][0xd9][0xe4][0x3][\r]^[0xad]G[0xe9] [0xa9]55[0xd6]V[0x95]'![0x91]l}[0x14]G[0xea][0x9d]K[0xc9]3[0x9e][0xf6][0xbf]Y[0xab]D"Y[0xb]u[0xa7][0xa6]l[0x85]'[0x1d][0x89]WP[0xcd]|[0xb2][0x91]H[0xce][0xc9][0xa9][0x1b][0x17][0xf1][0xb2]M[0x89]c[0xd9][0xbc][0x1e][0xcd][0x84]E8%V[0x1b][0xf2][0xdd][0xf][0x9e][0xd8][0x9b][0xad][0xf0][0xad][0xcd][0xb8][0xc4] [0x97]|[0x1e][0xc4][0xa9]5[0x8b][0xe0][0xb1]5-FU3([0xa8][0x12][0xe2][0x9e]D}[0xa2][0xb0][0xc3][0xfd]([0x8b][0xa6]B+337[0x86]<r[0x1e][0xc5][0xf5][0xa7][0xaf]v7Q[0x8f]E[0xfd]7[0xea][0xff][0xfa][0xfa]+[0x0][0x0][0xff][0xff]8n[0xc9]gY[\n]"
19:11:32.965 [ForkJoinPool-1-worker-1] DEBUG org.apache.http.wire - http-outgoing-6 << "[0x0][0x0]"
19:11:32.965 [ForkJoinPool-1-worker-1] DEBUG org.apache.http.headers - http-outgoing-6 << HTTP/1.1 200 OK
19:11:32.966 [ForkJoinPool-1-worker-1] DEBUG org.apache.http.headers - http-outgoing-6 << Access-Control-Allow-Origin: *
19:11:32.966 [ForkJoinPool-1-worker-1] DEBUG org.apache.http.headers - http-outgoing-6 << Access-Control-Expose-Headers: Content-Type, X-Requested-With, X-authentication, X-client
19:11:32.966 [ForkJoinPool-1-worker-1] DEBUG org.apache.http.headers - http-outgoing-6 << Cache-Control: max-age=31536000
19:11:32.966 [ForkJoinPool-1-worker-1] DEBUG org.apache.http.headers - http-outgoing-6 << Content-Encoding: gzip
19:11:32.966 [ForkJoinPool-1-worker-1] DEBUG org.apache.http.headers - http-outgoing-6 << Content-Type: application/json;charset=utf-8
19:11:32.966 [ForkJoinPool-1-worker-1] DEBUG org.apache.http.headers - http-outgoing-6 << Date: Thu, 03 Dec 2020 13:41:32 GMT
19:11:32.966 [ForkJoinPool-1-worker-1] DEBUG org.apache.http.headers - http-outgoing-6 << Display: staticcontent_sol
19:11:32.966 [ForkJoinPool-1-worker-1] DEBUG org.apache.http.headers - http-outgoing-6 << Referrer-Policy: 
19:11:32.966 [ForkJoinPool-1-worker-1] DEBUG org.apache.http.headers - http-outgoing-6 << Response: 200
19:11:32.966 [ForkJoinPool-1-worker-1] DEBUG org.apache.http.headers - http-outgoing-6 << Server: nginx/1.16.0
19:11:32.966 [ForkJoinPool-1-worker-1] DEBUG org.apache.http.headers - http-outgoing-6 << Vary: Accept-Encoding
19:11:32.966 [ForkJoinPool-1-worker-1] DEBUG org.apache.http.headers - http-outgoing-6 << Vary: Accept-Encoding,User-Agent,Origin
19:11:32.966 [ForkJoinPool-1-worker-1] DEBUG org.apache.http.headers - http-outgoing-6 << X-Ezoic-Cdn: Hit ds;mm;64e5dcd8fd074fe044e20470a9643699;2-133674-2;11eea874-25cc-4a8a-4a7a-e7fd9bafe9d8
19:11:32.966 [ForkJoinPool-1-worker-1] DEBUG org.apache.http.headers - http-outgoing-6 << X-Middleton-Display: staticcontent_sol
19:11:32.966 [ForkJoinPool-1-worker-1] DEBUG org.apache.http.headers - http-outgoing-6 << X-Middleton-Response: 200
19:11:32.966 [ForkJoinPool-1-worker-1] DEBUG org.apache.http.headers - http-outgoing-6 << X-Sol: pub_site
19:11:32.966 [ForkJoinPool-1-worker-1] DEBUG org.apache.http.headers - http-outgoing-6 << Content-Length: 595
19:11:32.966 [ForkJoinPool-1-worker-1] DEBUG org.apache.http.impl.execchain.MainClientExec - Connection can be kept alive indefinitely
19:11:32.967 [ForkJoinPool-1-worker-1] DEBUG org.apache.http.impl.conn.PoolingHttpClientConnectionManager - Connection [id: 6][route: {}->http://dummy.restapiexample.com:80] can be kept alive indefinitely
19:11:32.967 [ForkJoinPool-1-worker-1] DEBUG org.apache.http.impl.conn.DefaultManagedHttpClientConnection - http-outgoing-6: set socket timeout to 0
19:11:32.967 [ForkJoinPool-1-worker-1] DEBUG org.apache.http.impl.conn.PoolingHttpClientConnectionManager - Connection released: [id: 6][route: {}->http://dummy.restapiexample.com:80][total available: 1; route allocated: 1 of 5; total allocated: 1 of 10]
19:11:32.967 [ForkJoinPool-1-worker-1] DEBUG com.intuit.karate - response time in milliseconds: 158.87
1 < 200
1 < Access-Control-Allow-Origin: *
1 < Access-Control-Expose-Headers: Content-Type, X-Requested-With, X-authentication, X-client
1 < Cache-Control: max-age=31536000
1 < Content-Type: application/json;charset=utf-8
1 < Date: Thu, 03 Dec 2020 13:41:32 GMT
1 < Display: staticcontent_sol
1 < Referrer-Policy: 
1 < Response: 200
1 < Server: nginx/1.16.0
1 < Vary: [Accept-Encoding, Accept-Encoding,User-Agent,Origin]
1 < X-Ezoic-Cdn: Hit ds;mm;64e5dcd8fd074fe044e20470a9643699;2-133674-2;11eea874-25cc-4a8a-4a7a-e7fd9bafe9d8
1 < X-Middleton-Display: staticcontent_sol
1 < X-Middleton-Response: 200
1 < X-Sol: pub_site
{"status":"success","data":[{"id":"1","employee_name":"Tiger Nixon","employee_salary":"320800","employee_age":"61","profile_image":""},{"id":"2","employee_name":"Garrett Winters","employee_salary":"170750","employee_age":"63","profile_image":""},{"id":"3","employee_name":"Ashton Cox","employee_salary":"86000","employee_age":"66","profile_image":""},{"id":"4","employee_name":"Cedric Kelly","employee_salary":"433060","employee_age":"22","profile_image":""},{"id":"5","employee_name":"Airi Satou","employee_salary":"162700","employee_age":"33","profile_image":""},{"id":"6","employee_name":"Brielle Williamson","employee_salary":"372000","employee_age":"61","profile_image":""},{"id":"7","employee_name":"Herrod Chandler","employee_salary":"137500","employee_age":"59","profile_image":""},{"id":"8","employee_name":"Rhona Davidson","employee_salary":"327900","employee_age":"55","profile_image":""},{"id":"9","employee_name":"Colleen Hurst","employee_salary":"205500","employee_age":"39","profile_image":""},{"id":"10","employee_name":"Sonya Frost","employee_salary":"103600","employee_age":"23","profile_image":""},{"id":"11","employee_name":"Jena Gaines","employee_salary":"90560","employee_age":"30","profile_image":""},{"id":"12","employee_name":"Quinn Flynn","employee_salary":"342000","employee_age":"22","profile_image":""},{"id":"13","employee_name":"Charde Marshall","employee_salary":"470600","employee_age":"36","profile_image":""},{"id":"14","employee_name":"Haley Kennedy","employee_salary":"313500","employee_age":"43","profile_image":""},{"id":"15","employee_name":"Tatyana Fitzpatrick","employee_salary":"385750","employee_age":"19","profile_image":""},{"id":"16","employee_name":"Michael Silva","employee_salary":"198500","employee_age":"66","profile_image":""},{"id":"17","employee_name":"Paul Byrd","employee_salary":"725000","employee_age":"64","profile_image":""},{"id":"18","employee_name":"Gloria Little","employee_salary":"237500","employee_age":"59","profile_image":""},{"id":"19","employee_name":"Bradley Greer","employee_salary":"132000","employee_age":"41","profile_image":""},{"id":"20","employee_name":"Dai Rios","employee_salary":"217500","employee_age":"35","profile_image":""},{"id":"21","employee_name":"Jenette Caldwell","employee_salary":"345000","employee_age":"30","profile_image":""},{"id":"22","employee_name":"Yuri Berry","employee_salary":"675000","employee_age":"40","profile_image":""},{"id":"23","employee_name":"Caesar Vance","employee_salary":"106450","employee_age":"21","profile_image":""},{"id":"24","employee_name":"Doris Wilder","employee_salary":"85600","employee_age":"23","profile_image":""}]}

19:11:32.973 [ForkJoinPool-1-worker-1] DEBUG com.jayway.jsonpath.internal.path.CompiledPath - Evaluating path: $['status']
19:11:32.974 [ForkJoinPool-1-worker-1] DEBUG com.jayway.jsonpath.internal.path.CompiledPath - Evaluating path: $['status']
19:11:32.977 [ForkJoinPool-1-worker-1] DEBUG com.jayway.jsonpath.internal.path.CompiledPath - Evaluating path: $['data']
19:11:32.979 [ForkJoinPool-1-worker-1] DEBUG com.jayway.jsonpath.internal.path.CompiledPath - Evaluating path: $
19:11:32.987 [ForkJoinPool-1-worker-1] INFO com.intuit.karate - [print] Tiger Nixon
19:11:32.989 [ForkJoinPool-1-worker-1] DEBUG com.jayway.jsonpath.internal.path.CompiledPath - Evaluating path: $['data'][0]['employee_name']
19:11:32.993 [pool-1-thread-1] INFO com.intuit.karate.Runner - <<pass>> feature 10 of 22: classpath:featurefiles/karate07.feature
---------------------------------------------------------
feature: classpath:featurefiles/karate07.feature
report: build\surefire-reports\featurefiles.karate07.json
scenarios:  1 | passed:  1 | failed:  0 | time: 0.1829
---------------------------------------------------------
19:11:32.999 [ForkJoinPool-1-worker-1] INFO com.intuit.karate - from karate-config.js 
19:11:32.999 [ForkJoinPool-1-worker-1] DEBUG com.jayway.jsonpath.internal.path.CompiledPath - Evaluating path: $
19:11:33.001 [ForkJoinPool-1-worker-1] DEBUG com.jayway.jsonpath.internal.path.CompiledPath - Evaluating path: $
19:11:33.003 [ForkJoinPool-1-worker-1] DEBUG org.apache.http.client.protocol.RequestAddCookies - CookieSpec selected: karate
19:11:33.003 [ForkJoinPool-1-worker-1] DEBUG org.apache.http.client.protocol.RequestAuthCache - Auth cache not set in the context
19:11:33.003 [ForkJoinPool-1-worker-1] DEBUG com.intuit.karate - request:
1 > POST http://dummy.restapiexample.com/api/v1/create
1 > Accept-Encoding: gzip,deflate
1 > Connection: Keep-Alive
1 > Content-Length: 46
1 > Content-Type: application/json; charset=UTF-8
1 > Host: dummy.restapiexample.com
1 > User-Agent: Apache-HttpClient/4.5.12 (Java/1.8.0_251)
{"name":"tintin","salary":"202020","age":"23"}

19:11:33.003 [ForkJoinPool-1-worker-1] DEBUG org.apache.http.impl.conn.PoolingHttpClientConnectionManager - Connection request: [route: {}->http://dummy.restapiexample.com:80][total available: 0; route allocated: 0 of 5; total allocated: 0 of 10]
19:11:33.003 [ForkJoinPool-1-worker-1] DEBUG org.apache.http.impl.conn.PoolingHttpClientConnectionManager - Connection leased: [id: 7][route: {}->http://dummy.restapiexample.com:80][total available: 0; route allocated: 1 of 5; total allocated: 1 of 10]
19:11:33.003 [ForkJoinPool-1-worker-1] DEBUG org.apache.http.impl.execchain.MainClientExec - Opening connection {}->http://dummy.restapiexample.com:80
19:11:33.004 [ForkJoinPool-1-worker-1] DEBUG org.apache.http.impl.conn.DefaultHttpClientConnectionOperator - Connecting to dummy.restapiexample.com/3.6.18.84:80
19:11:33.019 [ForkJoinPool-1-worker-1] DEBUG org.apache.http.impl.conn.DefaultHttpClientConnectionOperator - Connection established 192.168.1.87:53459<->3.6.18.84:80
19:11:33.019 [ForkJoinPool-1-worker-1] DEBUG org.apache.http.impl.conn.DefaultManagedHttpClientConnection - http-outgoing-7: set socket timeout to 30000
19:11:33.019 [ForkJoinPool-1-worker-1] DEBUG org.apache.http.impl.execchain.MainClientExec - Executing request POST /api/v1/create HTTP/1.1
19:11:33.019 [ForkJoinPool-1-worker-1] DEBUG org.apache.http.impl.execchain.MainClientExec - Target auth state: UNCHALLENGED
19:11:33.019 [ForkJoinPool-1-worker-1] DEBUG org.apache.http.impl.execchain.MainClientExec - Proxy auth state: UNCHALLENGED
19:11:33.019 [ForkJoinPool-1-worker-1] DEBUG org.apache.http.headers - http-outgoing-7 >> POST /api/v1/create HTTP/1.1
19:11:33.019 [ForkJoinPool-1-worker-1] DEBUG org.apache.http.headers - http-outgoing-7 >> Content-Type: application/json; charset=UTF-8
19:11:33.019 [ForkJoinPool-1-worker-1] DEBUG org.apache.http.headers - http-outgoing-7 >> Content-Length: 46
19:11:33.019 [ForkJoinPool-1-worker-1] DEBUG org.apache.http.headers - http-outgoing-7 >> Host: dummy.restapiexample.com
19:11:33.019 [ForkJoinPool-1-worker-1] DEBUG org.apache.http.headers - http-outgoing-7 >> Connection: Keep-Alive
19:11:33.019 [ForkJoinPool-1-worker-1] DEBUG org.apache.http.headers - http-outgoing-7 >> User-Agent: Apache-HttpClient/4.5.12 (Java/1.8.0_251)
19:11:33.019 [ForkJoinPool-1-worker-1] DEBUG org.apache.http.headers - http-outgoing-7 >> Accept-Encoding: gzip,deflate
19:11:33.019 [ForkJoinPool-1-worker-1] DEBUG org.apache.http.wire - http-outgoing-7 >> "POST /api/v1/create HTTP/1.1[\r][\n]"
19:11:33.019 [ForkJoinPool-1-worker-1] DEBUG org.apache.http.wire - http-outgoing-7 >> "Content-Type: application/json; charset=UTF-8[\r][\n]"
19:11:33.019 [ForkJoinPool-1-worker-1] DEBUG org.apache.http.wire - http-outgoing-7 >> "Content-Length: 46[\r][\n]"
19:11:33.019 [ForkJoinPool-1-worker-1] DEBUG org.apache.http.wire - http-outgoing-7 >> "Host: dummy.restapiexample.com[\r][\n]"
19:11:33.019 [ForkJoinPool-1-worker-1] DEBUG org.apache.http.wire - http-outgoing-7 >> "Connection: Keep-Alive[\r][\n]"
19:11:33.019 [ForkJoinPool-1-worker-1] DEBUG org.apache.http.wire - http-outgoing-7 >> "User-Agent: Apache-HttpClient/4.5.12 (Java/1.8.0_251)[\r][\n]"
19:11:33.019 [ForkJoinPool-1-worker-1] DEBUG org.apache.http.wire - http-outgoing-7 >> "Accept-Encoding: gzip,deflate[\r][\n]"
19:11:33.019 [ForkJoinPool-1-worker-1] DEBUG org.apache.http.wire - http-outgoing-7 >> "[\r][\n]"
19:11:33.019 [ForkJoinPool-1-worker-1] DEBUG org.apache.http.wire - http-outgoing-7 >> "{"name":"tintin","salary":"202020","age":"23"}"
19:11:34.133 [ForkJoinPool-1-worker-1] DEBUG org.apache.http.wire - http-outgoing-7 << "HTTP/1.1 200 OK[\r][\n]"
19:11:34.133 [ForkJoinPool-1-worker-1] DEBUG org.apache.http.wire - http-outgoing-7 << "Cache-Control: no-cache, private, max-age=31536000[\r][\n]"
19:11:34.133 [ForkJoinPool-1-worker-1] DEBUG org.apache.http.wire - http-outgoing-7 << "Content-Type: application/json[\r][\n]"
19:11:34.133 [ForkJoinPool-1-worker-1] DEBUG org.apache.http.wire - http-outgoing-7 << "Date: Thu, 03 Dec 2020 13:41:33 GMT[\r][\n]"
19:11:34.133 [ForkJoinPool-1-worker-1] DEBUG org.apache.http.wire - http-outgoing-7 << "Display: staticcontent_sol[\r][\n]"
19:11:34.133 [ForkJoinPool-1-worker-1] DEBUG org.apache.http.wire - http-outgoing-7 << "Expires: Fri, 03 Dec 2021 13:41:33 GMT[\r][\n]"
19:11:34.133 [ForkJoinPool-1-worker-1] DEBUG org.apache.http.wire - http-outgoing-7 << "Host-Header: c2hhcmVkLmJsdWVob3N0LmNvbQ==[\r][\n]"
19:11:34.133 [ForkJoinPool-1-worker-1] DEBUG org.apache.http.wire - http-outgoing-7 << "Referrer-Policy: [\r][\n]"
19:11:34.133 [ForkJoinPool-1-worker-1] DEBUG org.apache.http.wire - http-outgoing-7 << "Response: 200[\r][\n]"
19:11:34.133 [ForkJoinPool-1-worker-1] DEBUG org.apache.http.wire - http-outgoing-7 << "Server: nginx/1.16.0[\r][\n]"
19:11:34.133 [ForkJoinPool-1-worker-1] DEBUG org.apache.http.wire - http-outgoing-7 << "Vary: Accept-Encoding[\r][\n]"
19:11:34.133 [ForkJoinPool-1-worker-1] DEBUG org.apache.http.wire - http-outgoing-7 << "Vary: Accept-Encoding,Origin[\r][\n]"
19:11:34.133 [ForkJoinPool-1-worker-1] DEBUG org.apache.http.wire - http-outgoing-7 << "X-Ezoic-Cdn: Miss[\r][\n]"
19:11:34.133 [ForkJoinPool-1-worker-1] DEBUG org.apache.http.wire - http-outgoing-7 << "X-Middleton-Display: staticcontent_sol[\r][\n]"
19:11:34.133 [ForkJoinPool-1-worker-1] DEBUG org.apache.http.wire - http-outgoing-7 << "X-Middleton-Response: 200[\r][\n]"
19:11:34.133 [ForkJoinPool-1-worker-1] DEBUG org.apache.http.wire - http-outgoing-7 << "X-Ratelimit-Limit: 60[\r][\n]"
19:11:34.133 [ForkJoinPool-1-worker-1] DEBUG org.apache.http.wire - http-outgoing-7 << "X-Ratelimit-Remaining: 58[\r][\n]"
19:11:34.133 [ForkJoinPool-1-worker-1] DEBUG org.apache.http.wire - http-outgoing-7 << "X-Sol: pub_site[\r][\n]"
19:11:34.133 [ForkJoinPool-1-worker-1] DEBUG org.apache.http.wire - http-outgoing-7 << "Content-Length: 133[\r][\n]"
19:11:34.133 [ForkJoinPool-1-worker-1] DEBUG org.apache.http.wire - http-outgoing-7 << "[\r][\n]"
19:11:34.133 [ForkJoinPool-1-worker-1] DEBUG org.apache.http.wire - http-outgoing-7 << "{"status":"success","data":{"name":"tintin","salary":"202020","age":"23","id":4525},"message":"Successfully! Record has been added."}"
19:11:34.134 [ForkJoinPool-1-worker-1] DEBUG org.apache.http.headers - http-outgoing-7 << HTTP/1.1 200 OK
19:11:34.134 [ForkJoinPool-1-worker-1] DEBUG org.apache.http.headers - http-outgoing-7 << Cache-Control: no-cache, private, max-age=31536000
19:11:34.134 [ForkJoinPool-1-worker-1] DEBUG org.apache.http.headers - http-outgoing-7 << Content-Type: application/json
19:11:34.134 [ForkJoinPool-1-worker-1] DEBUG org.apache.http.headers - http-outgoing-7 << Date: Thu, 03 Dec 2020 13:41:33 GMT
19:11:34.134 [ForkJoinPool-1-worker-1] DEBUG org.apache.http.headers - http-outgoing-7 << Display: staticcontent_sol
19:11:34.134 [ForkJoinPool-1-worker-1] DEBUG org.apache.http.headers - http-outgoing-7 << Expires: Fri, 03 Dec 2021 13:41:33 GMT
19:11:34.134 [ForkJoinPool-1-worker-1] DEBUG org.apache.http.headers - http-outgoing-7 << Host-Header: c2hhcmVkLmJsdWVob3N0LmNvbQ==
19:11:34.134 [ForkJoinPool-1-worker-1] DEBUG org.apache.http.headers - http-outgoing-7 << Referrer-Policy: 
19:11:34.134 [ForkJoinPool-1-worker-1] DEBUG org.apache.http.headers - http-outgoing-7 << Response: 200
19:11:34.134 [ForkJoinPool-1-worker-1] DEBUG org.apache.http.headers - http-outgoing-7 << Server: nginx/1.16.0
19:11:34.134 [ForkJoinPool-1-worker-1] DEBUG org.apache.http.headers - http-outgoing-7 << Vary: Accept-Encoding
19:11:34.134 [ForkJoinPool-1-worker-1] DEBUG org.apache.http.headers - http-outgoing-7 << Vary: Accept-Encoding,Origin
19:11:34.134 [ForkJoinPool-1-worker-1] DEBUG org.apache.http.headers - http-outgoing-7 << X-Ezoic-Cdn: Miss
19:11:34.134 [ForkJoinPool-1-worker-1] DEBUG org.apache.http.headers - http-outgoing-7 << X-Middleton-Display: staticcontent_sol
19:11:34.134 [ForkJoinPool-1-worker-1] DEBUG org.apache.http.headers - http-outgoing-7 << X-Middleton-Response: 200
19:11:34.134 [ForkJoinPool-1-worker-1] DEBUG org.apache.http.headers - http-outgoing-7 << X-Ratelimit-Limit: 60
19:11:34.134 [ForkJoinPool-1-worker-1] DEBUG org.apache.http.headers - http-outgoing-7 << X-Ratelimit-Remaining: 58
19:11:34.134 [ForkJoinPool-1-worker-1] DEBUG org.apache.http.headers - http-outgoing-7 << X-Sol: pub_site
19:11:34.134 [ForkJoinPool-1-worker-1] DEBUG org.apache.http.headers - http-outgoing-7 << Content-Length: 133
19:11:34.134 [ForkJoinPool-1-worker-1] DEBUG org.apache.http.impl.execchain.MainClientExec - Connection can be kept alive indefinitely
19:11:34.135 [ForkJoinPool-1-worker-1] DEBUG org.apache.http.impl.conn.PoolingHttpClientConnectionManager - Connection [id: 7][route: {}->http://dummy.restapiexample.com:80] can be kept alive indefinitely
19:11:34.135 [ForkJoinPool-1-worker-1] DEBUG org.apache.http.impl.conn.DefaultManagedHttpClientConnection - http-outgoing-7: set socket timeout to 0
19:11:34.135 [ForkJoinPool-1-worker-1] DEBUG org.apache.http.impl.conn.PoolingHttpClientConnectionManager - Connection released: [id: 7][route: {}->http://dummy.restapiexample.com:80][total available: 1; route allocated: 1 of 5; total allocated: 1 of 10]
19:11:34.135 [ForkJoinPool-1-worker-1] DEBUG com.intuit.karate - response time in milliseconds: 1130.80
1 < 200
1 < Cache-Control: no-cache, private, max-age=31536000
1 < Content-Length: 133
1 < Content-Type: application/json
1 < Date: Thu, 03 Dec 2020 13:41:33 GMT
1 < Display: staticcontent_sol
1 < Expires: Fri, 03 Dec 2021 13:41:33 GMT
1 < Host-Header: c2hhcmVkLmJsdWVob3N0LmNvbQ==
1 < Referrer-Policy: 
1 < Response: 200
1 < Server: nginx/1.16.0
1 < Vary: [Accept-Encoding, Accept-Encoding,Origin]
1 < X-Ezoic-Cdn: Miss
1 < X-Middleton-Display: staticcontent_sol
1 < X-Middleton-Response: 200
1 < X-Ratelimit-Limit: 60
1 < X-Ratelimit-Remaining: 58
1 < X-Sol: pub_site
{"status":"success","data":{"name":"tintin","salary":"202020","age":"23","id":4525},"message":"Successfully! Record has been added."}

19:11:34.138 [ForkJoinPool-1-worker-1] DEBUG com.jayway.jsonpath.internal.path.CompiledPath - Evaluating path: $
19:11:34.141 [ForkJoinPool-1-worker-1] DEBUG com.jayway.jsonpath.internal.path.CompiledPath - Evaluating path: $['data']['name']
19:11:34.144 [ForkJoinPool-1-worker-1] DEBUG org.apache.http.client.protocol.RequestAddCookies - CookieSpec selected: karate
19:11:34.144 [ForkJoinPool-1-worker-1] DEBUG org.apache.http.client.protocol.RequestAuthCache - Auth cache not set in the context
19:11:34.144 [ForkJoinPool-1-worker-1] DEBUG com.intuit.karate - request:
2 > GET http://dummy.restapiexample.com/api/v1/employee/4525
2 > Accept-Encoding: gzip,deflate
2 > Connection: Keep-Alive
2 > Host: dummy.restapiexample.com
2 > User-Agent: Apache-HttpClient/4.5.12 (Java/1.8.0_251)

19:11:34.144 [ForkJoinPool-1-worker-1] DEBUG org.apache.http.impl.conn.PoolingHttpClientConnectionManager - Connection request: [route: {}->http://dummy.restapiexample.com:80][total available: 0; route allocated: 0 of 5; total allocated: 0 of 10]
19:11:34.144 [ForkJoinPool-1-worker-1] DEBUG org.apache.http.impl.conn.PoolingHttpClientConnectionManager - Connection leased: [id: 8][route: {}->http://dummy.restapiexample.com:80][total available: 0; route allocated: 1 of 5; total allocated: 1 of 10]
19:11:34.144 [ForkJoinPool-1-worker-1] DEBUG org.apache.http.impl.execchain.MainClientExec - Opening connection {}->http://dummy.restapiexample.com:80
19:11:34.145 [ForkJoinPool-1-worker-1] DEBUG org.apache.http.impl.conn.DefaultHttpClientConnectionOperator - Connecting to dummy.restapiexample.com/3.6.18.84:80
19:11:34.159 [ForkJoinPool-1-worker-1] DEBUG org.apache.http.impl.conn.DefaultHttpClientConnectionOperator - Connection established 192.168.1.87:53460<->3.6.18.84:80
19:11:34.159 [ForkJoinPool-1-worker-1] DEBUG org.apache.http.impl.conn.DefaultManagedHttpClientConnection - http-outgoing-8: set socket timeout to 30000
19:11:34.159 [ForkJoinPool-1-worker-1] DEBUG org.apache.http.impl.execchain.MainClientExec - Executing request GET /api/v1/employee/4525 HTTP/1.1
19:11:34.159 [ForkJoinPool-1-worker-1] DEBUG org.apache.http.impl.execchain.MainClientExec - Target auth state: UNCHALLENGED
19:11:34.159 [ForkJoinPool-1-worker-1] DEBUG org.apache.http.impl.execchain.MainClientExec - Proxy auth state: UNCHALLENGED
19:11:34.159 [ForkJoinPool-1-worker-1] DEBUG org.apache.http.headers - http-outgoing-8 >> GET /api/v1/employee/4525 HTTP/1.1
19:11:34.159 [ForkJoinPool-1-worker-1] DEBUG org.apache.http.headers - http-outgoing-8 >> Host: dummy.restapiexample.com
19:11:34.159 [ForkJoinPool-1-worker-1] DEBUG org.apache.http.headers - http-outgoing-8 >> Connection: Keep-Alive
19:11:34.159 [ForkJoinPool-1-worker-1] DEBUG org.apache.http.headers - http-outgoing-8 >> User-Agent: Apache-HttpClient/4.5.12 (Java/1.8.0_251)
19:11:34.159 [ForkJoinPool-1-worker-1] DEBUG org.apache.http.headers - http-outgoing-8 >> Accept-Encoding: gzip,deflate
19:11:34.159 [ForkJoinPool-1-worker-1] DEBUG org.apache.http.wire - http-outgoing-8 >> "GET /api/v1/employee/4525 HTTP/1.1[\r][\n]"
19:11:34.159 [ForkJoinPool-1-worker-1] DEBUG org.apache.http.wire - http-outgoing-8 >> "Host: dummy.restapiexample.com[\r][\n]"
19:11:34.159 [ForkJoinPool-1-worker-1] DEBUG org.apache.http.wire - http-outgoing-8 >> "Connection: Keep-Alive[\r][\n]"
19:11:34.159 [ForkJoinPool-1-worker-1] DEBUG org.apache.http.wire - http-outgoing-8 >> "User-Agent: Apache-HttpClient/4.5.12 (Java/1.8.0_251)[\r][\n]"
19:11:34.159 [ForkJoinPool-1-worker-1] DEBUG org.apache.http.wire - http-outgoing-8 >> "Accept-Encoding: gzip,deflate[\r][\n]"
19:11:34.160 [ForkJoinPool-1-worker-1] DEBUG org.apache.http.wire - http-outgoing-8 >> "[\r][\n]"
19:11:35.152 [ForkJoinPool-1-worker-1] DEBUG org.apache.http.wire - http-outgoing-8 << "HTTP/1.1 429 Too Many Requests[\r][\n]"
19:11:35.152 [ForkJoinPool-1-worker-1] DEBUG org.apache.http.wire - http-outgoing-8 << "Content-Encoding: gzip[\r][\n]"
19:11:35.152 [ForkJoinPool-1-worker-1] DEBUG org.apache.http.wire - http-outgoing-8 << "Content-Type: text/html; charset=UTF-8[\r][\n]"
19:11:35.152 [ForkJoinPool-1-worker-1] DEBUG org.apache.http.wire - http-outgoing-8 << "Date: Thu, 03 Dec 2020 13:41:34 GMT[\r][\n]"
19:11:35.152 [ForkJoinPool-1-worker-1] DEBUG org.apache.http.wire - http-outgoing-8 << "Display: staticcontent_sol[\r][\n]"
19:11:35.152 [ForkJoinPool-1-worker-1] DEBUG org.apache.http.wire - http-outgoing-8 << "Expires: Wed, 02 Dec 2020 13:41:34 GMT[\r][\n]"
19:11:35.152 [ForkJoinPool-1-worker-1] DEBUG org.apache.http.wire - http-outgoing-8 << "Host-Header: c2hhcmVkLmJsdWVob3N0LmNvbQ==[\r][\n]"
19:11:35.152 [ForkJoinPool-1-worker-1] DEBUG org.apache.http.wire - http-outgoing-8 << "Pagespeed: off[\r][\n]"
19:11:35.152 [ForkJoinPool-1-worker-1] DEBUG org.apache.http.wire - http-outgoing-8 << "Referrer-Policy: [\r][\n]"
19:11:35.152 [ForkJoinPool-1-worker-1] DEBUG org.apache.http.wire - http-outgoing-8 << "Response: 429[\r][\n]"
19:11:35.152 [ForkJoinPool-1-worker-1] DEBUG org.apache.http.wire - http-outgoing-8 << "Retry-After: 59[\r][\n]"
19:11:35.152 [ForkJoinPool-1-worker-1] DEBUG org.apache.http.wire - http-outgoing-8 << "Server: nginx/1.16.0[\r][\n]"
19:11:35.152 [ForkJoinPool-1-worker-1] DEBUG org.apache.http.wire - http-outgoing-8 << "Vary: Accept-Encoding[\r][\n]"
19:11:35.152 [ForkJoinPool-1-worker-1] DEBUG org.apache.http.wire - http-outgoing-8 << "Vary: Accept-Encoding,User-Agent,Origin[\r][\n]"
19:11:35.152 [ForkJoinPool-1-worker-1] DEBUG org.apache.http.wire - http-outgoing-8 << "X-Ezoic-Cdn: Miss[\r][\n]"
19:11:35.152 [ForkJoinPool-1-worker-1] DEBUG org.apache.http.wire - http-outgoing-8 << "X-Middleton-Display: staticcontent_sol[\r][\n]"
19:11:35.152 [ForkJoinPool-1-worker-1] DEBUG org.apache.http.wire - http-outgoing-8 << "X-Middleton-Response: 429[\r][\n]"
19:11:35.152 [ForkJoinPool-1-worker-1] DEBUG org.apache.http.wire - http-outgoing-8 << "X-Ratelimit-Limit: 60[\r][\n]"
19:11:35.152 [ForkJoinPool-1-worker-1] DEBUG org.apache.http.wire - http-outgoing-8 << "X-Ratelimit-Remaining: 57[\r][\n]"
19:11:35.152 [ForkJoinPool-1-worker-1] DEBUG org.apache.http.wire - http-outgoing-8 << "X-Ratelimit-Reset: 1607002953[\r][\n]"
19:11:35.152 [ForkJoinPool-1-worker-1] DEBUG org.apache.http.wire - http-outgoing-8 << "X-Sol: pub_site[\r][\n]"
19:11:35.153 [ForkJoinPool-1-worker-1] DEBUG org.apache.http.wire - http-outgoing-8 << "Transfer-Encoding: chunked[\r][\n]"
19:11:35.153 [ForkJoinPool-1-worker-1] DEBUG org.apache.http.wire - http-outgoing-8 << "[\r][\n]"
19:11:35.153 [ForkJoinPool-1-worker-1] DEBUG org.apache.http.wire - http-outgoing-8 << "800[\r][\n]"
19:11:35.153 [ForkJoinPool-1-worker-1] DEBUG org.apache.http.wire - http-outgoing-8 << "[0x1f][0x8b][0x8][0x0][0x0][0x0][0x0][0x0][0x0][0xff][0xc4]|}s[0xdb][0xb8][0xd1][0xf8][0xdf][0xa7]O[0x1][0xa3]3&y[0xa2]hIv[0x9c][0x84][\n]"
19:11:35.153 [ForkJoinPool-1-worker-1] DEBUG org.apache.http.wire - http-outgoing-8 << "[0xed]qb[0xa7][0xf5][0xaf]i.[0x93]8[0xed][0xf4][0xe7][0xf1][0xc3][0x81]HPBB[0x11]<[0x0][0x92],[0xdb][0xfa][0xee][0xcf][0x0][0xe0];)[0xdb][0xc9][0xdd][0xd3][0xe6]n$r[0xb1][0xd8]],[0xf6][\r]K[0xca]o[0xf6][0xce]]]>&#x7f;<![CDATA[{w[0xf5][0xef]O[0x17]`.[0x16][0xf1]I[0xef][0x8d][0xfc][0x2]1Jf[0x1e][0xc4][0x9]<[0xe9][0x1][0x0][0xc0][0x9b]9F[0xe1][0xc9][0x9b][0x5][0x16][0x8][0x4]s[0xc4]8[0x16][0x1e]\[0x8a]h[0xf0][\n]"
19:11:35.153 [ForkJoinPool-1-worker-1] DEBUG org.apache.http.wire - http-outgoing-8 << "[0x9e][0xf4][0xde][0xf0][0x80][0x91]T[0x80][0x10][0x9]4[0xc0]w<`[0xf8][0xd6]3"[0x14]slh`[0x10]![0xbe]I[0x82]:0E3[0xcc]S[0x8c][0xc3]AB[0x7]![0x8e]0;Y![0x6]|[0x1f][0xdf]y[0xf2][0xe3][0xe1][0xe1]~;[0x91][0x17][0xe][0x17][0xb][0xee][0x9d]#[0x81][0x9d][0x84][0xae]MK[0x3][0xf1]Jx[0x5][0x82][0x12][0xa0][0xb8][\r][0xbe]{[0xd9]wIC[0xe0]E[0x1a]#[0x81][0xbd]&[0xc0]![0xfc]7Ff[0x9e][0x12]M[0xf][0xfd][0xbe][0xc4]K[0xec][0x99][0xd1]2[0x9][0x4][0xa1][0x89]i[0xdd]K[0xc1][0x2][0xba]L[0x84]7[0xb4]I[0x12]0[0xf9]%[0xf0][0x82]{[0xd7]7[0xb6] [0xb]|[0x8e]c[0xb4]yO[0x18][0xe]5[0x1d]{[0x9e]^[0xe6][0xe3]qy[0x89][0xe2][0x98][0xae]?P[0x14]z[0x82]-[0xf1]DR[0xa5][0xd3]o[0xde][0xbd][0xe4][0xe4][0x16][0xec][0x12][0xb4][0xc0][0xb6][0xbc][0xfb](/R[0xc4][0xd0][0x2][0xb][0xcc][0xb8]M[0xf8][0xdb][0x98][0x6][0xdf][0xed][0xa9][0xfc][0xc4][0xe1][0xdb][0x8d][0x1d][0xe2][0x18][0xb][0xfc][0xaf]9N[0xde][0xd1]E*[0xaf][0xed][0x94][0xd1][0x0][0xe3][0xf0]2[0xba]`[0x8c]2-:[0xc7]q[0xe4][0x89]9[0xe1][0x13][0xf9][0xe1]H[0x6][0x9e][0xfc][0xd0][0xb7]9+/[0xbf][0xd0][0xe0][0x92][0xb1]W[0xb9][0xf4][0xbc]d[0x19][0xc7][0xa7][0xf2][0xc3]5K8 [0x9][0x17]([0x9]0[0x8d][0xc0][0x19]chc[0x9d][0x96][0x83][0xee]uy}[0xa3][0x89]gK[0xf1][0xb2]o[\r],[0xd6][0xe5][0x15]Wz[0xa0][0xbd]L[0xaf][\r][0xca][0x9][0xab]ug[0xdb][0x99][0x81][0x8a]Y5[0xe8]eB[0x4]A1[0xb9][0xcb]w-[wM[0x81]^[0xfd]6[0x9f]{[0x95]ozk&[0xe7]^[0xc5]pb:3[0xa1][0xe3]8@[0xc2][0x80][0x7]`_[0xea][0xdd][0x9a][0xc8][0x1d]i[0x88][0xa0]L"[0x83][0x17][0x2]+`[0x8d][0x88][0x83][0xd2]4[0xde][0xb8][0x5]%[0xb9][0xbf][0x12][0xce]=57[0xdf]C[0x87][0xa7]1[0x11][0xa6][0xe1][0x18]%[0x8a][0xda][0xba][0x9][0x89][0x94]es'[0xc6][0xc9]L[0xcc]O[0xe][0xad][0xfb]-[0x8e]9[0x6][0x8d][0x1][0xcf][0xf3][0xe]-e[0x9a][0xde][0x9a]$!]_[0xab][0xd1][0xeb][0xe1][0xcd]Mv5*[0xae][0xc6]77[0x93]]D[0xc6]O[0x12][0xd1]SkX[0xb5][0xb5][0xdc]L[0xb6]=[0x12][0x99]b[0x93]J[0xf3][0x92][0xd0]=[0xcf]3[0x96]I[0x88]#[0x92][0xe0][0xd0][0xd8][0xdf][0xcf]`r}[0x9a][0x9b][0xd6][0x92])[0x1]v[0xc3][0x9a]-MMq[0xe8]0,O[0xe9][0xdc][0xd2]#@y[0xf9]u[0xa2][0x84][0xc8]'[0xe5][0xb6][0x9b]a[0xea]=[0x1e][0xc8]]]>&#x7f;<![CDATA[[0xe0][0xbd]q.wF[0xa1][0xe9][0xed][0xc9]l[0xe2],[0x8e]Mk[0xb2][0xdd]n[0xed][0x88][0xc4][0xb8][0xe1][0xeb])[0x12][0xf3][0xe][0xe7]V1[0xd3]V[0x91][0xf1]'[0xbc]Z[0x12][0xf5][0xe4][0x87][0xbe][0xd5][0x1]X}[0xe6]>[0x15]a[0xe6][0xa9][0xcf][0x9f]q[0xc9][0x9d][0xee][0xf3]l[0x7][0xfc]S[0xfd]l[0x97]?[0x95][0xae]Cb\[0xf1]?[0xa5][0xbf][0x80]y![\r][0x96][0xb][0x9c][0x8]'`[0x18][0x9]|[0x11]cyg[0x1a]:[0xa3][0x18][0xd6][0x84][0x7][0xcc][0xe1],[0xd0][0x9a]$[0x91][0xa9][0xf5][0x98]m[0xbd][0x1c][0xd4][0x0][0xc5],w[0x0][0xad][0xda][\n]"
19:11:35.153 [ForkJoinPool-1-worker-1] DEBUG org.apache.http.wire - http-outgoing-8 << "[0x8e][0x6]h[0x7][0xf][0x98]C[0x13][0xac]U[0xd4][0x88][0x13][0xda][0x86].>]]>&#x7f;<![CDATA[nYQ[0xb6]<[0xad])Eg[0x97]16[0xec]-[0xe3][0xc7]0[\n]"
19:11:35.153 [ForkJoinPool-1-worker-1] DEBUG org.apache.http.wire - http-outgoing-8 << "7\ [0x81][0x83]9Jf[0xd8][0xd3][0xe0]X[0xa6][0xa2]F[0x9a]SXj\M[0xfa]"o'[0x8f][0x9a]8[0x89]LsOM{x8[0x90]$q[0xf8][0x10]d[0x1b]~[0xe0][0x8][0xcc][0x85][0xa9]F-[0xab][0xd8][0xa7]z|{[0xe6]Z[0xb6][0x93]b[0xb7]fXd[[0xc5][0xdf]n[0xae][0xd0]LF[0x9][0xd3][0x90]E[0x8a]a][0xf]o[0xa4][0xf7][0xe3]$|7'qh[0xf2][0x80][0xe9][0xd9][0xf9]B[0x1]I[0x88]0[0xad]{[0x1d]j[0x1c][0x14][0x86][0x17]+[0x9c][0x88][0xf][0x84][0xb][0x9c]`fB[0xb9][0x6]h[0xd7][0xac]KHC[0xa4]KQ-[\n]"
19:11:35.153 [ForkJoinPool-1-worker-1] DEBUG org.apache.http.wire - http-outgoing-8 << "[0x1a][0x89][0xbf][0xb0]7[0xe3][0xea][0xfc][0xe2][0xc3][0xd9][0xbf][0x81][0xd2][0x97][0xd1][0xc][0x1][0xf6][0x8b][0xe1]p([0xbf][0x95]A[0xcb]`T[0xc8][0x85][0xc2][0xf0]=[0x89][0xf1]O[0x6][0x5];e[0x84]2"6z[0x1f]e[0xe4][0xf2][0x12][0xbc][0x96][0x15][0x86][0x13][0xfd]<Y[0xb5][0xbf]9[0xe9]bk[0xb2][0xfa]FGFO[0xf2][0xd2]1<n[0xc3]{[0xa4][0x1][0x99][0x4]s[0x1c]|[0xbf][0x8c][0xde]j[0xee][0xa6][0x84][0xd5][0xf4][0xc0][0xb1](*%[0x93]c![0xe8][0x94][0xd2][0xd8][0xba]/[0xcb][0xa7][0x2][0xd8][0xd0][0xde]2[0x9][0xca][0xf2][0xe9][0xf1][0xd2][0x9]-[0x5][0xbd]Tk~[0xa2][0x84][0xaa][0xe8]U[0xfa][0xbf][0x9e][0x96]+[0xa2][0x8][0xba]}[0xe8][0xc3][0xbe],[\r][0xfb][0xfd]I[[0xfd]? [0xd7][0xd3]%[0xdd]]]>&#x7f;<![CDATA[~CP[0x18]^[0x95][0xc6]^5[0xa5][0xa7]mM[0xd7][0xc3][0xd7]7[0xd9][0x85][0xfe]T2O[0xe4][0xb4]Z[0x8c]/\Hi[0xd4][0x0]2p[0x1b]}[0x3][0xbc][0xbf][0xfc]p[0xb1][0x7][0xb4][[0x19][0xd6][0xa4][0xbd][0xa6][0xc9][0x1f][[0xd2][0xae][0xed][0xe9]Z[0xdd][0xce][0xad],[0x16]*W[0xf1][0xc3]+[0xfc][0xfa][0xf1][0xdd][0xd5][0xe5]o[0x1f][0xff][0xe4]Uv[0x8d]K+[0xce][0xcc].[0x7]eV[0xf4][0xf0]Pz[0x98][0xce][0xb7][0x16][0xc3]b[0xc9][0x12][0xbd][0x8e],[0x8e][0x99]5[0xe][\r]J[0x8a]xs[0xd1][0x9a][0xfa][0xfe]~#`[0xe6]<T[0xf2]S[0x93][0xb4]#[0x81][0xcc][0x19][0x80][0x7][0xae].[0xff]q[0x1][0x94]B[0xf6][0xa0]5[0xd1][0xc2][0x0][0xa5]CU[0xc3][0xa9]I[0x85][0xeb][0xb4][0xcf] [0xf7][0x11]e[0xa6][0xda]Bo8!o[0xea][0xe8]Y[0x85]:![0xfd][0xbe][0xde][0xe7][0xa9].]]>&#x7f;<![CDATA[jH[0xd7]D[0xd5]}J[0xf1][0xce][0x1c][0xf1][0xdf][0xd6][0xc9]'FS[0xcc][0xc4][0xc6]TH[0xd6]s[0x96][0x1][0xfb][0x1a][0xb7][0xbe][0x82][0xbc]\([0x95][VC[0xb9][0xca][0xf4][0x8e][0xab][0xd9]7E[0x1][0x90][0xfb]|FMWF5r[0x95])[0x95][0xc2][0xf6]'[0xe5][0xdc]n{uN[0xe5][0xee]KR[0xb]>[0xd3][0xfa][0x9b]3[0x1c]e[0xf5][0xbb][0x13][0xd3][0x0]I[0xc]G[0x2]U@dx[0xa6][0x9c][0xe8]3[0x9e]][0xdc][0xa6][0xa6]q}[0xba]]]>&#x7f;<![CDATA[[0x83][0xef]~[0xf7][0xcc][0xeb][0xff][0xd9][0xff][0xcb][0xcd][0xaf][0x96]a[0x1b]$;[0xab]p[0xc1]H2[0xf3][0x18][0x9e]9[0xf8][0x16][0x7][0xa6][0xa4]aeD[0xb8][0xa7]GO[0xf5][0xd7][0xf5][0xe8][0xc6][0xcd]O5r[0xd0][0xf3][0xe0][0x8]Z[0x1]M8[0x8d][0xb1][0x13][0xe2][0xe9]R[0xb]X[0x15][0xba][0x9a][0x8f][0xef][0xd5][0xa9][0xbe][0xdf][0x97][0xf3][0xd5][0xe5][0xc9]x8[0xcc][0xad]^U=1[0x16][0x6][0x7]3[\n]"
19:11:35.154 [ForkJoinPool-1-worker-1] DEBUG org.apache.http.wire - http-outgoing-8 << "[0x8b]D[0xae][0xdc][0xd2][0xcc][0x2]n[0x3][0x1a][0xe7][0xd0]6[0xbf][0xc][0x81]pQ[0xb1]K@[0x12][0xa0]A$RcM##[0xa5][0x81][0x5]4[0x11]$[0xc9][0xfa][0x6]*([0xc9][0x9][0x15][0xb][0xad][0xef][0xb6][0xf6][0xe8][0x86]]]>&#x7f;<![CDATA[><d[0x88][0xd5]J[0xb9][0xc0][0xd5]Cu#+i[0xd7][0xe1]u+2\[0xa0]jZ[0xc3][0xaa][0x9b]uK[0xa2][0x8e][0x89]y[0xad][0x8]P[0xac]J[0xce]6[0x8d][0xb6][0xb0][0x1d]dH[0x89]T[0xa1][0xa4][0xb3]`3~m[0xb7]=][0x4]f[0x96]~[0x9f][0x95]^n[0xf6]m[0xa3]0,[0xb2][0x9d][0xdb]L]]>&#x7f;<![CDATA[vVj[0xb8][0xd9]w[0x89][0x9d][0x1]k[0x99]Ew[0x8a]\[0xf5]i[0x97][0xb6][0xe7][0x96][0x97]v[0xb5][0xe0]q[0xab]7[0xdb][0xc9][0xd6][0xaa]4[0xbc]d[0xad]Z[0xd6][0xeb][0xd8][0x16]vb[0xdd][0xe3]V[0x5]{[0xda][0x6][0x99][0xc2]N[0xec][0xbd][0x91][0xe5]b[0x7][0x9][0x81][0x82][0xb9][0x1a]=[0xad][0xdd][0x99][0x90]&[0xb0]/i[0xba][0xf8]Z_[0xdf]x[0x89]im[0xed][0x82]?[0xc3][0xb][0xba][0xc2][0x1d]"[0xe8][0x81][0xa6][0x14][0x1d][0xd0][0x8a] ![0xae][\n]"
19:11:35.154 [ForkJoinPool-1-worker-1] DEBUG org.apache.http.wire - http-outgoing-8 << "R[0xb9][0xab][0x8][0x92][0x1d][0xc3][0xb]yj[\r][0xbf][0x86]:t[0x14][0x12][0xbb][0xce]tPO[0x82][0xd6]D[0xa8][0x13][0x1d][0xb6]Evx[0xdb][0x1b][0xda][0xc2][0x11][0x9b][0x14]{P[0xe0][q[0xf0][\r][0xad]P[0x86]l?~[0xe4][0x80][0xf2][0xc8][0x1][G[0xe]am+[0x9d]D'[0xaf][0xeb][0x8d][0x83][0x10][0xb]F[0x89][0x8][0xe6]$@3z0[0xa5][0x84]c[0xe7][0x1b]7l[0xb0]s[0xec]t[0x16]L[0xbd][0xd1][0xeb][0xd1][0xe0]x_^[0x18][0xb6][0x8e][0xc2]6[0xb8][0xbe][0xb1]U[0x80].[0x0][0x95][0x9b][0xcc]dBZ6E[0x9f][0x10]e[0x81][0x17][0xa9]<[w[0xb]S[0x8e][0xd6][0xc5][0x19][0xff][0x90]8O[0x89]@[0x92][0x4][0xa3][0x94][0xc6][0xbb][0xc5][0xa8]a[0xfc][0x11][0xcd][0xac]p[0xda]j[0xf0][0xa6][0xe4][0x16][0xc7][0xaa]O[0x9b][0xde]~[0xfd][0xfc][0xc1][0x83]M[0xf6]3[0x86]R[0x1c][0xb1]%[0x11][0xce][0x8c]D[0xb0]<P[0x9e][0x85][0xe1]'9[0xd9]\][0x9e][0xdb][0x8a][0xcc]9[0x12]H[0xc5][0xce]|[0x1f][0x1c][0xc2][0xcf]u[0xbb]J"Y[0xfb][0xfb][0x95][0x81]]]>&#x7f;<![CDATA[[0xa2][0x98][0x84]f9[0xcf][0xba][0xd7][0xa2]8[0xe9][0x92][0xcf][0xcd]{i[0x99][0xae][0xb1]"![0xa6][0x86][0xad][0xbe]|[0xb2]H[0x19][0xe6][0x9c][0xd0][0xc4]'[0xa1]+[0xb9][0x86]t[0x81][0x88][0xba]+[0x8][0xcf][0xb0]8[0xbf]<7-[[0xf8]8[0xa5][0xc1][0xbc]6r!![0xe6][0xd0][0xb2]C$P9"[0xef][0xae][0xe8][0x17][0xc1]*[0xe2]le[0xc0],[0xd3][0x99],[0xde]L[0xb5][0xb6][0xac]!W[0xb8][0xc8][0x8a]p2%1[0x11][0xba]k[0xd0]l[0xd2][0xed][0xc2][0x93]I;e[0x98][0xe1]$[0xc4][0xc][\r][\n]"
19:11:35.154 [ForkJoinPool-1-worker-1] DEBUG org.apache.http.wire - http-outgoing-8 << "800[\r][\n]"
19:11:35.154 [ForkJoinPool-1-worker-1] DEBUG org.apache.http.wire - http-outgoing-8 << "[0xe6]e[0x8d][0xae][0xf0]:[0xd4][0xa7]uc[0xed][0xef]gJ[0xca][0xda][0x98]C[0xeb]~=[0x97]v[0xd5][0x2][0xcb][0xbd][0xfd][0xe6][0xbd][0x90]Y[0xf2][0xdb]Im[0xd4][0xba][0xff][0xe6][0xd5][0x0][0x93]mOY[0xc2][0x92][0xcf]?ik[0xc8][0x86]y[0x1a][0x93][0x0][0x9b]C[0xfb][0x9b]51e[0x19]s[0xb9]@3lZ[0x96][\n]"
19:11:35.154 [ForkJoinPool-1-worker-1] DEBUG org.apache.http.wire - http-outgoing-8 << "%U[0xc5]~[0xfd][0xfc][0xc1]T[0xf6]c[0xf5][0xe1])ed[0xe6][0xc1][0xbe][0xd9][0xf9][0xc4]Ag[0xb2][0xd3][0x91];[0xb4][0xfa]p]]>&#x7f;<![CDATA[[0xe5][0xc1][0xfe]TPd[0xfe][0xbf]/[0xbf]}ttuC[0xa2][0x8d]Y[0xca]b[0xa9]}([0xac]t[0x92][0x97]e[0xf7]ga[0xe8][0xe6]&h[0xcb][0xed]q[0xe5]G[0x96];[0xde][0x1c][0xe8]Pv[0xf2][0xe7]=[0xa6]Q[0xab]Iq[0xfc][0xc][0xf]J)Ke C[0x89]8@l[0xb1]i;[0xce]Y[0x12]Ji[0xb5][0xff][0xa0][0xf0]KLE[0xd5][0x85][\n]"
19:11:35.154 [ForkJoinPool-1-worker-1] DEBUG org.apache.http.wire - http-outgoing-8 << "[0xd7]j[0xe][0xd9][0xc3][0xfc]?k[0xa2]M[0xb2]Zs[0x95][0x84][0xa5][0xaa][0xff][0x0][0xf1][0xec] [0xd7][0xe6][0xf0]W,[0xde]-[0x19][0xc3][0x89][0xd0][0xbb]c[0x16][0xf5][0xb8][0xd6]BC[0x9a][0x1d]|[0x18]^[0xe1]d[0x89]m[0xcc][0x85][0x9f]_OI[0xe8]G"
19:11:35.154 [ForkJoinPool-1-worker-1] DEBUG org.apache.http.headers - http-outgoing-8 << HTTP/1.1 429 Too Many Requests
19:11:35.154 [ForkJoinPool-1-worker-1] DEBUG org.apache.http.headers - http-outgoing-8 << Content-Encoding: gzip
19:11:35.154 [ForkJoinPool-1-worker-1] DEBUG org.apache.http.headers - http-outgoing-8 << Content-Type: text/html; charset=UTF-8
19:11:35.154 [ForkJoinPool-1-worker-1] DEBUG org.apache.http.headers - http-outgoing-8 << Date: Thu, 03 Dec 2020 13:41:34 GMT
19:11:35.154 [ForkJoinPool-1-worker-1] DEBUG org.apache.http.headers - http-outgoing-8 << Display: staticcontent_sol
19:11:35.154 [ForkJoinPool-1-worker-1] DEBUG org.apache.http.headers - http-outgoing-8 << Expires: Wed, 02 Dec 2020 13:41:34 GMT
19:11:35.154 [ForkJoinPool-1-worker-1] DEBUG org.apache.http.headers - http-outgoing-8 << Host-Header: c2hhcmVkLmJsdWVob3N0LmNvbQ==
19:11:35.154 [ForkJoinPool-1-worker-1] DEBUG org.apache.http.headers - http-outgoing-8 << Pagespeed: off
19:11:35.154 [ForkJoinPool-1-worker-1] DEBUG org.apache.http.headers - http-outgoing-8 << Referrer-Policy: 
19:11:35.154 [ForkJoinPool-1-worker-1] DEBUG org.apache.http.headers - http-outgoing-8 << Response: 429
19:11:35.154 [ForkJoinPool-1-worker-1] DEBUG org.apache.http.headers - http-outgoing-8 << Retry-After: 59
19:11:35.154 [ForkJoinPool-1-worker-1] DEBUG org.apache.http.headers - http-outgoing-8 << Server: nginx/1.16.0
19:11:35.154 [ForkJoinPool-1-worker-1] DEBUG org.apache.http.headers - http-outgoing-8 << Vary: Accept-Encoding
19:11:35.154 [ForkJoinPool-1-worker-1] DEBUG org.apache.http.headers - http-outgoing-8 << Vary: Accept-Encoding,User-Agent,Origin
19:11:35.155 [ForkJoinPool-1-worker-1] DEBUG org.apache.http.headers - http-outgoing-8 << X-Ezoic-Cdn: Miss
19:11:35.155 [ForkJoinPool-1-worker-1] DEBUG org.apache.http.headers - http-outgoing-8 << X-Middleton-Display: staticcontent_sol
19:11:35.155 [ForkJoinPool-1-worker-1] DEBUG org.apache.http.headers - http-outgoing-8 << X-Middleton-Response: 429
19:11:35.155 [ForkJoinPool-1-worker-1] DEBUG org.apache.http.headers - http-outgoing-8 << X-Ratelimit-Limit: 60
19:11:35.155 [ForkJoinPool-1-worker-1] DEBUG org.apache.http.headers - http-outgoing-8 << X-Ratelimit-Remaining: 57
19:11:35.155 [ForkJoinPool-1-worker-1] DEBUG org.apache.http.headers - http-outgoing-8 << X-Ratelimit-Reset: 1607002953
19:11:35.155 [ForkJoinPool-1-worker-1] DEBUG org.apache.http.headers - http-outgoing-8 << X-Sol: pub_site
19:11:35.155 [ForkJoinPool-1-worker-1] DEBUG org.apache.http.headers - http-outgoing-8 << Transfer-Encoding: chunked
19:11:35.155 [ForkJoinPool-1-worker-1] DEBUG org.apache.http.impl.execchain.MainClientExec - Connection can be kept alive indefinitely
19:11:35.156 [ForkJoinPool-1-worker-1] DEBUG org.apache.http.wire - http-outgoing-8 << "1[0xa5][0xcc][0x8f]H[0x1c][0xe3][0xb0][0x2]H[0x19]^[0xd9]\ [0xe1]s[0xba]d[0x1][0xf6]IhkkR[0xe][0xb9][0xd7][0xe1].[0x9a][0xa5][0xf5][0xf0]P[0x19];K6[0xf5]ai[0xb8][0xf2];[0xcb]p[0x97][0xa1][0x9d][0xc1][0xb][0x80]U[0x1c][0x1f][\n]"
19:11:35.156 [ForkJoinPool-1-worker-1] DEBUG org.apache.http.wire - http-outgoing-8 << "[0xf7][0x94];[0x8e]B?[0xa5][0x9c][0x8][0x1d][0x89][0xbc][0x14]1[0x8e]/[0x13]aV=[0xe2][\n]"
19:11:35.156 [ForkJoinPool-1-worker-1] DEBUG org.apache.http.wire - http-outgoing-8 << "[0xb1][0x19][0x16]$[0x99][0xe5][0xcb]7PjX[0xba][0xa0]'[0x8b][0xf4]2[0xac][0xf9][0x8f][0xc4][0xb8][0xbc]<[0xcf][0xe5][0xb6]Q[0xf8]5![0xa2][0x86]r[0xa6]@9[0xb5]l[0xfd][0x13][0xfd][0x8c]N[0xd1]{[0x9e][0x18]Pb[0x93][0x10]f[0xa2][0xc4]$[0xc1][0xb2]F[0xbf][0xc][0xbd][0xa1]&&[0xcb][0x7][0xb2][0xc2][0x5][0x0][0xdf][0x91][0x85][0xdc]5O[0xc6][0xcf][0xec]:[0x97]sR[0xc6][0xc3][0x2][0xcd]3[0xe8][0xf4][0x1b][0xe][0x84][0xa1]6'[0x7];9][0x9f][0x84]{[0x9e]WDH[0xeb][0xbe][0xc2][0xb0][0xb]YG[0xc4]bD[0xca][0xeb][0xcb][0xaa][0xb2]E[0xa7][0xb2][0x92]Nl[0x19]F[0xba]c[0xab][0xda][0x8e]L[0xe5]?[0x9e][0xa3]`[0x99][0x96][0xa0]]OQ[0x9a][0xf0]cIj[0x99][0x10][0xe1]j[0xce][0x8f]'[0xac][0xcc]M[0xdc][0xe][0xd7]q[0xab]nT1M[0xb7]n[0xa6]r[0x88][0x93];[0xec]B[0xd8]r6[0xf7][0x9][0xef]s[0x1f]uF[0xb7][0xe1][0x9b][0xea]H[0xc9]6~@C\[[0xcd][0xbb]w[0xa6]e[0xcb][0xd0][0xba]"x[0xdd]T[0xc8][0xa7][0xc]~[0x19][0x9a][0x96]-[0x8d]T"h[0xd3][0xb6][0xab][0xfb][0xe8][0x96][0x1b]mW[0xec][0xc4]-[0xed][0xe8][0x19][0xd9][0xdd]&[0xdc][0x97]i[0xca][0xd5]~[0x94][0xc5][0x89]F[0xae][0xb2][0x1b]5@[0x1e][0xd0][0xde]n.[0x95][0xd1][0xbc]_[0xc6][0xf1]eX[0x89]kyP[0x92]n[0xb3]B1[0xf7][\n]"
19:11:35.156 [ForkJoinPool-1-worker-1] DEBUG org.apache.http.wire - http-outgoing-8 << "[0xa4][0xfc][0xc1][0xe4][0x81][0xa1]|[0xa6][0xdb][0x8]5[0xaa][0xb5][0xbf]/[0xe7]V[0x9e]G>a[0x92]:"[0xa9]x!'^[0xf]ol[0x1d]`[0xd4][0xdd][0xf8]f[0xf2][0xdf][0xb2][0xd9]g[0xed][0xf4][0x9f][0xb4]W[0xff][0xe1]r-[0xef][0x10][0xfe]`[0xad][0xa6][0xb6]*[0x8e][0xb3]*[0xeb]:[0x1b][0x8f]H,0+[0xcb][\n]"
19:11:35.156 [ForkJoinPool-1-worker-1] DEBUG org.apache.http.wire - http-outgoing-8 << "[0x5][0xae]'V'[0xd3][0xc1][0xd6][0xb2][0x9f]3i[0xaf]1[0xe9]fRpu"[0xca].P0o[0xcc][0xe4][0x8f][0x16][0x92]Y[0xed][0xa6][0xc7][0xe4][0xb9]/[0xa3][0xfc][0xf0][0xa0][0x9b]c]]>&#x7f;<![CDATA[v[0xb1]Y[0x94]U[0xb2][0x9e]z[0xb2][0xce][0xec][0xac],[0xb9][0xe0][0xcf][0xa9]-K[0xb][0xc9]zx[0x84][0x9f]-[0xd2][0xa6]U([0xe0][0xfe]~[0x1d][0xd3][0xc7]w[0xe8][0xf7]&[0xa6][0x2]6[0xdb]Y[0xb0]p'[0x98][0xa7][0x90][0xaf][0x9f]?[0xf4]=[0xb8]/[0xad]L[0xf8][0xcb]%[0x9]=[0xd8]Ws[0xaf][0x8d][0x12]f[0xc8]r[0xb7]]x[0xe7][0x4]&[0xdb][0xad]U/[0x8d][0xb][0xfb][0xef][0xc8][0xd5][0x15]g[0xf0]e[0x82][0xf4]C[0xcf][0x83][0x85][0xe8][0xb0][0xde]X[0xcd][0xeb][0x1c][0xe9][0xe4][0xea]-[0x99]v%[0xf2][0x9][0x89]yN[0xbb][0x12][0xde][0x9c][0x94][0xa6]fU[0xaf][0x5][0xb3][0xa2]0PZ[0x92][0xb0][0xa6][0x9e]J~V!N[0x86]z][0x8e][0xa9][0x85]f[0xad]D9[0xf8]w[0xbc][0x1][0xa4]@,[0xaa][0x8e][0xbf][0xe3]MK,[0xcf][0xf3]*<[0x9a],[0xb2]Y7[0x93]v[0xef][0xb7][0xeb][0xcc]QV[0xdb]n[0xa3][0xa2][0xb7][0xeb][0x85][0xb8][0xdb]Q[0x97]K[0x14][0x99]G[0xdc]jR)[0x8f]1[0xf6]_qVa[0xbb][0xcd][0x92][0xdb][0xae][0xb6][0xc7][0x9e]h.0[0x14]c2[0x9b][0xef]h,[0x94][0xa3][0xff][0x87][0xfd][\r][0x81][0x16])[0xda]!@>[0xf6][0x93]=[0x8d][0xe2][0x90][0xd7][0xfd]2[0x1e]Th[0x10]t[0xf7][0xb8][0xea][0x87][0xbf][0xc]W[0xbf][0x8b]'[0xdd][0x10]x[0xe0][0x1e][0xa2][0xd0][0xf]P0[0xc7]~[0x8c]W8[0x86][0xee][0xd0]V Y[0xde][0xf8]([0xfc][0xb6][0xe4]B[0xa6][0x8a][0x1c][0x1e][0xa3][0xbb]MLQ[0xe8][0xaf]0S[0x99]5[0x87]gO[0x5]|[0x12]r([0xab]/[0x9][0x14][0xc]%<[0xa2]lQ[0xa3]}[0xeb][0xe7][0xf4][0x15]`J[0xc2][0x10]3]]>&#x7f;<![CDATA[[0x81][0xc5][0x9c][0x86][0xd0][0x1d][0x15][0x90][0x82][0xc3][0xa1][\r][0x3]"6[0xd0][0x85][0x1f])[0x9][0x11][0x94][0xe5][0xbd]*[0xbe][0xa0][0xb]/?B[0x1b][0x86]h[0xc3]}N[0x92][0x0][0xfb]1[0xe2][0xc2]W[0xc1][0x5][0xba][0x83][0x91][\r]C[0xc2][0xd3][0x18]m[0xea],[0xcb]H[0xe5][0x8e][0xe][0xf][0x8f]_[0x1e][0xd9]0[0xe4]>[\n]"
19:11:35.157 [ForkJoinPool-1-worker-1] DEBUG org.apache.http.wire - http-outgoing-8 << "e[0xe5][0xe8][0xd3]T[0xa8][0x11]9[0x1b]'34[0xc3][0xa1]/[0xc8][0x2][0xe7]T[0x87]6[0xc4]w5[0x8d][0x8d]l[0x18]Q[0x86][0x13]N~[0xf7]y@[0x19][0xd6][0x93][0xd5][0xc2]#[0x14][0x8][0xca]4+[0x1b]F[0xc]-[0xf0][0x9a][0xb2][0xef]9`[0x8e][0xb8]?E[0xa1]Od[0xe8]S[0xb4]s[0xc8][0x9a]2[0xa9][0xc9][0xa1][\r][0x9][0x9a][0xfa][0x1][0x12]xF[0xd5][0x8a][0xa1][\r][0x9][0xf7]#F[0x17]>[0xc3][0x1]],d[0xb6][0xe]}u[0x98][0x87][0xae]6![0x89][0xa1][0xbd]YKMYu[0x84][0x13][0xa1][0xcf][0xfd][0x8a][0xbc][0xd2][0x98][0x9c][0xed][0xab][0x97]#[0x14][0x83][0x2][0x96]U6[0x19]T[0xb4],e[0x81][0xe4]nj9[0x17][0xd2][0xee]U=[0xac]ni*[0xc8][0x82][0xdc]i[0xab]([0xf6]rdC[0xc5][0xab]R[0xb6]g[0xf6][0xa2][0xc0][0x8a]_[0xb9]Q%L[0xc9][0xf0][0xfa]U[0x80][0xf][0x83]h48[\n]"
19:11:35.157 [ForkJoinPool-1-worker-1] DEBUG org.apache.http.wire - http-outgoing-8 << "[0xc3]W[0x83][0xa3][0xe0][0xe8][0xc5][0xe0][0xf8][0xf5]8[0x1c][0xa0][0xe1][0xcb][0x97][0x87][0xa3]p|[0x1c]M[0x8f]%[0xa5][0xfc]<[0xc0]q[0x8c][0x83][0xcc]*5=[0xca][0x5][0x8a]3[0x19][0xe1]h4[0x1c][0xbe][0x1e][0xc9][0x9]+_[0x9e],D[0x85]3[0xc3]<[0xa5][0x9][0xc7]z[0xeb]e[0x12][0x86][0xee][0xeb][0xe3][0xa1][\r]9f+[0xcc][0x94]8[0xc7]/[0x9c][0xa1]3[0x1e]:[0xa3][0xe1][0xd0][0x1d][0x8f]G[0x87]chC[0xf5]:[0xc]t[0xe1][0xd7]O[0xf2]f9[0xf5]w[0xac]6[0xab])[0xa1];:[0x1e][0xbe][0x1c][0xe][0xc7][0xaf]^[0x1f][0xda]0/[0xf7]rq5[0xef]DmX[0xc5][0xfc][0x96],[0x86].[0x9c][0xb][0x91][0xba][0x7][0x7][0xe1]r[0xb1][0xd8]8[0xc]s[0x81]R[0x82]o[0xd1]"[0x8d][0xb1][0x13][0xd0][0xc5][0x1]J[0xc9][0xc1]jt I[0xd2][\r][0xc6][0x7]G/[0xc6]/[0xa0][\r][0x97][0x1c][0xb3][0x9c][0xbe][0xb4][0xb1][0xca][0x9a][0xd7][0x94]qQ[0x18]_[0xb1][0xcb][0xdb]I[0x16]0d[0xfe][0x0][0x1e]P[0xf][0xe5][0xf2][0x18]"T[0xc][0xe9]p[0xa8][0xe7]X]]>&#x7f;<![CDATA[aa[0xa1]V[0xda]x8[0x1e][0xe]F[0xe3][0xc1][0xf0][0x10]V[0x6]]]>&#x7f;<![CDATA[d[0xeb][0x9b][0x1a][0xfc]C[0xaa]*k[0x14][0xe8][0xc2][0xf0]0[0x8a][0x82][0x97][0xa3][0xd1][0xe0][0xd5][0xeb][0xe0][0xd5][0xe0]([\n]"
19:11:35.157 [ForkJoinPool-1-worker-1] DEBUG org.apache.http.wire - http-outgoing-8 << "[0xc7][0x83][0x97][0xc3][0xf1][0xd1][0x0][0xbf]~[0x19][0x1e][0x1d]F[0xc3][0xa3][0x97][0x87]![0xdc][0xfe]HO[0xae][0xdd]~[0xeb][0xee][0xd5]u[0x87][0xf6][0x93][0xae][0xbc]4E[0xc9][0xc][0xb3]<[0x11]U;t[0xc5][0xc8]i[0x91][0x85][0xa6]+[0xef][0xf5]x]]>&#x7f;<![CDATA[[0xe5][0x1d][0xbe][0xd8][0x97][0x87][0x95]/R[0x14][0x8f]F[0x91][0x91]g[0xa0]Vb[0xaa][0xe4][0xa7]g'[0xa6][0xce][0xc]T[0xed].[0x92][0xc8][0x84][0xf9]-[0x94][0xf5]m[0xad][0xfe]|[0xb7][0xe4][0x82].[0xd4][0xb3][0xa3][0xec]<[0xb2]7[0x9a][0xb4][0xc7][0xca]gE[0x81][0x8d][0xac]{[0xe4][0xa1][0x87][0x87][0xfb][0xe9]r:[0x8d]1w[0xf7]Fv[0x80][0x92][0x0][0xc7]h[0x1a]cy[0x17]b[0x81]H[0xac][0x9e].k[0xe3][0x9e][0xb6][0x9e],[0xe9][0x87]U[0x15][0xe][0xd0][0x9a]L[0x1d][0x92][0x10]Q[0x81]IfN[0xc6][0xc5]FN[0xc9][0xc4]F[0x8e][0xe6]Q<o[0x9f]n[0x9f][0xd1][0xb2]}Tg[0xcf][0xaa]C[0x96]1[0xdf]Y[0x87]dc[0xf5]:[0xe4][0xc5][0x8f][0xd7]! [0xfb]W\[0xe8][0x1f][0xf][0xa8][0xf7][0xa5][0xa0][0xf4][0xd8][0x94]2[0x1]A@[0x13]!w[0x6][0xae]I([0xe6]^[0x88]W$[0xc0][0x3]uc[0xe7]Ot[0x7]<@1[0xf6]F[0xf0][0xa4]WR[0x13]D[0xc4][0xf8][0xe4][0x8a]R[0xf0][0xf][0x94]l[0xc0]g[0xfc][0xfb][0x12]s[0xc1][0xdf][0x1c][0xe8][0x81][\n]"
19:11:35.157 [ForkJoinPool-1-worker-1] DEBUG org.apache.http.wire - http-outgoing-8 << "[0xe6][0xde]`[0x0][0xde][0xd3]Dp0[0x18][0x94]r[0xbd][0x89]I[0xf2][0x1d]0[0x1c]{0L[0xf8] e8[0xc2]"[0x98]C[0xfd][0x16][0x3]<8[0x88][0xe4][0x14]g&C5[0x9]d[0x0][0x80][0xcd][0xc9][0x1a]S[0x86][\r][0xee][0x16][0xf8][0x94][0xce]b[0x8c]R[0xc2]U[0xcc][0x8]8?[0x8d][0xd0][0x82][0xc4][0x1b][0xef][0xe3]2![0x82]B[0xcd][0x92][0x8b]M[0x8c][0xf9][0x1c]c[0x1][0x9b][0xa2]~QCuY[0x15]zy/[0xff][0xcd][0xc5]"[0xb6][0xc1][0x94][0x86][0x1b]p_[0x1b][0x90][0xff][0xa6]([0xf8]>ct[0x99][0x84][0x83][0x80][0xc6][0x94][0xb9][0xe0]/Q[0x14]MZx[0xf9][0xe0][0xf1][0xe1][0xf1][0xf4][0xb8]c\[0xae]i[0xa0][0xe5]w[0x81][0xa1]W`[0xd8][0x80][0xa3][0x84][0xf]8fd[0xd7][0x94][0xb5],[0xa6][0x85][0xb]F[0xc3]a[0x1b]c^[0xe][0xae][0xe6][0xed][0xe1][0x5]b3[0x92][0xb8][0xa0]1s[0xdb][0xab][\r][\n]"
19:11:35.157 [ForkJoinPool-1-worker-1] DEBUG org.apache.http.wire - http-outgoing-8 << "693[\r][\n]"
19:11:35.157 [ForkJoinPool-1-worker-1] DEBUG org.apache.http.wire - http-outgoing-8 << "[0xdd]:[0xd1]2[0x8e][0x7][0x9a]T[0x87][0x2][0x1e][0xe1][0xd1]"[0x14][0xe3][0xdb]A[0x80][0x13][0x81]Y[0x7]![0x14][0x93]Y2[0xd0]O[0xf0][0x81][0xc6]j[0x8b][0x9c][0x95][0x8f].[0x90][0xb4][0xda][0xc3][0xb2]:&[0xd1]f[0x90][0xd9]z7[0x9d][0xa6]Xy%0`8[0xea][0x90][0xab][0xe8]lJ{R[0xcd][0xbe][0xc7][0xc9][0xc9]b[0xa6][0xcb]P([0xb]1[0x1b]0[0xad][0xad]qz[0xb]8[0x8d]I[0xb8]c[U[0xcf][0x14][0x8c][0x8f][0xd3][0x8e]E[0xa6]([0xc]I2s[0xc1][0x10][0x8c]^[0xa4][0xb7][0xd9]W[0x1b]Of[0xa8][0x81][0xd2][0xea][0xf3][0xf4][0xb0][0xc0][0x9c][0xa3]Y[0x97][0xec][0x15][0x91]F[0xaf]~[0x8e]U~[0xf5][0xe6][0xa0][0xe2]a?[0x9e][0xa9]v%[0xdf],[0x3][0xe9][0x98][0xe0][0xa3][0x4][0xc5][0x1b]A[0x2][0xee]/Q[0x10][0xc8][0x92][0x8]~=[0x1b][0x8c][0xe]G[0xa3][0xf1][0xeb][0x97]/_[0xe]FG[0xf0][0x8f][0xa4][0xcb]]B[0xa8][0xf6][0x85]?S[0xe7]8[0xf5][0xf5][0xf0][0x0][0xae]o&=y[0xad][0x1b][0xa1][0x95]4[0xdb][0xfb][0xc5][0x9f]![0xe1][0xf8]:[0xbf]]1[0x14]|[0xc7][0xcc]4[0x1a]r[0xca][0xc4][0x81][\r]k[0xd2][0xdb]Z?L[0xe7][0xf0][0xd5][0xe1][0xe1][0xeb][0xe1][0xf0][0xc5]@[0x9e]m[0x8d][0xa8]M[0xe5][0xda][0xc0][0x8e][0xcf][0xb1]8W[0xd5][0xe2]G[0xb4][0xc0][0x12][0xb1]][0x8f][0x19]7[0x8d]i[0xd1][0xcf]M[0xd3][0xdc]t[0xbe][0xfe]'b[0x86]=[0xb2][0x8d][0xbc]@4l#]Nue[0x9d]P[0x14]r[0xc3]>|r[0xfe][0xd8]6[0x84]a[0x1b][0xa3][0xa3][0x97][0xcf][0xc1]>[0xb4][\r]FB[0xc3]6[0x86][0x86]=~[0x12][0xfb][0xc8]6[0xa6][0xc][0x19][0xb6][0xb1][0xa0][0xe1]h'[0xf9][0xb3]8[0xa6][0xeb][0xb3]$[0x98]Sf[0xa8][0xe7][0x97][0xdd]h_[0x88][0xd0][0xf5][0xdc][0x17][0xa5][0x9d][0xcf]j[0xc1]`4[0xec]V[0xec][0xcf]k[0xa8]5]]>&#x7f;<![CDATA[l[0x1b][0xfa],`[0xd8]];[0xb4][0x8b]B[0xb7][0xbc][0xe3][0x96][0xbc][0xd8][0xf1][0x85][0xb4][0xb8][0xbc][0xb9][0xde]e)m[0x84]^[0xaf]b[0xc0]2[0xdc]H[0xbf][0x99]![0xe0][0x81]']]>&#x7f;<![CDATA[#[0x2]fH[0xbd]>[0x4]<`4[0xfc][0xcf]P[0x83][0xca]Q[0x81][0xa7][0xdf][0xa7][0xec]I[0x8]g[0xf2][0xde]4t[0xf5]`[0x0][0xaf][0xc2][0xa6]xw2eT[0xd0][0x80][0xc6][0xe0][0x14][0x18]y[0x99][0xc1]yl[0x0]W[0xdf][0xbb][0x7][0x7][0xeb][0xf5][0xda][0xb0]@[0x1f][0x18]Y[0x94][0x19][0x14]QF[0xd5][0x1f]3U[0xe7]M[0xf4]bxu-[0xdd][0xbf][0xa0][0xc8][0x97]t=[0xbc][0x99][0x0][0xf5][0xa3])[0x9c][0x88][0x8f]4[0xc4][0xe]I8f[0xe2]-[0x8e]([0xc3][0xe6][0xc][0xd9][0x80]+[0xcf]5[0xad]I[0xaf][0x1d][0xb4]v[0x84]"[0xdd][0xa6][0xa4]K[0xa2][0xde]5[0x1d]U[0xc2][0xdd][0x9b])[0xe2][0xb8]RP[0xfd][0xf0]9[0xec][0xa4][0xc6][0xba][0xb5][0xb]:[\n]"
19:11:35.157 [ForkJoinPool-1-worker-1] DEBUG org.apache.http.wire - http-outgoing-8 << "[0xe2];z[0x95][0xd9][0xad][0xdc][0xaa][0x86][0xe1]Nz[0xd5]G[0xb8]ZJ[0xf]TZ[0xda]VO'[0xa1][0xda]2[0x8c][0x84]&[0xd8][0x98][0xf4][0xb6]9[0x87][0xf7][0x94]-[0xf4][0x89]V[0x8e][0x8e][0x8c]I>[0xe0][0xe3]L[0xdf][0xbe][0xa0][0xbe]z1[0x1b]x[0xfa]=[0xe5][0x9a][0x12]u[0x11]xu[0xf6][0xf9][\n]"
19:11:35.157 [ForkJoinPool-1-worker-1] DEBUG org.apache.http.wire - http-outgoing-8 << "\[0xfc][0xff][0xbf]][0x9c][0x9d][0xab]R[0xf0][0xe9][0xb6][0xde][0x8e]5s[0x1a][0xf8](M}-[0xec]0[0x13]'T[0xb7][0xfa][0x14][0x9e][0xb][0xa8]]Rbu[0xf8]d[0xb1][\n]"
19:11:35.157 [ForkJoinPool-1-worker-1] DEBUG org.apache.http.wire - http-outgoing-8 << "[0x12]|[0xc1][0x88][0x5]sy[0x80][0x91]$j[0xdb][0xbf]7[0x18][0xdc]]]>&#x7f;<![CDATA[[0xfb]}[0x89][0xd9]f[0xab][0x84][0x96]K[0xb9][0xf8]x[0xfe][0xe4]B~[0xfe][0xc4][0xdb]Z5P[0x99][0xdc]3[0xf2][0x9a]Lm[0xcf]I[0xaf][0xeb]\$a[0x91][0x8f][0xef](_[0x92][0x19]N0#[0xfa]Ht0s[0xd4]B[0x9d][0x4][0x8b][0x83][0xda][0xb0]>4=~[0xee][0xcd]NB[0xbd][0xfc][0xb7][0xcc]u[0x6][0x17]+[0x99][0xf8][0xab][0x81][0x6][0x14]Vg[0xd6]0-[0xb0]W[0xb7][0xbe]{[0xb5][0x86])[0x11]N[0xd9]D7[0xb3][0x7]%[0xd5][0x16][0x98]qc[0x83]k[0xf5][0xa8]DN8[0xa7]B=[0xfa]0[0x96][0x9]Ya[0xc6]Q[0xec]g[0xcd][0x1d][0xc3][0x6]u[0x86][0xd6][0x8d]5[0x1][0xdb][0xed][0xa4][0xa9][0xac]e[0x12]he[0xb5][0x96]"[0xd5][0xb5]k@[0xfd][0xf4][0xb2]85v+[0xfb][0xc9]W[0x0][0x1f]{M[0xf1][0xa6]S[0xf3][0xed][0xa3][0xe8]]]>&#x7f;<![CDATA[[0xc7][0xe2][0x9e]ip[0xc1][0x13][0x16][0x17][0xc8][0xb3]xBg8Q[0xf][0x3]2[0xd3]k[0xbd][0x99][0x98][0xbf],[\n]"
19:11:35.157 [ForkJoinPool-1-worker-1] DEBUG org.apache.http.wire - http-outgoing-8 << "[0x1f]7[0xca]'[0xca][0xcb][0x9f]Q[0xca]I[0xe5][0xc7]&*=[0xca][0xf5][0xc5]il[0xa6][0xab][0xcb]s[0x1b][0xb0][0x95][0x5][0xca][0xa8][0xa9][0x1a][0x83]x[\r][0xce][0x91][0xc0]2[0xe8]Ix[0xe8]d[0xbf][0xae]3C[0xf5][0x96][0x8e][0xbc][0x92][0x19][0xcd]<<~[0xf1][0xeb][0xf8][0xe8][0xd7][0xe3][0xa1][0xfc]]]>&#x7f;<![CDATA[4[0x1c][0xe][0xad]l[0x86][0x8a]D[0xb7])aXf4[0x98]]z[0xb0][0x1f]:[0x82]~[0xbd]z[0xf7]E=[0xdf][0xcc][0xe9]g]]>&#x7f;<![CDATA[[0x9]@ry[0xbb]y[0x87][0x84][0x9][0xf1][0xdd][0xf2][0xd6][0x8f][0xd3][0xd8][0xd7][0xf1][0xcf][0x83][0xa0]_[0x91][0xaa]&[0x4]|[0x90][0x83]r)[0xc5][\r][[0xc9][0xcb][0x9][0x90][0xd7][0x19]k[0x1b][0x1c][0xca]dX[0xf9]q[0x91]z[0xa9]z[0x97]&H[0x4][0xcc]"[0xf][0x97]?[0xb2][0x4][0x9e][0xe7][0x1][0x98][0xbf][0xc][0xf][0xad][0xca][0x91]g[0x87]f[0xf5][0x2][0xb7][0x19]Q3[0xff]=c[0xf9]Fw[0x95]F{[0xd4][0x84][0xfa][0x17][0xa0][0xd0][0xae]3[0xb0]A[0x93][0x3]P[0xef][0xe3][0x97][0xb4]Jf[0x9a][0x82][0xd5]8[0x9e][0xa9][0xb7][0xa7][0x96][0x8c][0xe9]Q[0xe0][0x81][0x1a][0xf6][0xa4][0x85][0x9b][0xe0]u[0x81]Z[0xbe][0xcf][0xbd][0x12]M[0xba]J[0x17][0x5]][0x85][0xd1][0xd1][0xd4]xLY[0xc5][0xd9][0xaf]~[[0x93]O[0x1b]iS[0xd6][0x96][0x12][0xba][0xe6][0xd5]x;S[0x92][0x84][0xfa]'[0xe8]M[0x8d][0x96][0xfb][0xb6][0xed]m{][0x1][0x17][0xd6]l[0x8][0xda][0xa0][0x5][0xb8]~f[0xbb][0x1b]de[0xc2]M%[0x1a][0xef]|[0x11][0xfd][0x89][0xa4]V[0x6][0xd5][0x3][0xf5][0x17]A[0xf4][0x1f][0x7][0x99][0xd2]pS[0xe9]V[0x85]d[0x5][0x82][0x18]q[0xee][0xc1]js[0xa5][0xd6][0xd1][0xa8][0xb4]o`[0xbd][0xb1]U[0x9d][0xae][0x1e][0xc1][0x9c][0xb4]v[0xf8]h[0xfc][0xba]6[0xe3] $[0xab][0x93][0xde]N*Y[0xb][0x1]f[0x81][0x1a][0x16][0xad][0x8a][0xd1]0[0xbd][0x9d]t[0xd0]ou[0x15];[0xb8]u[0xdc]>^[0xfd]v[0xa5][0x89][0x89]Q[0xfc][0xc9][0x13]?$[0xb][0x19][0xce][0xea][0x87][0x90]_~[0xd1]?[0xf4][0x17][0xef]([0xfd]Np[0xd5]=T+[0xd5][0xce][0x1b][0xa8][0xb6][0x8e]E[0x1b][0xa0]g[0xfd][0x92]5[0x94][0xcb][0xa3]K>_[0xff]Z[0xc6]3[0xfa][0xd9][0xc4][0xbe]i[0xea][0x99][0xd6][0xa9]1[0xc9]C[0xa9][0xd1]7[0x8b][0x80][0xf8][0xf]$[0xe6][0x8e]z[0xe1][0xcd][0xec][\n]"
19:11:35.157 [ForkJoinPool-1-worker-1] DEBUG org.apache.http.wire - http-outgoing-8 << "[0x92]}=;[0xb][0xd0][0xf5][0x0]l[0xb9][0x86]a[0xf5][0x8d][0x89][0xfa]S[0x4][0x7][0xc6][0xa4][0xf7][0xcb]/[0xdb]I[0xb6][0xa6]([0xd2]%h~O[0xe7]e[0x98][0x90][0xd9][0x8]'[0x8e]6[0x8f][0x2]a[0xdd]BPm[0xe2]|\[0xce][0xd7]D=[0xf][0x8c][0xc0][0xa9][0xa4][0xe8][0x2][0x93][0xce][0xc1][0x9][0xa0]k+[0x7][0xd0]u>a[0xdd][0x9a][0xb0]nN[0x90][0x0]ZpXVD[0x94]u[\n]"
19:11:35.157 [ForkJoinPool-1-worker-1] DEBUG org.apache.http.wire - http-outgoing-8 << "[0xfb][0x9b]n?><[0x94]z[0xce]/[0xb2][0xb3][0x95][0x13][0xc4][0x4]'[0xa2][0x3][0xb1][0xfb][0xfc]%=I[0xff][0x82][0xbd]:[0xb1][0x10]`[0xdd][0x10][0xe0]_R[0x1][0xcf][0xe0][0xdf][0xc6]{[0x1e][0xfb]]]>&#x7f;<![CDATA[[0xe5][\n]"
19:11:35.157 [ForkJoinPool-1-worker-1] DEBUG org.apache.http.wire - http-outgoing-8 << ".,[0xd0]4[0xf0][0x9d]<[0xe4][0x3][0x9c]H[0xe7][0xfc][0xfa][0xf9][0xf2][0x1d]][0xa4]4Q[0x7]b[0xa9]M[0xcf][0xe8][0xcb][0xaf][0xbe]a[0xaf]=[0xa3][0xbf][0xee][0x1b][0xf6][0xdc]3[0xfa]s[0xcb][0x6][0xe6][0xe1][0xe8][0xc5][0xe1]1>[0xfc][0xf5][0xa5]L[0xe4][\r][0x9a]t[0xbe][0xde]AT[0x92]Y[0xe6]t[0x96][0x1d][0x84][0xba][0x1f][0x99]<[0xbf]V[0x9b][0x18]@U4[0xdd][0x87][0x4][0x1c].h"[0xe4]a|[0x9e]v=0)[0xc6][0xd7]x[0x9a][0x9e]"[0xf][0xed][0x17][0xf]N[0xf8]<[0x98]z[0x87]Ge[0xd9][0xf6]T[0xb9][0xfb]D[0xf0][0xed][0x12][0xef][0x1b][0x8e][0xe3]MD[0xf8][0xbc][0x90][0xaf][0xfa]<[0xaf][0x1c]}L[0xba]]Ovv[0xc5][0xfe]^[0xef][0x9]%w[0xd6][0x89][0x95][0xd4][0xa1][0xf3][0xc5][0x9b][0x3][0xfd][0x7][0xa7][0xfe]7[0x0][0x0][0xff][0xff][0x10]~r[0xd6][0x81]J[0x0][0x0][\r][\n]"
19:11:35.157 [ForkJoinPool-1-worker-1] DEBUG org.apache.http.wire - http-outgoing-8 << "0[\r][\n]"
19:11:35.157 [ForkJoinPool-1-worker-1] DEBUG org.apache.http.wire - http-outgoing-8 << "[\r][\n]"
19:11:35.157 [ForkJoinPool-1-worker-1] DEBUG org.apache.http.impl.conn.PoolingHttpClientConnectionManager - Connection [id: 8][route: {}->http://dummy.restapiexample.com:80] can be kept alive indefinitely
19:11:35.157 [ForkJoinPool-1-worker-1] DEBUG org.apache.http.impl.conn.DefaultManagedHttpClientConnection - http-outgoing-8: set socket timeout to 0
19:11:35.157 [ForkJoinPool-1-worker-1] DEBUG org.apache.http.impl.conn.PoolingHttpClientConnectionManager - Connection released: [id: 8][route: {}->http://dummy.restapiexample.com:80][total available: 1; route allocated: 1 of 5; total allocated: 1 of 10]
19:11:35.157 [ForkJoinPool-1-worker-1] DEBUG com.intuit.karate - response time in milliseconds: 1011.14
2 < 429
2 < Content-Type: text/html; charset=UTF-8
2 < Date: Thu, 03 Dec 2020 13:41:34 GMT
2 < Display: staticcontent_sol
2 < Expires: Wed, 02 Dec 2020 13:41:34 GMT
2 < Host-Header: c2hhcmVkLmJsdWVob3N0LmNvbQ==
2 < Pagespeed: off
2 < Referrer-Policy: 
2 < Response: 429
2 < Retry-After: 59
2 < Server: nginx/1.16.0
2 < Transfer-Encoding: chunked
2 < Vary: [Accept-Encoding, Accept-Encoding,User-Agent,Origin]
2 < X-Ezoic-Cdn: Miss
2 < X-Middleton-Display: staticcontent_sol
2 < X-Middleton-Response: 429
2 < X-Ratelimit-Limit: 60
2 < X-Ratelimit-Remaining: 57
2 < X-Ratelimit-Reset: 1607002953
2 < X-Sol: pub_site
<!DOCTYPE html>
<html lang="en">
    <head><meta charset="utf-8">
<script data-ezscrex='false' data-cfasync='false' data-pagespeed-no-defer>var __ez=__ez||{};__ez.stms=Date.now();__ez.evt={};__ez.script={};__ez.ck=__ez.ck||{};__ez.template={};__ez.template.isOrig=false;__ez.queue=(function(){var count=0,incr=0,items=[],timeDelayFired=false,hpItems=[],lpItems=[],allowLoad=true;var obj={func:function(name,funcName,parameters,isBlock,blockedBy,deleteWhenComplete,proceedIfError){var self=this;this.name=name;this.funcName=funcName;this.parameters=parameters===null?null:(parameters instanceof Array)?parameters:[parameters];this.isBlock=isBlock;this.blockedBy=blockedBy;this.deleteWhenComplete=deleteWhenComplete;this.isError=false;this.isComplete=false;this.isInitialized=false;this.proceedIfError=proceedIfError;this.isTimeDelay=false;this.process=function(){log("... func = "+name);self.isInitialized=true;self.isComplete=true;log("... func.apply: "+name);var funcs=self.funcName.split('.');var func=null;if(funcs.length>3){}else if(funcs.length===3){func=window[funcs[0]][funcs[1]][funcs[2]];}else if(funcs.length===2){func=window[funcs[0]][funcs[1]];}else{func=window[self.funcName];}
if(typeof func!=='undefined'&&func!==null){func.apply(null,this.parameters);}
if(self.deleteWhenComplete===true)delete items[name];if(self.isBlock===true){log("----- F'D: "+self.name);processAll();}}},file:function(name,path,isBlock,blockedBy,async,defer,proceedIfError){var self=this;this.name=name;this.path=path;this.async=async;this.defer=defer;this.isBlock=isBlock;this.blockedBy=blockedBy;this.isInitialized=false;this.isError=false;this.isComplete=false;this.proceedIfError=proceedIfError;this.isTimeDelay=false;this.process=function(){self.isInitialized=true;log("... file = "+name);var scr=document.createElement('script');scr.src=path;if(async===true)scr.async=true;else if(defer===true)scr.defer=true;scr.onerror=function(){log("----- ERR'D: "+self.name);self.isError=true;if(self.isBlock===true){processAll();}};scr.onreadystatechange=scr.onload=function(){var state=scr.readyState;log("----- F'D: "+self.name);if((!state||/loaded|complete/.test(state))){self.isComplete=true;if(self.isBlock===true){processAll();}}};document.getElementsByTagName('head')[0].appendChild(scr);}}};function init(){window.addEventListener("load",function(){setTimeout(function(){timeDelayFired=true;log('TDELAY -----');processAll();},5000);},false);}
function addFile(name,path,isBlock,blockedBy,async,defer,proceedIfError,priority){var item=new obj.file(name,path,isBlock,blockedBy,async,defer,proceedIfError);if(priority===true){hpItems[name]=item}else{lpItems[name]=item}
items[name]=item;checkIfBlocked(item);}
function setallowLoad(settobool){allowLoad=settobool}
function addFunc(name,func,parameters,isBlock,blockedBy,autoInc,deleteWhenComplete,proceedIfError,priority){if(autoInc===true)name=name+"_"+incr++;var item=new obj.func(name,func,parameters,isBlock,blockedBy,deleteWhenComplete,proceedIfError);if(priority===true){hpItems[name]=item}else{lpItems[name]=item}
items[name]=item;checkIfBlocked(item);}
function addTimeDelayFile(name,path){var item=new obj.file(name,path,false,[],false,false,true);item.isTimeDelay=true;log(name+' ... '+' FILE! TDELAY');lpItems[name]=item;items[name]=item;checkIfBlocked(item);}
function addTimeDelayFunc(name,func,parameters){var item=new obj.func(name,func,parameters,false,[],true,true);item.isTimeDelay=true;log(name+' ... '+' FUNCTION! TDELAY');lpItems[name]=item;items[name]=item;checkIfBlocked(item);}
function checkIfBlocked(item){if(isBlocked(item)===true||allowLoad==false)return;item.process();}
function isBlocked(item){if(item.isTimeDelay===true&&timeDelayFired===false){log(item.name+" blocked = TIME DELAY!");return true;}
if(item.blockedBy instanceof Array){for(var i=0;i<item.blockedBy.length;i++){var block=item.blockedBy[i];if(items.hasOwnProperty(block)===false){log(item.name+" blocked = "+block);return true;}else if(item.proceedIfError===true&&items[block].isError===true){return false;}else if(items[block].isComplete===false){log(item.name+" blocked = "+block);return true;}}}
return false;}
function log(msg){var href=window.location.href;var reg=new RegExp('[?&]ezq=([^&#]*)','i');var string=reg.exec(href);var res=string?string[1]:null;if(res==="1")console.debug(msg);}
function processAll(){count++;if(count>200)return;log("let's go");processItems(hpItems);processItems(lpItems);}
function processItems(list){for(var i in list){if(list.hasOwnProperty(i)===false)continue;var item=list[i];if(item.isComplete===true||isBlocked(item)||item.isInitialized===true||item.isError===true){if(item.isError===true){log(item.name+': error')}else if(item.isComplete===true){log(item.name+': complete already')}else if(item.isInitialized===true){log(item.name+': initialized already')}}else{item.process();}}}
init();return{addFile:addFile,addDelayFile:addTimeDelayFile,addFunc:addFunc,addDelayFunc:addTimeDelayFunc,items:items,processAll:processAll,setallowLoad:setallowLoad};})();__ez.evt.add=function(e,t,n){e.addEventListener?e.addEventListener(t,n,!1):e.attachEvent?e.attachEvent("on"+t,n):e["on"+t]=n()},__ez.evt.remove=function(e,t,n){e.removeEventListener?e.removeEventListener(t,n,!1):e.detachEvent?e.detachEvent("on"+t,n):delete e["on"+t]};__ez.script.add=function(e){var t=document.createElement("script");t.src=e,t.async=!0,t.type="text/javascript",document.getElementsByTagName("head")[0].appendChild(t)};__ez.queue.addFile('/detroitchicago/boise.js', '/detroitchicago/boise.js?gcb=191-6&cb=1', false, [], true, false, true, false);__ez.dot={};__ez.queue.addFile('/detroitchicago/memphis.js', '/detroitchicago/memphis.js?gcb=191-6&cb=2', false, [], true, false, true, false);__ez.queue.addFile('/detroitchicago/minneapolis.js', '/detroitchicago/minneapolis.js?gcb=191-6&cb=1', false, [], true, false, true, false);__ez.vep=(function(){var pixels=[],pxURL="/detroitchicago/grapefruit.gif";function AddPixel(vID,pixelData){if(__ez.dot.isDefined(vID)&&__ez.dot.isValid(pixelData)){pixels.push({type:'video',video_impression_id:vID,domain_id:__ez.dot.getDID(),t_epoch:__ez.dot.getEpoch(0),data:__ez.dot.dataToStr(pixelData)});}}
function Fire(){if(typeof document.visibilityState!=='undefined'&&document.visibilityState==="prerender"){return;}
if(__ez.dot.isDefined(pixels)&&pixels.length>0){while(pixels.length>0){var j=5;if(j>pixels.length){j=pixels.length;}
var pushPixels=pixels.splice(0,j);(new Image()).src=__ez.dot.getURL(pxURL)+"?orig="+(__ez.template.isOrig===true?1:0)+"&v="+btoa(JSON.stringify(pushPixels));}}
pixels=[];}
return{Add:AddPixel,Fire:Fire};})();</script><script data-ezscrex='false' data-cfasync='false' data-pagespeed-no-defer>__ez.pel=(function(){var pixels=[],pxURL="/porpoiseant/army.gif";function AddAndFirePixel(adSlot,pixelData){AddPixel(adSlot,pixelData,0,0,0,0,0);Fire();}
function AddAndFireOrigPixel(adSlot,pixelData){AddPixel(adSlot,pixelData,0,0,0,0,0,true);Fire();}
function GetCurrentPixels(){return pixels;}
function AddPixel(adSlot,pixelData,revenue,est_revenue,bid_floor_filled,bid_floor_prev,stat_source_id,isOrig){if(!__ez.dot.isDefined(adSlot)||__ez.dot.isAnyDefined(adSlot.getSlotElementId,adSlot.ElementId)==false){return;}
var ad_position_id=parseInt(__ez.dot.getTargeting(adSlot,'ap'));var impId=__ez.dot.getSlotIID(adSlot),adUnit=__ez.dot.getAdUnit(adSlot,isOrig);var compId=parseInt(__ez.dot.getTargeting(adSlot,"compid"));var lineItemId=0;var creativeId=0;var ezimData=getEzimData(adSlot);if(typeof ezimData=='object'){if(ezimData.creative_id!==undefined){creativeId=ezimData.creative_id;}
if(ezimData.line_item_id!==undefined){lineItemId=ezimData.line_item_id;}}
if(__ez.dot.isDefined(impId,adUnit)&&__ez.dot.isValid(pixelData)){pixels.push({type:"impression",impression_id:impId,domain_id:__ez.dot.getDID(),unit:adUnit,t_epoch:__ez.dot.getEpoch(0),revenue:revenue,est_revenue:est_revenue,ad_position:ad_position_id,ad_size:"",bid_floor_filled:bid_floor_filled,bid_floor_prev:bid_floor_prev,stat_source_id:stat_source_id,country_code:__ez.dot.getCC(),pageview_id:__ez.dot.getPageviewId(),comp_id:compId,line_item_id:lineItemId,creative_id:creativeId,data:__ez.dot.dataToStr(pixelData),is_orig:isOrig||__ez.template.isOrig,});}}
function AddPixelById(impFullId,pixelData,isOrig){var vals=impFullId.split('/');if(__ez.dot.isDefined(impFullId)&&vals.length===3&&__ez.dot.isValid(pixelData)){var adUnit=vals[0],impId=vals[2];pixels.push({type:"impression",impression_id:impId,domain_id:__ez.dot.getDID(),unit:adUnit,t_epoch:__ez.dot.getEpoch(0),pageview_id:__ez.dot.getPageviewId(),data:__ez.dot.dataToStr(pixelData),is_orig:isOrig||__ez.template.isOrig});}}
function Fire(){if(typeof document.visibilityState!=='undefined'&&document.visibilityState==="prerender")return;if(__ez.dot.isDefined(pixels)&&pixels.length>0){var allPixels=[pixels.filter(function(pixel){return pixel.is_orig}),pixels.filter(function(pixel){return!pixel.is_orig})];allPixels.forEach(function(pixels){while(pixels.length>0){var isOrig=pixels[0].is_orig||false;var j=5;if(j>pixels.length){j=pixels.length;}
var pushPixels=pixels.splice(0,j);var pixelURL=__ez.dot.getURL(pxURL)+"?orig="+(isOrig===true?1:0)+"&sts="+btoa(JSON.stringify(pushPixels));if(typeof window.isAmp!=='undefined'&&isAmp&&typeof window._ezaq!=='undefined'&&_ezaq.hasOwnProperty("domain_id")){pixelURL+="&visit_uuid="+_ezaq['visit_uuid'];}
(new Image()).src=pixelURL;}})}
pixels=[];}
function getEzimData(adSlot){if(typeof _ezim_d=="undefined"){return false}
var adUnitName=__ez.dot.getAdUnitPath(adSlot).split('/').pop();if(typeof _ezim_d==='object'&&_ezim_d.hasOwnProperty(adUnitName)){return _ezim_d[adUnitName];}
for(var ezimKey in _ezim_d){if(ezimKey.split('/').pop()===adUnitName){return _ezim_d[ezimKey];}}
return false;}
return{Add:AddPixel,AddAndFire:AddAndFirePixel,AddAndFireOrig:AddAndFireOrigPixel,AddById:AddPixelById,Fire:Fire,GetPixels:GetCurrentPixels,};})();__ez.queue.addFile('/detroitchicago/raleigh.js', '/detroitchicago/raleigh.js?gcb=191-6&cb=2', false, [], true, false, true, false);__ez.queue.addFile('/detroitchicago/tampa.js', '/detroitchicago/tampa.js?gcb=191-6&cb=1', false, [], true, false, true, false);</script>
<script data-ezscrex="false" type="text/javascript" data-cfasync="false">var _ezaq = {"ad_cache_level":0,"ad_count_adjustment":0,"ad_lazyload_version":0,"ad_location_ids":"","ad_transform_level":0,"adx_ad_count":0,"bidder_method":1,"bidder_version":3,"city":"Noida","country":"IN","days_since_last_visit":-1,"display_ad_count":0,"domain_id":133674,"ds_adsize_opt_id":-1,"engaged_time_visit":0,"ezcache_level":1,"forensiq_score":-1,"form_factor_id":1,"framework_id":1,"has_bad_image":0,"has_bad_words":0,"iab_category":"","is_from_recommended_pages":false,"is_return_visitor":false,"is_sitespeed":0,"last_page_load":"","last_pageview_id":"","lt_cache_level":0,"max_ads":0,"metro_code":0,"optimization_version":1,"page_ad_positions":"","page_view_count":0,"page_view_id":"98ce3cf1-4dd8-4c45-692d-a07731d26fb6","position_selection_id":0,"postal_code":"110091","pv_event_count":0,"response_time_orig":960,"serverid":"65.0.20.100:22132","state":"UP","sub_page_ad_positions":"","t_epoch":1607002893,"template_id":0,"time_on_site_visit":0,"url":"http://dummy.restapiexample.com/api/v1/employee/4525","user_id":0,"word_count":0,"worst_bad_word_level":0};var _ezim_d = null;var _ezat = {"domain_id":133674,"form_factor_id":1,"framework_id":1,"pageview_date":"2020-12-03","pageview_id":"98ce3cf1-4dd8-4c45-692d-a07731d26fb6","template_id":0,"url":"http://dummy.restapiexample.com/api/v1/employee/4525","visit_uuid":"d3ffc711-89c8-4fd2-7024-e97d43f0473d"};</script><script data-ezscrex='false' data-pagespeed-no-defer data-cfasync='false' type="text/javascript">__ez.queue.addFile('banger.js', '/porpoiseant/banger.js?cb=191-6&bv=92&v=35&PageSpeed=off', true, [], true, false, false, true);</script>
<script data-ezscrex="false" data-cfasync="false">(function(){if("function"===typeof window.CustomEvent)return!1;window.CustomEvent=function(c,a){a=a||{bubbles:!1,cancelable:!1,detail:null};var b=document.createEvent("CustomEvent");b.initCustomEvent(c,a.bubbles,a.cancelable,a.detail);return b}})();</script><script data-ezscrex="false" data-cfasync="false">__ez.queue.addFile('/detroitchicago/tulsa.js', '/detroitchicago/tulsa.js?gcb=191-6&cb=5', false, [], true, false, true, false);</script>
        
        <meta name="viewport" content="width=device-width, initial-scale=1">

        <title>Too Many Requests</title>

        <!-- Fonts -->
        <link rel="dns-prefetch" href="//fonts.gstatic.com">
        <link href="https://fonts.googleapis.com/css?family=Nunito" rel="stylesheet">

        <!-- Styles -->
        <style>
            html, body {
                background-color: #fff;
                color: #636b6f;
                font-family: 'Nunito', sans-serif;
                font-weight: 100;
                height: 100vh;
                margin: 0;
            }

            .full-height {
                height: 100vh;
            }

            .flex-center {
                align-items: center;
                display: flex;
                justify-content: center;
            }

            .position-ref {
                position: relative;
            }

            .code {
                border-right: 2px solid;
                font-size: 26px;
                padding: 0 15px 0 15px;
                text-align: center;
            }

            .message {
                font-size: 18px;
                text-align: center;
            }
        </style>
    
<script data-ezscrex="false" data-cfasync="false" type="text/javascript">window.google_analytics_uacct = "UA-131129777-14";</script>
<script data-ezscrex="false" data-cfasync="false" type="text/javascript">
var _gaq = _gaq || [];
_gaq.push(function(){
	_gat._createTracker('UA-131129777-14', 'e');
});
_gaq.push(function(){
	_gat._createTracker('UA-38339005-1', 'f');
});
_gaq.push(['e._setDomainName', 'restapiexample.com']);
_gaq.push(['f._setDomainName', 'restapiexample.com']);
_gaq.push(['e._setCustomVar',1,'template','pub_site_noads',3]);
_gaq.push(['e._setCustomVar',2,'t','147',3]);
_gaq.push(['e._setCustomVar',3,'rid','0',2]);
_gaq.push(['e._setCustomVar',4,'bra','mod1',3]);
_gaq.push(['e._setAllowAnchor',true]);
_gaq.push(['e._setSiteSpeedSampleRate', 10]);
_gaq.push(['f._setCustomVar',1,'template','pub_site_noads',3]);
_gaq.push(['f._setCustomVar',2,'domain','restapiexample.com',3]);
_gaq.push(['f._setSiteSpeedSampleRate', 20]);
_gaq.push(['e._trackPageview']);
_gaq.push(['f._trackPageview']);


(function() {
 var ga = document.createElement('script'); ga.type = 'text/javascript'; ga.async = true;
 ga.src = ('https:' == document.location.protocol ? 'https://ssl' : 'http://www') + '.google-analytics.com/ga.js';
 var s = document.getElementsByTagName('script')[0]; s.parentNode.insertBefore(ga, s);
})();
</script>
<script type="text/javascript">var ezouid = "1";</script><base href="http://dummy.restapiexample.com/api/v1/employee/4525"><script type='text/javascript'>
var ezoTemplate = 'pub_site_noads';
if(typeof ezouid == 'undefined')
{
    var ezouid = 'none';
}
var ezoFormfactor = '1';
var ezo_elements_to_check = Array();
</script><!-- START EZHEAD -->
<script data-ezscrex="false" type='text/javascript'>
var soc_app_id = '0';
var did = 133674;
var ezdomain = 'restapiexample.com';
var ezoicSearchable = 1;
</script>
<!--{jquery}-->
<!-- END EZHEAD -->
<script data-ezscrex='false' data-pagespeed-no-defer data-cfasync='false' type='text/javascript' style='display:none'>
__ez.queue.addFile('__ezf_ezosuigeneris', '//g.ezoic.net/ezosuigeneris.js', true, [], true, false, false, false);
var __ez_ezosuigenerisEvt = function() { if(typeof(ezosuigeneris) != 'undefined'){__ez.bit.AddAndFire(_ezaq['page_view_id'], [(new __ezDotData('universal_user_id', ezosuigeneris))]); }};
__ez.queue.addFunc('__ez_ezosuigenerisEvt', '__ez_ezosuigenerisEvt', null, false, ['__ezf_ezosuigeneris','/detroitchicago/minneapolis.js','/detroitchicago/memphis.js'], false, false, false, false);</script><script data-ezscrex='false' data-pagespeed-no-defer data-cfasync='false' type='text/javascript' style='display:none'>__ez.queue.addFile('__ezf_ezosuigenerisc', '//g.ezoic.net/ezosuigenerisc.js?nogen=1', true, ["/detroitchicago/boise.js"], true, false, false, false);</script>
<script data-ezscrex='false' data-pagespeed-no-defer data-cfasync='false'>
function create_ezolpl(pvID, rv) {
    var d = new Date();
    d.setTime(d.getTime() + (365*24*60*60*1000));
    var expires = "expires="+d.toUTCString();
    __ez.ck.setByCat("ezux_lpl_133674=" + new Date().getTime() + "|" + pvID + "|" + rv + "; " + expires, 3);
}
function attach_ezolpl(pvID, rv) {
    if (document.readyState === "complete") {
        create_ezolpl(pvID, rv);
    }
    if(window.attachEvent) {
        window.attachEvent("onload", create_ezolpl, pvID, rv);
    } else {
        if(window.onload) {
            var curronload = window.onload;
            var newonload = function(evt) {
                curronload(evt);
                create_ezolpl(pvID, rv);
            };
            window.onload = newonload;
        } else {
            window.onload = create_ezolpl.bind(null, pvID, rv);
        }
    }
}

__ez.queue.addFunc("attach_ezolpl", "attach_ezolpl", ["98ce3cf1-4dd8-4c45-692d-a07731d26fb6", "false"], false, ['/detroitchicago/boise.js'], true, false, false, false);
</script></head>
    <body>
        <div class="flex-center position-ref full-height">
            <div class="code">
                429            </div>

            <div class="message" style="padding: 10px;">
                Too Many Requests            </div>
        </div>
    <script type="text/javascript" style='display:none;'>var __ez_dims = (function() {
		var setCookie = function( name, content, expiry ) {
			return document.cookie = name+'='+content+((expiry)?';expires='+(new Date(Math.floor(new Date().getTime()+expiry*1000)).toUTCString()):'')+';path=/';
		};
		var ffid = 1;
		var oh = window.screen.height;
		var ow = window.screen.width;
		var h = ffid === 1 ? oh : (oh > ow) ? oh : ow;
		var w = ffid === 1 ? ow : (oh > ow) ? ow : oh;
		var uh = window.innerHeight || document.documentElement.clientHeight || document.getElementsByTagName('body')[0].clientHeight;
		var uw = window.innerWidth || document.documentElement.clientWidth || document.getElementsByTagName('body')[0].clientWidth;
		setCookie('ezds', encodeURIComponent('ffid='+ffid+',w='+w+',h='+h), (31536e3*7));
		setCookie('ezohw', encodeURIComponent('w='+uw+',h='+uh), (31536e3*7));
	})();</script><script type='text/javascript' style='display:none;' async>
__ez.queue.addFile('edmonton.php', '/detroitchicago/edmonton.webp?a=a&cb=191-6&shcb=34', true, ['/detroitchicago/minneapolis.js'], true, false, false, false);
__ez.queue.addFile('jellyfish.php', '/porpoiseant/jellyfish.webp?a=a&cb=191-6&shcb=34', false, [], true, false, false, false);
</script>

<script type='text/javascript' data-cfasync='false'></script></body>
</html>


19:11:35.163 [ForkJoinPool-1-worker-1] WARN com.intuit.karate - xml parsing failed, response data type set to string: org.xml.sax.SAXParseException; lineNumber: 4; columnNumber: 74; Attribute name "data-pagespeed-no-defer" associated with an element type "script" must be followed by the ' = ' character.
19:11:35.164 [ForkJoinPool-1-worker-1] ERROR com.intuit.karate - status code was: 429, expected: 200, response time: 1011, url: http://dummy.restapiexample.com/api/v1/employee/4525, response: <!DOCTYPE html>
<html lang="en">
    <head><meta charset="utf-8">
<script data-ezscrex='false' data-cfasync='false' data-pagespeed-no-defer>var __ez=__ez||{};__ez.stms=Date.now();__ez.evt={};__ez.script={};__ez.ck=__ez.ck||{};__ez.template={};__ez.template.isOrig=false;__ez.queue=(function(){var count=0,incr=0,items=[],timeDelayFired=false,hpItems=[],lpItems=[],allowLoad=true;var obj={func:function(name,funcName,parameters,isBlock,blockedBy,deleteWhenComplete,proceedIfError){var self=this;this.name=name;this.funcName=funcName;this.parameters=parameters===null?null:(parameters instanceof Array)?parameters:[parameters];this.isBlock=isBlock;this.blockedBy=blockedBy;this.deleteWhenComplete=deleteWhenComplete;this.isError=false;this.isComplete=false;this.isInitialized=false;this.proceedIfError=proceedIfError;this.isTimeDelay=false;this.process=function(){log("... func = "+name);self.isInitialized=true;self.isComplete=true;log("... func.apply: "+name);var funcs=self.funcName.split('.');var func=null;if(funcs.length>3){}else if(funcs.length===3){func=window[funcs[0]][funcs[1]][funcs[2]];}else if(funcs.length===2){func=window[funcs[0]][funcs[1]];}else{func=window[self.funcName];}
if(typeof func!=='undefined'&&func!==null){func.apply(null,this.parameters);}
if(self.deleteWhenComplete===true)delete items[name];if(self.isBlock===true){log("----- F'D: "+self.name);processAll();}}},file:function(name,path,isBlock,blockedBy,async,defer,proceedIfError){var self=this;this.name=name;this.path=path;this.async=async;this.defer=defer;this.isBlock=isBlock;this.blockedBy=blockedBy;this.isInitialized=false;this.isError=false;this.isComplete=false;this.proceedIfError=proceedIfError;this.isTimeDelay=false;this.process=function(){self.isInitialized=true;log("... file = "+name);var scr=document.createElement('script');scr.src=path;if(async===true)scr.async=true;else if(defer===true)scr.defer=true;scr.onerror=function(){log("----- ERR'D: "+self.name);self.isError=true;if(self.isBlock===true){processAll();}};scr.onreadystatechange=scr.onload=function(){var state=scr.readyState;log("----- F'D: "+self.name);if((!state||/loaded|complete/.test(state))){self.isComplete=true;if(self.isBlock===true){processAll();}}};document.getElementsByTagName('head')[0].appendChild(scr);}}};function init(){window.addEventListener("load",function(){setTimeout(function(){timeDelayFired=true;log('TDELAY -----');processAll();},5000);},false);}
function addFile(name,path,isBlock,blockedBy,async,defer,proceedIfError,priority){var item=new obj.file(name,path,isBlock,blockedBy,async,defer,proceedIfError);if(priority===true){hpItems[name]=item}else{lpItems[name]=item}
items[name]=item;checkIfBlocked(item);}
function setallowLoad(settobool){allowLoad=settobool}
function addFunc(name,func,parameters,isBlock,blockedBy,autoInc,deleteWhenComplete,proceedIfError,priority){if(autoInc===true)name=name+"_"+incr++;var item=new obj.func(name,func,parameters,isBlock,blockedBy,deleteWhenComplete,proceedIfError);if(priority===true){hpItems[name]=item}else{lpItems[name]=item}
items[name]=item;checkIfBlocked(item);}
function addTimeDelayFile(name,path){var item=new obj.file(name,path,false,[],false,false,true);item.isTimeDelay=true;log(name+' ... '+' FILE! TDELAY');lpItems[name]=item;items[name]=item;checkIfBlocked(item);}
function addTimeDelayFunc(name,func,parameters){var item=new obj.func(name,func,parameters,false,[],true,true);item.isTimeDelay=true;log(name+' ... '+' FUNCTION! TDELAY');lpItems[name]=item;items[name]=item;checkIfBlocked(item);}
function checkIfBlocked(item){if(isBlocked(item)===true||allowLoad==false)return;item.process();}
function isBlocked(item){if(item.isTimeDelay===true&&timeDelayFired===false){log(item.name+" blocked = TIME DELAY!");return true;}
if(item.blockedBy instanceof Array){for(var i=0;i<item.blockedBy.length;i++){var block=item.blockedBy[i];if(items.hasOwnProperty(block)===false){log(item.name+" blocked = "+block);return true;}else if(item.proceedIfError===true&&items[block].isError===true){return false;}else if(items[block].isComplete===false){log(item.name+" blocked = "+block);return true;}}}
return false;}
function log(msg){var href=window.location.href;var reg=new RegExp('[?&]ezq=([^&#]*)','i');var string=reg.exec(href);var res=string?string[1]:null;if(res==="1")console.debug(msg);}
function processAll(){count++;if(count>200)return;log("let's go");processItems(hpItems);processItems(lpItems);}
function processItems(list){for(var i in list){if(list.hasOwnProperty(i)===false)continue;var item=list[i];if(item.isComplete===true||isBlocked(item)||item.isInitialized===true||item.isError===true){if(item.isError===true){log(item.name+': error')}else if(item.isComplete===true){log(item.name+': complete already')}else if(item.isInitialized===true){log(item.name+': initialized already')}}else{item.process();}}}
init();return{addFile:addFile,addDelayFile:addTimeDelayFile,addFunc:addFunc,addDelayFunc:addTimeDelayFunc,items:items,processAll:processAll,setallowLoad:setallowLoad};})();__ez.evt.add=function(e,t,n){e.addEventListener?e.addEventListener(t,n,!1):e.attachEvent?e.attachEvent("on"+t,n):e["on"+t]=n()},__ez.evt.remove=function(e,t,n){e.removeEventListener?e.removeEventListener(t,n,!1):e.detachEvent?e.detachEvent("on"+t,n):delete e["on"+t]};__ez.script.add=function(e){var t=document.createElement("script");t.src=e,t.async=!0,t.type="text/javascript",document.getElementsByTagName("head")[0].appendChild(t)};__ez.queue.addFile('/detroitchicago/boise.js', '/detroitchicago/boise.js?gcb=191-6&cb=1', false, [], true, false, true, false);__ez.dot={};__ez.queue.addFile('/detroitchicago/memphis.js', '/detroitchicago/memphis.js?gcb=191-6&cb=2', false, [], true, false, true, false);__ez.queue.addFile('/detroitchicago/minneapolis.js', '/detroitchicago/minneapolis.js?gcb=191-6&cb=1', false, [], true, false, true, false);__ez.vep=(function(){var pixels=[],pxURL="/detroitchicago/grapefruit.gif";function AddPixel(vID,pixelData){if(__ez.dot.isDefined(vID)&&__ez.dot.isValid(pixelData)){pixels.push({type:'video',video_impression_id:vID,domain_id:__ez.dot.getDID(),t_epoch:__ez.dot.getEpoch(0),data:__ez.dot.dataToStr(pixelData)});}}
function Fire(){if(typeof document.visibilityState!=='undefined'&&document.visibilityState==="prerender"){return;}
if(__ez.dot.isDefined(pixels)&&pixels.length>0){while(pixels.length>0){var j=5;if(j>pixels.length){j=pixels.length;}
var pushPixels=pixels.splice(0,j);(new Image()).src=__ez.dot.getURL(pxURL)+"?orig="+(__ez.template.isOrig===true?1:0)+"&v="+btoa(JSON.stringify(pushPixels));}}
pixels=[];}
return{Add:AddPixel,Fire:Fire};})();</script><script data-ezscrex='false' data-cfasync='false' data-pagespeed-no-defer>__ez.pel=(function(){var pixels=[],pxURL="/porpoiseant/army.gif";function AddAndFirePixel(adSlot,pixelData){AddPixel(adSlot,pixelData,0,0,0,0,0);Fire();}
function AddAndFireOrigPixel(adSlot,pixelData){AddPixel(adSlot,pixelData,0,0,0,0,0,true);Fire();}
function GetCurrentPixels(){return pixels;}
function AddPixel(adSlot,pixelData,revenue,est_revenue,bid_floor_filled,bid_floor_prev,stat_source_id,isOrig){if(!__ez.dot.isDefined(adSlot)||__ez.dot.isAnyDefined(adSlot.getSlotElementId,adSlot.ElementId)==false){return;}
var ad_position_id=parseInt(__ez.dot.getTargeting(adSlot,'ap'));var impId=__ez.dot.getSlotIID(adSlot),adUnit=__ez.dot.getAdUnit(adSlot,isOrig);var compId=parseInt(__ez.dot.getTargeting(adSlot,"compid"));var lineItemId=0;var creativeId=0;var ezimData=getEzimData(adSlot);if(typeof ezimData=='object'){if(ezimData.creative_id!==undefined){creativeId=ezimData.creative_id;}
if(ezimData.line_item_id!==undefined){lineItemId=ezimData.line_item_id;}}
if(__ez.dot.isDefined(impId,adUnit)&&__ez.dot.isValid(pixelData)){pixels.push({type:"impression",impression_id:impId,domain_id:__ez.dot.getDID(),unit:adUnit,t_epoch:__ez.dot.getEpoch(0),revenue:revenue,est_revenue:est_revenue,ad_position:ad_position_id,ad_size:"",bid_floor_filled:bid_floor_filled,bid_floor_prev:bid_floor_prev,stat_source_id:stat_source_id,country_code:__ez.dot.getCC(),pageview_id:__ez.dot.getPageviewId(),comp_id:compId,line_item_id:lineItemId,creative_id:creativeId,data:__ez.dot.dataToStr(pixelData),is_orig:isOrig||__ez.template.isOrig,});}}
function AddPixelById(impFullId,pixelData,isOrig){var vals=impFullId.split('/');if(__ez.dot.isDefined(impFullId)&&vals.length===3&&__ez.dot.isValid(pixelData)){var adUnit=vals[0],impId=vals[2];pixels.push({type:"impression",impression_id:impId,domain_id:__ez.dot.getDID(),unit:adUnit,t_epoch:__ez.dot.getEpoch(0),pageview_id:__ez.dot.getPageviewId(),data:__ez.dot.dataToStr(pixelData),is_orig:isOrig||__ez.template.isOrig});}}
function Fire(){if(typeof document.visibilityState!=='undefined'&&document.visibilityState==="prerender")return;if(__ez.dot.isDefined(pixels)&&pixels.length>0){var allPixels=[pixels.filter(function(pixel){return pixel.is_orig}),pixels.filter(function(pixel){return!pixel.is_orig})];allPixels.forEach(function(pixels){while(pixels.length>0){var isOrig=pixels[0].is_orig||false;var j=5;if(j>pixels.length){j=pixels.length;}
var pushPixels=pixels.splice(0,j);var pixelURL=__ez.dot.getURL(pxURL)+"?orig="+(isOrig===true?1:0)+"&sts="+btoa(JSON.stringify(pushPixels));if(typeof window.isAmp!=='undefined'&&isAmp&&typeof window._ezaq!=='undefined'&&_ezaq.hasOwnProperty("domain_id")){pixelURL+="&visit_uuid="+_ezaq['visit_uuid'];}
(new Image()).src=pixelURL;}})}
pixels=[];}
function getEzimData(adSlot){if(typeof _ezim_d=="undefined"){return false}
var adUnitName=__ez.dot.getAdUnitPath(adSlot).split('/').pop();if(typeof _ezim_d==='object'&&_ezim_d.hasOwnProperty(adUnitName)){return _ezim_d[adUnitName];}
for(var ezimKey in _ezim_d){if(ezimKey.split('/').pop()===adUnitName){return _ezim_d[ezimKey];}}
return false;}
return{Add:AddPixel,AddAndFire:AddAndFirePixel,AddAndFireOrig:AddAndFireOrigPixel,AddById:AddPixelById,Fire:Fire,GetPixels:GetCurrentPixels,};})();__ez.queue.addFile('/detroitchicago/raleigh.js', '/detroitchicago/raleigh.js?gcb=191-6&cb=2', false, [], true, false, true, false);__ez.queue.addFile('/detroitchicago/tampa.js', '/detroitchicago/tampa.js?gcb=191-6&cb=1', false, [], true, false, true, false);</script>
<script data-ezscrex="false" type="text/javascript" data-cfasync="false">var _ezaq = {"ad_cache_level":0,"ad_count_adjustment":0,"ad_lazyload_version":0,"ad_location_ids":"","ad_transform_level":0,"adx_ad_count":0,"bidder_method":1,"bidder_version":3,"city":"Noida","country":"IN","days_since_last_visit":-1,"display_ad_count":0,"domain_id":133674,"ds_adsize_opt_id":-1,"engaged_time_visit":0,"ezcache_level":1,"forensiq_score":-1,"form_factor_id":1,"framework_id":1,"has_bad_image":0,"has_bad_words":0,"iab_category":"","is_from_recommended_pages":false,"is_return_visitor":false,"is_sitespeed":0,"last_page_load":"","last_pageview_id":"","lt_cache_level":0,"max_ads":0,"metro_code":0,"optimization_version":1,"page_ad_positions":"","page_view_count":0,"page_view_id":"98ce3cf1-4dd8-4c45-692d-a07731d26fb6","position_selection_id":0,"postal_code":"110091","pv_event_count":0,"response_time_orig":960,"serverid":"65.0.20.100:22132","state":"UP","sub_page_ad_positions":"","t_epoch":1607002893,"template_id":0,"time_on_site_visit":0,"url":"http://dummy.restapiexample.com/api/v1/employee/4525","user_id":0,"word_count":0,"worst_bad_word_level":0};var _ezim_d = null;var _ezat = {"domain_id":133674,"form_factor_id":1,"framework_id":1,"pageview_date":"2020-12-03","pageview_id":"98ce3cf1-4dd8-4c45-692d-a07731d26fb6","template_id":0,"url":"http://dummy.restapiexample.com/api/v1/employee/4525","visit_uuid":"d3ffc711-89c8-4fd2-7024-e97d43f0473d"};</script><script data-ezscrex='false' data-pagespeed-no-defer data-cfasync='false' type="text/javascript">__ez.queue.addFile('banger.js', '/porpoiseant/banger.js?cb=191-6&bv=92&v=35&PageSpeed=off', true, [], true, false, false, true);</script>
<script data-ezscrex="false" data-cfasync="false">(function(){if("function"===typeof window.CustomEvent)return!1;window.CustomEvent=function(c,a){a=a||{bubbles:!1,cancelable:!1,detail:null};var b=document.createEvent("CustomEvent");b.initCustomEvent(c,a.bubbles,a.cancelable,a.detail);return b}})();</script><script data-ezscrex="false" data-cfasync="false">__ez.queue.addFile('/detroitchicago/tulsa.js', '/detroitchicago/tulsa.js?gcb=191-6&cb=5', false, [], true, false, true, false);</script>
        
        <meta name="viewport" content="width=device-width, initial-scale=1">

        <title>Too Many Requests</title>

        <!-- Fonts -->
        <link rel="dns-prefetch" href="//fonts.gstatic.com">
        <link href="https://fonts.googleapis.com/css?family=Nunito" rel="stylesheet">

        <!-- Styles -->
        <style>
            html, body {
                background-color: #fff;
                color: #636b6f;
                font-family: 'Nunito', sans-serif;
                font-weight: 100;
                height: 100vh;
                margin: 0;
            }

            .full-height {
                height: 100vh;
            }

            .flex-center {
                align-items: center;
                display: flex;
                justify-content: center;
            }

            .position-ref {
                position: relative;
            }

            .code {
                border-right: 2px solid;
                font-size: 26px;
                padding: 0 15px 0 15px;
                text-align: center;
            }

            .message {
                font-size: 18px;
                text-align: center;
            }
        </style>
    
<script data-ezscrex="false" data-cfasync="false" type="text/javascript">window.google_analytics_uacct = "UA-131129777-14";</script>
<script data-ezscrex="false" data-cfasync="false" type="text/javascript">
var _gaq = _gaq || [];
_gaq.push(function(){
	_gat._createTracker('UA-131129777-14', 'e');
});
_gaq.push(function(){
	_gat._createTracker('UA-38339005-1', 'f');
});
_gaq.push(['e._setDomainName', 'restapiexample.com']);
_gaq.push(['f._setDomainName', 'restapiexample.com']);
_gaq.push(['e._setCustomVar',1,'template','pub_site_noads',3]);
_gaq.push(['e._setCustomVar',2,'t','147',3]);
_gaq.push(['e._setCustomVar',3,'rid','0',2]);
_gaq.push(['e._setCustomVar',4,'bra','mod1',3]);
_gaq.push(['e._setAllowAnchor',true]);
_gaq.push(['e._setSiteSpeedSampleRate', 10]);
_gaq.push(['f._setCustomVar',1,'template','pub_site_noads',3]);
_gaq.push(['f._setCustomVar',2,'domain','restapiexample.com',3]);
_gaq.push(['f._setSiteSpeedSampleRate', 20]);
_gaq.push(['e._trackPageview']);
_gaq.push(['f._trackPageview']);


(function() {
 var ga = document.createElement('script'); ga.type = 'text/javascript'; ga.async = true;
 ga.src = ('https:' == document.location.protocol ? 'https://ssl' : 'http://www') + '.google-analytics.com/ga.js';
 var s = document.getElementsByTagName('script')[0]; s.parentNode.insertBefore(ga, s);
})();
</script>
<script type="text/javascript">var ezouid = "1";</script><base href="http://dummy.restapiexample.com/api/v1/employee/4525"><script type='text/javascript'>
var ezoTemplate = 'pub_site_noads';
if(typeof ezouid == 'undefined')
{
    var ezouid = 'none';
}
var ezoFormfactor = '1';
var ezo_elements_to_check = Array();
</script><!-- START EZHEAD -->
<script data-ezscrex="false" type='text/javascript'>
var soc_app_id = '0';
var did = 133674;
var ezdomain = 'restapiexample.com';
var ezoicSearchable = 1;
</script>
<!--{jquery}-->
<!-- END EZHEAD -->
<script data-ezscrex='false' data-pagespeed-no-defer data-cfasync='false' type='text/javascript' style='display:none'>
__ez.queue.addFile('__ezf_ezosuigeneris', '//g.ezoic.net/ezosuigeneris.js', true, [], true, false, false, false);
var __ez_ezosuigenerisEvt = function() { if(typeof(ezosuigeneris) != 'undefined'){__ez.bit.AddAndFire(_ezaq['page_view_id'], [(new __ezDotData('universal_user_id', ezosuigeneris))]); }};
__ez.queue.addFunc('__ez_ezosuigenerisEvt', '__ez_ezosuigenerisEvt', null, false, ['__ezf_ezosuigeneris','/detroitchicago/minneapolis.js','/detroitchicago/memphis.js'], false, false, false, false);</script><script data-ezscrex='false' data-pagespeed-no-defer data-cfasync='false' type='text/javascript' style='display:none'>__ez.queue.addFile('__ezf_ezosuigenerisc', '//g.ezoic.net/ezosuigenerisc.js?nogen=1', true, ["/detroitchicago/boise.js"], true, false, false, false);</script>
<script data-ezscrex='false' data-pagespeed-no-defer data-cfasync='false'>
function create_ezolpl(pvID, rv) {
    var d = new Date();
    d.setTime(d.getTime() + (365*24*60*60*1000));
    var expires = "expires="+d.toUTCString();
    __ez.ck.setByCat("ezux_lpl_133674=" + new Date().getTime() + "|" + pvID + "|" + rv + "; " + expires, 3);
}
function attach_ezolpl(pvID, rv) {
    if (document.readyState === "complete") {
        create_ezolpl(pvID, rv);
    }
    if(window.attachEvent) {
        window.attachEvent("onload", create_ezolpl, pvID, rv);
    } else {
        if(window.onload) {
            var curronload = window.onload;
            var newonload = function(evt) {
                curronload(evt);
                create_ezolpl(pvID, rv);
            };
            window.onload = newonload;
        } else {
            window.onload = create_ezolpl.bind(null, pvID, rv);
        }
    }
}

__ez.queue.addFunc("attach_ezolpl", "attach_ezolpl", ["98ce3cf1-4dd8-4c45-692d-a07731d26fb6", "false"], false, ['/detroitchicago/boise.js'], true, false, false, false);
</script></head>
    <body>
        <div class="flex-center position-ref full-height">
            <div class="code">
                429            </div>

            <div class="message" style="padding: 10px;">
                Too Many Requests            </div>
        </div>
    <script type="text/javascript" style='display:none;'>var __ez_dims = (function() {
		var setCookie = function( name, content, expiry ) {
			return document.cookie = name+'='+content+((expiry)?';expires='+(new Date(Math.floor(new Date().getTime()+expiry*1000)).toUTCString()):'')+';path=/';
		};
		var ffid = 1;
		var oh = window.screen.height;
		var ow = window.screen.width;
		var h = ffid === 1 ? oh : (oh > ow) ? oh : ow;
		var w = ffid === 1 ? ow : (oh > ow) ? ow : oh;
		var uh = window.innerHeight || document.documentElement.clientHeight || document.getElementsByTagName('body')[0].clientHeight;
		var uw = window.innerWidth || document.documentElement.clientWidth || document.getElementsByTagName('body')[0].clientWidth;
		setCookie('ezds', encodeURIComponent('ffid='+ffid+',w='+w+',h='+h), (31536e3*7));
		setCookie('ezohw', encodeURIComponent('w='+uw+',h='+uh), (31536e3*7));
	})();</script><script type='text/javascript' style='display:none;' async>
__ez.queue.addFile('edmonton.php', '/detroitchicago/edmonton.webp?a=a&cb=191-6&shcb=34', true, ['/detroitchicago/minneapolis.js'], true, false, false, false);
__ez.queue.addFile('jellyfish.php', '/porpoiseant/jellyfish.webp?a=a&cb=191-6&shcb=34', false, [], true, false, false, false);
</script>

<script type='text/javascript' data-cfasync='false'></script></body>
</html>

19:11:35.169 [pool-1-thread-1] INFO com.intuit.karate.Runner - <<fail>> feature 11 of 22: classpath:featurefiles/karate08.feature
---------------------------------------------------------
feature: classpath:featurefiles/karate08.feature
report: build\surefire-reports\featurefiles.karate08.json
scenarios:  1 | passed:  0 | failed:  1 | time: 2.1635
---------------------------------------------------------
19:11:35.177 [ForkJoinPool-1-worker-1] INFO com.intuit.karate - from karate-config.js 
19:11:35.177 [ForkJoinPool-1-worker-1] DEBUG com.jayway.jsonpath.internal.path.CompiledPath - Evaluating path: $
19:11:35.181 [ForkJoinPool-1-worker-1] DEBUG org.apache.http.client.protocol.RequestAddCookies - CookieSpec selected: karate
19:11:35.181 [ForkJoinPool-1-worker-1] DEBUG org.apache.http.client.protocol.RequestAuthCache - Auth cache not set in the context
19:11:35.181 [ForkJoinPool-1-worker-1] DEBUG com.intuit.karate - request:
1 > GET https://reqres.in/api/users%3Fpage=2
1 > Accept-Encoding: gzip,deflate
1 > Connection: Keep-Alive
1 > Host: reqres.in
1 > User-Agent: Apache-HttpClient/4.5.12 (Java/1.8.0_251)

19:11:35.181 [ForkJoinPool-1-worker-1] DEBUG org.apache.http.impl.conn.PoolingHttpClientConnectionManager - Connection request: [route: {s}->https://reqres.in:443][total available: 0; route allocated: 0 of 5; total allocated: 0 of 10]
19:11:35.181 [ForkJoinPool-1-worker-1] DEBUG org.apache.http.impl.conn.PoolingHttpClientConnectionManager - Connection leased: [id: 9][route: {s}->https://reqres.in:443][total available: 0; route allocated: 1 of 5; total allocated: 1 of 10]
19:11:35.181 [ForkJoinPool-1-worker-1] DEBUG org.apache.http.impl.execchain.MainClientExec - Opening connection {s}->https://reqres.in:443
19:11:35.181 [ForkJoinPool-1-worker-1] DEBUG org.apache.http.impl.conn.DefaultHttpClientConnectionOperator - Connecting to reqres.in/104.27.135.11:443
19:11:35.181 [ForkJoinPool-1-worker-1] DEBUG org.apache.http.conn.ssl.SSLConnectionSocketFactory - Connecting socket to reqres.in/104.27.135.11:443 with timeout 30000
19:11:35.199 [ForkJoinPool-1-worker-1] DEBUG org.apache.http.conn.ssl.SSLConnectionSocketFactory - Enabled protocols: [TLSv1, TLSv1.1, TLSv1.2]
19:11:35.199 [ForkJoinPool-1-worker-1] DEBUG org.apache.http.conn.ssl.SSLConnectionSocketFactory - Enabled cipher suites:[TLS_ECDHE_ECDSA_WITH_AES_256_CBC_SHA384, TLS_ECDHE_RSA_WITH_AES_256_CBC_SHA384, TLS_RSA_WITH_AES_256_CBC_SHA256, TLS_ECDH_ECDSA_WITH_AES_256_CBC_SHA384, TLS_ECDH_RSA_WITH_AES_256_CBC_SHA384, TLS_DHE_RSA_WITH_AES_256_CBC_SHA256, TLS_DHE_DSS_WITH_AES_256_CBC_SHA256, TLS_ECDHE_ECDSA_WITH_AES_256_CBC_SHA, TLS_ECDHE_RSA_WITH_AES_256_CBC_SHA, TLS_RSA_WITH_AES_256_CBC_SHA, TLS_ECDH_ECDSA_WITH_AES_256_CBC_SHA, TLS_ECDH_RSA_WITH_AES_256_CBC_SHA, TLS_DHE_RSA_WITH_AES_256_CBC_SHA, TLS_DHE_DSS_WITH_AES_256_CBC_SHA, TLS_ECDHE_ECDSA_WITH_AES_128_CBC_SHA256, TLS_ECDHE_RSA_WITH_AES_128_CBC_SHA256, TLS_RSA_WITH_AES_128_CBC_SHA256, TLS_ECDH_ECDSA_WITH_AES_128_CBC_SHA256, TLS_ECDH_RSA_WITH_AES_128_CBC_SHA256, TLS_DHE_RSA_WITH_AES_128_CBC_SHA256, TLS_DHE_DSS_WITH_AES_128_CBC_SHA256, TLS_ECDHE_ECDSA_WITH_AES_128_CBC_SHA, TLS_ECDHE_RSA_WITH_AES_128_CBC_SHA, TLS_RSA_WITH_AES_128_CBC_SHA, TLS_ECDH_ECDSA_WITH_AES_128_CBC_SHA, TLS_ECDH_RSA_WITH_AES_128_CBC_SHA, TLS_DHE_RSA_WITH_AES_128_CBC_SHA, TLS_DHE_DSS_WITH_AES_128_CBC_SHA, TLS_ECDHE_ECDSA_WITH_AES_256_GCM_SHA384, TLS_ECDHE_ECDSA_WITH_AES_128_GCM_SHA256, TLS_ECDHE_RSA_WITH_AES_256_GCM_SHA384, TLS_RSA_WITH_AES_256_GCM_SHA384, TLS_ECDH_ECDSA_WITH_AES_256_GCM_SHA384, TLS_ECDH_RSA_WITH_AES_256_GCM_SHA384, TLS_DHE_RSA_WITH_AES_256_GCM_SHA384, TLS_DHE_DSS_WITH_AES_256_GCM_SHA384, TLS_ECDHE_RSA_WITH_AES_128_GCM_SHA256, TLS_RSA_WITH_AES_128_GCM_SHA256, TLS_ECDH_ECDSA_WITH_AES_128_GCM_SHA256, TLS_ECDH_RSA_WITH_AES_128_GCM_SHA256, TLS_DHE_RSA_WITH_AES_128_GCM_SHA256, TLS_DHE_DSS_WITH_AES_128_GCM_SHA256, TLS_EMPTY_RENEGOTIATION_INFO_SCSV]
19:11:35.199 [ForkJoinPool-1-worker-1] DEBUG org.apache.http.conn.ssl.SSLConnectionSocketFactory - Starting handshake
19:11:35.225 [ForkJoinPool-1-worker-1] DEBUG org.apache.http.conn.ssl.SSLConnectionSocketFactory - Secure session established
19:11:35.225 [ForkJoinPool-1-worker-1] DEBUG org.apache.http.conn.ssl.SSLConnectionSocketFactory -  negotiated protocol: TLSv1.2
19:11:35.225 [ForkJoinPool-1-worker-1] DEBUG org.apache.http.conn.ssl.SSLConnectionSocketFactory -  negotiated cipher suite: TLS_ECDHE_ECDSA_WITH_AES_128_GCM_SHA256
19:11:35.225 [ForkJoinPool-1-worker-1] DEBUG org.apache.http.conn.ssl.SSLConnectionSocketFactory -  peer principal: CN=sni.cloudflaressl.com, O="Cloudflare, Inc.", L=San Francisco, ST=CA, C=US
19:11:35.225 [ForkJoinPool-1-worker-1] DEBUG org.apache.http.conn.ssl.SSLConnectionSocketFactory -  peer alternative names: [reqres.in, sni.cloudflaressl.com, *.reqres.in]
19:11:35.225 [ForkJoinPool-1-worker-1] DEBUG org.apache.http.conn.ssl.SSLConnectionSocketFactory -  issuer principal: CN=Cloudflare Inc ECC CA-3, O="Cloudflare, Inc.", C=US
19:11:35.226 [ForkJoinPool-1-worker-1] DEBUG org.apache.http.impl.conn.DefaultHttpClientConnectionOperator - Connection established 192.168.1.87:53461<->104.27.135.11:443
19:11:35.226 [ForkJoinPool-1-worker-1] DEBUG org.apache.http.impl.conn.DefaultManagedHttpClientConnection - http-outgoing-9: set socket timeout to 30000
19:11:35.226 [ForkJoinPool-1-worker-1] DEBUG org.apache.http.impl.execchain.MainClientExec - Executing request GET /api/users%3Fpage=2 HTTP/1.1
19:11:35.226 [ForkJoinPool-1-worker-1] DEBUG org.apache.http.impl.execchain.MainClientExec - Target auth state: UNCHALLENGED
19:11:35.226 [ForkJoinPool-1-worker-1] DEBUG org.apache.http.impl.execchain.MainClientExec - Proxy auth state: UNCHALLENGED
19:11:35.226 [ForkJoinPool-1-worker-1] DEBUG org.apache.http.headers - http-outgoing-9 >> GET /api/users%3Fpage=2 HTTP/1.1
19:11:35.226 [ForkJoinPool-1-worker-1] DEBUG org.apache.http.headers - http-outgoing-9 >> Host: reqres.in
19:11:35.226 [ForkJoinPool-1-worker-1] DEBUG org.apache.http.headers - http-outgoing-9 >> Connection: Keep-Alive
19:11:35.226 [ForkJoinPool-1-worker-1] DEBUG org.apache.http.headers - http-outgoing-9 >> User-Agent: Apache-HttpClient/4.5.12 (Java/1.8.0_251)
19:11:35.226 [ForkJoinPool-1-worker-1] DEBUG org.apache.http.headers - http-outgoing-9 >> Accept-Encoding: gzip,deflate
19:11:35.226 [ForkJoinPool-1-worker-1] DEBUG org.apache.http.wire - http-outgoing-9 >> "GET /api/users%3Fpage=2 HTTP/1.1[\r][\n]"
19:11:35.226 [ForkJoinPool-1-worker-1] DEBUG org.apache.http.wire - http-outgoing-9 >> "Host: reqres.in[\r][\n]"
19:11:35.226 [ForkJoinPool-1-worker-1] DEBUG org.apache.http.wire - http-outgoing-9 >> "Connection: Keep-Alive[\r][\n]"
19:11:35.226 [ForkJoinPool-1-worker-1] DEBUG org.apache.http.wire - http-outgoing-9 >> "User-Agent: Apache-HttpClient/4.5.12 (Java/1.8.0_251)[\r][\n]"
19:11:35.226 [ForkJoinPool-1-worker-1] DEBUG org.apache.http.wire - http-outgoing-9 >> "Accept-Encoding: gzip,deflate[\r][\n]"
19:11:35.226 [ForkJoinPool-1-worker-1] DEBUG org.apache.http.wire - http-outgoing-9 >> "[\r][\n]"
19:11:35.258 [ForkJoinPool-1-worker-1] DEBUG org.apache.http.wire - http-outgoing-9 << "HTTP/1.1 200 OK[\r][\n]"
19:11:35.258 [ForkJoinPool-1-worker-1] DEBUG org.apache.http.wire - http-outgoing-9 << "Date: Thu, 03 Dec 2020 13:41:35 GMT[\r][\n]"
19:11:35.258 [ForkJoinPool-1-worker-1] DEBUG org.apache.http.wire - http-outgoing-9 << "Content-Type: application/json; charset=utf-8[\r][\n]"
19:11:35.258 [ForkJoinPool-1-worker-1] DEBUG org.apache.http.wire - http-outgoing-9 << "Transfer-Encoding: chunked[\r][\n]"
19:11:35.258 [ForkJoinPool-1-worker-1] DEBUG org.apache.http.wire - http-outgoing-9 << "Connection: keep-alive[\r][\n]"
19:11:35.258 [ForkJoinPool-1-worker-1] DEBUG org.apache.http.wire - http-outgoing-9 << "Set-Cookie: __cfduid=dc7f1e496530654dfb70094ffbb343bc71607002895; expires=Sat, 02-Jan-21 13:41:35 GMT; path=/; domain=.reqres.in; HttpOnly; SameSite=Lax; Secure[\r][\n]"
19:11:35.258 [ForkJoinPool-1-worker-1] DEBUG org.apache.http.wire - http-outgoing-9 << "X-Powered-By: Express[\r][\n]"
19:11:35.258 [ForkJoinPool-1-worker-1] DEBUG org.apache.http.wire - http-outgoing-9 << "Access-Control-Allow-Origin: *[\r][\n]"
19:11:35.258 [ForkJoinPool-1-worker-1] DEBUG org.apache.http.wire - http-outgoing-9 << "Etag: W/"2c1-N6Rqerxquq2kgQhL51EiSg4x0R8"[\r][\n]"
19:11:35.258 [ForkJoinPool-1-worker-1] DEBUG org.apache.http.wire - http-outgoing-9 << "Via: 1.1 vegur[\r][\n]"
19:11:35.258 [ForkJoinPool-1-worker-1] DEBUG org.apache.http.wire - http-outgoing-9 << "Cache-Control: max-age=14400[\r][\n]"
19:11:35.258 [ForkJoinPool-1-worker-1] DEBUG org.apache.http.wire - http-outgoing-9 << "CF-Cache-Status: HIT[\r][\n]"
19:11:35.258 [ForkJoinPool-1-worker-1] DEBUG org.apache.http.wire - http-outgoing-9 << "Age: 5[\r][\n]"
19:11:35.258 [ForkJoinPool-1-worker-1] DEBUG org.apache.http.wire - http-outgoing-9 << "cf-request-id: 06ca6f4a91000031a0dc00b000000001[\r][\n]"
19:11:35.258 [ForkJoinPool-1-worker-1] DEBUG org.apache.http.wire - http-outgoing-9 << "Expect-CT: max-age=604800, report-uri="https://report-uri.cloudflare.com/cdn-cgi/beacon/expect-ct"[\r][\n]"
19:11:35.258 [ForkJoinPool-1-worker-1] DEBUG org.apache.http.wire - http-outgoing-9 << "Report-To: {"endpoints":[{"url":"https:\/\/a.nel.cloudflare.com\/report?s=y0eENtHOtFYF7E2qfWunyxhtKYRfBKYNF0Y7JOZnqwPqtMZLKOf6x%2FfQbBpChuoijHd3k84rAuqd7BeW8hjJeu1rt97RBR2xx%2BU%3D"}],"group":"cf-nel","max_age":604800}[\r][\n]"
19:11:35.258 [ForkJoinPool-1-worker-1] DEBUG org.apache.http.wire - http-outgoing-9 << "NEL: {"report_to":"cf-nel","max_age":604800}[\r][\n]"
19:11:35.258 [ForkJoinPool-1-worker-1] DEBUG org.apache.http.wire - http-outgoing-9 << "Vary: Accept-Encoding[\r][\n]"
19:11:35.258 [ForkJoinPool-1-worker-1] DEBUG org.apache.http.wire - http-outgoing-9 << "Server: cloudflare[\r][\n]"
19:11:35.258 [ForkJoinPool-1-worker-1] DEBUG org.apache.http.wire - http-outgoing-9 << "CF-RAY: 5fbdb4bdb9b731a0-BOM[\r][\n]"
19:11:35.258 [ForkJoinPool-1-worker-1] DEBUG org.apache.http.wire - http-outgoing-9 << "Content-Encoding: gzip[\r][\n]"
19:11:35.258 [ForkJoinPool-1-worker-1] DEBUG org.apache.http.wire - http-outgoing-9 << "[\r][\n]"
19:11:35.258 [ForkJoinPool-1-worker-1] DEBUG org.apache.http.wire - http-outgoing-9 << "170[\r][\n]"
19:11:35.258 [ForkJoinPool-1-worker-1] DEBUG org.apache.http.wire - http-outgoing-9 << "[0x1f][0x8b][0x8][0x0][0x0][0x0][0x0][0x0][0x0][0x3]m[0xd1][0xcd]n[0xdb]0[0xc][0x7][0xf0]W[0xd1][0xd8][0xab][0xbc]X[0xb2]l'[0xba]5Y[0xf6][0x0]Eo[0xc5]P[0xb0]6[0x9b][0x8][0xf5],[0x85][0x92][0xba][0x15]A[0xde][0xbd][0xe8][0x7]\[0x17][0xf0]M[0x82][0xf8][0xff][0x81][0x14][0xcf][0x10][0xf0]@`[0x95][0x84]@|[0xff]qi$$[0x9f]p[0x0][0xab][0xf4][0xe7][0xf1][0xfd]%[0x82][0xd5][0x12]zL[0x8][0xf6][0xee][0xc][0xae]]]>&#x7f;<![CDATA[[0xcf][0x8d][0xf8][0x97][0xc0]BG[0x9c][0x7][0xc2][0x11]$[0xbc][0x10]2X][0x96][0xa5][0x84][0xce][0xf][0x9e][0xc1][0xc2][0xd5]f[0xbd][0xd5][0xbf][0x14]H[0x8]8&?[0xd2][0xfd]3[0xe][0xf9]-[0xa8][0xea][0xc2][0x94][0xba][0x84][0x8b][0xfc] [0xf5]D>[0xe6][0xee][0x18][0x1d][\n]"
19:11:35.258 [ForkJoinPool-1-worker-1] DEBUG org.apache.http.wire - http-outgoing-9 << "[0xf6][0x91][0xe6][0xac][0x9a][0xb1][0xbb][0xd6]Tm[0xbd][0xc4][0xb6][0x85].+5[0xb1][0xd5][0xc4]&[0xce]$[0x98][0xfa]9[0xa9]g[0xe4][0xf6][0xb7][0xda]Tz[0x89][0xdc][0x14][0xaa]i[0xcc]D[0x9a][0x89][0xc4]SF[0x11][0x9f]^[0xe6]d5#[0xdb][0xed][0xce][0xec][0xcc][0x12]i[\n]"
19:11:35.258 [ForkJoinPool-1-worker-1] DEBUG org.apache.http.wire - http-outgoing-9 << "[0xb3]V_][0xd6]_][0xba][0x3][0xf1][0xe0][0x86]o[0xa6][0x99][0x99]{][0xaf][0xab][0xfd][0xf2][0xe4][0xca][0xd4][0xcd]d6[0x93][0xf9]0d[0x12])[0xf3]){[0xf7][0xfd]K[0xeb][0x19]\W[0xdb][0xf2]z[0xbf][0xbc][0xa9]Z[0xab][0x16].]]>&#x7f;<![CDATA[$[0xc4][0x1c][0x82][0xe7][0x4][0xf6][0xc][0x99][0x7][0xb0]pL)D[0xbb]Z1[0x9d][0x98][0xe2]O7[0xae][0xae]>k[0x8a]#a[0xef][0xc6][0x3]HH[0xf4]?[0x81][0x85][/[0x9e][0x88][0x82][0xb8][0xa1][0xd3][\r]E[0xf1][0xc8]DRt~L[0xec][0x1e]rr~[0x8c]"[0xf9]]]>&#x7f;<![CDATA[[0xc8]}[0x14][0x91][0xf8][0x99]Xt>[0xa6]([0x90]I`[0x8]L[0x9d][0xc3]D[0xfd][0xf][0xb8]\^[0x1]0"
19:11:35.259 [ForkJoinPool-1-worker-1] DEBUG org.apache.http.headers - http-outgoing-9 << HTTP/1.1 200 OK
19:11:35.259 [ForkJoinPool-1-worker-1] DEBUG org.apache.http.headers - http-outgoing-9 << Date: Thu, 03 Dec 2020 13:41:35 GMT
19:11:35.259 [ForkJoinPool-1-worker-1] DEBUG org.apache.http.headers - http-outgoing-9 << Content-Type: application/json; charset=utf-8
19:11:35.259 [ForkJoinPool-1-worker-1] DEBUG org.apache.http.headers - http-outgoing-9 << Transfer-Encoding: chunked
19:11:35.259 [ForkJoinPool-1-worker-1] DEBUG org.apache.http.headers - http-outgoing-9 << Connection: keep-alive
19:11:35.259 [ForkJoinPool-1-worker-1] DEBUG org.apache.http.headers - http-outgoing-9 << Set-Cookie: __cfduid=dc7f1e496530654dfb70094ffbb343bc71607002895; expires=Sat, 02-Jan-21 13:41:35 GMT; path=/; domain=.reqres.in; HttpOnly; SameSite=Lax; Secure
19:11:35.259 [ForkJoinPool-1-worker-1] DEBUG org.apache.http.headers - http-outgoing-9 << X-Powered-By: Express
19:11:35.259 [ForkJoinPool-1-worker-1] DEBUG org.apache.http.headers - http-outgoing-9 << Access-Control-Allow-Origin: *
19:11:35.259 [ForkJoinPool-1-worker-1] DEBUG org.apache.http.headers - http-outgoing-9 << Etag: W/"2c1-N6Rqerxquq2kgQhL51EiSg4x0R8"
19:11:35.259 [ForkJoinPool-1-worker-1] DEBUG org.apache.http.headers - http-outgoing-9 << Via: 1.1 vegur
19:11:35.259 [ForkJoinPool-1-worker-1] DEBUG org.apache.http.headers - http-outgoing-9 << Cache-Control: max-age=14400
19:11:35.259 [ForkJoinPool-1-worker-1] DEBUG org.apache.http.headers - http-outgoing-9 << CF-Cache-Status: HIT
19:11:35.259 [ForkJoinPool-1-worker-1] DEBUG org.apache.http.headers - http-outgoing-9 << Age: 5
19:11:35.259 [ForkJoinPool-1-worker-1] DEBUG org.apache.http.headers - http-outgoing-9 << cf-request-id: 06ca6f4a91000031a0dc00b000000001
19:11:35.259 [ForkJoinPool-1-worker-1] DEBUG org.apache.http.headers - http-outgoing-9 << Expect-CT: max-age=604800, report-uri="https://report-uri.cloudflare.com/cdn-cgi/beacon/expect-ct"
19:11:35.259 [ForkJoinPool-1-worker-1] DEBUG org.apache.http.headers - http-outgoing-9 << Report-To: {"endpoints":[{"url":"https:\/\/a.nel.cloudflare.com\/report?s=y0eENtHOtFYF7E2qfWunyxhtKYRfBKYNF0Y7JOZnqwPqtMZLKOf6x%2FfQbBpChuoijHd3k84rAuqd7BeW8hjJeu1rt97RBR2xx%2BU%3D"}],"group":"cf-nel","max_age":604800}
19:11:35.259 [ForkJoinPool-1-worker-1] DEBUG org.apache.http.headers - http-outgoing-9 << NEL: {"report_to":"cf-nel","max_age":604800}
19:11:35.259 [ForkJoinPool-1-worker-1] DEBUG org.apache.http.headers - http-outgoing-9 << Vary: Accept-Encoding
19:11:35.259 [ForkJoinPool-1-worker-1] DEBUG org.apache.http.headers - http-outgoing-9 << Server: cloudflare
19:11:35.259 [ForkJoinPool-1-worker-1] DEBUG org.apache.http.headers - http-outgoing-9 << CF-RAY: 5fbdb4bdb9b731a0-BOM
19:11:35.259 [ForkJoinPool-1-worker-1] DEBUG org.apache.http.headers - http-outgoing-9 << Content-Encoding: gzip
19:11:35.259 [ForkJoinPool-1-worker-1] DEBUG org.apache.http.impl.execchain.MainClientExec - Connection can be kept alive indefinitely
19:11:35.259 [ForkJoinPool-1-worker-1] DEBUG org.apache.http.client.protocol.ResponseProcessCookies - Cookie accepted [__cfduid="dc7f1e496530654dfb70094ffbb343bc71607002895", version:0, domain:reqres.in, path:/, expiry:Sat Jan 02 19:11:35 IST 2021]
19:11:35.260 [ForkJoinPool-1-worker-1] DEBUG org.apache.http.wire - http-outgoing-9 << "[0x9f][0xa1]R[0xc1][0x2][0x0][0x0][\r][\n]"
19:11:35.260 [ForkJoinPool-1-worker-1] DEBUG org.apache.http.wire - http-outgoing-9 << "0[\r][\n]"
19:11:35.260 [ForkJoinPool-1-worker-1] DEBUG org.apache.http.wire - http-outgoing-9 << "[\r][\n]"
19:11:35.260 [ForkJoinPool-1-worker-1] DEBUG org.apache.http.impl.conn.PoolingHttpClientConnectionManager - Connection [id: 9][route: {s}->https://reqres.in:443] can be kept alive indefinitely
19:11:35.260 [ForkJoinPool-1-worker-1] DEBUG org.apache.http.impl.conn.DefaultManagedHttpClientConnection - http-outgoing-9: set socket timeout to 0
19:11:35.260 [ForkJoinPool-1-worker-1] DEBUG org.apache.http.impl.conn.PoolingHttpClientConnectionManager - Connection released: [id: 9][route: {s}->https://reqres.in:443][total available: 1; route allocated: 1 of 5; total allocated: 1 of 10]
19:11:35.260 [ForkJoinPool-1-worker-1] DEBUG com.intuit.karate - response time in milliseconds: 78.93
1 < 200
1 < Access-Control-Allow-Origin: *
1 < Age: 5
1 < CF-Cache-Status: HIT
1 < CF-RAY: 5fbdb4bdb9b731a0-BOM
1 < Cache-Control: max-age=14400
1 < Connection: keep-alive
1 < Content-Type: application/json; charset=utf-8
1 < Date: Thu, 03 Dec 2020 13:41:35 GMT
1 < Etag: W/"2c1-N6Rqerxquq2kgQhL51EiSg4x0R8"
1 < Expect-CT: max-age=604800, report-uri="https://report-uri.cloudflare.com/cdn-cgi/beacon/expect-ct"
1 < NEL: {"report_to":"cf-nel","max_age":604800}
1 < Report-To: {"endpoints":[{"url":"https:\/\/a.nel.cloudflare.com\/report?s=y0eENtHOtFYF7E2qfWunyxhtKYRfBKYNF0Y7JOZnqwPqtMZLKOf6x%2FfQbBpChuoijHd3k84rAuqd7BeW8hjJeu1rt97RBR2xx%2BU%3D"}],"group":"cf-nel","max_age":604800}
1 < Server: cloudflare
1 < Set-Cookie: __cfduid=dc7f1e496530654dfb70094ffbb343bc71607002895; expires=Sat, 02-Jan-21 13:41:35 GMT; path=/; domain=.reqres.in; HttpOnly; SameSite=Lax; Secure
1 < Transfer-Encoding: chunked
1 < Vary: Accept-Encoding
1 < Via: 1.1 vegur
1 < X-Powered-By: Express
1 < cf-request-id: 06ca6f4a91000031a0dc00b000000001
{"page":1,"per_page":6,"total":12,"total_pages":2,"data":[{"id":1,"name":"cerulean","year":2000,"color":"#98B2D1","pantone_value":"15-4020"},{"id":2,"name":"fuchsia rose","year":2001,"color":"#C74375","pantone_value":"17-2031"},{"id":3,"name":"true red","year":2002,"color":"#BF1932","pantone_value":"19-1664"},{"id":4,"name":"aqua sky","year":2003,"color":"#7BC4C4","pantone_value":"14-4811"},{"id":5,"name":"tigerlily","year":2004,"color":"#E2583E","pantone_value":"17-1456"},{"id":6,"name":"blue turquoise","year":2005,"color":"#53B0AE","pantone_value":"15-5217"}],"support":{"url":"https://reqres.in/#support-heading","text":"To keep ReqRes free, contributions towards server costs are appreciated!"}}

19:11:35.263 [ForkJoinPool-1-worker-1] DEBUG com.jayway.jsonpath.internal.path.CompiledPath - Evaluating path: $['page']
19:11:35.271 [ForkJoinPool-1-worker-1] INFO com.intuit.karate - from karate-config.js 
19:11:35.272 [ForkJoinPool-1-worker-1] DEBUG com.jayway.jsonpath.internal.path.CompiledPath - Evaluating path: $
19:11:35.277 [ForkJoinPool-1-worker-1] DEBUG org.apache.http.client.protocol.RequestAddCookies - CookieSpec selected: karate
19:11:35.277 [ForkJoinPool-1-worker-1] DEBUG org.apache.http.client.protocol.RequestAuthCache - Auth cache not set in the context
19:11:35.277 [ForkJoinPool-1-worker-1] DEBUG com.intuit.karate - request:
1 > GET https://reqres.in/api/users?page=2
1 > Accept-Encoding: gzip,deflate
1 > Connection: Keep-Alive
1 > Host: reqres.in
1 > User-Agent: Apache-HttpClient/4.5.12 (Java/1.8.0_251)

19:11:35.278 [ForkJoinPool-1-worker-1] DEBUG org.apache.http.impl.conn.PoolingHttpClientConnectionManager - Connection request: [route: {s}->https://reqres.in:443][total available: 0; route allocated: 0 of 5; total allocated: 0 of 10]
19:11:35.278 [ForkJoinPool-1-worker-1] DEBUG org.apache.http.impl.conn.PoolingHttpClientConnectionManager - Connection leased: [id: 10][route: {s}->https://reqres.in:443][total available: 0; route allocated: 1 of 5; total allocated: 1 of 10]
19:11:35.278 [ForkJoinPool-1-worker-1] DEBUG org.apache.http.impl.execchain.MainClientExec - Opening connection {s}->https://reqres.in:443
19:11:35.278 [ForkJoinPool-1-worker-1] DEBUG org.apache.http.impl.conn.DefaultHttpClientConnectionOperator - Connecting to reqres.in/104.27.135.11:443
19:11:35.278 [ForkJoinPool-1-worker-1] DEBUG org.apache.http.conn.ssl.SSLConnectionSocketFactory - Connecting socket to reqres.in/104.27.135.11:443 with timeout 30000
19:11:35.293 [ForkJoinPool-1-worker-1] DEBUG org.apache.http.conn.ssl.SSLConnectionSocketFactory - Enabled protocols: [TLSv1, TLSv1.1, TLSv1.2]
19:11:35.293 [ForkJoinPool-1-worker-1] DEBUG org.apache.http.conn.ssl.SSLConnectionSocketFactory - Enabled cipher suites:[TLS_ECDHE_ECDSA_WITH_AES_256_CBC_SHA384, TLS_ECDHE_RSA_WITH_AES_256_CBC_SHA384, TLS_RSA_WITH_AES_256_CBC_SHA256, TLS_ECDH_ECDSA_WITH_AES_256_CBC_SHA384, TLS_ECDH_RSA_WITH_AES_256_CBC_SHA384, TLS_DHE_RSA_WITH_AES_256_CBC_SHA256, TLS_DHE_DSS_WITH_AES_256_CBC_SHA256, TLS_ECDHE_ECDSA_WITH_AES_256_CBC_SHA, TLS_ECDHE_RSA_WITH_AES_256_CBC_SHA, TLS_RSA_WITH_AES_256_CBC_SHA, TLS_ECDH_ECDSA_WITH_AES_256_CBC_SHA, TLS_ECDH_RSA_WITH_AES_256_CBC_SHA, TLS_DHE_RSA_WITH_AES_256_CBC_SHA, TLS_DHE_DSS_WITH_AES_256_CBC_SHA, TLS_ECDHE_ECDSA_WITH_AES_128_CBC_SHA256, TLS_ECDHE_RSA_WITH_AES_128_CBC_SHA256, TLS_RSA_WITH_AES_128_CBC_SHA256, TLS_ECDH_ECDSA_WITH_AES_128_CBC_SHA256, TLS_ECDH_RSA_WITH_AES_128_CBC_SHA256, TLS_DHE_RSA_WITH_AES_128_CBC_SHA256, TLS_DHE_DSS_WITH_AES_128_CBC_SHA256, TLS_ECDHE_ECDSA_WITH_AES_128_CBC_SHA, TLS_ECDHE_RSA_WITH_AES_128_CBC_SHA, TLS_RSA_WITH_AES_128_CBC_SHA, TLS_ECDH_ECDSA_WITH_AES_128_CBC_SHA, TLS_ECDH_RSA_WITH_AES_128_CBC_SHA, TLS_DHE_RSA_WITH_AES_128_CBC_SHA, TLS_DHE_DSS_WITH_AES_128_CBC_SHA, TLS_ECDHE_ECDSA_WITH_AES_256_GCM_SHA384, TLS_ECDHE_ECDSA_WITH_AES_128_GCM_SHA256, TLS_ECDHE_RSA_WITH_AES_256_GCM_SHA384, TLS_RSA_WITH_AES_256_GCM_SHA384, TLS_ECDH_ECDSA_WITH_AES_256_GCM_SHA384, TLS_ECDH_RSA_WITH_AES_256_GCM_SHA384, TLS_DHE_RSA_WITH_AES_256_GCM_SHA384, TLS_DHE_DSS_WITH_AES_256_GCM_SHA384, TLS_ECDHE_RSA_WITH_AES_128_GCM_SHA256, TLS_RSA_WITH_AES_128_GCM_SHA256, TLS_ECDH_ECDSA_WITH_AES_128_GCM_SHA256, TLS_ECDH_RSA_WITH_AES_128_GCM_SHA256, TLS_DHE_RSA_WITH_AES_128_GCM_SHA256, TLS_DHE_DSS_WITH_AES_128_GCM_SHA256, TLS_EMPTY_RENEGOTIATION_INFO_SCSV]
19:11:35.293 [ForkJoinPool-1-worker-1] DEBUG org.apache.http.conn.ssl.SSLConnectionSocketFactory - Starting handshake
19:11:35.314 [ForkJoinPool-1-worker-1] DEBUG org.apache.http.conn.ssl.SSLConnectionSocketFactory - Secure session established
19:11:35.314 [ForkJoinPool-1-worker-1] DEBUG org.apache.http.conn.ssl.SSLConnectionSocketFactory -  negotiated protocol: TLSv1.2
19:11:35.314 [ForkJoinPool-1-worker-1] DEBUG org.apache.http.conn.ssl.SSLConnectionSocketFactory -  negotiated cipher suite: TLS_ECDHE_ECDSA_WITH_AES_128_GCM_SHA256
19:11:35.314 [ForkJoinPool-1-worker-1] DEBUG org.apache.http.conn.ssl.SSLConnectionSocketFactory -  peer principal: CN=sni.cloudflaressl.com, O="Cloudflare, Inc.", L=San Francisco, ST=CA, C=US
19:11:35.314 [ForkJoinPool-1-worker-1] DEBUG org.apache.http.conn.ssl.SSLConnectionSocketFactory -  peer alternative names: [reqres.in, sni.cloudflaressl.com, *.reqres.in]
19:11:35.314 [ForkJoinPool-1-worker-1] DEBUG org.apache.http.conn.ssl.SSLConnectionSocketFactory -  issuer principal: CN=Cloudflare Inc ECC CA-3, O="Cloudflare, Inc.", C=US
19:11:35.314 [ForkJoinPool-1-worker-1] DEBUG org.apache.http.impl.conn.DefaultHttpClientConnectionOperator - Connection established 192.168.1.87:53462<->104.27.135.11:443
19:11:35.314 [ForkJoinPool-1-worker-1] DEBUG org.apache.http.impl.conn.DefaultManagedHttpClientConnection - http-outgoing-10: set socket timeout to 30000
19:11:35.314 [ForkJoinPool-1-worker-1] DEBUG org.apache.http.impl.execchain.MainClientExec - Executing request GET /api/users?page=2 HTTP/1.1
19:11:35.314 [ForkJoinPool-1-worker-1] DEBUG org.apache.http.impl.execchain.MainClientExec - Target auth state: UNCHALLENGED
19:11:35.314 [ForkJoinPool-1-worker-1] DEBUG org.apache.http.impl.execchain.MainClientExec - Proxy auth state: UNCHALLENGED
19:11:35.314 [ForkJoinPool-1-worker-1] DEBUG org.apache.http.headers - http-outgoing-10 >> GET /api/users?page=2 HTTP/1.1
19:11:35.314 [ForkJoinPool-1-worker-1] DEBUG org.apache.http.headers - http-outgoing-10 >> Host: reqres.in
19:11:35.314 [ForkJoinPool-1-worker-1] DEBUG org.apache.http.headers - http-outgoing-10 >> Connection: Keep-Alive
19:11:35.314 [ForkJoinPool-1-worker-1] DEBUG org.apache.http.headers - http-outgoing-10 >> User-Agent: Apache-HttpClient/4.5.12 (Java/1.8.0_251)
19:11:35.314 [ForkJoinPool-1-worker-1] DEBUG org.apache.http.headers - http-outgoing-10 >> Accept-Encoding: gzip,deflate
19:11:35.314 [ForkJoinPool-1-worker-1] DEBUG org.apache.http.wire - http-outgoing-10 >> "GET /api/users?page=2 HTTP/1.1[\r][\n]"
19:11:35.314 [ForkJoinPool-1-worker-1] DEBUG org.apache.http.wire - http-outgoing-10 >> "Host: reqres.in[\r][\n]"
19:11:35.314 [ForkJoinPool-1-worker-1] DEBUG org.apache.http.wire - http-outgoing-10 >> "Connection: Keep-Alive[\r][\n]"
19:11:35.314 [ForkJoinPool-1-worker-1] DEBUG org.apache.http.wire - http-outgoing-10 >> "User-Agent: Apache-HttpClient/4.5.12 (Java/1.8.0_251)[\r][\n]"
19:11:35.314 [ForkJoinPool-1-worker-1] DEBUG org.apache.http.wire - http-outgoing-10 >> "Accept-Encoding: gzip,deflate[\r][\n]"
19:11:35.314 [ForkJoinPool-1-worker-1] DEBUG org.apache.http.wire - http-outgoing-10 >> "[\r][\n]"
19:11:35.341 [ForkJoinPool-1-worker-1] DEBUG org.apache.http.wire - http-outgoing-10 << "HTTP/1.1 200 OK[\r][\n]"
19:11:35.341 [ForkJoinPool-1-worker-1] DEBUG org.apache.http.wire - http-outgoing-10 << "Date: Thu, 03 Dec 2020 13:41:35 GMT[\r][\n]"
19:11:35.341 [ForkJoinPool-1-worker-1] DEBUG org.apache.http.wire - http-outgoing-10 << "Content-Type: application/json; charset=utf-8[\r][\n]"
19:11:35.341 [ForkJoinPool-1-worker-1] DEBUG org.apache.http.wire - http-outgoing-10 << "Transfer-Encoding: chunked[\r][\n]"
19:11:35.341 [ForkJoinPool-1-worker-1] DEBUG org.apache.http.wire - http-outgoing-10 << "Connection: keep-alive[\r][\n]"
19:11:35.341 [ForkJoinPool-1-worker-1] DEBUG org.apache.http.wire - http-outgoing-10 << "Set-Cookie: __cfduid=de0eaddab5b62bb98f4af705d99a79b5b1607002895; expires=Sat, 02-Jan-21 13:41:35 GMT; path=/; domain=.reqres.in; HttpOnly; SameSite=Lax; Secure[\r][\n]"
19:11:35.341 [ForkJoinPool-1-worker-1] DEBUG org.apache.http.wire - http-outgoing-10 << "X-Powered-By: Express[\r][\n]"
19:11:35.341 [ForkJoinPool-1-worker-1] DEBUG org.apache.http.wire - http-outgoing-10 << "Access-Control-Allow-Origin: *[\r][\n]"
19:11:35.341 [ForkJoinPool-1-worker-1] DEBUG org.apache.http.wire - http-outgoing-10 << "Etag: W/"406-ut0vzoCuidvyMf8arZpMpJ6ZRDw"[\r][\n]"
19:11:35.341 [ForkJoinPool-1-worker-1] DEBUG org.apache.http.wire - http-outgoing-10 << "Via: 1.1 vegur[\r][\n]"
19:11:35.341 [ForkJoinPool-1-worker-1] DEBUG org.apache.http.wire - http-outgoing-10 << "Cache-Control: max-age=14400[\r][\n]"
19:11:35.341 [ForkJoinPool-1-worker-1] DEBUG org.apache.http.wire - http-outgoing-10 << "CF-Cache-Status: HIT[\r][\n]"
19:11:35.341 [ForkJoinPool-1-worker-1] DEBUG org.apache.http.wire - http-outgoing-10 << "Age: 4432[\r][\n]"
19:11:35.341 [ForkJoinPool-1-worker-1] DEBUG org.apache.http.wire - http-outgoing-10 << "cf-request-id: 06ca6f4ae800002e7c708ec000000001[\r][\n]"
19:11:35.341 [ForkJoinPool-1-worker-1] DEBUG org.apache.http.wire - http-outgoing-10 << "Expect-CT: max-age=604800, report-uri="https://report-uri.cloudflare.com/cdn-cgi/beacon/expect-ct"[\r][\n]"
19:11:35.341 [ForkJoinPool-1-worker-1] DEBUG org.apache.http.wire - http-outgoing-10 << "Report-To: {"endpoints":[{"url":"https:\/\/a.nel.cloudflare.com\/report?s=AF5PLjX089DFi1MwIxtecskgHWz4OmemNzhcNHKW%2F%2Bphh3et%2BzpGc513A9cg0D9j3AKDqndCJbmUusc6EggGS9ld4q9NQ99Uq8k%3D"}],"group":"cf-nel","max_age":604800}[\r][\n]"
19:11:35.341 [ForkJoinPool-1-worker-1] DEBUG org.apache.http.wire - http-outgoing-10 << "NEL: {"report_to":"cf-nel","max_age":604800}[\r][\n]"
19:11:35.341 [ForkJoinPool-1-worker-1] DEBUG org.apache.http.wire - http-outgoing-10 << "Vary: Accept-Encoding[\r][\n]"
19:11:35.341 [ForkJoinPool-1-worker-1] DEBUG org.apache.http.wire - http-outgoing-10 << "Server: cloudflare[\r][\n]"
19:11:35.341 [ForkJoinPool-1-worker-1] DEBUG org.apache.http.wire - http-outgoing-10 << "CF-RAY: 5fbdb4be4d6b2e7c-BOM[\r][\n]"
19:11:35.341 [ForkJoinPool-1-worker-1] DEBUG org.apache.http.wire - http-outgoing-10 << "Content-Encoding: gzip[\r][\n]"
19:11:35.341 [ForkJoinPool-1-worker-1] DEBUG org.apache.http.wire - http-outgoing-10 << "[\r][\n]"
19:11:35.341 [ForkJoinPool-1-worker-1] DEBUG org.apache.http.wire - http-outgoing-10 << "17b[\r][\n]"
19:11:35.341 [ForkJoinPool-1-worker-1] DEBUG org.apache.http.wire - http-outgoing-10 << "[0x1f][0x8b][0x8][0x0][0x0][0x0][0x0][0x0][0x0][0x3][0x8d][0xd2][0xcd]n[0xa3]0[0x14][0x86][0xe1][q[0xcf]l](Y[0xf4][0xc7][0xab][0xaa][0xd2][0xcc]t[0xd1]n[0xa2][0xd9]U[0xa3][0xea][0x4][0xe][0xe0][0xd6][0xd8][0xee][0xb1]i[0xa6][0x8a]r[0xef]UM4T[0x88]D[0xec][0x0][0xbf][0x1f]z[0x84][0xd8][0x81][0xc7][0x86]@[0xad]$x[0xe2][0xe7][0xe1][0xe6]RBt[0x11][\r][0xa8]bu[0xb8]L'!u[0x15]F[0x4][0xf5][0xb4][0x3]][0x81][0xba][0x92]@[0x1d]j[0x3][\n]"
19:11:35.341 [ForkJoinPool-1-worker-1] DEBUG org.apache.http.wire - http-outgoing-10 << ":][0xb6]H&3[0xb8][\r][0xce][0xde]2[0xbd]1[0x85]L[[0x90]Pk[0xe][0xf1][0xd9]bG[0xa0][0xe0]q[0xe8]@[0x82][0xc1][0xf1][0xe9]CZ[0x81][0x4]|[0xc7][0x88][0xc][\n]"
19:11:35.341 [ForkJoinPool-1-worker-1] DEBUG org.apache.http.wire - http-outgoing-10 << "[0xda][0x18]}Py[0xfe][0xff]E[0xb9][0xee][0x9a][0xbc][0xc6][0x92]B~u[0xae];l({[0xf1][\r][0xec][0xe5]@[0xb9][0x1e])F[0xdb]*[0xe0]GV[0x13]7[0xfd]I[0xcc][0xc3]PN0[0xbf][0xe][0xbb][0xa5][0x9c][0xeb][0x19][0xce][0xcd][0xc8][0x89]n[0xa3]1duo_[0xe9]8[0xe5]O[0xaa][0xa6][0x92][0xaf][0xcd]R[0xc6][0xcd][0xc][0xa3][0xb8][0x18][0x1d][0x9b][0xf]v6[0xab]5[0x99]*[0x1c]w[0xdc]}USF[0xda],u[0x14][0x17]s[0x90]b[0x84]4[0xe4][0xb8][0xa1][0x8c][0xaa]-[0xf2])[0xca][0xef][0xd4]M,?[0x87][0xd5]bL1[0x87]Y[0x8d][0x18][0xc6][0xb2]%[0x93][0xb5]nK[0xc6][0x1c][0xb7][0xac]S6[0xb1][0xdc][0xa7][0xd1]b[0xca][0xea];[0xe5][0xaf][0x84][0xd0]{[0xef]8[0x82][0xda]A[0xcf]fv[0xfd][0xe3][0xd0][0x9c][0xb7][0x84][0x95][0xb6][\r]H[0x88][0xf4]/[0xa6][0xff]E[0xbc][0x12]y[0xb1][0xa6][0xb7]5[0x5]Q3[0x91][0x14][0xa5][0xb3][0x91][0xf5][0xa6][0x8f][0xda][0xd9] [0xa2]K[0x9f]J[0x4][0xe2]wbQ[0xba][0x10]"
19:11:35.341 [ForkJoinPool-1-worker-1] DEBUG org.apache.http.headers - http-outgoing-10 << HTTP/1.1 200 OK
19:11:35.341 [ForkJoinPool-1-worker-1] DEBUG org.apache.http.headers - http-outgoing-10 << Date: Thu, 03 Dec 2020 13:41:35 GMT
19:11:35.341 [ForkJoinPool-1-worker-1] DEBUG org.apache.http.headers - http-outgoing-10 << Content-Type: application/json; charset=utf-8
19:11:35.341 [ForkJoinPool-1-worker-1] DEBUG org.apache.http.headers - http-outgoing-10 << Transfer-Encoding: chunked
19:11:35.341 [ForkJoinPool-1-worker-1] DEBUG org.apache.http.headers - http-outgoing-10 << Connection: keep-alive
19:11:35.341 [ForkJoinPool-1-worker-1] DEBUG org.apache.http.headers - http-outgoing-10 << Set-Cookie: __cfduid=de0eaddab5b62bb98f4af705d99a79b5b1607002895; expires=Sat, 02-Jan-21 13:41:35 GMT; path=/; domain=.reqres.in; HttpOnly; SameSite=Lax; Secure
19:11:35.341 [ForkJoinPool-1-worker-1] DEBUG org.apache.http.headers - http-outgoing-10 << X-Powered-By: Express
19:11:35.341 [ForkJoinPool-1-worker-1] DEBUG org.apache.http.headers - http-outgoing-10 << Access-Control-Allow-Origin: *
19:11:35.341 [ForkJoinPool-1-worker-1] DEBUG org.apache.http.headers - http-outgoing-10 << Etag: W/"406-ut0vzoCuidvyMf8arZpMpJ6ZRDw"
19:11:35.341 [ForkJoinPool-1-worker-1] DEBUG org.apache.http.headers - http-outgoing-10 << Via: 1.1 vegur
19:11:35.341 [ForkJoinPool-1-worker-1] DEBUG org.apache.http.headers - http-outgoing-10 << Cache-Control: max-age=14400
19:11:35.341 [ForkJoinPool-1-worker-1] DEBUG org.apache.http.headers - http-outgoing-10 << CF-Cache-Status: HIT
19:11:35.341 [ForkJoinPool-1-worker-1] DEBUG org.apache.http.headers - http-outgoing-10 << Age: 4432
19:11:35.341 [ForkJoinPool-1-worker-1] DEBUG org.apache.http.headers - http-outgoing-10 << cf-request-id: 06ca6f4ae800002e7c708ec000000001
19:11:35.341 [ForkJoinPool-1-worker-1] DEBUG org.apache.http.headers - http-outgoing-10 << Expect-CT: max-age=604800, report-uri="https://report-uri.cloudflare.com/cdn-cgi/beacon/expect-ct"
19:11:35.341 [ForkJoinPool-1-worker-1] DEBUG org.apache.http.headers - http-outgoing-10 << Report-To: {"endpoints":[{"url":"https:\/\/a.nel.cloudflare.com\/report?s=AF5PLjX089DFi1MwIxtecskgHWz4OmemNzhcNHKW%2F%2Bphh3et%2BzpGc513A9cg0D9j3AKDqndCJbmUusc6EggGS9ld4q9NQ99Uq8k%3D"}],"group":"cf-nel","max_age":604800}
19:11:35.341 [ForkJoinPool-1-worker-1] DEBUG org.apache.http.headers - http-outgoing-10 << NEL: {"report_to":"cf-nel","max_age":604800}
19:11:35.341 [ForkJoinPool-1-worker-1] DEBUG org.apache.http.headers - http-outgoing-10 << Vary: Accept-Encoding
19:11:35.341 [ForkJoinPool-1-worker-1] DEBUG org.apache.http.headers - http-outgoing-10 << Server: cloudflare
19:11:35.341 [ForkJoinPool-1-worker-1] DEBUG org.apache.http.headers - http-outgoing-10 << CF-RAY: 5fbdb4be4d6b2e7c-BOM
19:11:35.341 [ForkJoinPool-1-worker-1] DEBUG org.apache.http.headers - http-outgoing-10 << Content-Encoding: gzip
19:11:35.342 [ForkJoinPool-1-worker-1] DEBUG org.apache.http.impl.execchain.MainClientExec - Connection can be kept alive indefinitely
19:11:35.342 [ForkJoinPool-1-worker-1] DEBUG org.apache.http.client.protocol.ResponseProcessCookies - Cookie accepted [__cfduid="de0eaddab5b62bb98f4af705d99a79b5b1607002895", version:0, domain:reqres.in, path:/, expiry:Sat Jan 02 19:11:35 IST 2021]
19:11:35.342 [ForkJoinPool-1-worker-1] DEBUG org.apache.http.wire - http-outgoing-10 << "[0x83]@&[0x81][0xde]3[0x95][0x1a]#Ug[0xb0][0xdf]]]>&#x7f;<![CDATA[[0x2][0xf6][0x16][0x88]W[0x6][0x4][0x0][0x0][\r][\n]"
19:11:35.342 [ForkJoinPool-1-worker-1] DEBUG org.apache.http.wire - http-outgoing-10 << "0[\r][\n]"
19:11:35.342 [ForkJoinPool-1-worker-1] DEBUG org.apache.http.wire - http-outgoing-10 << "[\r][\n]"
19:11:35.342 [ForkJoinPool-1-worker-1] DEBUG org.apache.http.impl.conn.PoolingHttpClientConnectionManager - Connection [id: 10][route: {s}->https://reqres.in:443] can be kept alive indefinitely
19:11:35.342 [ForkJoinPool-1-worker-1] DEBUG org.apache.http.impl.conn.DefaultManagedHttpClientConnection - http-outgoing-10: set socket timeout to 0
19:11:35.342 [ForkJoinPool-1-worker-1] DEBUG org.apache.http.impl.conn.PoolingHttpClientConnectionManager - Connection released: [id: 10][route: {s}->https://reqres.in:443][total available: 1; route allocated: 1 of 5; total allocated: 1 of 10]
19:11:35.342 [ForkJoinPool-1-worker-1] DEBUG com.intuit.karate - response time in milliseconds: 64.19
1 < 200
1 < Access-Control-Allow-Origin: *
1 < Age: 4432
1 < CF-Cache-Status: HIT
1 < CF-RAY: 5fbdb4be4d6b2e7c-BOM
1 < Cache-Control: max-age=14400
1 < Connection: keep-alive
1 < Content-Type: application/json; charset=utf-8
1 < Date: Thu, 03 Dec 2020 13:41:35 GMT
1 < Etag: W/"406-ut0vzoCuidvyMf8arZpMpJ6ZRDw"
1 < Expect-CT: max-age=604800, report-uri="https://report-uri.cloudflare.com/cdn-cgi/beacon/expect-ct"
1 < NEL: {"report_to":"cf-nel","max_age":604800}
1 < Report-To: {"endpoints":[{"url":"https:\/\/a.nel.cloudflare.com\/report?s=AF5PLjX089DFi1MwIxtecskgHWz4OmemNzhcNHKW%2F%2Bphh3et%2BzpGc513A9cg0D9j3AKDqndCJbmUusc6EggGS9ld4q9NQ99Uq8k%3D"}],"group":"cf-nel","max_age":604800}
1 < Server: cloudflare
1 < Set-Cookie: __cfduid=de0eaddab5b62bb98f4af705d99a79b5b1607002895; expires=Sat, 02-Jan-21 13:41:35 GMT; path=/; domain=.reqres.in; HttpOnly; SameSite=Lax; Secure
1 < Transfer-Encoding: chunked
1 < Vary: Accept-Encoding
1 < Via: 1.1 vegur
1 < X-Powered-By: Express
1 < cf-request-id: 06ca6f4ae800002e7c708ec000000001
{"page":2,"per_page":6,"total":12,"total_pages":2,"data":[{"id":7,"email":"michael.lawson@reqres.in","first_name":"Michael","last_name":"Lawson","avatar":"https://reqres.in/img/faces/7-image.jpg"},{"id":8,"email":"lindsay.ferguson@reqres.in","first_name":"Lindsay","last_name":"Ferguson","avatar":"https://reqres.in/img/faces/8-image.jpg"},{"id":9,"email":"tobias.funke@reqres.in","first_name":"Tobias","last_name":"Funke","avatar":"https://reqres.in/img/faces/9-image.jpg"},{"id":10,"email":"byron.fields@reqres.in","first_name":"Byron","last_name":"Fields","avatar":"https://reqres.in/img/faces/10-image.jpg"},{"id":11,"email":"george.edwards@reqres.in","first_name":"George","last_name":"Edwards","avatar":"https://reqres.in/img/faces/11-image.jpg"},{"id":12,"email":"rachel.howell@reqres.in","first_name":"Rachel","last_name":"Howell","avatar":"https://reqres.in/img/faces/12-image.jpg"}],"support":{"url":"https://reqres.in/#support-heading","text":"To keep ReqRes free, contributions towards server costs are appreciated!"}}

19:11:35.345 [ForkJoinPool-1-worker-1] DEBUG com.jayway.jsonpath.internal.path.CompiledPath - Evaluating path: $['page']
19:11:35.347 [pool-1-thread-1] INFO com.intuit.karate.Runner - <<pass>> feature 12 of 22: classpath:featurefiles/karate09.feature
---------------------------------------------------------
feature: classpath:featurefiles/karate09.feature
report: build\surefire-reports\featurefiles.karate09.json
scenarios:  2 | passed:  2 | failed:  0 | time: 0.1585
---------------------------------------------------------
19:11:35.358 [ForkJoinPool-1-worker-1] INFO com.intuit.karate - from karate-config.js 
19:11:35.359 [ForkJoinPool-1-worker-1] DEBUG com.jayway.jsonpath.internal.path.CompiledPath - Evaluating path: $
19:11:35.362 [ForkJoinPool-1-worker-1] DEBUG org.apache.http.client.protocol.RequestAddCookies - CookieSpec selected: karate
19:11:35.362 [ForkJoinPool-1-worker-1] DEBUG org.apache.http.client.protocol.RequestAuthCache - Auth cache not set in the context
19:11:35.362 [ForkJoinPool-1-worker-1] DEBUG com.intuit.karate - request:
1 > GET https://reqres.in/api/users%3Fpage=1%3E
1 > Accept-Encoding: gzip,deflate
1 > Connection: Keep-Alive
1 > Host: reqres.in
1 > User-Agent: Apache-HttpClient/4.5.12 (Java/1.8.0_251)

19:11:35.362 [ForkJoinPool-1-worker-1] DEBUG org.apache.http.impl.conn.PoolingHttpClientConnectionManager - Connection request: [route: {s}->https://reqres.in:443][total available: 0; route allocated: 0 of 5; total allocated: 0 of 10]
19:11:35.362 [ForkJoinPool-1-worker-1] DEBUG org.apache.http.impl.conn.PoolingHttpClientConnectionManager - Connection leased: [id: 11][route: {s}->https://reqres.in:443][total available: 0; route allocated: 1 of 5; total allocated: 1 of 10]
19:11:35.362 [ForkJoinPool-1-worker-1] DEBUG org.apache.http.impl.execchain.MainClientExec - Opening connection {s}->https://reqres.in:443
19:11:35.362 [ForkJoinPool-1-worker-1] DEBUG org.apache.http.impl.conn.DefaultHttpClientConnectionOperator - Connecting to reqres.in/104.27.135.11:443
19:11:35.362 [ForkJoinPool-1-worker-1] DEBUG org.apache.http.conn.ssl.SSLConnectionSocketFactory - Connecting socket to reqres.in/104.27.135.11:443 with timeout 30000
19:11:35.381 [ForkJoinPool-1-worker-1] DEBUG org.apache.http.conn.ssl.SSLConnectionSocketFactory - Enabled protocols: [TLSv1, TLSv1.1, TLSv1.2]
19:11:35.381 [ForkJoinPool-1-worker-1] DEBUG org.apache.http.conn.ssl.SSLConnectionSocketFactory - Enabled cipher suites:[TLS_ECDHE_ECDSA_WITH_AES_256_CBC_SHA384, TLS_ECDHE_RSA_WITH_AES_256_CBC_SHA384, TLS_RSA_WITH_AES_256_CBC_SHA256, TLS_ECDH_ECDSA_WITH_AES_256_CBC_SHA384, TLS_ECDH_RSA_WITH_AES_256_CBC_SHA384, TLS_DHE_RSA_WITH_AES_256_CBC_SHA256, TLS_DHE_DSS_WITH_AES_256_CBC_SHA256, TLS_ECDHE_ECDSA_WITH_AES_256_CBC_SHA, TLS_ECDHE_RSA_WITH_AES_256_CBC_SHA, TLS_RSA_WITH_AES_256_CBC_SHA, TLS_ECDH_ECDSA_WITH_AES_256_CBC_SHA, TLS_ECDH_RSA_WITH_AES_256_CBC_SHA, TLS_DHE_RSA_WITH_AES_256_CBC_SHA, TLS_DHE_DSS_WITH_AES_256_CBC_SHA, TLS_ECDHE_ECDSA_WITH_AES_128_CBC_SHA256, TLS_ECDHE_RSA_WITH_AES_128_CBC_SHA256, TLS_RSA_WITH_AES_128_CBC_SHA256, TLS_ECDH_ECDSA_WITH_AES_128_CBC_SHA256, TLS_ECDH_RSA_WITH_AES_128_CBC_SHA256, TLS_DHE_RSA_WITH_AES_128_CBC_SHA256, TLS_DHE_DSS_WITH_AES_128_CBC_SHA256, TLS_ECDHE_ECDSA_WITH_AES_128_CBC_SHA, TLS_ECDHE_RSA_WITH_AES_128_CBC_SHA, TLS_RSA_WITH_AES_128_CBC_SHA, TLS_ECDH_ECDSA_WITH_AES_128_CBC_SHA, TLS_ECDH_RSA_WITH_AES_128_CBC_SHA, TLS_DHE_RSA_WITH_AES_128_CBC_SHA, TLS_DHE_DSS_WITH_AES_128_CBC_SHA, TLS_ECDHE_ECDSA_WITH_AES_256_GCM_SHA384, TLS_ECDHE_ECDSA_WITH_AES_128_GCM_SHA256, TLS_ECDHE_RSA_WITH_AES_256_GCM_SHA384, TLS_RSA_WITH_AES_256_GCM_SHA384, TLS_ECDH_ECDSA_WITH_AES_256_GCM_SHA384, TLS_ECDH_RSA_WITH_AES_256_GCM_SHA384, TLS_DHE_RSA_WITH_AES_256_GCM_SHA384, TLS_DHE_DSS_WITH_AES_256_GCM_SHA384, TLS_ECDHE_RSA_WITH_AES_128_GCM_SHA256, TLS_RSA_WITH_AES_128_GCM_SHA256, TLS_ECDH_ECDSA_WITH_AES_128_GCM_SHA256, TLS_ECDH_RSA_WITH_AES_128_GCM_SHA256, TLS_DHE_RSA_WITH_AES_128_GCM_SHA256, TLS_DHE_DSS_WITH_AES_128_GCM_SHA256, TLS_EMPTY_RENEGOTIATION_INFO_SCSV]
19:11:35.381 [ForkJoinPool-1-worker-1] DEBUG org.apache.http.conn.ssl.SSLConnectionSocketFactory - Starting handshake
19:11:35.406 [ForkJoinPool-1-worker-1] DEBUG org.apache.http.conn.ssl.SSLConnectionSocketFactory - Secure session established
19:11:35.406 [ForkJoinPool-1-worker-1] DEBUG org.apache.http.conn.ssl.SSLConnectionSocketFactory -  negotiated protocol: TLSv1.2
19:11:35.406 [ForkJoinPool-1-worker-1] DEBUG org.apache.http.conn.ssl.SSLConnectionSocketFactory -  negotiated cipher suite: TLS_ECDHE_ECDSA_WITH_AES_128_GCM_SHA256
19:11:35.406 [ForkJoinPool-1-worker-1] DEBUG org.apache.http.conn.ssl.SSLConnectionSocketFactory -  peer principal: CN=sni.cloudflaressl.com, O="Cloudflare, Inc.", L=San Francisco, ST=CA, C=US
19:11:35.406 [ForkJoinPool-1-worker-1] DEBUG org.apache.http.conn.ssl.SSLConnectionSocketFactory -  peer alternative names: [reqres.in, sni.cloudflaressl.com, *.reqres.in]
19:11:35.406 [ForkJoinPool-1-worker-1] DEBUG org.apache.http.conn.ssl.SSLConnectionSocketFactory -  issuer principal: CN=Cloudflare Inc ECC CA-3, O="Cloudflare, Inc.", C=US
19:11:35.406 [ForkJoinPool-1-worker-1] DEBUG org.apache.http.impl.conn.DefaultHttpClientConnectionOperator - Connection established 192.168.1.87:53463<->104.27.135.11:443
19:11:35.406 [ForkJoinPool-1-worker-1] DEBUG org.apache.http.impl.conn.DefaultManagedHttpClientConnection - http-outgoing-11: set socket timeout to 30000
19:11:35.406 [ForkJoinPool-1-worker-1] DEBUG org.apache.http.impl.execchain.MainClientExec - Executing request GET /api/users%3Fpage=1%3E HTTP/1.1
19:11:35.406 [ForkJoinPool-1-worker-1] DEBUG org.apache.http.impl.execchain.MainClientExec - Target auth state: UNCHALLENGED
19:11:35.406 [ForkJoinPool-1-worker-1] DEBUG org.apache.http.impl.execchain.MainClientExec - Proxy auth state: UNCHALLENGED
19:11:35.406 [ForkJoinPool-1-worker-1] DEBUG org.apache.http.headers - http-outgoing-11 >> GET /api/users%3Fpage=1%3E HTTP/1.1
19:11:35.406 [ForkJoinPool-1-worker-1] DEBUG org.apache.http.headers - http-outgoing-11 >> Host: reqres.in
19:11:35.406 [ForkJoinPool-1-worker-1] DEBUG org.apache.http.headers - http-outgoing-11 >> Connection: Keep-Alive
19:11:35.406 [ForkJoinPool-1-worker-1] DEBUG org.apache.http.headers - http-outgoing-11 >> User-Agent: Apache-HttpClient/4.5.12 (Java/1.8.0_251)
19:11:35.406 [ForkJoinPool-1-worker-1] DEBUG org.apache.http.headers - http-outgoing-11 >> Accept-Encoding: gzip,deflate
19:11:35.406 [ForkJoinPool-1-worker-1] DEBUG org.apache.http.wire - http-outgoing-11 >> "GET /api/users%3Fpage=1%3E HTTP/1.1[\r][\n]"
19:11:35.406 [ForkJoinPool-1-worker-1] DEBUG org.apache.http.wire - http-outgoing-11 >> "Host: reqres.in[\r][\n]"
19:11:35.406 [ForkJoinPool-1-worker-1] DEBUG org.apache.http.wire - http-outgoing-11 >> "Connection: Keep-Alive[\r][\n]"
19:11:35.406 [ForkJoinPool-1-worker-1] DEBUG org.apache.http.wire - http-outgoing-11 >> "User-Agent: Apache-HttpClient/4.5.12 (Java/1.8.0_251)[\r][\n]"
19:11:35.406 [ForkJoinPool-1-worker-1] DEBUG org.apache.http.wire - http-outgoing-11 >> "Accept-Encoding: gzip,deflate[\r][\n]"
19:11:35.406 [ForkJoinPool-1-worker-1] DEBUG org.apache.http.wire - http-outgoing-11 >> "[\r][\n]"
19:11:35.425 [ForkJoinPool-1-worker-1] DEBUG org.apache.http.wire - http-outgoing-11 << "HTTP/1.1 200 OK[\r][\n]"
19:11:35.425 [ForkJoinPool-1-worker-1] DEBUG org.apache.http.wire - http-outgoing-11 << "Date: Thu, 03 Dec 2020 13:41:35 GMT[\r][\n]"
19:11:35.425 [ForkJoinPool-1-worker-1] DEBUG org.apache.http.wire - http-outgoing-11 << "Content-Type: application/json; charset=utf-8[\r][\n]"
19:11:35.425 [ForkJoinPool-1-worker-1] DEBUG org.apache.http.wire - http-outgoing-11 << "Transfer-Encoding: chunked[\r][\n]"
19:11:35.425 [ForkJoinPool-1-worker-1] DEBUG org.apache.http.wire - http-outgoing-11 << "Connection: keep-alive[\r][\n]"
19:11:35.425 [ForkJoinPool-1-worker-1] DEBUG org.apache.http.wire - http-outgoing-11 << "Set-Cookie: __cfduid=de3f6c63f5417e04f3a7064e7db6a83b31607002895; expires=Sat, 02-Jan-21 13:41:35 GMT; path=/; domain=.reqres.in; HttpOnly; SameSite=Lax; Secure[\r][\n]"
19:11:35.425 [ForkJoinPool-1-worker-1] DEBUG org.apache.http.wire - http-outgoing-11 << "X-Powered-By: Express[\r][\n]"
19:11:35.425 [ForkJoinPool-1-worker-1] DEBUG org.apache.http.wire - http-outgoing-11 << "Access-Control-Allow-Origin: *[\r][\n]"
19:11:35.425 [ForkJoinPool-1-worker-1] DEBUG org.apache.http.wire - http-outgoing-11 << "Etag: W/"2c1-N6Rqerxquq2kgQhL51EiSg4x0R8"[\r][\n]"
19:11:35.425 [ForkJoinPool-1-worker-1] DEBUG org.apache.http.wire - http-outgoing-11 << "Via: 1.1 vegur[\r][\n]"
19:11:35.425 [ForkJoinPool-1-worker-1] DEBUG org.apache.http.wire - http-outgoing-11 << "Cache-Control: max-age=14400[\r][\n]"
19:11:35.425 [ForkJoinPool-1-worker-1] DEBUG org.apache.http.wire - http-outgoing-11 << "CF-Cache-Status: HIT[\r][\n]"
19:11:35.425 [ForkJoinPool-1-worker-1] DEBUG org.apache.http.wire - http-outgoing-11 << "Age: 1858[\r][\n]"
19:11:35.425 [ForkJoinPool-1-worker-1] DEBUG org.apache.http.wire - http-outgoing-11 << "cf-request-id: 06ca6f4b4700002e3b700a9000000001[\r][\n]"
19:11:35.425 [ForkJoinPool-1-worker-1] DEBUG org.apache.http.wire - http-outgoing-11 << "Expect-CT: max-age=604800, report-uri="https://report-uri.cloudflare.com/cdn-cgi/beacon/expect-ct"[\r][\n]"
19:11:35.425 [ForkJoinPool-1-worker-1] DEBUG org.apache.http.wire - http-outgoing-11 << "Report-To: {"endpoints":[{"url":"https:\/\/a.nel.cloudflare.com\/report?s=Zll0XrGcQZFr1bYIuhzkV%2BEU1FkTvuaIVWhJ7V87FSMunUm%2B0h8ZWtstttYqHEn7BED7RbwRVho8uZNClRbTw9SrDkpdVIlVA%2Bo%3D"}],"group":"cf-nel","max_age":604800}[\r][\n]"
19:11:35.425 [ForkJoinPool-1-worker-1] DEBUG org.apache.http.wire - http-outgoing-11 << "NEL: {"report_to":"cf-nel","max_age":604800}[\r][\n]"
19:11:35.425 [ForkJoinPool-1-worker-1] DEBUG org.apache.http.wire - http-outgoing-11 << "Vary: Accept-Encoding[\r][\n]"
19:11:35.425 [ForkJoinPool-1-worker-1] DEBUG org.apache.http.wire - http-outgoing-11 << "Server: cloudflare[\r][\n]"
19:11:35.425 [ForkJoinPool-1-worker-1] DEBUG org.apache.http.wire - http-outgoing-11 << "CF-RAY: 5fbdb4bed9af2e3b-BOM[\r][\n]"
19:11:35.425 [ForkJoinPool-1-worker-1] DEBUG org.apache.http.wire - http-outgoing-11 << "Content-Encoding: gzip[\r][\n]"
19:11:35.425 [ForkJoinPool-1-worker-1] DEBUG org.apache.http.wire - http-outgoing-11 << "[\r][\n]"
19:11:35.425 [ForkJoinPool-1-worker-1] DEBUG org.apache.http.wire - http-outgoing-11 << "170[\r][\n]"
19:11:35.425 [ForkJoinPool-1-worker-1] DEBUG org.apache.http.wire - http-outgoing-11 << "[0x1f][0x8b][0x8][0x0][0x0][0x0][0x0][0x0][0x0][0x3]m[0xd1][0xcd]n[0xdb]0[0xc][0x7][0xf0]W[0xd1][0xd8][0xab][0xbc]X[0xb2]l'[0xba]5Y[0xf6][0x0]Eo[0xc5]P[0xb0]6[0x9b][0x8][0xf5],[0x85][0x92][0xba][0x15]A[0xde][0xbd][0xe8][0x7]\[0x17][0xf0]M[0x82][0xf8][0xff][0x81][0x14][0xcf][0x10][0xf0]@`[0x95][0x84]@|[0xff]qi$$[0x9f]p[0x0][0xab][0xf4][0xe7][0xf1][0xfd]%[0x82][0xd5][0x12]zL[0x8][0xf6][0xee][0xc][0xae]]]>&#x7f;<![CDATA[[0xcf][0x8d][0xf8][0x97][0xc0]BG[0x9c][0x7][0xc2][0x11]$[0xbc][0x10]2X][0x96][0xa5][0x84][0xce][0xf][0x9e][0xc1][0xc2][0xd5]f[0xbd][0xd5][0xbf][0x14]H[0x8]8&?[0xd2][0xfd]3[0xe][0xf9]-[0xa8][0xea][0xc2][0x94][0xba][0x84][0x8b][0xfc] [0xf5]D>[0xe6][0xee][0x18][0x1d][\n]"
19:11:35.425 [ForkJoinPool-1-worker-1] DEBUG org.apache.http.wire - http-outgoing-11 << "[0xf6][0x91][0xe6][0xac][0x9a][0xb1][0xbb][0xd6]Tm[0xbd][0xc4][0xb6][0x85].+5[0xb1][0xd5][0xc4]&[0xce]$[0x98][0xfa]9[0xa9]g[0xe4][0xf6][0xb7][0xda]Tz[0x89][0xdc][0x14][0xaa]i[0xcc]D[0x9a][0x89][0xc4]SF[0x11][0x9f]^[0xe6]d5#[0xdb][0xed][0xce][0xec][0xcc][0x12]i[\n]"
19:11:35.425 [ForkJoinPool-1-worker-1] DEBUG org.apache.http.wire - http-outgoing-11 << "[0xb3]V_][0xd6]_][0xba][0x3][0xf1][0xe0][0x86]o[0xa6][0x99][0x99]{][0xaf][0xab][0xfd][0xf2][0xe4][0xca][0xd4][0xcd]d6[0x93][0xf9]0d[0x12])[0xf3]){[0xf7][0xfd]K[0xeb][0x19]\W[0xdb][0xf2]z[0xbf][0xbc][0xa9]Z[0xab][0x16].]]>&#x7f;<![CDATA[$[0xc4][0x1c][0x82][0xe7][0x4][0xf6][0xc][0x99][0x7][0xb0]pL)D[0xbb]Z1[0x9d][0x98][0xe2]O7[0xae][0xae]>k[0x8a]#a[0xef][0xc6][0x3]HH[0xf4]?[0x81][0x85][/[0x9e][0x88][0x82][0xb8][0xa1][0xd3][\r]E[0xf1][0xc8]DRt~L[0xec][0x1e]rr~[0x8c]"[0xf9]]]>&#x7f;<![CDATA[[0xc8]}[0x14][0x91][0xf8][0x99]Xt>[0xa6]([0x90]I`[0x8]L[0x9d][0xc3]D[0xfd][0xf]"
19:11:35.425 [ForkJoinPool-1-worker-1] DEBUG org.apache.http.headers - http-outgoing-11 << HTTP/1.1 200 OK
19:11:35.425 [ForkJoinPool-1-worker-1] DEBUG org.apache.http.headers - http-outgoing-11 << Date: Thu, 03 Dec 2020 13:41:35 GMT
19:11:35.425 [ForkJoinPool-1-worker-1] DEBUG org.apache.http.headers - http-outgoing-11 << Content-Type: application/json; charset=utf-8
19:11:35.425 [ForkJoinPool-1-worker-1] DEBUG org.apache.http.headers - http-outgoing-11 << Transfer-Encoding: chunked
19:11:35.425 [ForkJoinPool-1-worker-1] DEBUG org.apache.http.headers - http-outgoing-11 << Connection: keep-alive
19:11:35.425 [ForkJoinPool-1-worker-1] DEBUG org.apache.http.headers - http-outgoing-11 << Set-Cookie: __cfduid=de3f6c63f5417e04f3a7064e7db6a83b31607002895; expires=Sat, 02-Jan-21 13:41:35 GMT; path=/; domain=.reqres.in; HttpOnly; SameSite=Lax; Secure
19:11:35.425 [ForkJoinPool-1-worker-1] DEBUG org.apache.http.headers - http-outgoing-11 << X-Powered-By: Express
19:11:35.425 [ForkJoinPool-1-worker-1] DEBUG org.apache.http.headers - http-outgoing-11 << Access-Control-Allow-Origin: *
19:11:35.425 [ForkJoinPool-1-worker-1] DEBUG org.apache.http.headers - http-outgoing-11 << Etag: W/"2c1-N6Rqerxquq2kgQhL51EiSg4x0R8"
19:11:35.425 [ForkJoinPool-1-worker-1] DEBUG org.apache.http.headers - http-outgoing-11 << Via: 1.1 vegur
19:11:35.425 [ForkJoinPool-1-worker-1] DEBUG org.apache.http.headers - http-outgoing-11 << Cache-Control: max-age=14400
19:11:35.425 [ForkJoinPool-1-worker-1] DEBUG org.apache.http.headers - http-outgoing-11 << CF-Cache-Status: HIT
19:11:35.425 [ForkJoinPool-1-worker-1] DEBUG org.apache.http.headers - http-outgoing-11 << Age: 1858
19:11:35.425 [ForkJoinPool-1-worker-1] DEBUG org.apache.http.headers - http-outgoing-11 << cf-request-id: 06ca6f4b4700002e3b700a9000000001
19:11:35.425 [ForkJoinPool-1-worker-1] DEBUG org.apache.http.headers - http-outgoing-11 << Expect-CT: max-age=604800, report-uri="https://report-uri.cloudflare.com/cdn-cgi/beacon/expect-ct"
19:11:35.425 [ForkJoinPool-1-worker-1] DEBUG org.apache.http.headers - http-outgoing-11 << Report-To: {"endpoints":[{"url":"https:\/\/a.nel.cloudflare.com\/report?s=Zll0XrGcQZFr1bYIuhzkV%2BEU1FkTvuaIVWhJ7V87FSMunUm%2B0h8ZWtstttYqHEn7BED7RbwRVho8uZNClRbTw9SrDkpdVIlVA%2Bo%3D"}],"group":"cf-nel","max_age":604800}
19:11:35.425 [ForkJoinPool-1-worker-1] DEBUG org.apache.http.headers - http-outgoing-11 << NEL: {"report_to":"cf-nel","max_age":604800}
19:11:35.425 [ForkJoinPool-1-worker-1] DEBUG org.apache.http.headers - http-outgoing-11 << Vary: Accept-Encoding
19:11:35.425 [ForkJoinPool-1-worker-1] DEBUG org.apache.http.headers - http-outgoing-11 << Server: cloudflare
19:11:35.425 [ForkJoinPool-1-worker-1] DEBUG org.apache.http.headers - http-outgoing-11 << CF-RAY: 5fbdb4bed9af2e3b-BOM
19:11:35.425 [ForkJoinPool-1-worker-1] DEBUG org.apache.http.headers - http-outgoing-11 << Content-Encoding: gzip
19:11:35.425 [ForkJoinPool-1-worker-1] DEBUG org.apache.http.impl.execchain.MainClientExec - Connection can be kept alive indefinitely
19:11:35.425 [ForkJoinPool-1-worker-1] DEBUG org.apache.http.client.protocol.ResponseProcessCookies - Cookie accepted [__cfduid="de3f6c63f5417e04f3a7064e7db6a83b31607002895", version:0, domain:reqres.in, path:/, expiry:Sat Jan 02 19:11:35 IST 2021]
19:11:35.425 [ForkJoinPool-1-worker-1] DEBUG org.apache.http.wire - http-outgoing-11 << "[0xb8]\^[0x1]0[0x9f][0xa1]R[0xc1][0x2][0x0][0x0][\r][\n]"
19:11:35.425 [ForkJoinPool-1-worker-1] DEBUG org.apache.http.wire - http-outgoing-11 << "0[\r][\n]"
19:11:35.425 [ForkJoinPool-1-worker-1] DEBUG org.apache.http.wire - http-outgoing-11 << "[\r][\n]"
19:11:35.425 [ForkJoinPool-1-worker-1] DEBUG org.apache.http.impl.conn.PoolingHttpClientConnectionManager - Connection [id: 11][route: {s}->https://reqres.in:443] can be kept alive indefinitely
19:11:35.425 [ForkJoinPool-1-worker-1] DEBUG org.apache.http.impl.conn.DefaultManagedHttpClientConnection - http-outgoing-11: set socket timeout to 0
19:11:35.425 [ForkJoinPool-1-worker-1] DEBUG org.apache.http.impl.conn.PoolingHttpClientConnectionManager - Connection released: [id: 11][route: {s}->https://reqres.in:443][total available: 1; route allocated: 1 of 5; total allocated: 1 of 10]
19:11:35.425 [ForkJoinPool-1-worker-1] DEBUG com.intuit.karate - response time in milliseconds: 73.48
1 < 200
1 < Access-Control-Allow-Origin: *
1 < Age: 1858
1 < CF-Cache-Status: HIT
1 < CF-RAY: 5fbdb4bed9af2e3b-BOM
1 < Cache-Control: max-age=14400
1 < Connection: keep-alive
1 < Content-Type: application/json; charset=utf-8
1 < Date: Thu, 03 Dec 2020 13:41:35 GMT
1 < Etag: W/"2c1-N6Rqerxquq2kgQhL51EiSg4x0R8"
1 < Expect-CT: max-age=604800, report-uri="https://report-uri.cloudflare.com/cdn-cgi/beacon/expect-ct"
1 < NEL: {"report_to":"cf-nel","max_age":604800}
1 < Report-To: {"endpoints":[{"url":"https:\/\/a.nel.cloudflare.com\/report?s=Zll0XrGcQZFr1bYIuhzkV%2BEU1FkTvuaIVWhJ7V87FSMunUm%2B0h8ZWtstttYqHEn7BED7RbwRVho8uZNClRbTw9SrDkpdVIlVA%2Bo%3D"}],"group":"cf-nel","max_age":604800}
1 < Server: cloudflare
1 < Set-Cookie: __cfduid=de3f6c63f5417e04f3a7064e7db6a83b31607002895; expires=Sat, 02-Jan-21 13:41:35 GMT; path=/; domain=.reqres.in; HttpOnly; SameSite=Lax; Secure
1 < Transfer-Encoding: chunked
1 < Vary: Accept-Encoding
1 < Via: 1.1 vegur
1 < X-Powered-By: Express
1 < cf-request-id: 06ca6f4b4700002e3b700a9000000001
{"page":1,"per_page":6,"total":12,"total_pages":2,"data":[{"id":1,"name":"cerulean","year":2000,"color":"#98B2D1","pantone_value":"15-4020"},{"id":2,"name":"fuchsia rose","year":2001,"color":"#C74375","pantone_value":"17-2031"},{"id":3,"name":"true red","year":2002,"color":"#BF1932","pantone_value":"19-1664"},{"id":4,"name":"aqua sky","year":2003,"color":"#7BC4C4","pantone_value":"14-4811"},{"id":5,"name":"tigerlily","year":2004,"color":"#E2583E","pantone_value":"17-1456"},{"id":6,"name":"blue turquoise","year":2005,"color":"#53B0AE","pantone_value":"15-5217"}],"support":{"url":"https://reqres.in/#support-heading","text":"To keep ReqRes free, contributions towards server costs are appreciated!"}}

19:11:35.425 [ForkJoinPool-1-worker-1] DEBUG com.jayway.jsonpath.internal.path.CompiledPath - Evaluating path: $['page']
19:11:35.425 [ForkJoinPool-1-worker-1] INFO com.intuit.karate - from karate-config.js 
19:11:35.425 [ForkJoinPool-1-worker-1] DEBUG com.jayway.jsonpath.internal.path.CompiledPath - Evaluating path: $
19:11:35.441 [ForkJoinPool-1-worker-1] DEBUG org.apache.http.client.protocol.RequestAddCookies - CookieSpec selected: karate
19:11:35.441 [ForkJoinPool-1-worker-1] DEBUG org.apache.http.client.protocol.RequestAuthCache - Auth cache not set in the context
19:11:35.441 [ForkJoinPool-1-worker-1] DEBUG com.intuit.karate - request:
1 > GET https://reqres.in/api/users%3Fpage=2%3E
1 > Accept-Encoding: gzip,deflate
1 > Connection: Keep-Alive
1 > Host: reqres.in
1 > User-Agent: Apache-HttpClient/4.5.12 (Java/1.8.0_251)

19:11:35.441 [ForkJoinPool-1-worker-1] DEBUG org.apache.http.impl.conn.PoolingHttpClientConnectionManager - Connection request: [route: {s}->https://reqres.in:443][total available: 0; route allocated: 0 of 5; total allocated: 0 of 10]
19:11:35.441 [ForkJoinPool-1-worker-1] DEBUG org.apache.http.impl.conn.PoolingHttpClientConnectionManager - Connection leased: [id: 12][route: {s}->https://reqres.in:443][total available: 0; route allocated: 1 of 5; total allocated: 1 of 10]
19:11:35.441 [ForkJoinPool-1-worker-1] DEBUG org.apache.http.impl.execchain.MainClientExec - Opening connection {s}->https://reqres.in:443
19:11:35.441 [ForkJoinPool-1-worker-1] DEBUG org.apache.http.impl.conn.DefaultHttpClientConnectionOperator - Connecting to reqres.in/104.27.135.11:443
19:11:35.441 [ForkJoinPool-1-worker-1] DEBUG org.apache.http.conn.ssl.SSLConnectionSocketFactory - Connecting socket to reqres.in/104.27.135.11:443 with timeout 30000
19:11:35.457 [ForkJoinPool-1-worker-1] DEBUG org.apache.http.conn.ssl.SSLConnectionSocketFactory - Enabled protocols: [TLSv1, TLSv1.1, TLSv1.2]
19:11:35.457 [ForkJoinPool-1-worker-1] DEBUG org.apache.http.conn.ssl.SSLConnectionSocketFactory - Enabled cipher suites:[TLS_ECDHE_ECDSA_WITH_AES_256_CBC_SHA384, TLS_ECDHE_RSA_WITH_AES_256_CBC_SHA384, TLS_RSA_WITH_AES_256_CBC_SHA256, TLS_ECDH_ECDSA_WITH_AES_256_CBC_SHA384, TLS_ECDH_RSA_WITH_AES_256_CBC_SHA384, TLS_DHE_RSA_WITH_AES_256_CBC_SHA256, TLS_DHE_DSS_WITH_AES_256_CBC_SHA256, TLS_ECDHE_ECDSA_WITH_AES_256_CBC_SHA, TLS_ECDHE_RSA_WITH_AES_256_CBC_SHA, TLS_RSA_WITH_AES_256_CBC_SHA, TLS_ECDH_ECDSA_WITH_AES_256_CBC_SHA, TLS_ECDH_RSA_WITH_AES_256_CBC_SHA, TLS_DHE_RSA_WITH_AES_256_CBC_SHA, TLS_DHE_DSS_WITH_AES_256_CBC_SHA, TLS_ECDHE_ECDSA_WITH_AES_128_CBC_SHA256, TLS_ECDHE_RSA_WITH_AES_128_CBC_SHA256, TLS_RSA_WITH_AES_128_CBC_SHA256, TLS_ECDH_ECDSA_WITH_AES_128_CBC_SHA256, TLS_ECDH_RSA_WITH_AES_128_CBC_SHA256, TLS_DHE_RSA_WITH_AES_128_CBC_SHA256, TLS_DHE_DSS_WITH_AES_128_CBC_SHA256, TLS_ECDHE_ECDSA_WITH_AES_128_CBC_SHA, TLS_ECDHE_RSA_WITH_AES_128_CBC_SHA, TLS_RSA_WITH_AES_128_CBC_SHA, TLS_ECDH_ECDSA_WITH_AES_128_CBC_SHA, TLS_ECDH_RSA_WITH_AES_128_CBC_SHA, TLS_DHE_RSA_WITH_AES_128_CBC_SHA, TLS_DHE_DSS_WITH_AES_128_CBC_SHA, TLS_ECDHE_ECDSA_WITH_AES_256_GCM_SHA384, TLS_ECDHE_ECDSA_WITH_AES_128_GCM_SHA256, TLS_ECDHE_RSA_WITH_AES_256_GCM_SHA384, TLS_RSA_WITH_AES_256_GCM_SHA384, TLS_ECDH_ECDSA_WITH_AES_256_GCM_SHA384, TLS_ECDH_RSA_WITH_AES_256_GCM_SHA384, TLS_DHE_RSA_WITH_AES_256_GCM_SHA384, TLS_DHE_DSS_WITH_AES_256_GCM_SHA384, TLS_ECDHE_RSA_WITH_AES_128_GCM_SHA256, TLS_RSA_WITH_AES_128_GCM_SHA256, TLS_ECDH_ECDSA_WITH_AES_128_GCM_SHA256, TLS_ECDH_RSA_WITH_AES_128_GCM_SHA256, TLS_DHE_RSA_WITH_AES_128_GCM_SHA256, TLS_DHE_DSS_WITH_AES_128_GCM_SHA256, TLS_EMPTY_RENEGOTIATION_INFO_SCSV]
19:11:35.457 [ForkJoinPool-1-worker-1] DEBUG org.apache.http.conn.ssl.SSLConnectionSocketFactory - Starting handshake
19:11:35.472 [ForkJoinPool-1-worker-1] DEBUG org.apache.http.conn.ssl.SSLConnectionSocketFactory - Secure session established
19:11:35.472 [ForkJoinPool-1-worker-1] DEBUG org.apache.http.conn.ssl.SSLConnectionSocketFactory -  negotiated protocol: TLSv1.2
19:11:35.472 [ForkJoinPool-1-worker-1] DEBUG org.apache.http.conn.ssl.SSLConnectionSocketFactory -  negotiated cipher suite: TLS_ECDHE_ECDSA_WITH_AES_128_GCM_SHA256
19:11:35.472 [ForkJoinPool-1-worker-1] DEBUG org.apache.http.conn.ssl.SSLConnectionSocketFactory -  peer principal: CN=sni.cloudflaressl.com, O="Cloudflare, Inc.", L=San Francisco, ST=CA, C=US
19:11:35.472 [ForkJoinPool-1-worker-1] DEBUG org.apache.http.conn.ssl.SSLConnectionSocketFactory -  peer alternative names: [reqres.in, sni.cloudflaressl.com, *.reqres.in]
19:11:35.472 [ForkJoinPool-1-worker-1] DEBUG org.apache.http.conn.ssl.SSLConnectionSocketFactory -  issuer principal: CN=Cloudflare Inc ECC CA-3, O="Cloudflare, Inc.", C=US
19:11:35.472 [ForkJoinPool-1-worker-1] DEBUG org.apache.http.impl.conn.DefaultHttpClientConnectionOperator - Connection established 192.168.1.87:53464<->104.27.135.11:443
19:11:35.472 [ForkJoinPool-1-worker-1] DEBUG org.apache.http.impl.conn.DefaultManagedHttpClientConnection - http-outgoing-12: set socket timeout to 30000
19:11:35.488 [ForkJoinPool-1-worker-1] DEBUG org.apache.http.impl.execchain.MainClientExec - Executing request GET /api/users%3Fpage=2%3E HTTP/1.1
19:11:35.488 [ForkJoinPool-1-worker-1] DEBUG org.apache.http.impl.execchain.MainClientExec - Target auth state: UNCHALLENGED
19:11:35.488 [ForkJoinPool-1-worker-1] DEBUG org.apache.http.impl.execchain.MainClientExec - Proxy auth state: UNCHALLENGED
19:11:35.488 [ForkJoinPool-1-worker-1] DEBUG org.apache.http.headers - http-outgoing-12 >> GET /api/users%3Fpage=2%3E HTTP/1.1
19:11:35.488 [ForkJoinPool-1-worker-1] DEBUG org.apache.http.headers - http-outgoing-12 >> Host: reqres.in
19:11:35.488 [ForkJoinPool-1-worker-1] DEBUG org.apache.http.headers - http-outgoing-12 >> Connection: Keep-Alive
19:11:35.488 [ForkJoinPool-1-worker-1] DEBUG org.apache.http.headers - http-outgoing-12 >> User-Agent: Apache-HttpClient/4.5.12 (Java/1.8.0_251)
19:11:35.488 [ForkJoinPool-1-worker-1] DEBUG org.apache.http.headers - http-outgoing-12 >> Accept-Encoding: gzip,deflate
19:11:35.488 [ForkJoinPool-1-worker-1] DEBUG org.apache.http.wire - http-outgoing-12 >> "GET /api/users%3Fpage=2%3E HTTP/1.1[\r][\n]"
19:11:35.488 [ForkJoinPool-1-worker-1] DEBUG org.apache.http.wire - http-outgoing-12 >> "Host: reqres.in[\r][\n]"
19:11:35.488 [ForkJoinPool-1-worker-1] DEBUG org.apache.http.wire - http-outgoing-12 >> "Connection: Keep-Alive[\r][\n]"
19:11:35.488 [ForkJoinPool-1-worker-1] DEBUG org.apache.http.wire - http-outgoing-12 >> "User-Agent: Apache-HttpClient/4.5.12 (Java/1.8.0_251)[\r][\n]"
19:11:35.488 [ForkJoinPool-1-worker-1] DEBUG org.apache.http.wire - http-outgoing-12 >> "Accept-Encoding: gzip,deflate[\r][\n]"
19:11:35.488 [ForkJoinPool-1-worker-1] DEBUG org.apache.http.wire - http-outgoing-12 >> "[\r][\n]"
19:11:35.519 [ForkJoinPool-1-worker-1] DEBUG org.apache.http.wire - http-outgoing-12 << "HTTP/1.1 200 OK[\r][\n]"
19:11:35.519 [ForkJoinPool-1-worker-1] DEBUG org.apache.http.wire - http-outgoing-12 << "Date: Thu, 03 Dec 2020 13:41:35 GMT[\r][\n]"
19:11:35.519 [ForkJoinPool-1-worker-1] DEBUG org.apache.http.wire - http-outgoing-12 << "Content-Type: application/json; charset=utf-8[\r][\n]"
19:11:35.519 [ForkJoinPool-1-worker-1] DEBUG org.apache.http.wire - http-outgoing-12 << "Transfer-Encoding: chunked[\r][\n]"
19:11:35.519 [ForkJoinPool-1-worker-1] DEBUG org.apache.http.wire - http-outgoing-12 << "Connection: keep-alive[\r][\n]"
19:11:35.519 [ForkJoinPool-1-worker-1] DEBUG org.apache.http.wire - http-outgoing-12 << "Set-Cookie: __cfduid=d78159694d30ed29a33ed1ea5e3fe598d1607002895; expires=Sat, 02-Jan-21 13:41:35 GMT; path=/; domain=.reqres.in; HttpOnly; SameSite=Lax; Secure[\r][\n]"
19:11:35.519 [ForkJoinPool-1-worker-1] DEBUG org.apache.http.wire - http-outgoing-12 << "X-Powered-By: Express[\r][\n]"
19:11:35.519 [ForkJoinPool-1-worker-1] DEBUG org.apache.http.wire - http-outgoing-12 << "Access-Control-Allow-Origin: *[\r][\n]"
19:11:35.519 [ForkJoinPool-1-worker-1] DEBUG org.apache.http.wire - http-outgoing-12 << "Etag: W/"2c1-N6Rqerxquq2kgQhL51EiSg4x0R8"[\r][\n]"
19:11:35.519 [ForkJoinPool-1-worker-1] DEBUG org.apache.http.wire - http-outgoing-12 << "Via: 1.1 vegur[\r][\n]"
19:11:35.519 [ForkJoinPool-1-worker-1] DEBUG org.apache.http.wire - http-outgoing-12 << "Cache-Control: max-age=14400[\r][\n]"
19:11:35.519 [ForkJoinPool-1-worker-1] DEBUG org.apache.http.wire - http-outgoing-12 << "CF-Cache-Status: HIT[\r][\n]"
19:11:35.519 [ForkJoinPool-1-worker-1] DEBUG org.apache.http.wire - http-outgoing-12 << "Age: 1858[\r][\n]"
19:11:35.519 [ForkJoinPool-1-worker-1] DEBUG org.apache.http.wire - http-outgoing-12 << "cf-request-id: 06ca6f4b9900002dfd920b4000000001[\r][\n]"
19:11:35.519 [ForkJoinPool-1-worker-1] DEBUG org.apache.http.wire - http-outgoing-12 << "Expect-CT: max-age=604800, report-uri="https://report-uri.cloudflare.com/cdn-cgi/beacon/expect-ct"[\r][\n]"
19:11:35.519 [ForkJoinPool-1-worker-1] DEBUG org.apache.http.wire - http-outgoing-12 << "Report-To: {"endpoints":[{"url":"https:\/\/a.nel.cloudflare.com\/report?s=rLmWdfS0vpgb8HquNqin%2FAwifPe0vWjqlj1FrXv%2Bt5RowIS%2BRrSfcBs64%2Fs%2FsowjeoZRRcCUIxG84Jz%2FpJjZUY8R4ZG35bPTnzQ%3D"}],"group":"cf-nel","max_age":604800}[\r][\n]"
19:11:35.519 [ForkJoinPool-1-worker-1] DEBUG org.apache.http.wire - http-outgoing-12 << "NEL: {"report_to":"cf-nel","max_age":604800}[\r][\n]"
19:11:35.519 [ForkJoinPool-1-worker-1] DEBUG org.apache.http.wire - http-outgoing-12 << "Vary: Accept-Encoding[\r][\n]"
19:11:35.519 [ForkJoinPool-1-worker-1] DEBUG org.apache.http.wire - http-outgoing-12 << "Server: cloudflare[\r][\n]"
19:11:35.519 [ForkJoinPool-1-worker-1] DEBUG org.apache.http.wire - http-outgoing-12 << "CF-RAY: 5fbdb4bf59c02dfd-BOM[\r][\n]"
19:11:35.519 [ForkJoinPool-1-worker-1] DEBUG org.apache.http.wire - http-outgoing-12 << "Content-Encoding: gzip[\r][\n]"
19:11:35.519 [ForkJoinPool-1-worker-1] DEBUG org.apache.http.wire - http-outgoing-12 << "[\r][\n]"
19:11:35.519 [ForkJoinPool-1-worker-1] DEBUG org.apache.http.wire - http-outgoing-12 << "170[\r][\n]"
19:11:35.519 [ForkJoinPool-1-worker-1] DEBUG org.apache.http.wire - http-outgoing-12 << "[0x1f][0x8b][0x8][0x0][0x0][0x0][0x0][0x0][0x0][0x3]m[0xd1][0xcd]n[0xdb]0[0xc][0x7][0xf0]W[0xd1][0xd8][0xab][0xbc]X[0xb2]l'[0xba]5Y[0xf6][0x0]Eo[0xc5]P[0xb0]6[0x9b][0x8][0xf5],[0x85][0x92][0xba][0x15]A[0xde][0xbd][0xe8][0x7]\[0x17][0xf0]M[0x82][0xf8][0xff][0x81][0x14][0xcf][0x10][0xf0]@`[0x95][0x84]@|[0xff]qi$$[0x9f]p[0x0][0xab][0xf4][0xe7][0xf1][0xfd]%[0x82][0xd5][0x12]zL[0x8][0xf6][0xee][0xc][0xae]]]>&#x7f;<![CDATA[[0xcf][0x8d][0xf8][0x97][0xc0]BG[0x9c][0x7][0xc2][0x11]$[0xbc][0x10]2X][0x96][0xa5][0x84][0xce][0xf][0x9e][0xc1][0xc2][0xd5]f[0xbd][0xd5][0xbf][0x14]H[0x8]8&?[0xd2][0xfd]3[0xe][0xf9]-[0xa8][0xea][0xc2][0x94][0xba][0x84][0x8b][0xfc] [0xf5]D>[0xe6][0xee][0x18][0x1d][\n]"
19:11:35.519 [ForkJoinPool-1-worker-1] DEBUG org.apache.http.wire - http-outgoing-12 << "[0xf6][0x91][0xe6][0xac][0x9a][0xb1][0xbb][0xd6]Tm[0xbd][0xc4][0xb6][0x85].+5[0xb1][0xd5][0xc4]&[0xce]$[0x98][0xfa]9[0xa9]g[0xe4][0xf6][0xb7][0xda]Tz[0x89][0xdc][0x14][0xaa]i[0xcc]D[0x9a][0x89][0xc4]SF[0x11][0x9f]^[0xe6]d5#[0xdb][0xed][0xce][0xec][0xcc][0x12]i[\n]"
19:11:35.519 [ForkJoinPool-1-worker-1] DEBUG org.apache.http.wire - http-outgoing-12 << "[0xb3]V_][0xd6]_][0xba][0x3][0xf1][0xe0][0x86]o[0xa6][0x99][0x99]{][0xaf][0xab][0xfd][0xf2][0xe4][0xca][0xd4][0xcd]d6[0x93][0xf9]0d[0x12])[0xf3]){[0xf7][0xfd]K[0xeb][0x19]\W[0xdb][0xf2]z[0xbf][0xbc][0xa9]Z[0xab][0x16].]]>&#x7f;<![CDATA[$[0xc4][0x1c][0x82][0xe7][0x4][0xf6][0xc][0x99][0x7][0xb0]pL)D[0xbb]Z1[0x9d][0x98][0xe2]O7[0xae][0xae]>k[0x8a]#a[0xef][0xc6][0x3]HH[0xf4]?[0x81][0x85][/[0x9e][0x88][0x82][0xb8][0xa1][0xd3][\r]E[0xf1][0xc8]DRt~L[0xec][0x1e]rr~[0x8c]"[0xf9]]]>&#x7f;<![CDATA[[0xc8]}[0x14][0x91][0xf8][0x99]Xt>[0xa6]([0x90]I`[0x8]"
19:11:35.519 [ForkJoinPool-1-worker-1] DEBUG org.apache.http.headers - http-outgoing-12 << HTTP/1.1 200 OK
19:11:35.519 [ForkJoinPool-1-worker-1] DEBUG org.apache.http.headers - http-outgoing-12 << Date: Thu, 03 Dec 2020 13:41:35 GMT
19:11:35.519 [ForkJoinPool-1-worker-1] DEBUG org.apache.http.headers - http-outgoing-12 << Content-Type: application/json; charset=utf-8
19:11:35.519 [ForkJoinPool-1-worker-1] DEBUG org.apache.http.headers - http-outgoing-12 << Transfer-Encoding: chunked
19:11:35.519 [ForkJoinPool-1-worker-1] DEBUG org.apache.http.headers - http-outgoing-12 << Connection: keep-alive
19:11:35.519 [ForkJoinPool-1-worker-1] DEBUG org.apache.http.headers - http-outgoing-12 << Set-Cookie: __cfduid=d78159694d30ed29a33ed1ea5e3fe598d1607002895; expires=Sat, 02-Jan-21 13:41:35 GMT; path=/; domain=.reqres.in; HttpOnly; SameSite=Lax; Secure
19:11:35.519 [ForkJoinPool-1-worker-1] DEBUG org.apache.http.headers - http-outgoing-12 << X-Powered-By: Express
19:11:35.519 [ForkJoinPool-1-worker-1] DEBUG org.apache.http.headers - http-outgoing-12 << Access-Control-Allow-Origin: *
19:11:35.519 [ForkJoinPool-1-worker-1] DEBUG org.apache.http.headers - http-outgoing-12 << Etag: W/"2c1-N6Rqerxquq2kgQhL51EiSg4x0R8"
19:11:35.519 [ForkJoinPool-1-worker-1] DEBUG org.apache.http.headers - http-outgoing-12 << Via: 1.1 vegur
19:11:35.519 [ForkJoinPool-1-worker-1] DEBUG org.apache.http.headers - http-outgoing-12 << Cache-Control: max-age=14400
19:11:35.519 [ForkJoinPool-1-worker-1] DEBUG org.apache.http.headers - http-outgoing-12 << CF-Cache-Status: HIT
19:11:35.519 [ForkJoinPool-1-worker-1] DEBUG org.apache.http.headers - http-outgoing-12 << Age: 1858
19:11:35.519 [ForkJoinPool-1-worker-1] DEBUG org.apache.http.headers - http-outgoing-12 << cf-request-id: 06ca6f4b9900002dfd920b4000000001
19:11:35.519 [ForkJoinPool-1-worker-1] DEBUG org.apache.http.headers - http-outgoing-12 << Expect-CT: max-age=604800, report-uri="https://report-uri.cloudflare.com/cdn-cgi/beacon/expect-ct"
19:11:35.519 [ForkJoinPool-1-worker-1] DEBUG org.apache.http.headers - http-outgoing-12 << Report-To: {"endpoints":[{"url":"https:\/\/a.nel.cloudflare.com\/report?s=rLmWdfS0vpgb8HquNqin%2FAwifPe0vWjqlj1FrXv%2Bt5RowIS%2BRrSfcBs64%2Fs%2FsowjeoZRRcCUIxG84Jz%2FpJjZUY8R4ZG35bPTnzQ%3D"}],"group":"cf-nel","max_age":604800}
19:11:35.519 [ForkJoinPool-1-worker-1] DEBUG org.apache.http.headers - http-outgoing-12 << NEL: {"report_to":"cf-nel","max_age":604800}
19:11:35.519 [ForkJoinPool-1-worker-1] DEBUG org.apache.http.headers - http-outgoing-12 << Vary: Accept-Encoding
19:11:35.519 [ForkJoinPool-1-worker-1] DEBUG org.apache.http.headers - http-outgoing-12 << Server: cloudflare
19:11:35.519 [ForkJoinPool-1-worker-1] DEBUG org.apache.http.headers - http-outgoing-12 << CF-RAY: 5fbdb4bf59c02dfd-BOM
19:11:35.519 [ForkJoinPool-1-worker-1] DEBUG org.apache.http.headers - http-outgoing-12 << Content-Encoding: gzip
19:11:35.519 [ForkJoinPool-1-worker-1] DEBUG org.apache.http.impl.execchain.MainClientExec - Connection can be kept alive indefinitely
19:11:35.519 [ForkJoinPool-1-worker-1] DEBUG org.apache.http.client.protocol.ResponseProcessCookies - Cookie accepted [__cfduid="d78159694d30ed29a33ed1ea5e3fe598d1607002895", version:0, domain:reqres.in, path:/, expiry:Sat Jan 02 19:11:35 IST 2021]
19:11:35.519 [ForkJoinPool-1-worker-1] DEBUG org.apache.http.wire - http-outgoing-12 << "L[0x9d][0xc3]D[0xfd][0xf][0xb8]\^[0x1]0[0x9f][0xa1]R[0xc1][0x2][0x0][0x0][\r][\n]"
19:11:35.519 [ForkJoinPool-1-worker-1] DEBUG org.apache.http.wire - http-outgoing-12 << "0[\r][\n]"
19:11:35.519 [ForkJoinPool-1-worker-1] DEBUG org.apache.http.wire - http-outgoing-12 << "[\r][\n]"
19:11:35.519 [ForkJoinPool-1-worker-1] DEBUG org.apache.http.impl.conn.PoolingHttpClientConnectionManager - Connection [id: 12][route: {s}->https://reqres.in:443] can be kept alive indefinitely
19:11:35.519 [ForkJoinPool-1-worker-1] DEBUG org.apache.http.impl.conn.DefaultManagedHttpClientConnection - http-outgoing-12: set socket timeout to 0
19:11:35.519 [ForkJoinPool-1-worker-1] DEBUG org.apache.http.impl.conn.PoolingHttpClientConnectionManager - Connection released: [id: 12][route: {s}->https://reqres.in:443][total available: 1; route allocated: 1 of 5; total allocated: 1 of 10]
19:11:35.519 [ForkJoinPool-1-worker-1] DEBUG com.intuit.karate - response time in milliseconds: 81.00
1 < 200
1 < Access-Control-Allow-Origin: *
1 < Age: 1858
1 < CF-Cache-Status: HIT
1 < CF-RAY: 5fbdb4bf59c02dfd-BOM
1 < Cache-Control: max-age=14400
1 < Connection: keep-alive
1 < Content-Type: application/json; charset=utf-8
1 < Date: Thu, 03 Dec 2020 13:41:35 GMT
1 < Etag: W/"2c1-N6Rqerxquq2kgQhL51EiSg4x0R8"
1 < Expect-CT: max-age=604800, report-uri="https://report-uri.cloudflare.com/cdn-cgi/beacon/expect-ct"
1 < NEL: {"report_to":"cf-nel","max_age":604800}
1 < Report-To: {"endpoints":[{"url":"https:\/\/a.nel.cloudflare.com\/report?s=rLmWdfS0vpgb8HquNqin%2FAwifPe0vWjqlj1FrXv%2Bt5RowIS%2BRrSfcBs64%2Fs%2FsowjeoZRRcCUIxG84Jz%2FpJjZUY8R4ZG35bPTnzQ%3D"}],"group":"cf-nel","max_age":604800}
1 < Server: cloudflare
1 < Set-Cookie: __cfduid=d78159694d30ed29a33ed1ea5e3fe598d1607002895; expires=Sat, 02-Jan-21 13:41:35 GMT; path=/; domain=.reqres.in; HttpOnly; SameSite=Lax; Secure
1 < Transfer-Encoding: chunked
1 < Vary: Accept-Encoding
1 < Via: 1.1 vegur
1 < X-Powered-By: Express
1 < cf-request-id: 06ca6f4b9900002dfd920b4000000001
{"page":1,"per_page":6,"total":12,"total_pages":2,"data":[{"id":1,"name":"cerulean","year":2000,"color":"#98B2D1","pantone_value":"15-4020"},{"id":2,"name":"fuchsia rose","year":2001,"color":"#C74375","pantone_value":"17-2031"},{"id":3,"name":"true red","year":2002,"color":"#BF1932","pantone_value":"19-1664"},{"id":4,"name":"aqua sky","year":2003,"color":"#7BC4C4","pantone_value":"14-4811"},{"id":5,"name":"tigerlily","year":2004,"color":"#E2583E","pantone_value":"17-1456"},{"id":6,"name":"blue turquoise","year":2005,"color":"#53B0AE","pantone_value":"15-5217"}],"support":{"url":"https://reqres.in/#support-heading","text":"To keep ReqRes free, contributions towards server costs are appreciated!"}}

19:11:35.519 [ForkJoinPool-1-worker-1] DEBUG com.jayway.jsonpath.internal.path.CompiledPath - Evaluating path: $['page']
19:11:35.519 [ForkJoinPool-1-worker-1] INFO com.intuit.karate - from karate-config.js 
19:11:35.535 [ForkJoinPool-1-worker-1] DEBUG com.jayway.jsonpath.internal.path.CompiledPath - Evaluating path: $
19:11:35.535 [ForkJoinPool-1-worker-1] DEBUG org.apache.http.client.protocol.RequestAddCookies - CookieSpec selected: karate
19:11:35.535 [ForkJoinPool-1-worker-1] DEBUG org.apache.http.client.protocol.RequestAuthCache - Auth cache not set in the context
19:11:35.535 [ForkJoinPool-1-worker-1] DEBUG com.intuit.karate - request:
1 > GET https://reqres.in/api/users%3Fpage=3%3E
1 > Accept-Encoding: gzip,deflate
1 > Connection: Keep-Alive
1 > Host: reqres.in
1 > User-Agent: Apache-HttpClient/4.5.12 (Java/1.8.0_251)

19:11:35.535 [ForkJoinPool-1-worker-1] DEBUG org.apache.http.impl.conn.PoolingHttpClientConnectionManager - Connection request: [route: {s}->https://reqres.in:443][total available: 0; route allocated: 0 of 5; total allocated: 0 of 10]
19:11:35.535 [ForkJoinPool-1-worker-1] DEBUG org.apache.http.impl.conn.PoolingHttpClientConnectionManager - Connection leased: [id: 13][route: {s}->https://reqres.in:443][total available: 0; route allocated: 1 of 5; total allocated: 1 of 10]
19:11:35.535 [ForkJoinPool-1-worker-1] DEBUG org.apache.http.impl.execchain.MainClientExec - Opening connection {s}->https://reqres.in:443
19:11:35.535 [ForkJoinPool-1-worker-1] DEBUG org.apache.http.impl.conn.DefaultHttpClientConnectionOperator - Connecting to reqres.in/104.27.135.11:443
19:11:35.535 [ForkJoinPool-1-worker-1] DEBUG org.apache.http.conn.ssl.SSLConnectionSocketFactory - Connecting socket to reqres.in/104.27.135.11:443 with timeout 30000
19:11:35.550 [ForkJoinPool-1-worker-1] DEBUG org.apache.http.conn.ssl.SSLConnectionSocketFactory - Enabled protocols: [TLSv1, TLSv1.1, TLSv1.2]
19:11:35.550 [ForkJoinPool-1-worker-1] DEBUG org.apache.http.conn.ssl.SSLConnectionSocketFactory - Enabled cipher suites:[TLS_ECDHE_ECDSA_WITH_AES_256_CBC_SHA384, TLS_ECDHE_RSA_WITH_AES_256_CBC_SHA384, TLS_RSA_WITH_AES_256_CBC_SHA256, TLS_ECDH_ECDSA_WITH_AES_256_CBC_SHA384, TLS_ECDH_RSA_WITH_AES_256_CBC_SHA384, TLS_DHE_RSA_WITH_AES_256_CBC_SHA256, TLS_DHE_DSS_WITH_AES_256_CBC_SHA256, TLS_ECDHE_ECDSA_WITH_AES_256_CBC_SHA, TLS_ECDHE_RSA_WITH_AES_256_CBC_SHA, TLS_RSA_WITH_AES_256_CBC_SHA, TLS_ECDH_ECDSA_WITH_AES_256_CBC_SHA, TLS_ECDH_RSA_WITH_AES_256_CBC_SHA, TLS_DHE_RSA_WITH_AES_256_CBC_SHA, TLS_DHE_DSS_WITH_AES_256_CBC_SHA, TLS_ECDHE_ECDSA_WITH_AES_128_CBC_SHA256, TLS_ECDHE_RSA_WITH_AES_128_CBC_SHA256, TLS_RSA_WITH_AES_128_CBC_SHA256, TLS_ECDH_ECDSA_WITH_AES_128_CBC_SHA256, TLS_ECDH_RSA_WITH_AES_128_CBC_SHA256, TLS_DHE_RSA_WITH_AES_128_CBC_SHA256, TLS_DHE_DSS_WITH_AES_128_CBC_SHA256, TLS_ECDHE_ECDSA_WITH_AES_128_CBC_SHA, TLS_ECDHE_RSA_WITH_AES_128_CBC_SHA, TLS_RSA_WITH_AES_128_CBC_SHA, TLS_ECDH_ECDSA_WITH_AES_128_CBC_SHA, TLS_ECDH_RSA_WITH_AES_128_CBC_SHA, TLS_DHE_RSA_WITH_AES_128_CBC_SHA, TLS_DHE_DSS_WITH_AES_128_CBC_SHA, TLS_ECDHE_ECDSA_WITH_AES_256_GCM_SHA384, TLS_ECDHE_ECDSA_WITH_AES_128_GCM_SHA256, TLS_ECDHE_RSA_WITH_AES_256_GCM_SHA384, TLS_RSA_WITH_AES_256_GCM_SHA384, TLS_ECDH_ECDSA_WITH_AES_256_GCM_SHA384, TLS_ECDH_RSA_WITH_AES_256_GCM_SHA384, TLS_DHE_RSA_WITH_AES_256_GCM_SHA384, TLS_DHE_DSS_WITH_AES_256_GCM_SHA384, TLS_ECDHE_RSA_WITH_AES_128_GCM_SHA256, TLS_RSA_WITH_AES_128_GCM_SHA256, TLS_ECDH_ECDSA_WITH_AES_128_GCM_SHA256, TLS_ECDH_RSA_WITH_AES_128_GCM_SHA256, TLS_DHE_RSA_WITH_AES_128_GCM_SHA256, TLS_DHE_DSS_WITH_AES_128_GCM_SHA256, TLS_EMPTY_RENEGOTIATION_INFO_SCSV]
19:11:35.550 [ForkJoinPool-1-worker-1] DEBUG org.apache.http.conn.ssl.SSLConnectionSocketFactory - Starting handshake
19:11:35.582 [ForkJoinPool-1-worker-1] DEBUG org.apache.http.conn.ssl.SSLConnectionSocketFactory - Secure session established
19:11:35.582 [ForkJoinPool-1-worker-1] DEBUG org.apache.http.conn.ssl.SSLConnectionSocketFactory -  negotiated protocol: TLSv1.2
19:11:35.582 [ForkJoinPool-1-worker-1] DEBUG org.apache.http.conn.ssl.SSLConnectionSocketFactory -  negotiated cipher suite: TLS_ECDHE_ECDSA_WITH_AES_128_GCM_SHA256
19:11:35.582 [ForkJoinPool-1-worker-1] DEBUG org.apache.http.conn.ssl.SSLConnectionSocketFactory -  peer principal: CN=sni.cloudflaressl.com, O="Cloudflare, Inc.", L=San Francisco, ST=CA, C=US
19:11:35.582 [ForkJoinPool-1-worker-1] DEBUG org.apache.http.conn.ssl.SSLConnectionSocketFactory -  peer alternative names: [reqres.in, sni.cloudflaressl.com, *.reqres.in]
19:11:35.582 [ForkJoinPool-1-worker-1] DEBUG org.apache.http.conn.ssl.SSLConnectionSocketFactory -  issuer principal: CN=Cloudflare Inc ECC CA-3, O="Cloudflare, Inc.", C=US
19:11:35.582 [ForkJoinPool-1-worker-1] DEBUG org.apache.http.impl.conn.DefaultHttpClientConnectionOperator - Connection established 192.168.1.87:53465<->104.27.135.11:443
19:11:35.582 [ForkJoinPool-1-worker-1] DEBUG org.apache.http.impl.conn.DefaultManagedHttpClientConnection - http-outgoing-13: set socket timeout to 30000
19:11:35.582 [ForkJoinPool-1-worker-1] DEBUG org.apache.http.impl.execchain.MainClientExec - Executing request GET /api/users%3Fpage=3%3E HTTP/1.1
19:11:35.582 [ForkJoinPool-1-worker-1] DEBUG org.apache.http.impl.execchain.MainClientExec - Target auth state: UNCHALLENGED
19:11:35.582 [ForkJoinPool-1-worker-1] DEBUG org.apache.http.impl.execchain.MainClientExec - Proxy auth state: UNCHALLENGED
19:11:35.582 [ForkJoinPool-1-worker-1] DEBUG org.apache.http.headers - http-outgoing-13 >> GET /api/users%3Fpage=3%3E HTTP/1.1
19:11:35.582 [ForkJoinPool-1-worker-1] DEBUG org.apache.http.headers - http-outgoing-13 >> Host: reqres.in
19:11:35.582 [ForkJoinPool-1-worker-1] DEBUG org.apache.http.headers - http-outgoing-13 >> Connection: Keep-Alive
19:11:35.582 [ForkJoinPool-1-worker-1] DEBUG org.apache.http.headers - http-outgoing-13 >> User-Agent: Apache-HttpClient/4.5.12 (Java/1.8.0_251)
19:11:35.582 [ForkJoinPool-1-worker-1] DEBUG org.apache.http.headers - http-outgoing-13 >> Accept-Encoding: gzip,deflate
19:11:35.582 [ForkJoinPool-1-worker-1] DEBUG org.apache.http.wire - http-outgoing-13 >> "GET /api/users%3Fpage=3%3E HTTP/1.1[\r][\n]"
19:11:35.582 [ForkJoinPool-1-worker-1] DEBUG org.apache.http.wire - http-outgoing-13 >> "Host: reqres.in[\r][\n]"
19:11:35.582 [ForkJoinPool-1-worker-1] DEBUG org.apache.http.wire - http-outgoing-13 >> "Connection: Keep-Alive[\r][\n]"
19:11:35.582 [ForkJoinPool-1-worker-1] DEBUG org.apache.http.wire - http-outgoing-13 >> "User-Agent: Apache-HttpClient/4.5.12 (Java/1.8.0_251)[\r][\n]"
19:11:35.582 [ForkJoinPool-1-worker-1] DEBUG org.apache.http.wire - http-outgoing-13 >> "Accept-Encoding: gzip,deflate[\r][\n]"
19:11:35.582 [ForkJoinPool-1-worker-1] DEBUG org.apache.http.wire - http-outgoing-13 >> "[\r][\n]"
19:11:35.613 [ForkJoinPool-1-worker-1] DEBUG org.apache.http.wire - http-outgoing-13 << "HTTP/1.1 200 OK[\r][\n]"
19:11:35.613 [ForkJoinPool-1-worker-1] DEBUG org.apache.http.wire - http-outgoing-13 << "Date: Thu, 03 Dec 2020 13:41:35 GMT[\r][\n]"
19:11:35.613 [ForkJoinPool-1-worker-1] DEBUG org.apache.http.wire - http-outgoing-13 << "Content-Type: application/json; charset=utf-8[\r][\n]"
19:11:35.613 [ForkJoinPool-1-worker-1] DEBUG org.apache.http.wire - http-outgoing-13 << "Transfer-Encoding: chunked[\r][\n]"
19:11:35.613 [ForkJoinPool-1-worker-1] DEBUG org.apache.http.wire - http-outgoing-13 << "Connection: keep-alive[\r][\n]"
19:11:35.613 [ForkJoinPool-1-worker-1] DEBUG org.apache.http.wire - http-outgoing-13 << "Set-Cookie: __cfduid=d95d4e9e9457706f962b03892e28090ae1607002895; expires=Sat, 02-Jan-21 13:41:35 GMT; path=/; domain=.reqres.in; HttpOnly; SameSite=Lax; Secure[\r][\n]"
19:11:35.613 [ForkJoinPool-1-worker-1] DEBUG org.apache.http.wire - http-outgoing-13 << "X-Powered-By: Express[\r][\n]"
19:11:35.613 [ForkJoinPool-1-worker-1] DEBUG org.apache.http.wire - http-outgoing-13 << "Access-Control-Allow-Origin: *[\r][\n]"
19:11:35.613 [ForkJoinPool-1-worker-1] DEBUG org.apache.http.wire - http-outgoing-13 << "Etag: W/"2c1-N6Rqerxquq2kgQhL51EiSg4x0R8"[\r][\n]"
19:11:35.613 [ForkJoinPool-1-worker-1] DEBUG org.apache.http.wire - http-outgoing-13 << "Via: 1.1 vegur[\r][\n]"
19:11:35.613 [ForkJoinPool-1-worker-1] DEBUG org.apache.http.wire - http-outgoing-13 << "Cache-Control: max-age=14400[\r][\n]"
19:11:35.613 [ForkJoinPool-1-worker-1] DEBUG org.apache.http.wire - http-outgoing-13 << "CF-Cache-Status: HIT[\r][\n]"
19:11:35.613 [ForkJoinPool-1-worker-1] DEBUG org.apache.http.wire - http-outgoing-13 << "Age: 1858[\r][\n]"
19:11:35.613 [ForkJoinPool-1-worker-1] DEBUG org.apache.http.wire - http-outgoing-13 << "cf-request-id: 06ca6f4bfd0000d5bb2d351000000001[\r][\n]"
19:11:35.613 [ForkJoinPool-1-worker-1] DEBUG org.apache.http.wire - http-outgoing-13 << "Expect-CT: max-age=604800, report-uri="https://report-uri.cloudflare.com/cdn-cgi/beacon/expect-ct"[\r][\n]"
19:11:35.613 [ForkJoinPool-1-worker-1] DEBUG org.apache.http.wire - http-outgoing-13 << "Report-To: {"endpoints":[{"url":"https:\/\/a.nel.cloudflare.com\/report?s=J6oHROZGA2JGKx6UsQcVEog6nWTKLXAxtD9m81yEV02SH6HZog7tM%2FNqFa49HDNnTpcQuu2ExTPNQWlJ%2Fa8GmLocXpn%2BUsgNz5c%3D"}],"group":"cf-nel","max_age":604800}[\r][\n]"
19:11:35.613 [ForkJoinPool-1-worker-1] DEBUG org.apache.http.wire - http-outgoing-13 << "NEL: {"report_to":"cf-nel","max_age":604800}[\r][\n]"
19:11:35.613 [ForkJoinPool-1-worker-1] DEBUG org.apache.http.wire - http-outgoing-13 << "Vary: Accept-Encoding[\r][\n]"
19:11:35.613 [ForkJoinPool-1-worker-1] DEBUG org.apache.http.wire - http-outgoing-13 << "Server: cloudflare[\r][\n]"
19:11:35.613 [ForkJoinPool-1-worker-1] DEBUG org.apache.http.wire - http-outgoing-13 << "CF-RAY: 5fbdb4bff973d5bb-BOM[\r][\n]"
19:11:35.613 [ForkJoinPool-1-worker-1] DEBUG org.apache.http.wire - http-outgoing-13 << "Content-Encoding: gzip[\r][\n]"
19:11:35.613 [ForkJoinPool-1-worker-1] DEBUG org.apache.http.wire - http-outgoing-13 << "[\r][\n]"
19:11:35.613 [ForkJoinPool-1-worker-1] DEBUG org.apache.http.wire - http-outgoing-13 << "170[\r][\n]"
19:11:35.613 [ForkJoinPool-1-worker-1] DEBUG org.apache.http.wire - http-outgoing-13 << "[0x1f][0x8b][0x8][0x0][0x0][0x0][0x0][0x0][0x0][0x3]m[0xd1][0xcd]n[0xdb]0[0xc][0x7][0xf0]W[0xd1][0xd8][0xab][0xbc]X[0xb2]l'[0xba]5Y[0xf6][0x0]Eo[0xc5]P[0xb0]6[0x9b][0x8][0xf5],[0x85][0x92][0xba][0x15]A[0xde][0xbd][0xe8][0x7]\[0x17][0xf0]M[0x82][0xf8][0xff][0x81][0x14][0xcf][0x10][0xf0]@`[0x95][0x84]@|[0xff]qi$$[0x9f]p[0x0][0xab][0xf4][0xe7][0xf1][0xfd]%[0x82][0xd5][0x12]zL[0x8][0xf6][0xee][0xc][0xae]]]>&#x7f;<![CDATA[[0xcf][0x8d][0xf8][0x97][0xc0]BG[0x9c][0x7][0xc2][0x11]$[0xbc][0x10]2X][0x96][0xa5][0x84][0xce][0xf][0x9e][0xc1][0xc2][0xd5]f[0xbd][0xd5][0xbf][0x14]H[0x8]8&?[0xd2][0xfd]3[0xe][0xf9]-[0xa8][0xea][0xc2][0x94][0xba][0x84][0x8b][0xfc] [0xf5]D>[0xe6][0xee][0x18][0x1d][\n]"
19:11:35.613 [ForkJoinPool-1-worker-1] DEBUG org.apache.http.wire - http-outgoing-13 << "[0xf6][0x91][0xe6][0xac][0x9a][0xb1][0xbb][0xd6]Tm[0xbd][0xc4][0xb6][0x85].+5[0xb1][0xd5][0xc4]&[0xce]$[0x98][0xfa]9[0xa9]g[0xe4][0xf6][0xb7][0xda]Tz[0x89][0xdc][0x14][0xaa]i[0xcc]D[0x9a][0x89][0xc4]SF[0x11][0x9f]^[0xe6]d5#[0xdb][0xed][0xce][0xec][0xcc][0x12]i[\n]"
19:11:35.613 [ForkJoinPool-1-worker-1] DEBUG org.apache.http.wire - http-outgoing-13 << "[0xb3]V_][0xd6]_][0xba][0x3][0xf1][0xe0][0x86]o[0xa6][0x99][0x99]{][0xaf][0xab][0xfd][0xf2][0xe4][0xca][0xd4][0xcd]d6[0x93][0xf9]0d[0x12])[0xf3]){[0xf7][0xfd]K[0xeb][0x19]\W[0xdb][0xf2]z[0xbf][0xbc][0xa9]Z[0xab][0x16].]]>&#x7f;<![CDATA[$[0xc4][0x1c][0x82][0xe7][0x4][0xf6][0xc][0x99][0x7][0xb0]pL)D[0xbb]Z1[0x9d][0x98][0xe2]O7[0xae][0xae]>k[0x8a]#a[0xef][0xc6][0x3]HH[0xf4]?[0x81][0x85][/[0x9e][0x88][0x82][0xb8][0xa1][0xd3][\r]E[0xf1][0xc8]DRt~L[0xec][0x1e]rr~[0x8c]"[0xf9]]]>&#x7f;<![CDATA[[0xc8]}[0x14][0x91][0xf8][0x99]Xt>[0xa6]([0x90]I`[0x8]L[0x9d][0xc3]D[0xfd][0xf]"
19:11:35.613 [ForkJoinPool-1-worker-1] DEBUG org.apache.http.headers - http-outgoing-13 << HTTP/1.1 200 OK
19:11:35.613 [ForkJoinPool-1-worker-1] DEBUG org.apache.http.headers - http-outgoing-13 << Date: Thu, 03 Dec 2020 13:41:35 GMT
19:11:35.613 [ForkJoinPool-1-worker-1] DEBUG org.apache.http.headers - http-outgoing-13 << Content-Type: application/json; charset=utf-8
19:11:35.613 [ForkJoinPool-1-worker-1] DEBUG org.apache.http.headers - http-outgoing-13 << Transfer-Encoding: chunked
19:11:35.613 [ForkJoinPool-1-worker-1] DEBUG org.apache.http.headers - http-outgoing-13 << Connection: keep-alive
19:11:35.613 [ForkJoinPool-1-worker-1] DEBUG org.apache.http.headers - http-outgoing-13 << Set-Cookie: __cfduid=d95d4e9e9457706f962b03892e28090ae1607002895; expires=Sat, 02-Jan-21 13:41:35 GMT; path=/; domain=.reqres.in; HttpOnly; SameSite=Lax; Secure
19:11:35.613 [ForkJoinPool-1-worker-1] DEBUG org.apache.http.headers - http-outgoing-13 << X-Powered-By: Express
19:11:35.613 [ForkJoinPool-1-worker-1] DEBUG org.apache.http.headers - http-outgoing-13 << Access-Control-Allow-Origin: *
19:11:35.613 [ForkJoinPool-1-worker-1] DEBUG org.apache.http.headers - http-outgoing-13 << Etag: W/"2c1-N6Rqerxquq2kgQhL51EiSg4x0R8"
19:11:35.613 [ForkJoinPool-1-worker-1] DEBUG org.apache.http.headers - http-outgoing-13 << Via: 1.1 vegur
19:11:35.613 [ForkJoinPool-1-worker-1] DEBUG org.apache.http.headers - http-outgoing-13 << Cache-Control: max-age=14400
19:11:35.613 [ForkJoinPool-1-worker-1] DEBUG org.apache.http.headers - http-outgoing-13 << CF-Cache-Status: HIT
19:11:35.613 [ForkJoinPool-1-worker-1] DEBUG org.apache.http.headers - http-outgoing-13 << Age: 1858
19:11:35.613 [ForkJoinPool-1-worker-1] DEBUG org.apache.http.headers - http-outgoing-13 << cf-request-id: 06ca6f4bfd0000d5bb2d351000000001
19:11:35.613 [ForkJoinPool-1-worker-1] DEBUG org.apache.http.headers - http-outgoing-13 << Expect-CT: max-age=604800, report-uri="https://report-uri.cloudflare.com/cdn-cgi/beacon/expect-ct"
19:11:35.613 [ForkJoinPool-1-worker-1] DEBUG org.apache.http.headers - http-outgoing-13 << Report-To: {"endpoints":[{"url":"https:\/\/a.nel.cloudflare.com\/report?s=J6oHROZGA2JGKx6UsQcVEog6nWTKLXAxtD9m81yEV02SH6HZog7tM%2FNqFa49HDNnTpcQuu2ExTPNQWlJ%2Fa8GmLocXpn%2BUsgNz5c%3D"}],"group":"cf-nel","max_age":604800}
19:11:35.613 [ForkJoinPool-1-worker-1] DEBUG org.apache.http.headers - http-outgoing-13 << NEL: {"report_to":"cf-nel","max_age":604800}
19:11:35.613 [ForkJoinPool-1-worker-1] DEBUG org.apache.http.headers - http-outgoing-13 << Vary: Accept-Encoding
19:11:35.613 [ForkJoinPool-1-worker-1] DEBUG org.apache.http.headers - http-outgoing-13 << Server: cloudflare
19:11:35.613 [ForkJoinPool-1-worker-1] DEBUG org.apache.http.headers - http-outgoing-13 << CF-RAY: 5fbdb4bff973d5bb-BOM
19:11:35.613 [ForkJoinPool-1-worker-1] DEBUG org.apache.http.headers - http-outgoing-13 << Content-Encoding: gzip
19:11:35.613 [ForkJoinPool-1-worker-1] DEBUG org.apache.http.impl.execchain.MainClientExec - Connection can be kept alive indefinitely
19:11:35.613 [ForkJoinPool-1-worker-1] DEBUG org.apache.http.client.protocol.ResponseProcessCookies - Cookie accepted [__cfduid="d95d4e9e9457706f962b03892e28090ae1607002895", version:0, domain:reqres.in, path:/, expiry:Sat Jan 02 19:11:35 IST 2021]
19:11:35.613 [ForkJoinPool-1-worker-1] DEBUG org.apache.http.wire - http-outgoing-13 << "[0xb8]\^[0x1]0[0x9f][0xa1]R[0xc1][0x2][0x0][0x0][\r][\n]"
19:11:35.613 [ForkJoinPool-1-worker-1] DEBUG org.apache.http.wire - http-outgoing-13 << "0[\r][\n]"
19:11:35.613 [ForkJoinPool-1-worker-1] DEBUG org.apache.http.wire - http-outgoing-13 << "[\r][\n]"
19:11:35.613 [ForkJoinPool-1-worker-1] DEBUG org.apache.http.impl.conn.PoolingHttpClientConnectionManager - Connection [id: 13][route: {s}->https://reqres.in:443] can be kept alive indefinitely
19:11:35.613 [ForkJoinPool-1-worker-1] DEBUG org.apache.http.impl.conn.DefaultManagedHttpClientConnection - http-outgoing-13: set socket timeout to 0
19:11:35.613 [ForkJoinPool-1-worker-1] DEBUG org.apache.http.impl.conn.PoolingHttpClientConnectionManager - Connection released: [id: 13][route: {s}->https://reqres.in:443][total available: 1; route allocated: 1 of 5; total allocated: 1 of 10]
19:11:35.613 [ForkJoinPool-1-worker-1] DEBUG com.intuit.karate - response time in milliseconds: 77.97
1 < 200
1 < Access-Control-Allow-Origin: *
1 < Age: 1858
1 < CF-Cache-Status: HIT
1 < CF-RAY: 5fbdb4bff973d5bb-BOM
1 < Cache-Control: max-age=14400
1 < Connection: keep-alive
1 < Content-Type: application/json; charset=utf-8
1 < Date: Thu, 03 Dec 2020 13:41:35 GMT
1 < Etag: W/"2c1-N6Rqerxquq2kgQhL51EiSg4x0R8"
1 < Expect-CT: max-age=604800, report-uri="https://report-uri.cloudflare.com/cdn-cgi/beacon/expect-ct"
1 < NEL: {"report_to":"cf-nel","max_age":604800}
1 < Report-To: {"endpoints":[{"url":"https:\/\/a.nel.cloudflare.com\/report?s=J6oHROZGA2JGKx6UsQcVEog6nWTKLXAxtD9m81yEV02SH6HZog7tM%2FNqFa49HDNnTpcQuu2ExTPNQWlJ%2Fa8GmLocXpn%2BUsgNz5c%3D"}],"group":"cf-nel","max_age":604800}
1 < Server: cloudflare
1 < Set-Cookie: __cfduid=d95d4e9e9457706f962b03892e28090ae1607002895; expires=Sat, 02-Jan-21 13:41:35 GMT; path=/; domain=.reqres.in; HttpOnly; SameSite=Lax; Secure
1 < Transfer-Encoding: chunked
1 < Vary: Accept-Encoding
1 < Via: 1.1 vegur
1 < X-Powered-By: Express
1 < cf-request-id: 06ca6f4bfd0000d5bb2d351000000001
{"page":1,"per_page":6,"total":12,"total_pages":2,"data":[{"id":1,"name":"cerulean","year":2000,"color":"#98B2D1","pantone_value":"15-4020"},{"id":2,"name":"fuchsia rose","year":2001,"color":"#C74375","pantone_value":"17-2031"},{"id":3,"name":"true red","year":2002,"color":"#BF1932","pantone_value":"19-1664"},{"id":4,"name":"aqua sky","year":2003,"color":"#7BC4C4","pantone_value":"14-4811"},{"id":5,"name":"tigerlily","year":2004,"color":"#E2583E","pantone_value":"17-1456"},{"id":6,"name":"blue turquoise","year":2005,"color":"#53B0AE","pantone_value":"15-5217"}],"support":{"url":"https://reqres.in/#support-heading","text":"To keep ReqRes free, contributions towards server costs are appreciated!"}}

19:11:35.613 [ForkJoinPool-1-worker-1] DEBUG com.jayway.jsonpath.internal.path.CompiledPath - Evaluating path: $['page']
19:11:35.628 [ForkJoinPool-1-worker-1] INFO com.intuit.karate - from karate-config.js 
19:11:35.628 [ForkJoinPool-1-worker-1] DEBUG com.jayway.jsonpath.internal.path.CompiledPath - Evaluating path: $
19:11:35.628 [ForkJoinPool-1-worker-1] DEBUG org.apache.http.client.protocol.RequestAddCookies - CookieSpec selected: karate
19:11:35.628 [ForkJoinPool-1-worker-1] DEBUG org.apache.http.client.protocol.RequestAuthCache - Auth cache not set in the context
19:11:35.628 [ForkJoinPool-1-worker-1] DEBUG com.intuit.karate - request:
1 > GET https://reqres.in/api/users%3Fpage=4%3E
1 > Accept-Encoding: gzip,deflate
1 > Connection: Keep-Alive
1 > Host: reqres.in
1 > User-Agent: Apache-HttpClient/4.5.12 (Java/1.8.0_251)

19:11:35.628 [ForkJoinPool-1-worker-1] DEBUG org.apache.http.impl.conn.PoolingHttpClientConnectionManager - Connection request: [route: {s}->https://reqres.in:443][total available: 0; route allocated: 0 of 5; total allocated: 0 of 10]
19:11:35.628 [ForkJoinPool-1-worker-1] DEBUG org.apache.http.impl.conn.PoolingHttpClientConnectionManager - Connection leased: [id: 14][route: {s}->https://reqres.in:443][total available: 0; route allocated: 1 of 5; total allocated: 1 of 10]
19:11:35.628 [ForkJoinPool-1-worker-1] DEBUG org.apache.http.impl.execchain.MainClientExec - Opening connection {s}->https://reqres.in:443
19:11:35.628 [ForkJoinPool-1-worker-1] DEBUG org.apache.http.impl.conn.DefaultHttpClientConnectionOperator - Connecting to reqres.in/104.27.135.11:443
19:11:35.628 [ForkJoinPool-1-worker-1] DEBUG org.apache.http.conn.ssl.SSLConnectionSocketFactory - Connecting socket to reqres.in/104.27.135.11:443 with timeout 30000
19:11:35.644 [ForkJoinPool-1-worker-1] DEBUG org.apache.http.conn.ssl.SSLConnectionSocketFactory - Enabled protocols: [TLSv1, TLSv1.1, TLSv1.2]
19:11:35.644 [ForkJoinPool-1-worker-1] DEBUG org.apache.http.conn.ssl.SSLConnectionSocketFactory - Enabled cipher suites:[TLS_ECDHE_ECDSA_WITH_AES_256_CBC_SHA384, TLS_ECDHE_RSA_WITH_AES_256_CBC_SHA384, TLS_RSA_WITH_AES_256_CBC_SHA256, TLS_ECDH_ECDSA_WITH_AES_256_CBC_SHA384, TLS_ECDH_RSA_WITH_AES_256_CBC_SHA384, TLS_DHE_RSA_WITH_AES_256_CBC_SHA256, TLS_DHE_DSS_WITH_AES_256_CBC_SHA256, TLS_ECDHE_ECDSA_WITH_AES_256_CBC_SHA, TLS_ECDHE_RSA_WITH_AES_256_CBC_SHA, TLS_RSA_WITH_AES_256_CBC_SHA, TLS_ECDH_ECDSA_WITH_AES_256_CBC_SHA, TLS_ECDH_RSA_WITH_AES_256_CBC_SHA, TLS_DHE_RSA_WITH_AES_256_CBC_SHA, TLS_DHE_DSS_WITH_AES_256_CBC_SHA, TLS_ECDHE_ECDSA_WITH_AES_128_CBC_SHA256, TLS_ECDHE_RSA_WITH_AES_128_CBC_SHA256, TLS_RSA_WITH_AES_128_CBC_SHA256, TLS_ECDH_ECDSA_WITH_AES_128_CBC_SHA256, TLS_ECDH_RSA_WITH_AES_128_CBC_SHA256, TLS_DHE_RSA_WITH_AES_128_CBC_SHA256, TLS_DHE_DSS_WITH_AES_128_CBC_SHA256, TLS_ECDHE_ECDSA_WITH_AES_128_CBC_SHA, TLS_ECDHE_RSA_WITH_AES_128_CBC_SHA, TLS_RSA_WITH_AES_128_CBC_SHA, TLS_ECDH_ECDSA_WITH_AES_128_CBC_SHA, TLS_ECDH_RSA_WITH_AES_128_CBC_SHA, TLS_DHE_RSA_WITH_AES_128_CBC_SHA, TLS_DHE_DSS_WITH_AES_128_CBC_SHA, TLS_ECDHE_ECDSA_WITH_AES_256_GCM_SHA384, TLS_ECDHE_ECDSA_WITH_AES_128_GCM_SHA256, TLS_ECDHE_RSA_WITH_AES_256_GCM_SHA384, TLS_RSA_WITH_AES_256_GCM_SHA384, TLS_ECDH_ECDSA_WITH_AES_256_GCM_SHA384, TLS_ECDH_RSA_WITH_AES_256_GCM_SHA384, TLS_DHE_RSA_WITH_AES_256_GCM_SHA384, TLS_DHE_DSS_WITH_AES_256_GCM_SHA384, TLS_ECDHE_RSA_WITH_AES_128_GCM_SHA256, TLS_RSA_WITH_AES_128_GCM_SHA256, TLS_ECDH_ECDSA_WITH_AES_128_GCM_SHA256, TLS_ECDH_RSA_WITH_AES_128_GCM_SHA256, TLS_DHE_RSA_WITH_AES_128_GCM_SHA256, TLS_DHE_DSS_WITH_AES_128_GCM_SHA256, TLS_EMPTY_RENEGOTIATION_INFO_SCSV]
19:11:35.644 [ForkJoinPool-1-worker-1] DEBUG org.apache.http.conn.ssl.SSLConnectionSocketFactory - Starting handshake
19:11:35.675 [ForkJoinPool-1-worker-1] DEBUG org.apache.http.conn.ssl.SSLConnectionSocketFactory - Secure session established
19:11:35.675 [ForkJoinPool-1-worker-1] DEBUG org.apache.http.conn.ssl.SSLConnectionSocketFactory -  negotiated protocol: TLSv1.2
19:11:35.675 [ForkJoinPool-1-worker-1] DEBUG org.apache.http.conn.ssl.SSLConnectionSocketFactory -  negotiated cipher suite: TLS_ECDHE_ECDSA_WITH_AES_128_GCM_SHA256
19:11:35.675 [ForkJoinPool-1-worker-1] DEBUG org.apache.http.conn.ssl.SSLConnectionSocketFactory -  peer principal: CN=sni.cloudflaressl.com, O="Cloudflare, Inc.", L=San Francisco, ST=CA, C=US
19:11:35.675 [ForkJoinPool-1-worker-1] DEBUG org.apache.http.conn.ssl.SSLConnectionSocketFactory -  peer alternative names: [reqres.in, sni.cloudflaressl.com, *.reqres.in]
19:11:35.675 [ForkJoinPool-1-worker-1] DEBUG org.apache.http.conn.ssl.SSLConnectionSocketFactory -  issuer principal: CN=Cloudflare Inc ECC CA-3, O="Cloudflare, Inc.", C=US
19:11:35.675 [ForkJoinPool-1-worker-1] DEBUG org.apache.http.impl.conn.DefaultHttpClientConnectionOperator - Connection established 192.168.1.87:53466<->104.27.135.11:443
19:11:35.675 [ForkJoinPool-1-worker-1] DEBUG org.apache.http.impl.conn.DefaultManagedHttpClientConnection - http-outgoing-14: set socket timeout to 30000
19:11:35.675 [ForkJoinPool-1-worker-1] DEBUG org.apache.http.impl.execchain.MainClientExec - Executing request GET /api/users%3Fpage=4%3E HTTP/1.1
19:11:35.675 [ForkJoinPool-1-worker-1] DEBUG org.apache.http.impl.execchain.MainClientExec - Target auth state: UNCHALLENGED
19:11:35.675 [ForkJoinPool-1-worker-1] DEBUG org.apache.http.impl.execchain.MainClientExec - Proxy auth state: UNCHALLENGED
19:11:35.675 [ForkJoinPool-1-worker-1] DEBUG org.apache.http.headers - http-outgoing-14 >> GET /api/users%3Fpage=4%3E HTTP/1.1
19:11:35.675 [ForkJoinPool-1-worker-1] DEBUG org.apache.http.headers - http-outgoing-14 >> Host: reqres.in
19:11:35.675 [ForkJoinPool-1-worker-1] DEBUG org.apache.http.headers - http-outgoing-14 >> Connection: Keep-Alive
19:11:35.675 [ForkJoinPool-1-worker-1] DEBUG org.apache.http.headers - http-outgoing-14 >> User-Agent: Apache-HttpClient/4.5.12 (Java/1.8.0_251)
19:11:35.675 [ForkJoinPool-1-worker-1] DEBUG org.apache.http.headers - http-outgoing-14 >> Accept-Encoding: gzip,deflate
19:11:35.675 [ForkJoinPool-1-worker-1] DEBUG org.apache.http.wire - http-outgoing-14 >> "GET /api/users%3Fpage=4%3E HTTP/1.1[\r][\n]"
19:11:35.675 [ForkJoinPool-1-worker-1] DEBUG org.apache.http.wire - http-outgoing-14 >> "Host: reqres.in[\r][\n]"
19:11:35.675 [ForkJoinPool-1-worker-1] DEBUG org.apache.http.wire - http-outgoing-14 >> "Connection: Keep-Alive[\r][\n]"
19:11:35.675 [ForkJoinPool-1-worker-1] DEBUG org.apache.http.wire - http-outgoing-14 >> "User-Agent: Apache-HttpClient/4.5.12 (Java/1.8.0_251)[\r][\n]"
19:11:35.675 [ForkJoinPool-1-worker-1] DEBUG org.apache.http.wire - http-outgoing-14 >> "Accept-Encoding: gzip,deflate[\r][\n]"
19:11:35.675 [ForkJoinPool-1-worker-1] DEBUG org.apache.http.wire - http-outgoing-14 >> "[\r][\n]"
19:11:35.707 [ForkJoinPool-1-worker-1] DEBUG org.apache.http.wire - http-outgoing-14 << "HTTP/1.1 200 OK[\r][\n]"
19:11:35.707 [ForkJoinPool-1-worker-1] DEBUG org.apache.http.wire - http-outgoing-14 << "Date: Thu, 03 Dec 2020 13:41:35 GMT[\r][\n]"
19:11:35.707 [ForkJoinPool-1-worker-1] DEBUG org.apache.http.wire - http-outgoing-14 << "Content-Type: application/json; charset=utf-8[\r][\n]"
19:11:35.707 [ForkJoinPool-1-worker-1] DEBUG org.apache.http.wire - http-outgoing-14 << "Transfer-Encoding: chunked[\r][\n]"
19:11:35.707 [ForkJoinPool-1-worker-1] DEBUG org.apache.http.wire - http-outgoing-14 << "Connection: keep-alive[\r][\n]"
19:11:35.707 [ForkJoinPool-1-worker-1] DEBUG org.apache.http.wire - http-outgoing-14 << "Set-Cookie: __cfduid=dd86a4dbff3bf29409e22ae285b5480ce1607002895; expires=Sat, 02-Jan-21 13:41:35 GMT; path=/; domain=.reqres.in; HttpOnly; SameSite=Lax; Secure[\r][\n]"
19:11:35.707 [ForkJoinPool-1-worker-1] DEBUG org.apache.http.wire - http-outgoing-14 << "X-Powered-By: Express[\r][\n]"
19:11:35.707 [ForkJoinPool-1-worker-1] DEBUG org.apache.http.wire - http-outgoing-14 << "Access-Control-Allow-Origin: *[\r][\n]"
19:11:35.707 [ForkJoinPool-1-worker-1] DEBUG org.apache.http.wire - http-outgoing-14 << "Etag: W/"2c1-N6Rqerxquq2kgQhL51EiSg4x0R8"[\r][\n]"
19:11:35.707 [ForkJoinPool-1-worker-1] DEBUG org.apache.http.wire - http-outgoing-14 << "Via: 1.1 vegur[\r][\n]"
19:11:35.707 [ForkJoinPool-1-worker-1] DEBUG org.apache.http.wire - http-outgoing-14 << "Cache-Control: max-age=14400[\r][\n]"
19:11:35.707 [ForkJoinPool-1-worker-1] DEBUG org.apache.http.wire - http-outgoing-14 << "CF-Cache-Status: HIT[\r][\n]"
19:11:35.707 [ForkJoinPool-1-worker-1] DEBUG org.apache.http.wire - http-outgoing-14 << "Age: 1857[\r][\n]"
19:11:35.707 [ForkJoinPool-1-worker-1] DEBUG org.apache.http.wire - http-outgoing-14 << "cf-request-id: 06ca6f4c64000031b854a17000000001[\r][\n]"
19:11:35.707 [ForkJoinPool-1-worker-1] DEBUG org.apache.http.wire - http-outgoing-14 << "Expect-CT: max-age=604800, report-uri="https://report-uri.cloudflare.com/cdn-cgi/beacon/expect-ct"[\r][\n]"
19:11:35.707 [ForkJoinPool-1-worker-1] DEBUG org.apache.http.wire - http-outgoing-14 << "Report-To: {"endpoints":[{"url":"https:\/\/a.nel.cloudflare.com\/report?s=eF2IGHJHmjJgCtoAm3fQ4kdB5zNZUtkZnfghZF%2Fcc33b8ueZvExV%2BmbqzX4rhjIT5k2WH5YE0fO01iDHgycOhbz%2Bi1wF1kbAW4Y%3D"}],"group":"cf-nel","max_age":604800}[\r][\n]"
19:11:35.707 [ForkJoinPool-1-worker-1] DEBUG org.apache.http.wire - http-outgoing-14 << "NEL: {"report_to":"cf-nel","max_age":604800}[\r][\n]"
19:11:35.707 [ForkJoinPool-1-worker-1] DEBUG org.apache.http.wire - http-outgoing-14 << "Vary: Accept-Encoding[\r][\n]"
19:11:35.707 [ForkJoinPool-1-worker-1] DEBUG org.apache.http.wire - http-outgoing-14 << "Server: cloudflare[\r][\n]"
19:11:35.707 [ForkJoinPool-1-worker-1] DEBUG org.apache.http.wire - http-outgoing-14 << "CF-RAY: 5fbdb4c09cab31b8-BOM[\r][\n]"
19:11:35.707 [ForkJoinPool-1-worker-1] DEBUG org.apache.http.wire - http-outgoing-14 << "Content-Encoding: gzip[\r][\n]"
19:11:35.707 [ForkJoinPool-1-worker-1] DEBUG org.apache.http.wire - http-outgoing-14 << "[\r][\n]"
19:11:35.707 [ForkJoinPool-1-worker-1] DEBUG org.apache.http.wire - http-outgoing-14 << "170[\r][\n]"
19:11:35.707 [ForkJoinPool-1-worker-1] DEBUG org.apache.http.wire - http-outgoing-14 << "[0x1f][0x8b][0x8][0x0][0x0][0x0][0x0][0x0][0x0][0x3]m[0xd1][0xcd]n[0xdb]0[0xc][0x7][0xf0]W[0xd1][0xd8][0xab][0xbc]X[0xb2]l'[0xba]5Y[0xf6][0x0]Eo[0xc5]P[0xb0]6[0x9b][0x8][0xf5],[0x85][0x92][0xba][0x15]A[0xde][0xbd][0xe8][0x7]\[0x17][0xf0]M[0x82][0xf8][0xff][0x81][0x14][0xcf][0x10][0xf0]@`[0x95][0x84]@|[0xff]qi$$[0x9f]p[0x0][0xab][0xf4][0xe7][0xf1][0xfd]%[0x82][0xd5][0x12]zL[0x8][0xf6][0xee][0xc][0xae]]]>&#x7f;<![CDATA[[0xcf][0x8d][0xf8][0x97][0xc0]BG[0x9c][0x7][0xc2][0x11]$[0xbc][0x10]2X][0x96][0xa5][0x84][0xce][0xf][0x9e][0xc1][0xc2][0xd5]f[0xbd][0xd5][0xbf][0x14]H[0x8]8&?[0xd2][0xfd]3[0xe][0xf9]-[0xa8][0xea][0xc2][0x94][0xba][0x84][0x8b][0xfc] [0xf5]D>[0xe6][0xee][0x18][0x1d][\n]"
19:11:35.707 [ForkJoinPool-1-worker-1] DEBUG org.apache.http.wire - http-outgoing-14 << "[0xf6][0x91][0xe6][0xac][0x9a][0xb1][0xbb][0xd6]Tm[0xbd][0xc4][0xb6][0x85].+5[0xb1][0xd5][0xc4]&[0xce]$[0x98][0xfa]9[0xa9]g[0xe4][0xf6][0xb7][0xda]Tz[0x89][0xdc][0x14][0xaa]i[0xcc]D[0x9a][0x89][0xc4]SF[0x11][0x9f]^[0xe6]d5#[0xdb][0xed][0xce][0xec][0xcc][0x12]i[\n]"
19:11:35.707 [ForkJoinPool-1-worker-1] DEBUG org.apache.http.wire - http-outgoing-14 << "[0xb3]V_][0xd6]_][0xba][0x3][0xf1][0xe0][0x86]o[0xa6][0x99][0x99]{][0xaf][0xab][0xfd][0xf2][0xe4][0xca][0xd4][0xcd]d6[0x93][0xf9]0d[0x12])[0xf3]){[0xf7][0xfd]K[0xeb][0x19]\W[0xdb][0xf2]z[0xbf][0xbc][0xa9]Z[0xab][0x16].]]>&#x7f;<![CDATA[$[0xc4][0x1c][0x82][0xe7][0x4][0xf6][0xc][0x99][0x7][0xb0]pL)D[0xbb]Z1[0x9d][0x98][0xe2]O7[0xae][0xae]>k[0x8a]#a[0xef][0xc6][0x3]HH[0xf4]?[0x81][0x85][/[0x9e][0x88][0x82][0xb8][0xa1][0xd3][\r]E[0xf1][0xc8]DRt~L[0xec][0x1e]rr~[0x8c]"[0xf9]]]>&#x7f;<![CDATA[[0xc8]}[0x14][0x91][0xf8][0x99]Xt>[0xa6]([0x90]I`[0x8]L[0x9d][0xc3]D[0xfd][0xf]"
19:11:35.707 [ForkJoinPool-1-worker-1] DEBUG org.apache.http.headers - http-outgoing-14 << HTTP/1.1 200 OK
19:11:35.707 [ForkJoinPool-1-worker-1] DEBUG org.apache.http.headers - http-outgoing-14 << Date: Thu, 03 Dec 2020 13:41:35 GMT
19:11:35.707 [ForkJoinPool-1-worker-1] DEBUG org.apache.http.headers - http-outgoing-14 << Content-Type: application/json; charset=utf-8
19:11:35.707 [ForkJoinPool-1-worker-1] DEBUG org.apache.http.headers - http-outgoing-14 << Transfer-Encoding: chunked
19:11:35.707 [ForkJoinPool-1-worker-1] DEBUG org.apache.http.headers - http-outgoing-14 << Connection: keep-alive
19:11:35.707 [ForkJoinPool-1-worker-1] DEBUG org.apache.http.headers - http-outgoing-14 << Set-Cookie: __cfduid=dd86a4dbff3bf29409e22ae285b5480ce1607002895; expires=Sat, 02-Jan-21 13:41:35 GMT; path=/; domain=.reqres.in; HttpOnly; SameSite=Lax; Secure
19:11:35.707 [ForkJoinPool-1-worker-1] DEBUG org.apache.http.headers - http-outgoing-14 << X-Powered-By: Express
19:11:35.707 [ForkJoinPool-1-worker-1] DEBUG org.apache.http.headers - http-outgoing-14 << Access-Control-Allow-Origin: *
19:11:35.707 [ForkJoinPool-1-worker-1] DEBUG org.apache.http.headers - http-outgoing-14 << Etag: W/"2c1-N6Rqerxquq2kgQhL51EiSg4x0R8"
19:11:35.707 [ForkJoinPool-1-worker-1] DEBUG org.apache.http.headers - http-outgoing-14 << Via: 1.1 vegur
19:11:35.707 [ForkJoinPool-1-worker-1] DEBUG org.apache.http.headers - http-outgoing-14 << Cache-Control: max-age=14400
19:11:35.707 [ForkJoinPool-1-worker-1] DEBUG org.apache.http.headers - http-outgoing-14 << CF-Cache-Status: HIT
19:11:35.707 [ForkJoinPool-1-worker-1] DEBUG org.apache.http.headers - http-outgoing-14 << Age: 1857
19:11:35.707 [ForkJoinPool-1-worker-1] DEBUG org.apache.http.headers - http-outgoing-14 << cf-request-id: 06ca6f4c64000031b854a17000000001
19:11:35.707 [ForkJoinPool-1-worker-1] DEBUG org.apache.http.headers - http-outgoing-14 << Expect-CT: max-age=604800, report-uri="https://report-uri.cloudflare.com/cdn-cgi/beacon/expect-ct"
19:11:35.707 [ForkJoinPool-1-worker-1] DEBUG org.apache.http.headers - http-outgoing-14 << Report-To: {"endpoints":[{"url":"https:\/\/a.nel.cloudflare.com\/report?s=eF2IGHJHmjJgCtoAm3fQ4kdB5zNZUtkZnfghZF%2Fcc33b8ueZvExV%2BmbqzX4rhjIT5k2WH5YE0fO01iDHgycOhbz%2Bi1wF1kbAW4Y%3D"}],"group":"cf-nel","max_age":604800}
19:11:35.707 [ForkJoinPool-1-worker-1] DEBUG org.apache.http.headers - http-outgoing-14 << NEL: {"report_to":"cf-nel","max_age":604800}
19:11:35.707 [ForkJoinPool-1-worker-1] DEBUG org.apache.http.headers - http-outgoing-14 << Vary: Accept-Encoding
19:11:35.707 [ForkJoinPool-1-worker-1] DEBUG org.apache.http.headers - http-outgoing-14 << Server: cloudflare
19:11:35.707 [ForkJoinPool-1-worker-1] DEBUG org.apache.http.headers - http-outgoing-14 << CF-RAY: 5fbdb4c09cab31b8-BOM
19:11:35.707 [ForkJoinPool-1-worker-1] DEBUG org.apache.http.headers - http-outgoing-14 << Content-Encoding: gzip
19:11:35.707 [ForkJoinPool-1-worker-1] DEBUG org.apache.http.impl.execchain.MainClientExec - Connection can be kept alive indefinitely
19:11:35.722 [ForkJoinPool-1-worker-1] DEBUG org.apache.http.client.protocol.ResponseProcessCookies - Cookie accepted [__cfduid="dd86a4dbff3bf29409e22ae285b5480ce1607002895", version:0, domain:reqres.in, path:/, expiry:Sat Jan 02 19:11:35 IST 2021]
19:11:35.722 [ForkJoinPool-1-worker-1] DEBUG org.apache.http.wire - http-outgoing-14 << "[0xb8]\^[0x1]0[0x9f][0xa1]R[0xc1][0x2][0x0][0x0][\r][\n]"
19:11:35.722 [ForkJoinPool-1-worker-1] DEBUG org.apache.http.wire - http-outgoing-14 << "0[\r][\n]"
19:11:35.722 [ForkJoinPool-1-worker-1] DEBUG org.apache.http.wire - http-outgoing-14 << "[\r][\n]"
19:11:35.722 [ForkJoinPool-1-worker-1] DEBUG org.apache.http.impl.conn.PoolingHttpClientConnectionManager - Connection [id: 14][route: {s}->https://reqres.in:443] can be kept alive indefinitely
19:11:35.722 [ForkJoinPool-1-worker-1] DEBUG org.apache.http.impl.conn.DefaultManagedHttpClientConnection - http-outgoing-14: set socket timeout to 0
19:11:35.722 [ForkJoinPool-1-worker-1] DEBUG org.apache.http.impl.conn.PoolingHttpClientConnectionManager - Connection released: [id: 14][route: {s}->https://reqres.in:443][total available: 1; route allocated: 1 of 5; total allocated: 1 of 10]
19:11:35.722 [ForkJoinPool-1-worker-1] DEBUG com.intuit.karate - response time in milliseconds: 86.91
1 < 200
1 < Access-Control-Allow-Origin: *
1 < Age: 1857
1 < CF-Cache-Status: HIT
1 < CF-RAY: 5fbdb4c09cab31b8-BOM
1 < Cache-Control: max-age=14400
1 < Connection: keep-alive
1 < Content-Type: application/json; charset=utf-8
1 < Date: Thu, 03 Dec 2020 13:41:35 GMT
1 < Etag: W/"2c1-N6Rqerxquq2kgQhL51EiSg4x0R8"
1 < Expect-CT: max-age=604800, report-uri="https://report-uri.cloudflare.com/cdn-cgi/beacon/expect-ct"
1 < NEL: {"report_to":"cf-nel","max_age":604800}
1 < Report-To: {"endpoints":[{"url":"https:\/\/a.nel.cloudflare.com\/report?s=eF2IGHJHmjJgCtoAm3fQ4kdB5zNZUtkZnfghZF%2Fcc33b8ueZvExV%2BmbqzX4rhjIT5k2WH5YE0fO01iDHgycOhbz%2Bi1wF1kbAW4Y%3D"}],"group":"cf-nel","max_age":604800}
1 < Server: cloudflare
1 < Set-Cookie: __cfduid=dd86a4dbff3bf29409e22ae285b5480ce1607002895; expires=Sat, 02-Jan-21 13:41:35 GMT; path=/; domain=.reqres.in; HttpOnly; SameSite=Lax; Secure
1 < Transfer-Encoding: chunked
1 < Vary: Accept-Encoding
1 < Via: 1.1 vegur
1 < X-Powered-By: Express
1 < cf-request-id: 06ca6f4c64000031b854a17000000001
{"page":1,"per_page":6,"total":12,"total_pages":2,"data":[{"id":1,"name":"cerulean","year":2000,"color":"#98B2D1","pantone_value":"15-4020"},{"id":2,"name":"fuchsia rose","year":2001,"color":"#C74375","pantone_value":"17-2031"},{"id":3,"name":"true red","year":2002,"color":"#BF1932","pantone_value":"19-1664"},{"id":4,"name":"aqua sky","year":2003,"color":"#7BC4C4","pantone_value":"14-4811"},{"id":5,"name":"tigerlily","year":2004,"color":"#E2583E","pantone_value":"17-1456"},{"id":6,"name":"blue turquoise","year":2005,"color":"#53B0AE","pantone_value":"15-5217"}],"support":{"url":"https://reqres.in/#support-heading","text":"To keep ReqRes free, contributions towards server costs are appreciated!"}}

19:11:35.722 [ForkJoinPool-1-worker-1] DEBUG com.jayway.jsonpath.internal.path.CompiledPath - Evaluating path: $['page']
19:11:35.722 [ForkJoinPool-1-worker-1] INFO com.intuit.karate - from karate-config.js 
19:11:35.722 [ForkJoinPool-1-worker-1] DEBUG com.jayway.jsonpath.internal.path.CompiledPath - Evaluating path: $
19:11:35.722 [ForkJoinPool-1-worker-1] DEBUG org.apache.http.client.protocol.RequestAddCookies - CookieSpec selected: karate
19:11:35.722 [ForkJoinPool-1-worker-1] DEBUG org.apache.http.client.protocol.RequestAuthCache - Auth cache not set in the context
19:11:35.722 [ForkJoinPool-1-worker-1] DEBUG com.intuit.karate - request:
1 > GET https://reqres.in/api/users%3Fpage=5%3E
1 > Accept-Encoding: gzip,deflate
1 > Connection: Keep-Alive
1 > Host: reqres.in
1 > User-Agent: Apache-HttpClient/4.5.12 (Java/1.8.0_251)

19:11:35.722 [ForkJoinPool-1-worker-1] DEBUG org.apache.http.impl.conn.PoolingHttpClientConnectionManager - Connection request: [route: {s}->https://reqres.in:443][total available: 0; route allocated: 0 of 5; total allocated: 0 of 10]
19:11:35.722 [ForkJoinPool-1-worker-1] DEBUG org.apache.http.impl.conn.PoolingHttpClientConnectionManager - Connection leased: [id: 15][route: {s}->https://reqres.in:443][total available: 0; route allocated: 1 of 5; total allocated: 1 of 10]
19:11:35.722 [ForkJoinPool-1-worker-1] DEBUG org.apache.http.impl.execchain.MainClientExec - Opening connection {s}->https://reqres.in:443
19:11:35.722 [ForkJoinPool-1-worker-1] DEBUG org.apache.http.impl.conn.DefaultHttpClientConnectionOperator - Connecting to reqres.in/104.27.135.11:443
19:11:35.722 [ForkJoinPool-1-worker-1] DEBUG org.apache.http.conn.ssl.SSLConnectionSocketFactory - Connecting socket to reqres.in/104.27.135.11:443 with timeout 30000
19:11:35.738 [ForkJoinPool-1-worker-1] DEBUG org.apache.http.conn.ssl.SSLConnectionSocketFactory - Enabled protocols: [TLSv1, TLSv1.1, TLSv1.2]
19:11:35.738 [ForkJoinPool-1-worker-1] DEBUG org.apache.http.conn.ssl.SSLConnectionSocketFactory - Enabled cipher suites:[TLS_ECDHE_ECDSA_WITH_AES_256_CBC_SHA384, TLS_ECDHE_RSA_WITH_AES_256_CBC_SHA384, TLS_RSA_WITH_AES_256_CBC_SHA256, TLS_ECDH_ECDSA_WITH_AES_256_CBC_SHA384, TLS_ECDH_RSA_WITH_AES_256_CBC_SHA384, TLS_DHE_RSA_WITH_AES_256_CBC_SHA256, TLS_DHE_DSS_WITH_AES_256_CBC_SHA256, TLS_ECDHE_ECDSA_WITH_AES_256_CBC_SHA, TLS_ECDHE_RSA_WITH_AES_256_CBC_SHA, TLS_RSA_WITH_AES_256_CBC_SHA, TLS_ECDH_ECDSA_WITH_AES_256_CBC_SHA, TLS_ECDH_RSA_WITH_AES_256_CBC_SHA, TLS_DHE_RSA_WITH_AES_256_CBC_SHA, TLS_DHE_DSS_WITH_AES_256_CBC_SHA, TLS_ECDHE_ECDSA_WITH_AES_128_CBC_SHA256, TLS_ECDHE_RSA_WITH_AES_128_CBC_SHA256, TLS_RSA_WITH_AES_128_CBC_SHA256, TLS_ECDH_ECDSA_WITH_AES_128_CBC_SHA256, TLS_ECDH_RSA_WITH_AES_128_CBC_SHA256, TLS_DHE_RSA_WITH_AES_128_CBC_SHA256, TLS_DHE_DSS_WITH_AES_128_CBC_SHA256, TLS_ECDHE_ECDSA_WITH_AES_128_CBC_SHA, TLS_ECDHE_RSA_WITH_AES_128_CBC_SHA, TLS_RSA_WITH_AES_128_CBC_SHA, TLS_ECDH_ECDSA_WITH_AES_128_CBC_SHA, TLS_ECDH_RSA_WITH_AES_128_CBC_SHA, TLS_DHE_RSA_WITH_AES_128_CBC_SHA, TLS_DHE_DSS_WITH_AES_128_CBC_SHA, TLS_ECDHE_ECDSA_WITH_AES_256_GCM_SHA384, TLS_ECDHE_ECDSA_WITH_AES_128_GCM_SHA256, TLS_ECDHE_RSA_WITH_AES_256_GCM_SHA384, TLS_RSA_WITH_AES_256_GCM_SHA384, TLS_ECDH_ECDSA_WITH_AES_256_GCM_SHA384, TLS_ECDH_RSA_WITH_AES_256_GCM_SHA384, TLS_DHE_RSA_WITH_AES_256_GCM_SHA384, TLS_DHE_DSS_WITH_AES_256_GCM_SHA384, TLS_ECDHE_RSA_WITH_AES_128_GCM_SHA256, TLS_RSA_WITH_AES_128_GCM_SHA256, TLS_ECDH_ECDSA_WITH_AES_128_GCM_SHA256, TLS_ECDH_RSA_WITH_AES_128_GCM_SHA256, TLS_DHE_RSA_WITH_AES_128_GCM_SHA256, TLS_DHE_DSS_WITH_AES_128_GCM_SHA256, TLS_EMPTY_RENEGOTIATION_INFO_SCSV]
19:11:35.738 [ForkJoinPool-1-worker-1] DEBUG org.apache.http.conn.ssl.SSLConnectionSocketFactory - Starting handshake
19:11:35.769 [ForkJoinPool-1-worker-1] DEBUG org.apache.http.conn.ssl.SSLConnectionSocketFactory - Secure session established
19:11:35.769 [ForkJoinPool-1-worker-1] DEBUG org.apache.http.conn.ssl.SSLConnectionSocketFactory -  negotiated protocol: TLSv1.2
19:11:35.769 [ForkJoinPool-1-worker-1] DEBUG org.apache.http.conn.ssl.SSLConnectionSocketFactory -  negotiated cipher suite: TLS_ECDHE_ECDSA_WITH_AES_128_GCM_SHA256
19:11:35.769 [ForkJoinPool-1-worker-1] DEBUG org.apache.http.conn.ssl.SSLConnectionSocketFactory -  peer principal: CN=sni.cloudflaressl.com, O="Cloudflare, Inc.", L=San Francisco, ST=CA, C=US
19:11:35.769 [ForkJoinPool-1-worker-1] DEBUG org.apache.http.conn.ssl.SSLConnectionSocketFactory -  peer alternative names: [reqres.in, sni.cloudflaressl.com, *.reqres.in]
19:11:35.769 [ForkJoinPool-1-worker-1] DEBUG org.apache.http.conn.ssl.SSLConnectionSocketFactory -  issuer principal: CN=Cloudflare Inc ECC CA-3, O="Cloudflare, Inc.", C=US
19:11:35.769 [ForkJoinPool-1-worker-1] DEBUG org.apache.http.impl.conn.DefaultHttpClientConnectionOperator - Connection established 192.168.1.87:53467<->104.27.135.11:443
19:11:35.769 [ForkJoinPool-1-worker-1] DEBUG org.apache.http.impl.conn.DefaultManagedHttpClientConnection - http-outgoing-15: set socket timeout to 30000
19:11:35.769 [ForkJoinPool-1-worker-1] DEBUG org.apache.http.impl.execchain.MainClientExec - Executing request GET /api/users%3Fpage=5%3E HTTP/1.1
19:11:35.769 [ForkJoinPool-1-worker-1] DEBUG org.apache.http.impl.execchain.MainClientExec - Target auth state: UNCHALLENGED
19:11:35.769 [ForkJoinPool-1-worker-1] DEBUG org.apache.http.impl.execchain.MainClientExec - Proxy auth state: UNCHALLENGED
19:11:35.769 [ForkJoinPool-1-worker-1] DEBUG org.apache.http.headers - http-outgoing-15 >> GET /api/users%3Fpage=5%3E HTTP/1.1
19:11:35.769 [ForkJoinPool-1-worker-1] DEBUG org.apache.http.headers - http-outgoing-15 >> Host: reqres.in
19:11:35.769 [ForkJoinPool-1-worker-1] DEBUG org.apache.http.headers - http-outgoing-15 >> Connection: Keep-Alive
19:11:35.769 [ForkJoinPool-1-worker-1] DEBUG org.apache.http.headers - http-outgoing-15 >> User-Agent: Apache-HttpClient/4.5.12 (Java/1.8.0_251)
19:11:35.769 [ForkJoinPool-1-worker-1] DEBUG org.apache.http.headers - http-outgoing-15 >> Accept-Encoding: gzip,deflate
19:11:35.769 [ForkJoinPool-1-worker-1] DEBUG org.apache.http.wire - http-outgoing-15 >> "GET /api/users%3Fpage=5%3E HTTP/1.1[\r][\n]"
19:11:35.769 [ForkJoinPool-1-worker-1] DEBUG org.apache.http.wire - http-outgoing-15 >> "Host: reqres.in[\r][\n]"
19:11:35.769 [ForkJoinPool-1-worker-1] DEBUG org.apache.http.wire - http-outgoing-15 >> "Connection: Keep-Alive[\r][\n]"
19:11:35.769 [ForkJoinPool-1-worker-1] DEBUG org.apache.http.wire - http-outgoing-15 >> "User-Agent: Apache-HttpClient/4.5.12 (Java/1.8.0_251)[\r][\n]"
19:11:35.769 [ForkJoinPool-1-worker-1] DEBUG org.apache.http.wire - http-outgoing-15 >> "Accept-Encoding: gzip,deflate[\r][\n]"
19:11:35.769 [ForkJoinPool-1-worker-1] DEBUG org.apache.http.wire - http-outgoing-15 >> "[\r][\n]"
19:11:35.800 [ForkJoinPool-1-worker-1] DEBUG org.apache.http.wire - http-outgoing-15 << "HTTP/1.1 200 OK[\r][\n]"
19:11:35.800 [ForkJoinPool-1-worker-1] DEBUG org.apache.http.wire - http-outgoing-15 << "Date: Thu, 03 Dec 2020 13:41:35 GMT[\r][\n]"
19:11:35.800 [ForkJoinPool-1-worker-1] DEBUG org.apache.http.wire - http-outgoing-15 << "Content-Type: application/json; charset=utf-8[\r][\n]"
19:11:35.800 [ForkJoinPool-1-worker-1] DEBUG org.apache.http.wire - http-outgoing-15 << "Transfer-Encoding: chunked[\r][\n]"
19:11:35.800 [ForkJoinPool-1-worker-1] DEBUG org.apache.http.wire - http-outgoing-15 << "Connection: keep-alive[\r][\n]"
19:11:35.800 [ForkJoinPool-1-worker-1] DEBUG org.apache.http.wire - http-outgoing-15 << "Set-Cookie: __cfduid=d4a08ba179952dda57c07449b4f6838dd1607002895; expires=Sat, 02-Jan-21 13:41:35 GMT; path=/; domain=.reqres.in; HttpOnly; SameSite=Lax; Secure[\r][\n]"
19:11:35.800 [ForkJoinPool-1-worker-1] DEBUG org.apache.http.wire - http-outgoing-15 << "X-Powered-By: Express[\r][\n]"
19:11:35.800 [ForkJoinPool-1-worker-1] DEBUG org.apache.http.wire - http-outgoing-15 << "Access-Control-Allow-Origin: *[\r][\n]"
19:11:35.800 [ForkJoinPool-1-worker-1] DEBUG org.apache.http.wire - http-outgoing-15 << "Etag: W/"2c1-N6Rqerxquq2kgQhL51EiSg4x0R8"[\r][\n]"
19:11:35.800 [ForkJoinPool-1-worker-1] DEBUG org.apache.http.wire - http-outgoing-15 << "Via: 1.1 vegur[\r][\n]"
19:11:35.800 [ForkJoinPool-1-worker-1] DEBUG org.apache.http.wire - http-outgoing-15 << "Cache-Control: max-age=14400[\r][\n]"
19:11:35.800 [ForkJoinPool-1-worker-1] DEBUG org.apache.http.wire - http-outgoing-15 << "CF-Cache-Status: HIT[\r][\n]"
19:11:35.800 [ForkJoinPool-1-worker-1] DEBUG org.apache.http.wire - http-outgoing-15 << "Age: 1857[\r][\n]"
19:11:35.800 [ForkJoinPool-1-worker-1] DEBUG org.apache.http.wire - http-outgoing-15 << "cf-request-id: 06ca6f4cba000031cf1c983000000001[\r][\n]"
19:11:35.800 [ForkJoinPool-1-worker-1] DEBUG org.apache.http.wire - http-outgoing-15 << "Expect-CT: max-age=604800, report-uri="https://report-uri.cloudflare.com/cdn-cgi/beacon/expect-ct"[\r][\n]"
19:11:35.800 [ForkJoinPool-1-worker-1] DEBUG org.apache.http.wire - http-outgoing-15 << "Report-To: {"endpoints":[{"url":"https:\/\/a.nel.cloudflare.com\/report?s=X75mDR%2F%2FKp5OZ%2FKtFJS0btf7x48GZnK4S5VX5s0huQP%2Fzs32txjIaf84yDeZF7WVWKe1NFuCyyIf%2Bln5ERuw10T2Uw25rShAt0w%3D"}],"group":"cf-nel","max_age":604800}[\r][\n]"
19:11:35.800 [ForkJoinPool-1-worker-1] DEBUG org.apache.http.wire - http-outgoing-15 << "NEL: {"report_to":"cf-nel","max_age":604800}[\r][\n]"
19:11:35.800 [ForkJoinPool-1-worker-1] DEBUG org.apache.http.wire - http-outgoing-15 << "Vary: Accept-Encoding[\r][\n]"
19:11:35.800 [ForkJoinPool-1-worker-1] DEBUG org.apache.http.wire - http-outgoing-15 << "Server: cloudflare[\r][\n]"
19:11:35.800 [ForkJoinPool-1-worker-1] DEBUG org.apache.http.wire - http-outgoing-15 << "CF-RAY: 5fbdb4c1288431cf-BOM[\r][\n]"
19:11:35.800 [ForkJoinPool-1-worker-1] DEBUG org.apache.http.wire - http-outgoing-15 << "Content-Encoding: gzip[\r][\n]"
19:11:35.800 [ForkJoinPool-1-worker-1] DEBUG org.apache.http.wire - http-outgoing-15 << "[\r][\n]"
19:11:35.800 [ForkJoinPool-1-worker-1] DEBUG org.apache.http.wire - http-outgoing-15 << "170[\r][\n]"
19:11:35.800 [ForkJoinPool-1-worker-1] DEBUG org.apache.http.wire - http-outgoing-15 << "[0x1f][0x8b][0x8][0x0][0x0][0x0][0x0][0x0][0x0][0x3]m[0xd1][0xcd]n[0xdb]0[0xc][0x7][0xf0]W[0xd1][0xd8][0xab][0xbc]X[0xb2]l'[0xba]5Y[0xf6][0x0]Eo[0xc5]P[0xb0]6[0x9b][0x8][0xf5],[0x85][0x92][0xba][0x15]A[0xde][0xbd][0xe8][0x7]\[0x17][0xf0]M[0x82][0xf8][0xff][0x81][0x14][0xcf][0x10][0xf0]@`[0x95][0x84]@|[0xff]qi$$[0x9f]p[0x0][0xab][0xf4][0xe7][0xf1][0xfd]%[0x82][0xd5][0x12]zL[0x8][0xf6][0xee][0xc][0xae]]]>&#x7f;<![CDATA[[0xcf][0x8d][0xf8][0x97][0xc0]BG[0x9c][0x7][0xc2][0x11]$[0xbc][0x10]2X][0x96][0xa5][0x84][0xce][0xf][0x9e][0xc1][0xc2][0xd5]f[0xbd][0xd5][0xbf][0x14]H[0x8]8&?[0xd2][0xfd]3[0xe][0xf9]-[0xa8][0xea][0xc2][0x94][0xba][0x84][0x8b][0xfc] [0xf5]D>[0xe6][0xee][0x18][0x1d][\n]"
19:11:35.800 [ForkJoinPool-1-worker-1] DEBUG org.apache.http.wire - http-outgoing-15 << "[0xf6][0x91][0xe6][0xac][0x9a][0xb1][0xbb][0xd6]Tm[0xbd][0xc4][0xb6][0x85].+5[0xb1][0xd5][0xc4]&[0xce]$[0x98][0xfa]9[0xa9]g[0xe4][0xf6][0xb7][0xda]Tz[0x89][0xdc][0x14][0xaa]i[0xcc]D[0x9a][0x89][0xc4]SF[0x11][0x9f]^[0xe6]d5#[0xdb][0xed][0xce][0xec][0xcc][0x12]i[\n]"
19:11:35.800 [ForkJoinPool-1-worker-1] DEBUG org.apache.http.wire - http-outgoing-15 << "[0xb3]V_][0xd6]_][0xba][0x3][0xf1][0xe0][0x86]o[0xa6][0x99][0x99]{][0xaf][0xab][0xfd][0xf2][0xe4][0xca][0xd4][0xcd]d6[0x93][0xf9]0d[0x12])[0xf3]){[0xf7][0xfd]K[0xeb][0x19]\W[0xdb][0xf2]z[0xbf][0xbc][0xa9]Z[0xab][0x16].]]>&#x7f;<![CDATA[$[0xc4][0x1c][0x82][0xe7][0x4][0xf6][0xc][0x99][0x7][0xb0]pL)D[0xbb]Z1[0x9d][0x98][0xe2]O7[0xae][0xae]>k[0x8a]#a[0xef][0xc6][0x3]HH[0xf4]?[0x81][0x85][/[0x9e][0x88][0x82][0xb8][0xa1][0xd3][\r]E[0xf1][0xc8]DRt~L[0xec][0x1e]rr~[0x8c]"[0xf9]]]>&#x7f;<![CDATA[[0xc8]}[0x14][0x91][0xf8][0x99]Xt>[0xa6]([0x90]I`[0x8]L[0x9d]"
19:11:35.800 [ForkJoinPool-1-worker-1] DEBUG org.apache.http.headers - http-outgoing-15 << HTTP/1.1 200 OK
19:11:35.800 [ForkJoinPool-1-worker-1] DEBUG org.apache.http.headers - http-outgoing-15 << Date: Thu, 03 Dec 2020 13:41:35 GMT
19:11:35.800 [ForkJoinPool-1-worker-1] DEBUG org.apache.http.headers - http-outgoing-15 << Content-Type: application/json; charset=utf-8
19:11:35.800 [ForkJoinPool-1-worker-1] DEBUG org.apache.http.headers - http-outgoing-15 << Transfer-Encoding: chunked
19:11:35.800 [ForkJoinPool-1-worker-1] DEBUG org.apache.http.headers - http-outgoing-15 << Connection: keep-alive
19:11:35.800 [ForkJoinPool-1-worker-1] DEBUG org.apache.http.headers - http-outgoing-15 << Set-Cookie: __cfduid=d4a08ba179952dda57c07449b4f6838dd1607002895; expires=Sat, 02-Jan-21 13:41:35 GMT; path=/; domain=.reqres.in; HttpOnly; SameSite=Lax; Secure
19:11:35.800 [ForkJoinPool-1-worker-1] DEBUG org.apache.http.headers - http-outgoing-15 << X-Powered-By: Express
19:11:35.800 [ForkJoinPool-1-worker-1] DEBUG org.apache.http.headers - http-outgoing-15 << Access-Control-Allow-Origin: *
19:11:35.800 [ForkJoinPool-1-worker-1] DEBUG org.apache.http.headers - http-outgoing-15 << Etag: W/"2c1-N6Rqerxquq2kgQhL51EiSg4x0R8"
19:11:35.800 [ForkJoinPool-1-worker-1] DEBUG org.apache.http.headers - http-outgoing-15 << Via: 1.1 vegur
19:11:35.800 [ForkJoinPool-1-worker-1] DEBUG org.apache.http.headers - http-outgoing-15 << Cache-Control: max-age=14400
19:11:35.800 [ForkJoinPool-1-worker-1] DEBUG org.apache.http.headers - http-outgoing-15 << CF-Cache-Status: HIT
19:11:35.800 [ForkJoinPool-1-worker-1] DEBUG org.apache.http.headers - http-outgoing-15 << Age: 1857
19:11:35.800 [ForkJoinPool-1-worker-1] DEBUG org.apache.http.headers - http-outgoing-15 << cf-request-id: 06ca6f4cba000031cf1c983000000001
19:11:35.800 [ForkJoinPool-1-worker-1] DEBUG org.apache.http.headers - http-outgoing-15 << Expect-CT: max-age=604800, report-uri="https://report-uri.cloudflare.com/cdn-cgi/beacon/expect-ct"
19:11:35.800 [ForkJoinPool-1-worker-1] DEBUG org.apache.http.headers - http-outgoing-15 << Report-To: {"endpoints":[{"url":"https:\/\/a.nel.cloudflare.com\/report?s=X75mDR%2F%2FKp5OZ%2FKtFJS0btf7x48GZnK4S5VX5s0huQP%2Fzs32txjIaf84yDeZF7WVWKe1NFuCyyIf%2Bln5ERuw10T2Uw25rShAt0w%3D"}],"group":"cf-nel","max_age":604800}
19:11:35.800 [ForkJoinPool-1-worker-1] DEBUG org.apache.http.headers - http-outgoing-15 << NEL: {"report_to":"cf-nel","max_age":604800}
19:11:35.800 [ForkJoinPool-1-worker-1] DEBUG org.apache.http.headers - http-outgoing-15 << Vary: Accept-Encoding
19:11:35.800 [ForkJoinPool-1-worker-1] DEBUG org.apache.http.headers - http-outgoing-15 << Server: cloudflare
19:11:35.800 [ForkJoinPool-1-worker-1] DEBUG org.apache.http.headers - http-outgoing-15 << CF-RAY: 5fbdb4c1288431cf-BOM
19:11:35.800 [ForkJoinPool-1-worker-1] DEBUG org.apache.http.headers - http-outgoing-15 << Content-Encoding: gzip
19:11:35.800 [ForkJoinPool-1-worker-1] DEBUG org.apache.http.impl.execchain.MainClientExec - Connection can be kept alive indefinitely
19:11:35.800 [ForkJoinPool-1-worker-1] DEBUG org.apache.http.client.protocol.ResponseProcessCookies - Cookie accepted [__cfduid="d4a08ba179952dda57c07449b4f6838dd1607002895", version:0, domain:reqres.in, path:/, expiry:Sat Jan 02 19:11:35 IST 2021]
19:11:35.800 [ForkJoinPool-1-worker-1] DEBUG org.apache.http.wire - http-outgoing-15 << "[0xc3]D[0xfd][0xf][0xb8]\^[0x1]0[0x9f][0xa1]R[0xc1][0x2][0x0][0x0][\r][\n]"
19:11:35.800 [ForkJoinPool-1-worker-1] DEBUG org.apache.http.wire - http-outgoing-15 << "0[\r][\n]"
19:11:35.800 [ForkJoinPool-1-worker-1] DEBUG org.apache.http.wire - http-outgoing-15 << "[\r][\n]"
19:11:35.800 [ForkJoinPool-1-worker-1] DEBUG org.apache.http.impl.conn.PoolingHttpClientConnectionManager - Connection [id: 15][route: {s}->https://reqres.in:443] can be kept alive indefinitely
19:11:35.800 [ForkJoinPool-1-worker-1] DEBUG org.apache.http.impl.conn.DefaultManagedHttpClientConnection - http-outgoing-15: set socket timeout to 0
19:11:35.800 [ForkJoinPool-1-worker-1] DEBUG org.apache.http.impl.conn.PoolingHttpClientConnectionManager - Connection released: [id: 15][route: {s}->https://reqres.in:443][total available: 1; route allocated: 1 of 5; total allocated: 1 of 10]
19:11:35.800 [ForkJoinPool-1-worker-1] DEBUG com.intuit.karate - response time in milliseconds: 75.60
1 < 200
1 < Access-Control-Allow-Origin: *
1 < Age: 1857
1 < CF-Cache-Status: HIT
1 < CF-RAY: 5fbdb4c1288431cf-BOM
1 < Cache-Control: max-age=14400
1 < Connection: keep-alive
1 < Content-Type: application/json; charset=utf-8
1 < Date: Thu, 03 Dec 2020 13:41:35 GMT
1 < Etag: W/"2c1-N6Rqerxquq2kgQhL51EiSg4x0R8"
1 < Expect-CT: max-age=604800, report-uri="https://report-uri.cloudflare.com/cdn-cgi/beacon/expect-ct"
1 < NEL: {"report_to":"cf-nel","max_age":604800}
1 < Report-To: {"endpoints":[{"url":"https:\/\/a.nel.cloudflare.com\/report?s=X75mDR%2F%2FKp5OZ%2FKtFJS0btf7x48GZnK4S5VX5s0huQP%2Fzs32txjIaf84yDeZF7WVWKe1NFuCyyIf%2Bln5ERuw10T2Uw25rShAt0w%3D"}],"group":"cf-nel","max_age":604800}
1 < Server: cloudflare
1 < Set-Cookie: __cfduid=d4a08ba179952dda57c07449b4f6838dd1607002895; expires=Sat, 02-Jan-21 13:41:35 GMT; path=/; domain=.reqres.in; HttpOnly; SameSite=Lax; Secure
1 < Transfer-Encoding: chunked
1 < Vary: Accept-Encoding
1 < Via: 1.1 vegur
1 < X-Powered-By: Express
1 < cf-request-id: 06ca6f4cba000031cf1c983000000001
{"page":1,"per_page":6,"total":12,"total_pages":2,"data":[{"id":1,"name":"cerulean","year":2000,"color":"#98B2D1","pantone_value":"15-4020"},{"id":2,"name":"fuchsia rose","year":2001,"color":"#C74375","pantone_value":"17-2031"},{"id":3,"name":"true red","year":2002,"color":"#BF1932","pantone_value":"19-1664"},{"id":4,"name":"aqua sky","year":2003,"color":"#7BC4C4","pantone_value":"14-4811"},{"id":5,"name":"tigerlily","year":2004,"color":"#E2583E","pantone_value":"17-1456"},{"id":6,"name":"blue turquoise","year":2005,"color":"#53B0AE","pantone_value":"15-5217"}],"support":{"url":"https://reqres.in/#support-heading","text":"To keep ReqRes free, contributions towards server costs are appreciated!"}}

19:11:35.800 [ForkJoinPool-1-worker-1] DEBUG com.jayway.jsonpath.internal.path.CompiledPath - Evaluating path: $['page']
19:11:35.816 [pool-1-thread-1] INFO com.intuit.karate.Runner - <<pass>> feature 13 of 22: classpath:featurefiles/karate10.feature
---------------------------------------------------------
feature: classpath:featurefiles/karate10.feature
report: build\surefire-reports\featurefiles.karate10.json
scenarios:  5 | passed:  5 | failed:  0 | time: 0.4271
---------------------------------------------------------
19:11:35.816 [ForkJoinPool-1-worker-1] INFO com.intuit.karate - from karate-config.js 
19:11:35.816 [ForkJoinPool-1-worker-1] DEBUG com.jayway.jsonpath.internal.path.CompiledPath - Evaluating path: $
19:11:35.847 [ForkJoinPool-1-worker-1] INFO com.intuit.karate - [print] 123
19:11:35.847 [ForkJoinPool-1-worker-1] INFO com.intuit.karate - tintin 
19:11:35.847 [pool-1-thread-1] INFO com.intuit.karate.Runner - <<pass>> feature 14 of 22: classpath:featurefiles/karate11.feature
---------------------------------------------------------
feature: classpath:featurefiles/karate11.feature
report: build\surefire-reports\featurefiles.karate11.json
scenarios:  1 | passed:  1 | failed:  0 | time: 0.0259
---------------------------------------------------------
19:11:35.863 [ForkJoinPool-1-worker-1] INFO com.intuit.karate - from karate-config.js 
19:11:35.863 [ForkJoinPool-1-worker-1] DEBUG com.jayway.jsonpath.internal.path.CompiledPath - Evaluating path: $
19:11:35.863 [ForkJoinPool-1-worker-1] INFO com.intuit.karate - [print] http://localhost:8080/new
19:11:35.878 [ForkJoinPool-1-worker-1] INFO com.intuit.karate - [print] http://localhost:8080/new
19:11:35.878 [ForkJoinPool-1-worker-1] INFO com.intuit.karate - from karate-config.js 
19:11:35.878 [ForkJoinPool-1-worker-1] DEBUG com.jayway.jsonpath.internal.path.CompiledPath - Evaluating path: $
19:11:35.878 [ForkJoinPool-1-worker-1] INFO com.intuit.karate - [print] http://localhost:8080/new1
19:11:35.878 [ForkJoinPool-1-worker-1] INFO com.intuit.karate - from karate-config.js 
19:11:35.878 [ForkJoinPool-1-worker-1] DEBUG com.jayway.jsonpath.internal.path.CompiledPath - Evaluating path: $
19:11:35.894 [ForkJoinPool-1-worker-1] INFO com.intuit.karate - [print] undefined
19:11:35.894 [pool-1-thread-1] INFO com.intuit.karate.Runner - <<pass>> feature 15 of 22: classpath:featurefiles/karate12.feature
---------------------------------------------------------
feature: classpath:featurefiles/karate12.feature
report: build\surefire-reports\featurefiles.karate12.json
scenarios:  3 | passed:  3 | failed:  0 | time: 0.0199
---------------------------------------------------------
19:11:35.894 [ForkJoinPool-1-worker-1] INFO com.intuit.karate - from karate-config.js 
19:11:35.894 [ForkJoinPool-1-worker-1] DEBUG com.jayway.jsonpath.internal.path.CompiledPath - Evaluating path: $
19:11:36.081 [ForkJoinPool-1-worker-1] INFO com.intuit.karate - [print] 1,Karate Framework,Intuit    ,
2,ReshAssured,Open      ,
3,SoapUI,Smartbear ,
4,RIT,IBM       ,
5,UFT,Microfocus,
914,res,req       ,
330,sample,abc       ,
330,sample,abc       ,
330,sample,abc       ,
330,sample,abc       ,
331,sample,abc       ,
332,sample,abc       ,
9149,test,req       ,
40,sample2,xyz       ,
74,aravind,well      ,
74,aravind,well      ,

19:11:36.081 [ForkJoinPool-1-worker-1] INFO com.intuit.karate - from karate-config.js 
19:11:36.081 [ForkJoinPool-1-worker-1] DEBUG com.jayway.jsonpath.internal.path.CompiledPath - Evaluating path: $
19:11:36.114 [ForkJoinPool-1-worker-1] INFO com.intuit.karate - [print] Success
19:11:36.114 [ForkJoinPool-1-worker-1] INFO com.intuit.karate - from karate-config.js 
19:11:36.114 [ForkJoinPool-1-worker-1] DEBUG com.jayway.jsonpath.internal.path.CompiledPath - Evaluating path: $
19:11:36.144 [ForkJoinPool-1-worker-1] INFO com.intuit.karate - [print] 1
19:11:36.144 [ForkJoinPool-1-worker-1] INFO com.intuit.karate - from karate-config.js 
19:11:36.144 [ForkJoinPool-1-worker-1] DEBUG com.jayway.jsonpath.internal.path.CompiledPath - Evaluating path: $
19:11:36.175 [ForkJoinPool-1-worker-1] INFO com.intuit.karate - [print] 1
19:11:36.175 [pool-1-thread-1] INFO com.intuit.karate.Runner - <<pass>> feature 16 of 22: classpath:featurefiles/karatedbtesting.feature
---------------------------------------------------------
feature: classpath:featurefiles/karatedbtesting.feature
report: build\surefire-reports\featurefiles.karatedbtesting.json
scenarios:  4 | passed:  4 | failed:  0 | time: 0.2640
---------------------------------------------------------
19:11:36.175 [pool-1-thread-1] INFO com.intuit.karate - from karate-config.js 
19:11:36.175 [pool-1-thread-1] DEBUG com.jayway.jsonpath.internal.path.CompiledPath - Evaluating path: $
19:11:36.191 [pool-1-thread-1] DEBUG com.jayway.jsonpath.internal.path.CompiledPath - Evaluating path: $
19:11:36.206 [ForkJoinPool-1-worker-1] INFO com.intuit.karate - [print] 1, cust1, 23
19:11:36.206 [ForkJoinPool-1-worker-1] DEBUG com.jayway.jsonpath.internal.path.CompiledPath - Evaluating path: $
19:11:36.206 [ForkJoinPool-1-worker-1] DEBUG com.jayway.jsonpath.internal.path.CompiledPath - Evaluating path: $
19:11:36.206 [ForkJoinPool-1-worker-1] INFO com.intuit.karate - [print] {
  "last_name": "cust1"
}

19:11:36.206 [ForkJoinPool-1-worker-1] INFO com.intuit.karate - [print] 2, cust2, 24
19:11:36.206 [ForkJoinPool-1-worker-1] DEBUG com.jayway.jsonpath.internal.path.CompiledPath - Evaluating path: $
19:11:36.206 [ForkJoinPool-1-worker-1] DEBUG com.jayway.jsonpath.internal.path.CompiledPath - Evaluating path: $
19:11:36.206 [ForkJoinPool-1-worker-1] INFO com.intuit.karate - [print] {
  "last_name": "cust2"
}

19:11:36.206 [ForkJoinPool-1-worker-1] INFO com.intuit.karate - [print] 3, cust3, 25
19:11:36.206 [ForkJoinPool-1-worker-1] DEBUG com.jayway.jsonpath.internal.path.CompiledPath - Evaluating path: $
19:11:36.206 [ForkJoinPool-1-worker-1] DEBUG com.jayway.jsonpath.internal.path.CompiledPath - Evaluating path: $
19:11:36.206 [ForkJoinPool-1-worker-1] INFO com.intuit.karate - [print] {
  "last_name": "cust3"
}

19:11:36.206 [ForkJoinPool-1-worker-1] INFO com.intuit.karate - [print] 4, cust4, 26
19:11:36.206 [ForkJoinPool-1-worker-1] DEBUG com.jayway.jsonpath.internal.path.CompiledPath - Evaluating path: $
19:11:36.206 [ForkJoinPool-1-worker-1] DEBUG com.jayway.jsonpath.internal.path.CompiledPath - Evaluating path: $
19:11:36.206 [ForkJoinPool-1-worker-1] INFO com.intuit.karate - [print] {
  "last_name": "cust4"
}

19:11:36.206 [ForkJoinPool-1-worker-1] INFO com.intuit.karate - [print] 5, cust5, 27
19:11:36.206 [ForkJoinPool-1-worker-1] DEBUG com.jayway.jsonpath.internal.path.CompiledPath - Evaluating path: $
19:11:36.206 [ForkJoinPool-1-worker-1] DEBUG com.jayway.jsonpath.internal.path.CompiledPath - Evaluating path: $
19:11:36.206 [ForkJoinPool-1-worker-1] INFO com.intuit.karate - [print] {
  "last_name": "cust5"
}

19:11:36.222 [pool-1-thread-1] INFO com.intuit.karate.Runner - <<pass>> feature 17 of 22: classpath:featurefiles/readingcsvdataddt.feature
---------------------------------------------------------
feature: classpath:featurefiles/readingcsvdataddt.feature
report: build\surefire-reports\featurefiles.readingcsvdataddt.json
scenarios:  5 | passed:  5 | failed:  0 | time: 0.0132
---------------------------------------------------------
19:11:36.222 [pool-1-thread-1] INFO com.intuit.karate - from karate-config.js 
19:11:36.222 [pool-1-thread-1] DEBUG com.jayway.jsonpath.internal.path.CompiledPath - Evaluating path: $
19:11:36.222 [pool-1-thread-1] DEBUG com.jayway.jsonpath.internal.path.CompiledPath - Evaluating path: $
19:11:36.238 [Finalizer] DEBUG org.apache.http.impl.conn.PoolingHttpClientConnectionManager - Connection manager is shutting down
19:11:36.238 [Finalizer] DEBUG org.apache.http.impl.conn.DefaultManagedHttpClientConnection - http-outgoing-5: Close connection
19:11:36.238 [Finalizer] DEBUG org.apache.http.impl.conn.PoolingHttpClientConnectionManager - Connection manager shut down
19:11:36.238 [Finalizer] DEBUG org.apache.http.impl.conn.PoolingHttpClientConnectionManager - Connection manager is shutting down
19:11:36.238 [Finalizer] DEBUG org.apache.http.impl.conn.DefaultManagedHttpClientConnection - http-outgoing-6: Close connection
19:11:36.238 [Finalizer] DEBUG org.apache.http.impl.conn.PoolingHttpClientConnectionManager - Connection manager shut down
19:11:36.238 [Finalizer] DEBUG org.apache.http.impl.conn.PoolingHttpClientConnectionManager - Connection manager is shutting down
19:11:36.238 [Finalizer] DEBUG org.apache.http.impl.conn.DefaultManagedHttpClientConnection - http-outgoing-7: Close connection
19:11:36.238 [Finalizer] DEBUG org.apache.http.impl.conn.PoolingHttpClientConnectionManager - Connection manager shut down
19:11:36.238 [Finalizer] DEBUG org.apache.http.impl.conn.PoolingHttpClientConnectionManager - Connection manager is shutting down
19:11:36.238 [Finalizer] DEBUG org.apache.http.impl.conn.DefaultManagedHttpClientConnection - http-outgoing-8: Close connection
19:11:36.238 [Finalizer] DEBUG org.apache.http.impl.conn.PoolingHttpClientConnectionManager - Connection manager shut down
19:11:36.238 [Finalizer] DEBUG org.apache.http.impl.conn.PoolingHttpClientConnectionManager - Connection manager is shutting down
19:11:36.238 [Finalizer] DEBUG org.apache.http.impl.conn.DefaultManagedHttpClientConnection - http-outgoing-9: Close connection
19:11:36.238 [Finalizer] DEBUG org.apache.http.impl.conn.PoolingHttpClientConnectionManager - Connection manager shut down
19:11:36.253 [Finalizer] DEBUG org.apache.http.impl.conn.PoolingHttpClientConnectionManager - Connection manager is shutting down
19:11:36.253 [Finalizer] DEBUG org.apache.http.impl.conn.DefaultManagedHttpClientConnection - http-outgoing-10: Close connection
19:11:36.253 [Finalizer] DEBUG org.apache.http.impl.conn.PoolingHttpClientConnectionManager - Connection manager shut down
19:11:36.253 [Finalizer] DEBUG org.apache.http.impl.conn.PoolingHttpClientConnectionManager - Connection manager is shutting down
19:11:36.253 [Finalizer] DEBUG org.apache.http.impl.conn.DefaultManagedHttpClientConnection - http-outgoing-11: Close connection
19:11:36.253 [Finalizer] DEBUG org.apache.http.impl.conn.PoolingHttpClientConnectionManager - Connection manager shut down
19:11:36.253 [Finalizer] DEBUG org.apache.http.impl.conn.PoolingHttpClientConnectionManager - Connection manager is shutting down
19:11:36.253 [Finalizer] DEBUG org.apache.http.impl.conn.DefaultManagedHttpClientConnection - http-outgoing-12: Close connection
19:11:36.253 [Finalizer] DEBUG org.apache.http.impl.conn.PoolingHttpClientConnectionManager - Connection manager shut down
19:11:36.253 [Finalizer] DEBUG org.apache.http.impl.conn.PoolingHttpClientConnectionManager - Connection manager is shutting down
19:11:36.253 [Finalizer] DEBUG org.apache.http.impl.conn.DefaultManagedHttpClientConnection - http-outgoing-13: Close connection
19:11:36.253 [Finalizer] DEBUG org.apache.http.impl.conn.PoolingHttpClientConnectionManager - Connection manager shut down
19:11:36.253 [Finalizer] DEBUG org.apache.http.impl.conn.PoolingHttpClientConnectionManager - Connection manager is shutting down
19:11:36.253 [Finalizer] DEBUG org.apache.http.impl.conn.DefaultManagedHttpClientConnection - http-outgoing-14: Close connection
19:11:36.253 [Finalizer] DEBUG org.apache.http.impl.conn.PoolingHttpClientConnectionManager - Connection manager shut down
19:11:36.253 [Finalizer] DEBUG org.apache.http.impl.conn.PoolingHttpClientConnectionManager - Connection manager is shutting down
19:11:36.253 [Finalizer] DEBUG org.apache.http.impl.conn.DefaultManagedHttpClientConnection - http-outgoing-15: Close connection
19:11:36.253 [Finalizer] DEBUG org.apache.http.impl.conn.PoolingHttpClientConnectionManager - Connection manager shut down
19:11:36.253 [ForkJoinPool-1-worker-1] INFO com.intuit.karate - [print] 1, cust1, 23
19:11:36.253 [ForkJoinPool-1-worker-1] DEBUG com.jayway.jsonpath.internal.path.CompiledPath - Evaluating path: $
19:11:36.253 [ForkJoinPool-1-worker-1] DEBUG com.jayway.jsonpath.internal.path.CompiledPath - Evaluating path: $
19:11:36.253 [ForkJoinPool-1-worker-1] INFO com.intuit.karate - [print] {
  "last_name": "cust1"
}

19:11:36.253 [ForkJoinPool-1-worker-1] INFO com.intuit.karate - [print] 2, cust2, 24
19:11:36.253 [ForkJoinPool-1-worker-1] DEBUG com.jayway.jsonpath.internal.path.CompiledPath - Evaluating path: $
19:11:36.253 [ForkJoinPool-1-worker-1] DEBUG com.jayway.jsonpath.internal.path.CompiledPath - Evaluating path: $
19:11:36.253 [ForkJoinPool-1-worker-1] INFO com.intuit.karate - [print] {
  "last_name": "cust2"
}

19:11:36.253 [ForkJoinPool-1-worker-1] INFO com.intuit.karate - [print] 3, cust3, 25
19:11:36.253 [ForkJoinPool-1-worker-1] DEBUG com.jayway.jsonpath.internal.path.CompiledPath - Evaluating path: $
19:11:36.253 [ForkJoinPool-1-worker-1] DEBUG com.jayway.jsonpath.internal.path.CompiledPath - Evaluating path: $
19:11:36.253 [ForkJoinPool-1-worker-1] INFO com.intuit.karate - [print] {
  "last_name": "cust3"
}

19:11:36.253 [ForkJoinPool-1-worker-1] INFO com.intuit.karate - [print] 4, cust4, 26
19:11:36.253 [ForkJoinPool-1-worker-1] DEBUG com.jayway.jsonpath.internal.path.CompiledPath - Evaluating path: $
19:11:36.253 [ForkJoinPool-1-worker-1] DEBUG com.jayway.jsonpath.internal.path.CompiledPath - Evaluating path: $
19:11:36.253 [ForkJoinPool-1-worker-1] INFO com.intuit.karate - [print] {
  "last_name": "cust4"
}

19:11:36.269 [ForkJoinPool-1-worker-1] INFO com.intuit.karate - [print] 5, cust5, 27
19:11:36.269 [ForkJoinPool-1-worker-1] DEBUG com.jayway.jsonpath.internal.path.CompiledPath - Evaluating path: $
19:11:36.269 [ForkJoinPool-1-worker-1] DEBUG com.jayway.jsonpath.internal.path.CompiledPath - Evaluating path: $
19:11:36.269 [ForkJoinPool-1-worker-1] INFO com.intuit.karate - [print] {
  "last_name": "cust5"
}

19:11:36.269 [pool-1-thread-1] INFO com.intuit.karate.Runner - <<pass>> feature 18 of 22: classpath:featurefiles/readingcsvdataddt02.feature
---------------------------------------------------------
feature: classpath:featurefiles/readingcsvdataddt02.feature
report: build\surefire-reports\featurefiles.readingcsvdataddt02.json
scenarios:  5 | passed:  5 | failed:  0 | time: 0.0074
---------------------------------------------------------
19:11:36.284 [ForkJoinPool-1-worker-1] INFO com.intuit.karate - from karate-config.js 
19:11:36.284 [ForkJoinPool-1-worker-1] DEBUG com.jayway.jsonpath.internal.path.CompiledPath - Evaluating path: $
19:11:36.284 [pool-1-thread-1] INFO com.intuit.karate.Runner - <<fail>> feature 19 of 22: classpath:featurefiles/sample.feature
---------------------------------------------------------
feature: classpath:featurefiles/sample.feature
report: build\surefire-reports\featurefiles.sample.json
scenarios:  1 | passed:  0 | failed:  1 | time: 0.0000
---------------------------------------------------------
19:11:36.284 [ForkJoinPool-1-worker-1] INFO com.intuit.karate - from karate-config.js 
19:11:36.284 [ForkJoinPool-1-worker-1] DEBUG com.jayway.jsonpath.internal.path.CompiledPath - Evaluating path: $
19:11:36.300 [ForkJoinPool-1-worker-1] INFO com.intuit.karate - [print] Basic YWRtaW46QWRtaW4xMjM=
19:11:36.316 [ForkJoinPool-1-worker-1] DEBUG org.apache.http.client.protocol.RequestAddCookies - CookieSpec selected: karate
19:11:36.316 [ForkJoinPool-1-worker-1] DEBUG org.apache.http.client.protocol.RequestAuthCache - Auth cache not set in the context
19:11:36.316 [ForkJoinPool-1-worker-1] DEBUG com.intuit.karate - request:
1 > GET https://192.168.1.90:8089/services/search/jobs
1 > Accept-Encoding: gzip,deflate
1 > Authorization: Basic YWRtaW46QWRtaW4xMjM=
1 > Connection: Keep-Alive
1 > Host: 192.168.1.90:8089
1 > User-Agent: Apache-HttpClient/4.5.12 (Java/1.8.0_251)

19:11:36.316 [ForkJoinPool-1-worker-1] DEBUG org.apache.http.impl.conn.PoolingHttpClientConnectionManager - Connection request: [route: {s}->https://192.168.1.90:8089][total available: 0; route allocated: 0 of 5; total allocated: 0 of 10]
19:11:36.316 [ForkJoinPool-1-worker-1] DEBUG org.apache.http.impl.conn.PoolingHttpClientConnectionManager - Connection leased: [id: 16][route: {s}->https://192.168.1.90:8089][total available: 0; route allocated: 1 of 5; total allocated: 1 of 10]
19:11:36.316 [ForkJoinPool-1-worker-1] DEBUG org.apache.http.impl.execchain.MainClientExec - Opening connection {s}->https://192.168.1.90:8089
19:11:36.316 [ForkJoinPool-1-worker-1] DEBUG org.apache.http.impl.conn.DefaultHttpClientConnectionOperator - Connecting to /192.168.1.90:8089
19:11:36.316 [ForkJoinPool-1-worker-1] DEBUG org.apache.http.conn.ssl.LenientSslConnectionSocketFactory - Connecting socket to /192.168.1.90:8089 with timeout 30000
19:11:36.316 [ForkJoinPool-1-worker-1] DEBUG org.apache.http.conn.ssl.LenientSslConnectionSocketFactory - Enabled protocols: [TLSv1, TLSv1.1, TLSv1.2]
19:11:36.316 [ForkJoinPool-1-worker-1] DEBUG org.apache.http.conn.ssl.LenientSslConnectionSocketFactory - Enabled cipher suites:[TLS_ECDHE_ECDSA_WITH_AES_256_CBC_SHA384, TLS_ECDHE_RSA_WITH_AES_256_CBC_SHA384, TLS_RSA_WITH_AES_256_CBC_SHA256, TLS_ECDH_ECDSA_WITH_AES_256_CBC_SHA384, TLS_ECDH_RSA_WITH_AES_256_CBC_SHA384, TLS_DHE_RSA_WITH_AES_256_CBC_SHA256, TLS_DHE_DSS_WITH_AES_256_CBC_SHA256, TLS_ECDHE_ECDSA_WITH_AES_256_CBC_SHA, TLS_ECDHE_RSA_WITH_AES_256_CBC_SHA, TLS_RSA_WITH_AES_256_CBC_SHA, TLS_ECDH_ECDSA_WITH_AES_256_CBC_SHA, TLS_ECDH_RSA_WITH_AES_256_CBC_SHA, TLS_DHE_RSA_WITH_AES_256_CBC_SHA, TLS_DHE_DSS_WITH_AES_256_CBC_SHA, TLS_ECDHE_ECDSA_WITH_AES_128_CBC_SHA256, TLS_ECDHE_RSA_WITH_AES_128_CBC_SHA256, TLS_RSA_WITH_AES_128_CBC_SHA256, TLS_ECDH_ECDSA_WITH_AES_128_CBC_SHA256, TLS_ECDH_RSA_WITH_AES_128_CBC_SHA256, TLS_DHE_RSA_WITH_AES_128_CBC_SHA256, TLS_DHE_DSS_WITH_AES_128_CBC_SHA256, TLS_ECDHE_ECDSA_WITH_AES_128_CBC_SHA, TLS_ECDHE_RSA_WITH_AES_128_CBC_SHA, TLS_RSA_WITH_AES_128_CBC_SHA, TLS_ECDH_ECDSA_WITH_AES_128_CBC_SHA, TLS_ECDH_RSA_WITH_AES_128_CBC_SHA, TLS_DHE_RSA_WITH_AES_128_CBC_SHA, TLS_DHE_DSS_WITH_AES_128_CBC_SHA, TLS_ECDHE_ECDSA_WITH_AES_256_GCM_SHA384, TLS_ECDHE_ECDSA_WITH_AES_128_GCM_SHA256, TLS_ECDHE_RSA_WITH_AES_256_GCM_SHA384, TLS_RSA_WITH_AES_256_GCM_SHA384, TLS_ECDH_ECDSA_WITH_AES_256_GCM_SHA384, TLS_ECDH_RSA_WITH_AES_256_GCM_SHA384, TLS_DHE_RSA_WITH_AES_256_GCM_SHA384, TLS_DHE_DSS_WITH_AES_256_GCM_SHA384, TLS_ECDHE_RSA_WITH_AES_128_GCM_SHA256, TLS_RSA_WITH_AES_128_GCM_SHA256, TLS_ECDH_ECDSA_WITH_AES_128_GCM_SHA256, TLS_ECDH_RSA_WITH_AES_128_GCM_SHA256, TLS_DHE_RSA_WITH_AES_128_GCM_SHA256, TLS_DHE_DSS_WITH_AES_128_GCM_SHA256, TLS_EMPTY_RENEGOTIATION_INFO_SCSV]
19:11:36.316 [ForkJoinPool-1-worker-1] DEBUG org.apache.http.conn.ssl.LenientSslConnectionSocketFactory - Starting handshake
19:11:36.316 [ForkJoinPool-1-worker-1] DEBUG org.apache.http.conn.ssl.LenientSslConnectionSocketFactory - Secure session established
19:11:36.316 [ForkJoinPool-1-worker-1] DEBUG org.apache.http.conn.ssl.LenientSslConnectionSocketFactory -  negotiated protocol: TLSv1.2
19:11:36.316 [ForkJoinPool-1-worker-1] DEBUG org.apache.http.conn.ssl.LenientSslConnectionSocketFactory -  negotiated cipher suite: TLS_ECDHE_RSA_WITH_AES_256_CBC_SHA384
19:11:36.316 [ForkJoinPool-1-worker-1] DEBUG org.apache.http.conn.ssl.LenientSslConnectionSocketFactory -  peer principal: O=SplunkUser, CN=SplunkServerDefaultCert
19:11:36.316 [ForkJoinPool-1-worker-1] DEBUG org.apache.http.conn.ssl.LenientSslConnectionSocketFactory -  issuer principal: EMAILADDRESS=support@splunk.com, CN=SplunkCommonCA, O=Splunk, L=San Francisco, ST=CA, C=US
19:11:36.316 [ForkJoinPool-1-worker-1] DEBUG org.apache.http.impl.conn.DefaultHttpClientConnectionOperator - Connection established 192.168.1.87:53472<->192.168.1.90:8089
19:11:36.316 [ForkJoinPool-1-worker-1] DEBUG org.apache.http.impl.conn.DefaultManagedHttpClientConnection - http-outgoing-16: set socket timeout to 30000
19:11:36.316 [ForkJoinPool-1-worker-1] DEBUG org.apache.http.impl.execchain.MainClientExec - Executing request GET /services/search/jobs HTTP/1.1
19:11:36.316 [ForkJoinPool-1-worker-1] DEBUG org.apache.http.impl.execchain.MainClientExec - Proxy auth state: UNCHALLENGED
19:11:36.316 [ForkJoinPool-1-worker-1] DEBUG org.apache.http.headers - http-outgoing-16 >> GET /services/search/jobs HTTP/1.1
19:11:36.316 [ForkJoinPool-1-worker-1] DEBUG org.apache.http.headers - http-outgoing-16 >> Authorization: Basic YWRtaW46QWRtaW4xMjM=
19:11:36.316 [ForkJoinPool-1-worker-1] DEBUG org.apache.http.headers - http-outgoing-16 >> Host: 192.168.1.90:8089
19:11:36.316 [ForkJoinPool-1-worker-1] DEBUG org.apache.http.headers - http-outgoing-16 >> Connection: Keep-Alive
19:11:36.316 [ForkJoinPool-1-worker-1] DEBUG org.apache.http.headers - http-outgoing-16 >> User-Agent: Apache-HttpClient/4.5.12 (Java/1.8.0_251)
19:11:36.316 [ForkJoinPool-1-worker-1] DEBUG org.apache.http.headers - http-outgoing-16 >> Accept-Encoding: gzip,deflate
19:11:36.316 [ForkJoinPool-1-worker-1] DEBUG org.apache.http.wire - http-outgoing-16 >> "GET /services/search/jobs HTTP/1.1[\r][\n]"
19:11:36.316 [ForkJoinPool-1-worker-1] DEBUG org.apache.http.wire - http-outgoing-16 >> "Authorization: Basic YWRtaW46QWRtaW4xMjM=[\r][\n]"
19:11:36.316 [ForkJoinPool-1-worker-1] DEBUG org.apache.http.wire - http-outgoing-16 >> "Host: 192.168.1.90:8089[\r][\n]"
19:11:36.316 [ForkJoinPool-1-worker-1] DEBUG org.apache.http.wire - http-outgoing-16 >> "Connection: Keep-Alive[\r][\n]"
19:11:36.316 [ForkJoinPool-1-worker-1] DEBUG org.apache.http.wire - http-outgoing-16 >> "User-Agent: Apache-HttpClient/4.5.12 (Java/1.8.0_251)[\r][\n]"
19:11:36.316 [ForkJoinPool-1-worker-1] DEBUG org.apache.http.wire - http-outgoing-16 >> "Accept-Encoding: gzip,deflate[\r][\n]"
19:11:36.316 [ForkJoinPool-1-worker-1] DEBUG org.apache.http.wire - http-outgoing-16 >> "[\r][\n]"
19:11:36.332 [ForkJoinPool-1-worker-1] DEBUG org.apache.http.wire - http-outgoing-16 << "HTTP/1.1 200 OK[\r][\n]"
19:11:36.332 [ForkJoinPool-1-worker-1] DEBUG org.apache.http.wire - http-outgoing-16 << "Date: Thu, 03 Dec 2020 13:41:35 GMT[\r][\n]"
19:11:36.332 [ForkJoinPool-1-worker-1] DEBUG org.apache.http.wire - http-outgoing-16 << "Expires: Thu, 26 Oct 1978 00:00:00 GMT[\r][\n]"
19:11:36.332 [ForkJoinPool-1-worker-1] DEBUG org.apache.http.wire - http-outgoing-16 << "Cache-Control: no-store, no-cache, must-revalidate, max-age=0[\r][\n]"
19:11:36.332 [ForkJoinPool-1-worker-1] DEBUG org.apache.http.wire - http-outgoing-16 << "Content-Type: text/xml; charset=UTF-8[\r][\n]"
19:11:36.332 [ForkJoinPool-1-worker-1] DEBUG org.apache.http.wire - http-outgoing-16 << "X-Content-Type-Options: nosniff[\r][\n]"
19:11:36.332 [ForkJoinPool-1-worker-1] DEBUG org.apache.http.wire - http-outgoing-16 << "Content-Length: 446[\r][\n]"
19:11:36.332 [ForkJoinPool-1-worker-1] DEBUG org.apache.http.wire - http-outgoing-16 << "Content-Encoding: gzip[\r][\n]"
19:11:36.332 [ForkJoinPool-1-worker-1] DEBUG org.apache.http.wire - http-outgoing-16 << "Vary: Accept-Encoding, Cookie, Authorization[\r][\n]"
19:11:36.332 [ForkJoinPool-1-worker-1] DEBUG org.apache.http.wire - http-outgoing-16 << "Connection: Keep-Alive[\r][\n]"
19:11:36.332 [ForkJoinPool-1-worker-1] DEBUG org.apache.http.wire - http-outgoing-16 << "X-Frame-Options: SAMEORIGIN[\r][\n]"
19:11:36.332 [ForkJoinPool-1-worker-1] DEBUG org.apache.http.wire - http-outgoing-16 << "Server: Splunkd[\r][\n]"
19:11:36.332 [ForkJoinPool-1-worker-1] DEBUG org.apache.http.wire - http-outgoing-16 << "[\r][\n]"
19:11:36.332 [ForkJoinPool-1-worker-1] DEBUG org.apache.http.headers - http-outgoing-16 << HTTP/1.1 200 OK
19:11:36.332 [ForkJoinPool-1-worker-1] DEBUG org.apache.http.headers - http-outgoing-16 << Date: Thu, 03 Dec 2020 13:41:35 GMT
19:11:36.332 [ForkJoinPool-1-worker-1] DEBUG org.apache.http.headers - http-outgoing-16 << Expires: Thu, 26 Oct 1978 00:00:00 GMT
19:11:36.332 [ForkJoinPool-1-worker-1] DEBUG org.apache.http.headers - http-outgoing-16 << Cache-Control: no-store, no-cache, must-revalidate, max-age=0
19:11:36.332 [ForkJoinPool-1-worker-1] DEBUG org.apache.http.headers - http-outgoing-16 << Content-Type: text/xml; charset=UTF-8
19:11:36.332 [ForkJoinPool-1-worker-1] DEBUG org.apache.http.headers - http-outgoing-16 << X-Content-Type-Options: nosniff
19:11:36.332 [ForkJoinPool-1-worker-1] DEBUG org.apache.http.headers - http-outgoing-16 << Content-Length: 446
19:11:36.332 [ForkJoinPool-1-worker-1] DEBUG org.apache.http.headers - http-outgoing-16 << Content-Encoding: gzip
19:11:36.332 [ForkJoinPool-1-worker-1] DEBUG org.apache.http.headers - http-outgoing-16 << Vary: Accept-Encoding, Cookie, Authorization
19:11:36.332 [ForkJoinPool-1-worker-1] DEBUG org.apache.http.headers - http-outgoing-16 << Connection: Keep-Alive
19:11:36.332 [ForkJoinPool-1-worker-1] DEBUG org.apache.http.headers - http-outgoing-16 << X-Frame-Options: SAMEORIGIN
19:11:36.332 [ForkJoinPool-1-worker-1] DEBUG org.apache.http.headers - http-outgoing-16 << Server: Splunkd
19:11:36.332 [ForkJoinPool-1-worker-1] DEBUG org.apache.http.impl.execchain.MainClientExec - Connection can be kept alive indefinitely
19:11:36.332 [ForkJoinPool-1-worker-1] DEBUG org.apache.http.wire - http-outgoing-16 << "[0x1f][0x8b][0x8][0x0][0xf][0xeb][0xc8]_[0x0][0xb][0xed][0x94][0xcf][0x8e][0x9b]0[0x10][0x87][0xef]y[\n]"
19:11:36.332 [ForkJoinPool-1-worker-1] DEBUG org.apache.http.wire - http-outgoing-16 << "[0xd7][0xd7][\n]"
19:11:36.332 [ForkJoinPool-1-worker-1] DEBUG org.apache.http.wire - http-outgoing-16 << "[0xff]![0x9b]*[0xa1][0xc0][0xaa][0x97]J[0xbd][0xad][0xba][0xe9][0xa9][0xea][0xc1][0xc1][0x93][0xe0][0x16]l[0xe4][0x99]l[0xb2]o_[0x9b][0xed]6m[0xa4]>@[0xa5]h@[0xb2][0x99][0xef]3`[0xd0][0xaf][0xbe]?[0x8f][0x3]{[0x82][0x88].[0xf8][0x86]k[0xa1]8[0x3][0xdf][0x5][0xeb][0xfc][0xa1][0xe1]_[0xb6][0x1f][0x8b]5[0xbf]o[0x17][0xf5][0x9b][0xa2][0xd8][0xf6][0xe]Y:([0xb0][0x90][0x84][0xe8],[0xb0]][0xc]'[0x84][0xc8][0xf6]![0x8e][0x86](I[0xef][0x19][0x2][0xa4]3&Dt[0xc1][0xef][0xbf][0xf6]D[0xd3][0xe3]<[0xff][0x96]][0xeb][0xd0][0xec][0x6][0x10][0xec]V[0xb7][0xba][0xd5]]]>&#x7f;<![CDATA[SE[0x91]b [0xa7]E[0x81][0xf4]<[0x0][0xf6][0x0][0xc4][0xe8]y[0x82][0x86][0x13][0x9c]I[0xa6][0xe]g}[0x84]}[0xc3]%[0x92]![0xd7]ICa[0x14]g[0x1c][0xe6][0x4][0xd9][0x3]X[0x96] [0x8f][\r][0xcf][0x91]PIy:[0x9d][0xc4]i)B<[0xc8]R[0xa9][0x95][0xfc][0x90]x[0xfe][0xc2]T[0x17][0xca][0xc2][0x93][0xc0]i8[0xfa][0x1f])OF[0xe9]QF@z[0xe5][0xc2][0x4][0x1e][0xc1][0xc4][0xae][0xff]-[0x98][0xcd][0xc][0x16][0x12]'[0xe8][0xe4][0x5][0x90]Zh[0xc9][0xdb][0x5]c59[0x1a][0xa0][0xfd][0x1e]vX[0xcb][0x97]q[0xbe][0xea]l[0x9b][0x97][0xc0][0xb4][0x86][0xde][0x94]B[0xbf][[0xb]-6[0xaa]Z[0xab][0xf5]F[0xe6]Hs[0x1d][0xa0][0xfc][0xb5][0xd8][0x8b][0x9c][0x94]l[0x1e]'k[0x8]l[[0xaa]R[0x15][0xba],[0xd4]r[0xab]7[0x95][0xd6][0xd5]r[0xf5]V[0xad][0xaa][0xa5][0xaa][0xe5]+[0x92][0xf1][0x3]x[0x88]iw"[0xdb][0x1d][0xdd]`[0x1b]^[0xde][0xed][0xed][0xaa][0xbc]+[0xd7][0xbb][0x95][0xe1][0x97]8[0xce][0xf7]WBs9[[0xe6]H}[0x88]y[0x98]&[0xde][0x8c][0xd0]>[0xce][0xdb]R[0xcb]y[0x92][0x11]ya[0xea][0xcb][0x8b]W[0x14][0xc8][0xc][0x9f][0x1][0x8f][0x3]a[0x9b][0x9e][0xe5]_[0xad]+[0xcd][0x11][0x8c][0xf8][0x0][0xf1][0xc1][0x1c][0xe0]J[0xfb][0xab]u[0xa5][0xa5][0xaf][0x1f][0xe9][0x93][0xb7]p[0xbe][0x92][0xfe]h,j[0x99]]]>&#x7f;<![CDATA[[0x88]v[0xf1][0x13]LO[0xec][0xb3][0x81][0x6][0x0][0x0]"
19:11:36.332 [ForkJoinPool-1-worker-1] DEBUG org.apache.http.impl.conn.PoolingHttpClientConnectionManager - Connection [id: 16][route: {s}->https://192.168.1.90:8089] can be kept alive indefinitely
19:11:36.332 [ForkJoinPool-1-worker-1] DEBUG org.apache.http.impl.conn.DefaultManagedHttpClientConnection - http-outgoing-16: set socket timeout to 0
19:11:36.332 [ForkJoinPool-1-worker-1] DEBUG org.apache.http.impl.conn.PoolingHttpClientConnectionManager - Connection released: [id: 16][route: {s}->https://192.168.1.90:8089][total available: 1; route allocated: 1 of 5; total allocated: 1 of 10]
19:11:36.332 [ForkJoinPool-1-worker-1] DEBUG com.intuit.karate - response time in milliseconds: 26.52
1 < 200
1 < Cache-Control: no-store, no-cache, must-revalidate, max-age=0
1 < Connection: Keep-Alive
1 < Content-Type: text/xml; charset=UTF-8
1 < Date: Thu, 03 Dec 2020 13:41:35 GMT
1 < Expires: Thu, 26 Oct 1978 00:00:00 GMT
1 < Server: Splunkd
1 < Vary: Accept-Encoding, Cookie, Authorization
1 < X-Content-Type-Options: nosniff
1 < X-Frame-Options: SAMEORIGIN
<?xml version="1.0" encoding="UTF-8"?>
<!--This is to override browser formatting; see server.conf[httpServer] to disable. . . . . . . . . . . . . . . . . . . . . . . . . . . . . . . . . . . . . . . . . . . . . . . . . . . . . . . . . . . . . . . . . . . . . . . . . . . . . . . . . . . . . . . . . . . . . . . . . . . . . . . . . . . . . . . . . . . . . . . . . . . . . . . . . . . . . . . . . . . . . . . . . . . . . . . . . . . . . . . . . . . . . . . . . . . . . . . . . . . . . . . . . . . . . . . . . . . . . . . . . . . . . . . . . . . . . . . . . . . . . . . . . . . . . . . . . . . . . . . . . . . . . . . . . . . . . . . . . . . . . . . . . . . . . . . . . . . . . . . . . . . . . . . . . . . . . . . . . . . . . . . . . . . . . . . . . . . . . . . . . . . . . . . . . . . . . . . . . . . . . . . . . . . . . . . . . . . . . . . . . . . . . . . . . . . . . . . . . . . . . . . . . . . . . . . . . . . . . . . . . . . . . . . . . . . . . . . . . . . . . . . . . . . . . . . . . . . . . . . . . . . . . . . . . . . . . . . . . . . . . . . . . . . . . . . . .-->
<?xml-stylesheet type="text/xml" href="/static/atom.xsl"?>
<feed xmlns="http://www.w3.org/2005/Atom" xmlns:s="http://dev.splunk.com/ns/rest" xmlns:opensearch="http://a9.com/-/spec/opensearch/1.1/">
  <title>jobs</title>
  <id>https://192.168.1.90:8089/services/search/jobs</id>
  <updated>2020-12-03T19:11:35+05:30</updated>
  <generator build="24fd52428b5a" version="8.1.0.1"/>
  <author>
    <name>Splunk</name>
  </author>
  <opensearch:totalResults>0</opensearch:totalResults>
  <opensearch:itemsPerPage>0</opensearch:itemsPerPage>
  <opensearch:startIndex>0</opensearch:startIndex>
</feed>


19:11:36.332 [ForkJoinPool-1-worker-1] INFO com.intuit.karate - [print] xml
19:11:36.347 [ForkJoinPool-1-worker-1] INFO com.intuit.karate - [print] jobs
19:11:36.347 [ForkJoinPool-1-worker-1] INFO com.intuit.karate - from karate-config.js 
19:11:36.347 [ForkJoinPool-1-worker-1] DEBUG com.jayway.jsonpath.internal.path.CompiledPath - Evaluating path: $
19:11:36.347 [ForkJoinPool-1-worker-1] INFO com.intuit.karate - [print] Basic YWRtaW46QWRtaW4xMjM=
19:11:36.347 [ForkJoinPool-1-worker-1] DEBUG org.apache.http.client.protocol.RequestAddCookies - CookieSpec selected: karate
19:11:36.347 [ForkJoinPool-1-worker-1] DEBUG org.apache.http.client.protocol.RequestAuthCache - Auth cache not set in the context
19:11:36.347 [ForkJoinPool-1-worker-1] DEBUG com.intuit.karate - request:
1 > GET https://192.168.1.90:8089/services/alerts/alert_actions
1 > Accept-Encoding: gzip,deflate
1 > Authorization: Basic YWRtaW46QWRtaW4xMjM=
1 > Connection: Keep-Alive
1 > Host: 192.168.1.90:8089
1 > User-Agent: Apache-HttpClient/4.5.12 (Java/1.8.0_251)

19:11:36.347 [ForkJoinPool-1-worker-1] DEBUG org.apache.http.impl.conn.PoolingHttpClientConnectionManager - Connection request: [route: {s}->https://192.168.1.90:8089][total available: 0; route allocated: 0 of 5; total allocated: 0 of 10]
19:11:36.347 [ForkJoinPool-1-worker-1] DEBUG org.apache.http.impl.conn.PoolingHttpClientConnectionManager - Connection leased: [id: 17][route: {s}->https://192.168.1.90:8089][total available: 0; route allocated: 1 of 5; total allocated: 1 of 10]
19:11:36.347 [ForkJoinPool-1-worker-1] DEBUG org.apache.http.impl.execchain.MainClientExec - Opening connection {s}->https://192.168.1.90:8089
19:11:36.347 [ForkJoinPool-1-worker-1] DEBUG org.apache.http.impl.conn.DefaultHttpClientConnectionOperator - Connecting to /192.168.1.90:8089
19:11:36.347 [ForkJoinPool-1-worker-1] DEBUG org.apache.http.conn.ssl.LenientSslConnectionSocketFactory - Connecting socket to /192.168.1.90:8089 with timeout 30000
19:11:36.347 [ForkJoinPool-1-worker-1] DEBUG org.apache.http.conn.ssl.LenientSslConnectionSocketFactory - Enabled protocols: [TLSv1, TLSv1.1, TLSv1.2]
19:11:36.347 [ForkJoinPool-1-worker-1] DEBUG org.apache.http.conn.ssl.LenientSslConnectionSocketFactory - Enabled cipher suites:[TLS_ECDHE_ECDSA_WITH_AES_256_CBC_SHA384, TLS_ECDHE_RSA_WITH_AES_256_CBC_SHA384, TLS_RSA_WITH_AES_256_CBC_SHA256, TLS_ECDH_ECDSA_WITH_AES_256_CBC_SHA384, TLS_ECDH_RSA_WITH_AES_256_CBC_SHA384, TLS_DHE_RSA_WITH_AES_256_CBC_SHA256, TLS_DHE_DSS_WITH_AES_256_CBC_SHA256, TLS_ECDHE_ECDSA_WITH_AES_256_CBC_SHA, TLS_ECDHE_RSA_WITH_AES_256_CBC_SHA, TLS_RSA_WITH_AES_256_CBC_SHA, TLS_ECDH_ECDSA_WITH_AES_256_CBC_SHA, TLS_ECDH_RSA_WITH_AES_256_CBC_SHA, TLS_DHE_RSA_WITH_AES_256_CBC_SHA, TLS_DHE_DSS_WITH_AES_256_CBC_SHA, TLS_ECDHE_ECDSA_WITH_AES_128_CBC_SHA256, TLS_ECDHE_RSA_WITH_AES_128_CBC_SHA256, TLS_RSA_WITH_AES_128_CBC_SHA256, TLS_ECDH_ECDSA_WITH_AES_128_CBC_SHA256, TLS_ECDH_RSA_WITH_AES_128_CBC_SHA256, TLS_DHE_RSA_WITH_AES_128_CBC_SHA256, TLS_DHE_DSS_WITH_AES_128_CBC_SHA256, TLS_ECDHE_ECDSA_WITH_AES_128_CBC_SHA, TLS_ECDHE_RSA_WITH_AES_128_CBC_SHA, TLS_RSA_WITH_AES_128_CBC_SHA, TLS_ECDH_ECDSA_WITH_AES_128_CBC_SHA, TLS_ECDH_RSA_WITH_AES_128_CBC_SHA, TLS_DHE_RSA_WITH_AES_128_CBC_SHA, TLS_DHE_DSS_WITH_AES_128_CBC_SHA, TLS_ECDHE_ECDSA_WITH_AES_256_GCM_SHA384, TLS_ECDHE_ECDSA_WITH_AES_128_GCM_SHA256, TLS_ECDHE_RSA_WITH_AES_256_GCM_SHA384, TLS_RSA_WITH_AES_256_GCM_SHA384, TLS_ECDH_ECDSA_WITH_AES_256_GCM_SHA384, TLS_ECDH_RSA_WITH_AES_256_GCM_SHA384, TLS_DHE_RSA_WITH_AES_256_GCM_SHA384, TLS_DHE_DSS_WITH_AES_256_GCM_SHA384, TLS_ECDHE_RSA_WITH_AES_128_GCM_SHA256, TLS_RSA_WITH_AES_128_GCM_SHA256, TLS_ECDH_ECDSA_WITH_AES_128_GCM_SHA256, TLS_ECDH_RSA_WITH_AES_128_GCM_SHA256, TLS_DHE_RSA_WITH_AES_128_GCM_SHA256, TLS_DHE_DSS_WITH_AES_128_GCM_SHA256, TLS_EMPTY_RENEGOTIATION_INFO_SCSV]
19:11:36.347 [ForkJoinPool-1-worker-1] DEBUG org.apache.http.conn.ssl.LenientSslConnectionSocketFactory - Starting handshake
19:11:36.347 [ForkJoinPool-1-worker-1] DEBUG org.apache.http.conn.ssl.LenientSslConnectionSocketFactory - Secure session established
19:11:36.347 [ForkJoinPool-1-worker-1] DEBUG org.apache.http.conn.ssl.LenientSslConnectionSocketFactory -  negotiated protocol: TLSv1.2
19:11:36.347 [ForkJoinPool-1-worker-1] DEBUG org.apache.http.conn.ssl.LenientSslConnectionSocketFactory -  negotiated cipher suite: TLS_ECDHE_RSA_WITH_AES_256_CBC_SHA384
19:11:36.347 [ForkJoinPool-1-worker-1] DEBUG org.apache.http.conn.ssl.LenientSslConnectionSocketFactory -  peer principal: O=SplunkUser, CN=SplunkServerDefaultCert
19:11:36.347 [ForkJoinPool-1-worker-1] DEBUG org.apache.http.conn.ssl.LenientSslConnectionSocketFactory -  issuer principal: EMAILADDRESS=support@splunk.com, CN=SplunkCommonCA, O=Splunk, L=San Francisco, ST=CA, C=US
19:11:36.347 [ForkJoinPool-1-worker-1] DEBUG org.apache.http.impl.conn.DefaultHttpClientConnectionOperator - Connection established 192.168.1.87:53473<->192.168.1.90:8089
19:11:36.347 [ForkJoinPool-1-worker-1] DEBUG org.apache.http.impl.conn.DefaultManagedHttpClientConnection - http-outgoing-17: set socket timeout to 30000
19:11:36.347 [ForkJoinPool-1-worker-1] DEBUG org.apache.http.impl.execchain.MainClientExec - Executing request GET /services/alerts/alert_actions HTTP/1.1
19:11:36.347 [ForkJoinPool-1-worker-1] DEBUG org.apache.http.impl.execchain.MainClientExec - Proxy auth state: UNCHALLENGED
19:11:36.347 [ForkJoinPool-1-worker-1] DEBUG org.apache.http.headers - http-outgoing-17 >> GET /services/alerts/alert_actions HTTP/1.1
19:11:36.347 [ForkJoinPool-1-worker-1] DEBUG org.apache.http.headers - http-outgoing-17 >> Authorization: Basic YWRtaW46QWRtaW4xMjM=
19:11:36.347 [ForkJoinPool-1-worker-1] DEBUG org.apache.http.headers - http-outgoing-17 >> Host: 192.168.1.90:8089
19:11:36.347 [ForkJoinPool-1-worker-1] DEBUG org.apache.http.headers - http-outgoing-17 >> Connection: Keep-Alive
19:11:36.347 [ForkJoinPool-1-worker-1] DEBUG org.apache.http.headers - http-outgoing-17 >> User-Agent: Apache-HttpClient/4.5.12 (Java/1.8.0_251)
19:11:36.347 [ForkJoinPool-1-worker-1] DEBUG org.apache.http.headers - http-outgoing-17 >> Accept-Encoding: gzip,deflate
19:11:36.347 [ForkJoinPool-1-worker-1] DEBUG org.apache.http.wire - http-outgoing-17 >> "GET /services/alerts/alert_actions HTTP/1.1[\r][\n]"
19:11:36.347 [ForkJoinPool-1-worker-1] DEBUG org.apache.http.wire - http-outgoing-17 >> "Authorization: Basic YWRtaW46QWRtaW4xMjM=[\r][\n]"
19:11:36.363 [ForkJoinPool-1-worker-1] DEBUG org.apache.http.wire - http-outgoing-17 >> "Host: 192.168.1.90:8089[\r][\n]"
19:11:36.363 [ForkJoinPool-1-worker-1] DEBUG org.apache.http.wire - http-outgoing-17 >> "Connection: Keep-Alive[\r][\n]"
19:11:36.363 [ForkJoinPool-1-worker-1] DEBUG org.apache.http.wire - http-outgoing-17 >> "User-Agent: Apache-HttpClient/4.5.12 (Java/1.8.0_251)[\r][\n]"
19:11:36.363 [ForkJoinPool-1-worker-1] DEBUG org.apache.http.wire - http-outgoing-17 >> "Accept-Encoding: gzip,deflate[\r][\n]"
19:11:36.363 [ForkJoinPool-1-worker-1] DEBUG org.apache.http.wire - http-outgoing-17 >> "[\r][\n]"
19:11:36.378 [ForkJoinPool-1-worker-1] DEBUG org.apache.http.wire - http-outgoing-17 << "HTTP/1.1 200 OK[\r][\n]"
19:11:36.378 [ForkJoinPool-1-worker-1] DEBUG org.apache.http.wire - http-outgoing-17 << "Date: Thu, 03 Dec 2020 13:41:35 GMT[\r][\n]"
19:11:36.378 [ForkJoinPool-1-worker-1] DEBUG org.apache.http.wire - http-outgoing-17 << "Expires: Thu, 26 Oct 1978 00:00:00 GMT[\r][\n]"
19:11:36.378 [ForkJoinPool-1-worker-1] DEBUG org.apache.http.wire - http-outgoing-17 << "Cache-Control: no-store, no-cache, must-revalidate, max-age=0[\r][\n]"
19:11:36.378 [ForkJoinPool-1-worker-1] DEBUG org.apache.http.wire - http-outgoing-17 << "Content-Type: text/xml; charset=UTF-8[\r][\n]"
19:11:36.378 [ForkJoinPool-1-worker-1] DEBUG org.apache.http.wire - http-outgoing-17 << "X-Content-Type-Options: nosniff[\r][\n]"
19:11:36.378 [ForkJoinPool-1-worker-1] DEBUG org.apache.http.wire - http-outgoing-17 << "Content-Length: 3327[\r][\n]"
19:11:36.378 [ForkJoinPool-1-worker-1] DEBUG org.apache.http.wire - http-outgoing-17 << "Content-Encoding: gzip[\r][\n]"
19:11:36.378 [ForkJoinPool-1-worker-1] DEBUG org.apache.http.wire - http-outgoing-17 << "Vary: Accept-Encoding, Cookie, Authorization[\r][\n]"
19:11:36.378 [ForkJoinPool-1-worker-1] DEBUG org.apache.http.wire - http-outgoing-17 << "Connection: Keep-Alive[\r][\n]"
19:11:36.378 [ForkJoinPool-1-worker-1] DEBUG org.apache.http.wire - http-outgoing-17 << "X-Frame-Options: SAMEORIGIN[\r][\n]"
19:11:36.378 [ForkJoinPool-1-worker-1] DEBUG org.apache.http.wire - http-outgoing-17 << "Server: Splunkd[\r][\n]"
19:11:36.378 [ForkJoinPool-1-worker-1] DEBUG org.apache.http.wire - http-outgoing-17 << "[\r][\n]"
19:11:36.378 [ForkJoinPool-1-worker-1] DEBUG org.apache.http.headers - http-outgoing-17 << HTTP/1.1 200 OK
19:11:36.378 [ForkJoinPool-1-worker-1] DEBUG org.apache.http.headers - http-outgoing-17 << Date: Thu, 03 Dec 2020 13:41:35 GMT
19:11:36.378 [ForkJoinPool-1-worker-1] DEBUG org.apache.http.headers - http-outgoing-17 << Expires: Thu, 26 Oct 1978 00:00:00 GMT
19:11:36.378 [ForkJoinPool-1-worker-1] DEBUG org.apache.http.headers - http-outgoing-17 << Cache-Control: no-store, no-cache, must-revalidate, max-age=0
19:11:36.378 [ForkJoinPool-1-worker-1] DEBUG org.apache.http.headers - http-outgoing-17 << Content-Type: text/xml; charset=UTF-8
19:11:36.378 [ForkJoinPool-1-worker-1] DEBUG org.apache.http.headers - http-outgoing-17 << X-Content-Type-Options: nosniff
19:11:36.378 [ForkJoinPool-1-worker-1] DEBUG org.apache.http.headers - http-outgoing-17 << Content-Length: 3327
19:11:36.378 [ForkJoinPool-1-worker-1] DEBUG org.apache.http.headers - http-outgoing-17 << Content-Encoding: gzip
19:11:36.378 [ForkJoinPool-1-worker-1] DEBUG org.apache.http.headers - http-outgoing-17 << Vary: Accept-Encoding, Cookie, Authorization
19:11:36.378 [ForkJoinPool-1-worker-1] DEBUG org.apache.http.headers - http-outgoing-17 << Connection: Keep-Alive
19:11:36.378 [ForkJoinPool-1-worker-1] DEBUG org.apache.http.headers - http-outgoing-17 << X-Frame-Options: SAMEORIGIN
19:11:36.378 [ForkJoinPool-1-worker-1] DEBUG org.apache.http.headers - http-outgoing-17 << Server: Splunkd
19:11:36.378 [ForkJoinPool-1-worker-1] DEBUG org.apache.http.impl.execchain.MainClientExec - Connection can be kept alive indefinitely
19:11:36.378 [ForkJoinPool-1-worker-1] DEBUG org.apache.http.wire - http-outgoing-17 << "[0x1f][0x8b][0x8][0x0][0xf][0xeb][0xc8]_[0x0][0xb][0xed]]ms[0xdb]6[0x12][0xfe][0x9e]_[0x81][0xf2][0xd8]k[0xd2][0x8b]H[0xc9][0x8e]s[0x8e]j)[0xe3]q[0xd2]6s[0xb9]6[0x13][0xb9][0xbd][0xe9]$[0x19][0xe]LB[0x12]k[0xbe][0x1d][0x0][0xda][0xd1][0xd5][0xf9][0xef][0xb7]x[0xa1]$J[0xb4]@[0xd9][0x92]lg[0x18]9[0x16]A[0xec].[0x16][0xc0]r[0xf1]`[0x9][0xc0]G/?[0xc7][0x11][0xba] [0x94][0x85]i[0xd2][0xb3]:N[0xdb]B$[0xf1][0xd3] LF=[0xeb][0xb7][0xd3][0x1f][[0x87][0xd6][0xcb][0xfe][0xa3][0xa3]oZ[0xad][0xd3]q[0xc8][0x10][0xfc][0xf0][0x14][0xa5][0xc0]@[0xc3][0x80][0xa0]3[0x9a]^2B[0xd1]0[0xa5]1[0xe6][0x1c][0x98]~@[0x8c][0x10][0xf8]O[0x81][0xc4][0xf1][0xd3]d[0xf8]a[0xcc]y6[0x90][0xe9]O[0x82]7[0x8][0x19]>[0x8b][0x88][0x83][0x9a]O[0xf3]i>[0xf][0xe6][0xd3]j[0x81][0x1b][0x10][0xde][0xa2][0xc5][0xf8]$"lL[0x8]G|[0x92][0x91][0x9e][0xc5][0xc9]g[0xee]B[0x8e][0x85][0xc6][0x94][0xc]{[0x96][0xcb]8[0xe6][0xa1][0xef]b[0x9e][0xc6][0xce]g[0x16]I[0xf]2$$@@[0x94][0xb0][0x9e]%\B[0xd7]u///[0x9d][0xcb]}'[0xa5]#w[0xaf][0xdd]>p[0x8f][0x81][0xde]R4[0xdd][0x19]U@.[0x1c][0x96]Eyr[0xe][0xfe]$v[0x13][0xe6]R[0xc2]xA[0x97]f$a[0x4]S]]>&#x7f;<![CDATA[<e[0xc0]/$a[0xcb]e[0x19][0xf1][0xdd][0x19][0x81][0xdb]q:[0xae][0xd5]]]>&#x7f;<![CDATA[[0x84][0xd0][0x11][0xf]yD[0xfa]8"[0x94]{[0xd8][0xe7][0xe0][0xfb][0xd8][0x91][0xab]n[0x8a][0xec]0[0xe8][0xb]Y[0xc][0x84]u^[0xec]9[0x9d][0xe7][0x87]N[0xc7]y[0xd1][0xee][0x1e][0xb6][0xf]_[0xb8][0xc2][0xb7][0x85]>a[0xae]d[0xd7]_3)[0xc0]+D[0xe4]Y[0x80]9[0x9][0xfa]{[0xed][0xbd]v[0xab][0xb3][0xd7]j[0xef][0x9f]v^t;[0x9d][0xee][0xfe][0xc1]?[0xda][0x7][0xdd][0xfd][0xf6][0x91][[0x90][0x8][0xf2][0x11]I[0x8][0x85][0xf6][0xa2][0xe8],[0xf][0xa3][0xa0]g[0xed]=[0x1b][0x6][0x7]{[0xcf][0xf6][0xe][0xcf][0xe][0xb0]5s[0xd0]B[0x91][0xb6][0xd3][0xb1]\[0xc9][0x85]s>N[0xa9][0xb8][0x84]D[0x82]c[0xd2][0x1f][0xc8][0x86]:reB[0x90][0xb8]3[0x9a][0xa3](L[0xce][0xa7]][0xb4][0xaa][0x16][0xae]GI[0x94][0xe2][0xc0]B[0xf0][0xdd][0xb3][0x8a][0x94][0xbb][0xae][0x14][0xec]G[0x85][0x8]q[0xa9][0xf8]g[0x1d][0xd2][0xe5])[0xc7][0xd1]{[0xc2][0xf2][0x88][0xb3]~[0x7][0x9a][0xe4][0xba][0xbc][0x5][0xbe][0x90][0x93][0x98][0xbd]#[0xf4][0x1d][0x1e][0x91][0xfe]~[0x99][0xaf][0x94][0xb7][0xc0][0x7]vI[0xf9][0x9b]$ [0x9f][0xfb]e[0xa6][0xb9][0xc][0xc1][0xc2][0xba]1a[0xc][0x4]0[0xa5]2I8[0x9d][0xe8]fVVBb[0x1c]Fs&S[0xd7]h~[0x19][0xb8]Iz[0x96][0x6][0x13][0x97]M[0x18]hZ[0xdd]pZ[0xba]2[0xa5]9c[0xea][0xbc][0xf8]g[0xbb][0xd5][0xee][0xc0][0xcf][0xa9][0xb4][0xa1]n[0xbb]]aL[0xd7][0xf4][0xd1][0x1a]E[0xeb]N[0xc3][0x11]'4[0x1][0xb1][0xaa][0xe7][0x16][0xc][0xae]09%tfre[0xa3][0xdb][0x98]2Q[0x8][0xf][0xbd][0xbb][0x19][0x91][0xab][0xec]{c[\n]"
19:11:36.378 [ForkJoinPool-1-worker-1] DEBUG org.apache.http.wire - http-outgoing-17 << "[0x93] [0xdc][0x9c][0xc2][0x1a]5i[0xd1]E[0xaa][0x90][0xe]8[0x8b][0x83][0x8d].[0xba][0xe3]i?[0xb1]n[0x10][0xfa][0xbc]H[0xca][0x1b][0xe7]d[0x82]D[0x8f][0x89]^[0x8e][0xd2]K[0x8f][0xc4][0x19][0x9f]x[0x80][0xe1][0xb0]?[0x8e]A[0x96][0xd5][0xef][0x1c][0xb9][0x92]l[0x15][0x1b][0x9]^[0xa5][0xa0]_[0xf2]VtN]]>&#x7f;<![CDATA[5[0xc3][0x99][0xef][0x9b]HjP[0x84][0xd9][0x98][0xd0]A[0xe]O[0xb9][0xd5]]]>&#x7f;<![CDATA[}[0xf2][0xea][0xe7][0xd7]-[0xf8]=8n[0x1d][0xbf][0x1e][0xec][0x1d]<o[0xfd]t[0xf2][0xef][0xd6][0xe0][0xe7][0xe3][0xfd][0xc3]g][0x95][0xfb]~E[0xde][0x94][0xb3][0xb3]wX[0xe4][0x2]a[0x99][0xb3]2[0xaf]T[0xe6]u[0xe5]]_[0xd6]u[0xe5][0xa8][0xfb][0x86][0x16]H[0xe3][0x18]'[0x1]4[0xd4]7[0x1f]N^[0x1d][0x9f][0x1e]]]>&#x7f;<![CDATA[[0xb0][0x95][0xa9]8[0xd2]R[0x9c][0x8c][0x92][0x8c][0xa6]`^[0xc][0xcc]Zz[0xcf][0xbf][0x2]2[0xc4]p[0xd1][0xb3][0xac]/6[0xba][0x2]p[0xe][0x8e]N[0xd0]"KSx[0xc2]<{[0xb6]N99[0x8d]l[0xb]Y[0x8c][0xc9][0x12]m[0xf1][[0xa4]G[0x14][0xfb]d[0x98]G=[0xbb][0xb8][0x9a]J>[0xa5]9[0xf9]"h8[\r]G#B=[0x1e][\n]"
19:11:36.378 [ForkJoinPool-1-worker-1] DEBUG org.apache.http.wire - http-outgoing-17 << "[0xce][0xf9][0x14][0xe4][0xc6][0xf8]s[0x98]d9[0x87][0xb1][0xbd][0xac]3d,[0xea][0xda]i[0xc3][0xbf]/[0x8a]I[\n]"
19:11:36.378 [ForkJoinPool-1-worker-1] DEBUG org.apache.http.wire - http-outgoing-17 << "[f[0x11][0xb7][0xa7][0xf4][0x7][0xb1] .[0xea]3[0xc]#[0xc1]QTH$m[0xeb][0xd3]'[0x93]q[0xa9][0xc7][0xc8][0x13][0x8f][0x91][0x5][0xce]<[0x8e]V[0xd3][0x7][0x84][0xf9]4[0xcc][0x84]VV]]>&#x7f;<![CDATA[[0x0][0xad][0x8a]p[0x82]T[0xcb]&)[0xf][0x87][0xa1][0x8f]E[0x9e][0x98][0xf5][0x8]([0x2]7[0x0][0x2]Q[0xb8][0xc8]B([0x86][0x19][0x84][0xab]g[0x1c]:[0xba][0xbd][0x9a][0x90][0xe0][0xb0]+F[0xd7]Yv[0xc5][0x13][0xbf][0xfc][0xf8]f[0x99][0xd5]W~gI[0xfc]r[0xc3][0xe0][0xc4][0xf3][0xc7]8[0x19][0x11]/#4fU[0xce][0xa1][0x92]I:[0xed][0xba][0xc4]l[0x8c])[0xf1][0xa4]bkq[0x8c][0xa2][0xf4][0xc]Gk2[0xe5][0xe0][0x85][0xab][0x9a][0xb6][0x92][0xe5][0x92]J]]>&#x7f;<![CDATA[S[0xa3][0x80][0x18]f[0xce][0xc3]P:[0xe7]:[0xe4][0xe9]e"[0xd4]([0x86]P[0x13][0xb9]n[0xfc][0x12][0xc1]5[0x9d][0xbd][0xc4]K[0x9][0x8c]p[0xcb]4[0x92]JtSU[0x96][0xcc][0x14][0x80][0xaa][0xff][0xbd]PN^UIp[0xaf][0x13]QY[0xa5]%[0xd5]t[0xf3][0xde]T7[0x1c][0xc4]a[0xb2]Q[0xfd][0xc4][0xed][0x8a][0xe7][0xc7][0xd8]?[0x94][0xc4][0xe9][0x85][0xea][0xfc][0x1a][0x96]%[0xc]1LF+[0x1e][0xc3]e=j[0xb8][0x82],[0xfb][0x5][0x12] UB[3[0x83]x[0x12][0x14][0xc7]5fX[0xe2][0x18][0xa6])[0x80]BG`[0xc][0xab][0xff]f[0x88]&i[0x8e][0xce]H[0x14][0x92][0xb]"[0xae][0xbf][0x83]/[0xf0]p$[0xbc][0x0]W[0xc7]E[0xc4]H[0xf9][0xc3][0x10][0x1c]#[0xa5])}[0x8a][0xb2][0x88]`Fd[0x94][0x8][0xe8])R3[0x16]$;[0x11][0xfa]HN[0x82][0x9c]G[0x8f][0xd4][0x8c][0xf][0xfd]}[0xc4]]]>&#x7f;<![CDATA[[0x0]9[0x4][0x91]d[0x14]&D[0x4][0x9a]`D[0xf0][0xc7][0xe2][0x1a][0x0]/6)K}r[0xc2].[0xf4]4[0xc2][0xea][0x3].M[0x8d],1[0x86][0xaa]q[0xd1][0x8d][0x6]R[\n]"
19:11:36.378 [ForkJoinPool-1-worker-1] DEBUG org.apache.http.wire - http-outgoing-17 << "[0xd3][0xd5]>[0xd3]3[0xae]U[0x94][0xe3][0x94][0xf1]D6[0xf1]j[0xba][0x10]F /[0xc3]|l[0xf5][0xc1][0x91]x[\n]"
19:11:36.378 [ForkJoinPool-1-worker-1] DEBUG org.apache.http.wire - http-outgoing-17 << "[0x8][0xca][0x9b]zlOF[0x6][0x1][0x89][0x1f][0xe5][0x1]q[0xe6][0xc7]u#[0x92]+[0x98][0x94][0xc1][0x18][0xc7][0x9b][0x82]\[0xf][0xee][0xeb][0xd2]K0P[0x9b][0xe9]"$[0x97]uk[0x1]df[0xc1][0x11][0x6]k[0xd5][0xa3][0xb5][0x9e]f[0xad]"[0x17][0x14]*[0x98]i[0xf5][0xa3][0xd4][0xc7][0x91][0xe8]J[0x13]K[0x1]f@g[0x81]b[0x8c][0xe4][0xaa]E[0xe][0x96]=@[0x99]PMI[0x1d]i[0x15]V[0xff][0x14][0x1e][\n]"
19:11:36.378 [ForkJoinPool-1-worker-1] DEBUG org.apache.http.wire - http-outgoing-17 << "y[0x89][0xc0]>`[0xaa]![0x80][0x86]x:[0xbe]Sx[0xed];t[0x89][0x19][0xd2]mN[0x2][0xa7][0x9e]l[0xc0][0x8e]i![0x9c][0xf9]c[0x12][0xe4][0x91][0x84],[0xe2][0xee]L[0xf2][0x18]$[0xd3]<1[0xc8][0xcc][0x82][0xa1][0xa3][0xbc][0x85][0xe7][0x3][0xdc][0x11]-([0xa7][0xcb][0xb5][0xb9]H[0xa2][0x1][0x90][0xa1][0xe7][0xe7]X"2[0xe4][0xa2][0xa3]F[0x86][0xa7]|[0x8e][0x5]Zh,[0x9e]w[0xe8][0x3][0xc6]q[0x9c]=[0xcd]0x[0x1a][0x9][0xdc][0xcc]2[0xc6]0[0xa8][0xce][0xd5]o[0xe][0x10][0xd6][0xe6]][0xa7][0x96][0x2][0x92]za[0xc]=[0x5][0xd8][0x1e]@[0xbc][0x1a]>[0xcc][0x8c][0xe2])2[0xf9][0x9e][0xe5]y[0x83][0x99]#La[0xe4][0x9e]X[0xfd][0xfd][0xd5][0x84][0xca]~N[0xde][0xbc][0xfa][0x11][0x0][0xb6][0x9a]*[0x8e][0xce][0x90][0x9f]0[0xf4]g[0x86][0xce]SZ[0x87][0xfb]G[0x80][0xf0]j[0x94]RV[0xd8][0xb2]E[0x8f]u[0xbf][0xfd][0xa3][0xf5]m[0xdc][0xfa]6[0xb0][0xeb][0xc8]x[0xa3][0x9c][0x8a][0x1a]q[0xde][0x82][0x91][0x18][0xdb]N[0xf1][0xbd][0xc3][0x0][0xbc]~[0xa5][0x2][0xb4]c[0x5][0xf6][0xc5]][0x8a]C[0x83]'[0x98][0xe3][0x1e][0x84][0xff][0x3][0xd5]#[0xc2][0xc1]NV3[0x89][0xd9][0x99][0xcf].[0x8c][0x8e]L[0xd0]A[0xd7][0xd6][0xa2][0x9b]v[0xa8][0x89][0x96]E[0xbf][0xab]H#[0xd0][0xf2][0x88]u[0x9c]=[0x3]C~[0xf6]'[0xf1][0xa1]?[0xf5](~,[0x1c]R[0x17][0xa9].[0xaa][0xc5]Z[0xb8][0xb3][0x9b][0xb](|[0x96][0x96][0xf0]^&[0xeb][0x89][0xe0][0xa9][0xc9][0xc6][0xa1][0x97][0xfd]sO[0xeb]h0[0x16][0xce]a`9|[0xfe][0xcc][0xe4][0xf1][0x1]p[0xfd]2[0x18][0x14]-g&[0xf6][0xa0][j[0xd1]A[0x8f][0x19][0xe9].[0xc3][0x80][0x8f]=[0x6]M[0xe4][0xf9]i[0x94][0xc7]I[0xc5]d[0xae][0xc];[0x8f]\=/V[0xf1][0xe4]i,[0xb4]"*[\n]"
19:11:36.378 [ForkJoinPool-1-worker-1] DEBUG org.apache.http.wire - http-outgoing-17 << "[0x8e][0x17]p`[0xc2]o[0x15][0x18]U[0xa8][0xa7][0x10]U[0x1d][0x14][0x9b][0x15][0xb4][0xad][0x18][0xe9]:Z[0xec]2\z[0x3][0xbd][0xd6][0x88][0x9c][0xae]#[0xfd]VA[0xd4][0x1b]Tc[0x8d]x[0xea]Z[0xd5][0xd8]bhu[0x1a][0xab][0x13]NX[0x81]5[0x1d][0xc5][0xf2][0xa4]wZ[0x1d][0xaf]B[0xa5][0xe8][0x9c]U[0xe][0xcf][0xad][0x1b][0x99][0x82][0xea]"Y_[0x11][0x8d][0xd2][0xae]RO[0xd4]([0x12]CI[0x1a]&[0x86][0xe1]l[0x17][0x11][0xa9]r[0xcf]5[0x91][0xa9]&2[0xf5][0x90]#S[0x9b][0xd5]m[0xc7]Q)e[0xbc][0xf]%*[0xb5]v[0xa0][0xe7][0x6]1[0x99][0xc2]-[0xd5][0x88][0xc3]0[0xcf][0xcf][0x99]X[0xce]`[0x2][0x8d]:[0x1e][0x1][0xb3][0x11][0xf4][0xba][0xd2][0xe5][0xed]$[0xb6][0x90]a[0x8a]cG4[0x89]q[0xd2]')C[0xf1][0xaa][0xdc][0xea][0x8b]W]]>&#x7f;<![CDATA[u[0xc8]Y[0x9a]C[0xff]h[0xef][0xde][0xad][0x83][0xcc][0xe7][0xf9][0xd4][0xeb][0x18][0xb9]B"[0xf4]=[0x6][0xc6][0x19][0x11]1&[0x9a]"[0x9]x"[0x0][0x89]WD[0xf4][0xfe]d[0xc6]Y[0xf9][0x4]`X[0xe2][0xe8][0xc5][0x16]0[0xcb][0x93]i[0xc3][0xe4][0xb6]4C0[0xf4][0x87][0x9c]!t[0xda][0xd9][0xe6][0xf0]vz[0x9e]g[[[0x86]P[0x88][0xbf][0x8b]u[0x8][0xaa][0xec][0xfb][0xb2][0x10][0xa1][0xa4][0xcd][0x86]V"([0x99][[[0x8a]PRyCk[0x11][0xb4][0xca][0xdb]\[0x8c][0x90]e$1#[0xcc])[0xb0]Ns[0x9e][0xe5]\[0xe9][0x85][0xa6][0xaf][0x88]UZ[0xc2]h[0xfd][0xf2]Z[0xc9][0xed]-[0x10][0xa8][0xbb][0x6]WT[0xc2][0xd2][0xbf][0xca][0xf2][0xe4][0x1b][0x9][0xed][0x88]Q:[0x94]I5[0xb0][0x9]t[0x8d][0xd1][0xc9][0xe0]w[0xa4]u[0x12]:[0xdc]=[0xac]n^[0xf4]6p[0xfa][0xe1][0xc3][0xe9][0xe6]E[0xef].![0xb5]v[0x9e]&@[0xb8][0x1b][0xe8][0xbd][0xf0]:T[0xfb]o#[0xe][0xd7][0xe8]Z{[0xed][0xc2]c[0x83][0x8f].[0xa0][0xcd]][0x80][0xed][0xbb]D[0x8c]j[0xbc][0xe4]$"1[0x81][0xbc][0xdb]AG[0x19]E[0xf2][0xc2][0x84]q[0x9a][0xc7][0xc5][0xcb][0x91]j[0xe4][0xb0]T[0xee][0xd6]0[0xe5][0xcd][0x95][0xda])[0xd8][0xbc][0xb5][0x9a][0xeb][0xa0][0xd0][0x9b][0x17]v;xz[0xeb]J[0xae][0x83][oQ[0xc9]][0x84][0x80][0xa7][0xcb]5[0x17][\n]"
19:11:36.378 [ForkJoinPool-1-worker-1] DEBUG org.apache.http.wire - http-outgoing-17 << "GrI[0xe4][0x14][0x99].[0xe4]:[0xc5]|[0x1b]n[0xda][0x8]'i2[0x89][0xd3][0x9c][0x19][0xc8][0xa7]t6[0x8a][0xa0][0x95][0x12]F[0xc][0xc][0x9a][0xca]F,[0xcf][0xc4][0xeb]3[0x3][0xb9][0xa6][0xb2][0x11][0xd4].K[0x13]h[0x1c][0x3][0xc3][0x94][0xce]V[0xad][0xb8][0x9a]Z[0x90][0xd8]([0x5][0xc8][0x9d]P[0xf2][0xdf]<[0xa4]$0p[0x94]hm[0xe3]B[0xcf][0x12][0xa4]?[0x91][0x81][0x1a][0xa4][0xe4][0xcb][0xdd]mK[0xa3][0xc5][0xac][0xb3][0xee]O[0xa4][0xbc][0xda][0xde][0x1b][0x88][0xdf]@[0xfc][0x6][0xe2]/[0xde]n[0xa2][0xe6][0x95][0x1c][0xbb][0x81][0xee]K[0x1e]{[0xe3][0xc1][0xf3]ex[0xbf][0xae][0xc3][0xde]n\}:[0x1c][0x9b][0xd7]j[0x95]G[0xcb][0xba][0xc1]x[0xa8]}=R=[0xce][0x1b][0xc7][0xa5][0x8a]Q[0xb5][0xa6][0xee][0x1a][0x1a][0xd4][0xa4]V[0xa1][0xfd][0xea]w[0xbd]w[0x11][0x9a][0xdf][[0xa4][0xba][0xf1]D+K[0xb3]<[0x82]I[0x84][0xb7][0xe5][0x18][0xfd]R9w[0x11][0xac]_P[0xe2][0xbe]D[0xed][0xab][0xd5][0xda]P[0xf8]~A[0xf8][0xd6][0xe2][0xf8][0xd5][0x95][0xd8]P@]]>&#x7f;<![CDATA[[0xb1][0x12][0xbb][0x98][0x8][0xf9]i6)\5[0x0]q>[0xdb][0xd9][0xb5][0xa0][0x8d]#rm[0xb]![0x16][0x6]@[0xa4][0xc6]@/[0xc]j,~1[0xba][0xc3]&[0xe8][0xde] [0xf2]E[0xf2][0x6][0x91]W[0xe9][0xf6][0xe0][0x11][0xf9][0x83][\n]"
19:11:36.378 [ForkJoinPool-1-worker-1] DEBUG org.apache.http.wire - http-outgoing-17 << "[0xba]o[0xf][0x91][0xdf][0x9f]h[0xf6][0xe6]@[0x16]elk[0xc0]J[0xca][0xbe][0xb]0[0x5][0x5][0xdf][0x17][0x0]5SeC[0xa0][0x9][0x4]n[\r]([0xcd][0x94][0xdd][0x10]8[0x12][0xca][0xee][0x4][0x10][0xc1][0xe0][0x1][0x1d][0xcd][0x18][0xb2][0xc4][0x8c]Yo[0xb8]w[0xe4][0x81]:[0x96][0xa4][0x9d]n[0xc1][0xaf][0xdc][0xa7]/[0xa3][0x99]=[0xb9]s[0xa2][0xd8][0xf0]Ul]]>&#x7f;<![CDATA[xZL[0x8a]aN[0x99][0x8b](m)i#[0xe0]V[0x19][0xfb][0xed][0xd5][0x1b][0xfc];[0x95][[0xf1]A[0xe7][0xa5][0x8d][0xf8][0x1d][0xb1][0x11][0xbf][0x1]_[\r][0xf8]j[0xc0]W[0x3][0xbe][0x1a][0xf0]u;[0xf0][0xd5][0xd9]4[0xf8][0xaa][0xda][0x9e]vc[0xf8][0xa5]^[0xa2]m[\r][0x81][0x15][0xe2][0xef][0x2][0x84][0xa9][0xb2][0xef][0xb][0xe]+i[0xb3]!([0xa6]dn[\r][0x8d][0x95]T[0xde][0x10] [0xd3]*[0xef][0x2][0x93][0xd1]<ac[0x12]E[0xaa][0xc8][0xd9][0xca]R[0x95][0x9e]_Yj-`*qG[0xf9][0xa7][0xc5][0xcb][0x82]a[0x80][0xc5][0xe1][0x18][0x3][0xb5]^[0xf4][0x83][0xba][0xfd][0x9][0xd9][0x92]][0xbe][0xfa]~[0xbc] [0xf2][0xc9]|)[0x1a][0xf4][0xd9][0x1][0xc9]([0xf1][0x85][0xb1]{[0x98][0x8e][0xe6][0xca][0x92][0x11]2[0xb4][0xb4][0x99]l[0x9][0xbc][0xe9][0xaa]T[0x1e][0xa4][0xb4][0xc6][0xeb][0xf3]7[0xc9]EzN[0x10]F[0xea][0x9d][\r]*[0x9e][0xda][0x6][0x0]6[0x0][0xb0][0x1][0x80][\r][0x0]|H[0x0][0xf0]>/y[0xd5][0xee][0xba][0xee][0x92][0xd7][0xf7]y[0x2]>[0xb9][0x8e]3[0xde]I`[0xb0][0xce][0xd1][0x9][0xcf]7[0x88]Ls[0x18][0xc7][0xe9][0xc4][0x93][0xfb][0xd4][0xb6][0x7]P[0xcb][0xa5][0xdc][0x9]N[0x9d]W[0xe1][0xde][0xc0][0xd5][\n]"
19:11:36.378 [ForkJoinPool-1-worker-1] DEBUG org.apache.http.wire - http-outgoing-17 << "[0xa5]6[0x85]Z[0xe7]Eo[0xf][0xbc]VT`S[0x18][0xb6]T[0x81]-BYO[0xb9][0x1b]][0xde][0xea][0xc7]oy[0x91][0xaa]f[0x93]Z"[0x96][0xa5]i[0xd4][0xe3][0x8][0xbc]it[0x6][0xdf]8[0x8]$[0x94][0xe4]H[0xe6][0xcf]A[0xca][0xf9][0xca]9R[0x83][0xbf][0xa6]+8'[0x84][0x89] [0xa2]>[0xea]@[0xe4]yc[0xcc][0xc6][0xb6]g[0xff][0x8d]B[0xe1]il;[0x8c][0xc3][\r]/![0x97][0x96]V[0xac][0xc0][0xcc] [0xf5][0x9c][0xd0]k[\n]"
19:11:36.378 [ForkJoinPool-1-worker-1] DEBUG org.apache.http.wire - http-outgoing-17 << "[0xfa][0xfe]/[0xb5][0xc5][0xb3]g[0xff][0xeb][0xf5][0x1f][0xbd][0x8f][0x1f]?Z[0xf6][0xef][0xc7]o[0xc5][0xf7]S[0x4]u[0x4][0xb3][0x18][0x9]%+u|[0xfc][0xf2][0x9b][0xc7]/[0xbb][0xba][0xfe]W[0xb][0x8e]][0xa5][0x81][0x1f][0x9e]([0xa8][0xaf]W[0x9c][0x88]u[0xa5][0xce][0x1a][0xbb][0x9a]y[0xce]+[0xed][0x15][0xaf][0xd4][0xba][0x94][0x8f][0x1f][0x8b][0x95]*W[0xe0][0xd9][0xae][0xe6]<[0xe1][0x15][0x94][0xe6]9[0xdf]?yb?y[0xc]_[0xd6][0x97][0x1a][0xc7][0x92]6h[0xb9]A[0xcb][0x8b][0xe4][\r]Z[0xae][0xd2][0xad]A[0xcb]_G[0xb8][0xb4]8[0xcb][0xd1][0x80][0x1a][0xbf][0xc6]W[0xda][0xc5][0xf0]$V[0xaf][0x86][0xfe][0x8e][0x0]l[0xb9][0xb0][0xbb][0xc4][0xb1][0xf3][0x9a][0xdc]78[[0xa1][0xdb][0x86]Q[0xed]|[0x9][[0x7][0xb7][0x15][0xd5][0xd9]0[0xc6]-U[0xe7][0xde]B[0xdd][0xd8]O[0xa3][0x88][0xf8]|[\n]"
19:11:36.378 [ForkJoinPool-1-worker-1] DEBUG org.apache.http.wire - http-outgoing-17 << "s[0x1b]P{{P[0xb][0x8d][0x19][0x85][0xbc][0x87][0xa3]([0xc9]c[0x86][0xae]iKm A[0x18][0xb3][0x1a][0x9b][0xb6][0x1a][0x18][0xdc][0xc0][0xe0][0x6][0x6]70[0xb8][0x81][0xc1]_?[0xc][0xbe]$g[0xe3]4=[0xdf][0xc0]A[0xb2]ZR5R[0x99][0x16][0xb3][0xdd]cd[0xeb][0xe8][0xb0][0xfb]Cd[0xd7][0xd0]j[0xed]#d[0xeb][0xc8][0xde][0xc0][0x1][0xb2]kTa[0xed][0xe3]ckU[0xe1][0xab]?<[0xf6]'u[0xec][0x1e][0xfa][0xf9][0xf4][0xf4][0x1d]z[0xf7][0xeb][0xe0]T[0x9d]p5[0xfb]{F[0xbf][0xbd]]]>&#x7f;<![CDATA[{[0xf7][0xb8][0xad][0xd4]c[\r]|k[0xe0][0xdb]C[0x86]o[0xcd][0xa9][0xb1]_[0x1]t[0x9b][0xbd][0xc7][0xd7]^i[0xb][0xfb][0xde][0xff]s[0x8d][0xbf][0xdb][0x9]:T[0x1b][0xb8]E[0x83]{x$[0xf7][0xaa][0xab]S[0xc5]][[0xff][0xf1][0xef]Q[0x1e][0x9a][0x8e]V[0xfc][0xba][0x8e]h=r[0xc5][0xdf]8[0xee]?[0xfa]?[0xf8][0xc0][0x89]RT}[0x0][0x0]"
19:11:36.378 [ForkJoinPool-1-worker-1] DEBUG org.apache.http.impl.conn.PoolingHttpClientConnectionManager - Connection [id: 17][route: {s}->https://192.168.1.90:8089] can be kept alive indefinitely
19:11:36.378 [ForkJoinPool-1-worker-1] DEBUG org.apache.http.impl.conn.DefaultManagedHttpClientConnection - http-outgoing-17: set socket timeout to 0
19:11:36.378 [ForkJoinPool-1-worker-1] DEBUG org.apache.http.impl.conn.PoolingHttpClientConnectionManager - Connection released: [id: 17][route: {s}->https://192.168.1.90:8089][total available: 1; route allocated: 1 of 5; total allocated: 1 of 10]
19:11:36.378 [ForkJoinPool-1-worker-1] DEBUG com.intuit.karate - response time in milliseconds: 25.38
1 < 200
1 < Cache-Control: no-store, no-cache, must-revalidate, max-age=0
1 < Connection: Keep-Alive
1 < Content-Type: text/xml; charset=UTF-8
1 < Date: Thu, 03 Dec 2020 13:41:35 GMT
1 < Expires: Thu, 26 Oct 1978 00:00:00 GMT
1 < Server: Splunkd
1 < Vary: Accept-Encoding, Cookie, Authorization
1 < X-Content-Type-Options: nosniff
1 < X-Frame-Options: SAMEORIGIN
<?xml version="1.0" encoding="UTF-8"?>
<!--This is to override browser formatting; see server.conf[httpServer] to disable. . . . . . . . . . . . . . . . . . . . . . . . . . . . . . . . . . . . . . . . . . . . . . . . . . . . . . . . . . . . . . . . . . . . . . . . . . . . . . . . . . . . . . . . . . . . . . . . . . . . . . . . . . . . . . . . . . . . . . . . . . . . . . . . . . . . . . . . . . . . . . . . . . . . . . . . . . . . . . . . . . . . . . . . . . . . . . . . . . . . . . . . . . . . . . . . . . . . . . . . . . . . . . . . . . . . . . . . . . . . . . . . . . . . . . . . . . . . . . . . . . . . . . . . . . . . . . . . . . . . . . . . . . . . . . . . . . . . . . . . . . . . . . . . . . . . . . . . . . . . . . . . . . . . . . . . . . . . . . . . . . . . . . . . . . . . . . . . . . . . . . . . . . . . . . . . . . . . . . . . . . . . . . . . . . . . . . . . . . . . . . . . . . . . . . . . . . . . . . . . . . . . . . . . . . . . . . . . . . . . . . . . . . . . . . . . . . . . . . . . . . . . . . . . . . . . . . . . . . . . . . . . . . . . . . . . .-->
<?xml-stylesheet type="text/xml" href="/static/atom.xsl"?>
<feed xmlns="http://www.w3.org/2005/Atom" xmlns:s="http://dev.splunk.com/ns/rest" xmlns:opensearch="http://a9.com/-/spec/opensearch/1.1/">
  <title>alert_actions</title>
  <id>https://192.168.1.90:8089/services/alerts/alert_actions</id>
  <updated>2020-12-03T19:11:35+05:30</updated>
  <generator build="24fd52428b5a" version="8.1.0.1"/>
  <author>
    <name>Splunk</name>
  </author>
  <link href="/services/alerts/alert_actions/_reload" rel="_reload"/>
  <link href="/services/alerts/alert_actions/_acl" rel="_acl"/>
  <opensearch:totalResults>10</opensearch:totalResults>
  <opensearch:itemsPerPage>30</opensearch:itemsPerPage>
  <opensearch:startIndex>0</opensearch:startIndex>
  <s:messages/>
  <entry>
    <title>email</title>
    <id>https://192.168.1.90:8089/servicesNS/nobody/system/alerts/alert_actions/email</id>
    <updated>1970-01-01T05:30:00+05:30</updated>
    <link href="/servicesNS/nobody/system/alerts/alert_actions/email" rel="alternate"/>
    <author>
      <name>nobody</name>
    </author>
    <link href="/servicesNS/nobody/system/alerts/alert_actions/email" rel="list"/>
    <link href="/servicesNS/nobody/system/alerts/alert_actions/email/_reload" rel="_reload"/>
    <link href="/servicesNS/nobody/system/alerts/alert_actions/email" rel="edit"/>
    <link href="/servicesNS/nobody/system/alerts/alert_actions/email/disable" rel="disable"/>
    <content type="text/xml">
      <s:dict>
        <s:key name="allow_empty_attachment">1</s:key>
        <s:key name="allowedDomainList"></s:key>
        <s:key name="bcc"></s:key>
        <s:key name="cc"></s:key>
        <s:key name="cipherSuite">ECDHE-ECDSA-AES256-GCM-SHA384:ECDHE-RSA-AES256-GCM-SHA384:ECDHE-ECDSA-AES128-GCM-SHA256:ECDHE-RSA-AES128-GCM-SHA256:ECDHE-ECDSA-AES256-SHA384:ECDHE-RSA-AES256-SHA384:ECDHE-ECDSA-AES128-SHA256:ECDHE-RSA-AES128-SHA256</s:key>
        <s:key name="command"><![CDATA[$action.email.preprocess_results{default=""}$ | sendemail "results_link=$results.url$" "ssname=$name$" "graceful=$graceful{default=True}$" "trigger_time=$trigger_time$" maxinputs="$action.email.maxresults{default=10000}$" maxtime="$action.email.maxtime{default=5m}$" results_file="$results.file$"]]]]><![CDATA[></s:key>
        <s:key name="content_type">html</s:key>
        <s:key name="description">Send an email notification to specified recipients</s:key>
        <s:key name="disabled">0</s:key>
        <s:key name="eai:acl">
          <s:dict>
            <s:key name="app">system</s:key>
            <s:key name="can_change_perms">1</s:key>
            <s:key name="can_list">1</s:key>
            <s:key name="can_share_app">1</s:key>
            <s:key name="can_share_global">1</s:key>
            <s:key name="can_share_user">0</s:key>
            <s:key name="can_write">1</s:key>
            <s:key name="modifiable">1</s:key>
            <s:key name="owner">nobody</s:key>
            <s:key name="perms">
              <s:dict>
                <s:key name="read">
                  <s:list>
                    <s:item>*</s:item>
                  </s:list>
                </s:key>
                <s:key name="write">
                  <s:list>
                    <s:item>admin</s:item>
                  </s:list>
                </s:key>
              </s:dict>
            </s:key>
            <s:key name="removable">0</s:key>
            <s:key name="sharing">system</s:key>
          </s:dict>
        </s:key>
        <s:key name="eai:appName">search</s:key>
        <s:key name="eai:userName">nobody</s:key>
        <s:key name="footer.text">If you believe you've received this email in error, please see your Splunk administrator.

splunk &gt; the engine for machine data</s:key>
        <s:key name="forceCsvResults">auto</s:key>
        <s:key name="format">table</s:key>
        <s:key name="from">splunk</s:key>
        <s:key name="hostname"></s:key>
        <s:key name="icon_path">mod_alert_icon_email.png</s:key>
        <s:key name="include.results_link">1</s:key>
        <s:key name="include.search">0</s:key>
        <s:key name="include.trigger">0</s:key>
        <s:key name="include.trigger_time">0</s:key>
        <s:key name="include.view_link">1</s:key>
        <s:key name="inline">0</s:key>
        <s:key name="label">Send email</s:key>
        <s:key name="mailserver">localhost</s:key>
        <s:key name="maxresults">10000</s:key>
        <s:key name="maxtime">5m</s:key>
        <s:key name="message.alert">The alert condition for '$name$' was triggered.</s:key>
        <s:key name="message.report">The scheduled report '$name$' has run.</s:key>
        <s:key name="pdf.footer_center">title</s:key>
        <s:key name="pdf.footer_enabled">1</s:key>
        <s:key name="pdf.footer_left">logo</s:key>
        <s:key name="pdf.footer_right">timestamp,pagination</s:key>
        <s:key name="pdf.header_center">description</s:key>
        <s:key name="pdf.header_enabled">1</s:key>
        <s:key name="pdf.html_image_rendering">1</s:key>
        <s:key name="pdfview"></s:key>
        <s:key name="preprocess_results"></s:key>
        <s:key name="priority">3</s:key>
        <s:key name="reportCIDFontList">gb cns jp kor</s:key>
        <s:key name="reportFileName">$name$-$time:%Y-%m-%d$</s:key>
        <s:key name="reportIncludeSplunkLogo">1</s:key>
        <s:key name="reportPaperOrientation">portrait</s:key>
        <s:key name="reportPaperSize">letter</s:key>
        <s:key name="sendcsv">0</s:key>
        <s:key name="sendpdf">0</s:key>
        <s:key name="sendresults">0</s:key>
        <s:key name="sslVersions">tls1.2</s:key>
        <s:key name="subject">Splunk Alert: $name$</s:key>
        <s:key name="subject.alert">Splunk Alert: $name$</s:key>
        <s:key name="subject.report">Splunk Report: $name$</s:key>
        <s:key name="to"></s:key>
        <s:key name="track_alert">1</s:key>
        <s:key name="ttl">86400</s:key>
        <s:key name="useNSSubject">0</s:key>
        <s:key name="use_ssl">0</s:key>
        <s:key name="use_tls">0</s:key>
        <s:key name="width_sort_columns">1</s:key>
      </s:dict>
    </content>
  </entry>
  <entry>
    <title>logevent</title>
    <id>https://192.168.1.90:8089/servicesNS/nobody/alert_logevent/alerts/alert_actions/logevent</id>
    <updated>1970-01-01T05:30:00+05:30</updated>
    <link href="/servicesNS/nobody/alert_logevent/alerts/alert_actions/logevent" rel="alternate"/>
    <author>
      <name>nobody</name>
    </author>
    <link href="/servicesNS/nobody/alert_logevent/alerts/alert_actions/logevent" rel="list"/>
    <link href="/servicesNS/nobody/alert_logevent/alerts/alert_actions/logevent/_reload" rel="_reload"/>
    <link href="/servicesNS/nobody/alert_logevent/alerts/alert_actions/logevent" rel="edit"/>
    <link href="/servicesNS/nobody/alert_logevent/alerts/alert_actions/logevent/disable" rel="disable"/>
    <content type="text/xml">
      <s:dict>
        <s:key name="command">sendalert $action_name$ results_file="$results.file$" results_link="$results.url$"</s:key>
        <s:key name="description">Send log event to Splunk receiver endpoint</s:key>
        <s:key name="disabled">0</s:key>
        <s:key name="eai:acl">
          <s:dict>
            <s:key name="app">alert_logevent</s:key>
            <s:key name="can_change_perms">1</s:key>
            <s:key name="can_list">1</s:key>
            <s:key name="can_share_app">1</s:key>
            <s:key name="can_share_global">1</s:key>
            <s:key name="can_share_user">0</s:key>
            <s:key name="can_write">1</s:key>
            <s:key name="modifiable">1</s:key>
            <s:key name="owner">nobody</s:key>
            <s:key name="perms">
              <s:dict>
                <s:key name="read">
                  <s:list>
                    <s:item>*</s:item>
                  </s:list>
                </s:key>
                <s:key name="write">
                  <s:list>
                    <s:item>*</s:item>
                  </s:list>
                </s:key>
              </s:dict>
            </s:key>
            <s:key name="removable">0</s:key>
            <s:key name="sharing">global</s:key>
          </s:dict>
        </s:key>
        <s:key name="eai:appName">search</s:key>
        <s:key name="eai:userName">nobody</s:key>
        <s:key name="forceCsvResults">auto</s:key>
        <s:key name="hostname"></s:key>
        <s:key name="icon_path">logevent.png</s:key>
        <s:key name="is_custom">1</s:key>
        <s:key name="label">Log Event</s:key>
        <s:key name="maxresults">10000</s:key>
        <s:key name="maxtime">5m</s:key>
        <s:key name="param.host"></s:key>
        <s:key name="param.index">main</s:key>
        <s:key name="param.source">alert:$name$</s:key>
        <s:key name="param.sourcetype">generic_single_line</s:key>
        <s:key name="payload_format">json</s:key>
        <s:key name="python.version">python3</s:key>
        <s:key name="track_alert">0</s:key>
        <s:key name="ttl">10p</s:key>
      </s:dict>
    </content>
  </entry>
  <entry>
    <title>lookup</title>
    <id>https://192.168.1.90:8089/servicesNS/nobody/system/alerts/alert_actions/lookup</id>
    <updated>1970-01-01T05:30:00+05:30</updated>
    <link href="/servicesNS/nobody/system/alerts/alert_actions/lookup" rel="alternate"/>
    <author>
      <name>nobody</name>
    </author>
    <link href="/servicesNS/nobody/system/alerts/alert_actions/lookup" rel="list"/>
    <link href="/servicesNS/nobody/system/alerts/alert_actions/lookup/_reload" rel="_reload"/>
    <link href="/servicesNS/nobody/system/alerts/alert_actions/lookup" rel="edit"/>
    <link href="/servicesNS/nobody/system/alerts/alert_actions/lookup/disable" rel="disable"/>
    <content type="text/xml">
      <s:dict>
        <s:key name="append">0</s:key>
        <s:key name="command">outputlookup "$action.lookup.filename$" append=$action.lookup.append$</s:key>
        <s:key name="description">Output the results of the search to a CSV lookup file</s:key>
        <s:key name="disabled">0</s:key>
        <s:key name="eai:acl">
          <s:dict>
            <s:key name="app">system</s:key>
            <s:key name="can_change_perms">1</s:key>
            <s:key name="can_list">1</s:key>
            <s:key name="can_share_app">1</s:key>
            <s:key name="can_share_global">1</s:key>
            <s:key name="can_share_user">0</s:key>
            <s:key name="can_write">1</s:key>
            <s:key name="modifiable">1</s:key>
            <s:key name="owner">nobody</s:key>
            <s:key name="perms">
              <s:dict>
                <s:key name="read">
                  <s:list>
                    <s:item>*</s:item>
                  </s:list>
                </s:key>
                <s:key name="write">
                  <s:list>
                    <s:item>admin</s:item>
                  </s:list>
                </s:key>
              </s:dict>
            </s:key>
            <s:key name="removable">0</s:key>
            <s:key name="sharing">system</s:key>
          </s:dict>
        </s:key>
        <s:key name="eai:appName">search</s:key>
        <s:key name="eai:userName">nobody</s:key>
        <s:key name="filename"></s:key>
        <s:key name="forceCsvResults">auto</s:key>
        <s:key name="hostname"></s:key>
        <s:key name="icon_path">mod_alert_icon_lookup.png</s:key>
        <s:key name="label">Output results to lookup</s:key>
        <s:key name="maxresults">10000</s:key>
        <s:key name="maxtime">5m</s:key>
        <s:key name="track_alert">0</s:key>
        <s:key name="ttl">10p</s:key>
      </s:dict>
    </content>
  </entry>
  <entry>
    <title>outputtelemetry</title>
    <id>https://192.168.1.90:8089/servicesNS/nobody/splunk_instrumentation/alerts/alert_actions/outputtelemetry</id>
    <updated>1970-01-01T05:30:00+05:30</updated>
    <link href="/servicesNS/nobody/splunk_instrumentation/alerts/alert_actions/outputtelemetry" rel="alternate"/>
    <author>
      <name>nobody</name>
    </author>
    <link href="/servicesNS/nobody/splunk_instrumentation/alerts/alert_actions/outputtelemetry" rel="list"/>
    <link href="/servicesNS/nobody/splunk_instrumentation/alerts/alert_actions/outputtelemetry/_reload" rel="_reload"/>
    <link href="/servicesNS/nobody/splunk_instrumentation/alerts/alert_actions/outputtelemetry" rel="edit"/>
    <link href="/servicesNS/nobody/splunk_instrumentation/alerts/alert_actions/outputtelemetry/disable" rel="disable"/>
    <content type="text/xml">
      <s:dict>
        <s:key name="command"><![CDATA[outputtelemetry input=$action.outputtelemetry.param.input$ anonymous=$action.outputtelemetry.param.anonymous$ license=$action.outputtelemetry.param.license$ support=$action.outputtelemetry.param.support$ component=$action.outputtelemetry.param.component$ type=$action.outputtelemetry.param.type$ optinrequired=$action.outputtelemetry.param.optinrequired$]]]]><![CDATA[></s:key>
        <s:key name="description">Custom action to output results to telemetry endpoint</s:key>
        <s:key name="disabled">0</s:key>
        <s:key name="eai:acl">
          <s:dict>
            <s:key name="app">splunk_instrumentation</s:key>
            <s:key name="can_change_perms">1</s:key>
            <s:key name="can_list">1</s:key>
            <s:key name="can_share_app">1</s:key>
            <s:key name="can_share_global">1</s:key>
            <s:key name="can_share_user">0</s:key>
            <s:key name="can_write">1</s:key>
            <s:key name="modifiable">1</s:key>
            <s:key name="owner">nobody</s:key>
            <s:key name="perms">
              <s:dict>
                <s:key name="read">
                  <s:list>
                    <s:item>*</s:item>
                  </s:list>
                </s:key>
                <s:key name="write">
                  <s:list>
                    <s:item>admin</s:item>
                  </s:list>
                </s:key>
              </s:dict>
            </s:key>
            <s:key name="removable">0</s:key>
            <s:key name="sharing">global</s:key>
          </s:dict>
        </s:key>
        <s:key name="eai:appName">search</s:key>
        <s:key name="eai:userName">nobody</s:key>
        <s:key name="forceCsvResults">auto</s:key>
        <s:key name="hostname"></s:key>
        <s:key name="icon_path">outputtelemetry.png</s:key>
        <s:key name="is_custom">1</s:key>
        <s:key name="label">Output results to telemetry endpoint</s:key>
        <s:key name="maxresults">10000</s:key>
        <s:key name="maxtime">5m</s:key>
        <s:key name="param.anonymous">1</s:key>
        <s:key name="param.component"></s:key>
        <s:key name="param.input"></s:key>
        <s:key name="param.license">0</s:key>
        <s:key name="param.optinrequired">1</s:key>
        <s:key name="param.support">1</s:key>
        <s:key name="param.type">event</s:key>
        <s:key name="python.version">python3</s:key>
        <s:key name="track_alert">0</s:key>
        <s:key name="ttl">120</s:key>
      </s:dict>
    </content>
  </entry>
  <entry>
    <title>populate_lookup</title>
    <id>https://192.168.1.90:8089/servicesNS/nobody/system/alerts/alert_actions/populate_lookup</id>
    <updated>1970-01-01T05:30:00+05:30</updated>
    <link href="/servicesNS/nobody/system/alerts/alert_actions/populate_lookup" rel="alternate"/>
    <author>
      <name>nobody</name>
    </author>
    <link href="/servicesNS/nobody/system/alerts/alert_actions/populate_lookup" rel="list"/>
    <link href="/servicesNS/nobody/system/alerts/alert_actions/populate_lookup/_reload" rel="_reload"/>
    <link href="/servicesNS/nobody/system/alerts/alert_actions/populate_lookup" rel="edit"/>
    <link href="/servicesNS/nobody/system/alerts/alert_actions/populate_lookup/disable" rel="disable"/>
    <content type="text/xml">
      <s:dict>
        <s:key name="command">copyresults dest="$action.populate_lookup.dest$"  sid="$search_id$"</s:key>
        <s:key name="dest"></s:key>
        <s:key name="disabled">0</s:key>
        <s:key name="eai:acl">
          <s:dict>
            <s:key name="app">system</s:key>
            <s:key name="can_change_perms">1</s:key>
            <s:key name="can_list">1</s:key>
            <s:key name="can_share_app">1</s:key>
            <s:key name="can_share_global">1</s:key>
            <s:key name="can_share_user">0</s:key>
            <s:key name="can_write">1</s:key>
            <s:key name="modifiable">1</s:key>
            <s:key name="owner">nobody</s:key>
            <s:key name="perms">
              <s:dict>
                <s:key name="read">
                  <s:list>
                    <s:item>*</s:item>
                  </s:list>
                </s:key>
                <s:key name="write">
                  <s:list>
                    <s:item>admin</s:item>
                  </s:list>
                </s:key>
              </s:dict>
            </s:key>
            <s:key name="removable">0</s:key>
            <s:key name="sharing">system</s:key>
          </s:dict>
        </s:key>
        <s:key name="eai:appName">search</s:key>
        <s:key name="eai:userName">nobody</s:key>
        <s:key name="forceCsvResults">auto</s:key>
        <s:key name="hostname"></s:key>
        <s:key name="maxresults">10000</s:key>
        <s:key name="maxtime">5m</s:key>
        <s:key name="track_alert">0</s:key>
        <s:key name="ttl">120</s:key>
      </s:dict>
    </content>
  </entry>
  <entry>
    <title>rss</title>
    <id>https://192.168.1.90:8089/servicesNS/nobody/system/alerts/alert_actions/rss</id>
    <updated>1970-01-01T05:30:00+05:30</updated>
    <link href="/servicesNS/nobody/system/alerts/alert_actions/rss" rel="alternate"/>
    <author>
      <name>nobody</name>
    </author>
    <link href="/servicesNS/nobody/system/alerts/alert_actions/rss" rel="list"/>
    <link href="/servicesNS/nobody/system/alerts/alert_actions/rss/_reload" rel="_reload"/>
    <link href="/servicesNS/nobody/system/alerts/alert_actions/rss" rel="edit"/>
    <link href="/servicesNS/nobody/system/alerts/alert_actions/rss/disable" rel="disable"/>
    <content type="text/xml">
      <s:dict>
        <s:key name="command">createrss "path=$name$.xml" "name=$name$" "link=$results.url$" "descr=Alert trigger: $name$, results.count=$results.count$ " "count=30" "graceful=$graceful{default=1}$" maxtime="$action.rss.maxtime{default=1m}$"</s:key>
        <s:key name="disabled">0</s:key>
        <s:key name="eai:acl">
          <s:dict>
            <s:key name="app">system</s:key>
            <s:key name="can_change_perms">1</s:key>
            <s:key name="can_list">1</s:key>
            <s:key name="can_share_app">1</s:key>
            <s:key name="can_share_global">1</s:key>
            <s:key name="can_share_user">0</s:key>
            <s:key name="can_write">1</s:key>
            <s:key name="modifiable">1</s:key>
            <s:key name="owner">nobody</s:key>
            <s:key name="perms">
              <s:dict>
                <s:key name="read">
                  <s:list>
                    <s:item>*</s:item>
                  </s:list>
                </s:key>
                <s:key name="write">
                  <s:list>
                    <s:item>admin</s:item>
                  </s:list>
                </s:key>
              </s:dict>
            </s:key>
            <s:key name="removable">0</s:key>
            <s:key name="sharing">system</s:key>
          </s:dict>
        </s:key>
        <s:key name="eai:appName">search</s:key>
        <s:key name="eai:userName">nobody</s:key>
        <s:key name="forceCsvResults">auto</s:key>
        <s:key name="hostname"></s:key>
        <s:key name="maxresults">10000</s:key>
        <s:key name="maxtime">1m</s:key>
        <s:key name="track_alert">0</s:key>
        <s:key name="ttl">86400</s:key>
      </s:dict>
    </content>
  </entry>
  <entry>
    <title>script</title>
    <id>https://192.168.1.90:8089/servicesNS/nobody/system/alerts/alert_actions/script</id>
    <updated>1970-01-01T05:30:00+05:30</updated>
    <link href="/servicesNS/nobody/system/alerts/alert_actions/script" rel="alternate"/>
    <author>
      <name>nobody</name>
    </author>
    <link href="/servicesNS/nobody/system/alerts/alert_actions/script" rel="list"/>
    <link href="/servicesNS/nobody/system/alerts/alert_actions/script/_reload" rel="_reload"/>
    <link href="/servicesNS/nobody/system/alerts/alert_actions/script" rel="edit"/>
    <link href="/servicesNS/nobody/system/alerts/alert_actions/script/disable" rel="disable"/>
    <content type="text/xml">
      <s:dict>
        <s:key name="command">runshellscript "$action.script.filename$" "$results.count$" "$search$" "$search$" "$name$" "Saved Search [$name$] $counttype$($results.count$)" "$results.url$" "$deprecated_arg$" "$search_id$" "$results.file$" maxtime="$action.script.maxtime{default=5m}$"</s:key>
        <s:key name="description">Invoke a custom script</s:key>
        <s:key name="disabled">0</s:key>
        <s:key name="eai:acl">
          <s:dict>
            <s:key name="app">system</s:key>
            <s:key name="can_change_perms">1</s:key>
            <s:key name="can_list">1</s:key>
            <s:key name="can_share_app">1</s:key>
            <s:key name="can_share_global">1</s:key>
            <s:key name="can_share_user">0</s:key>
            <s:key name="can_write">1</s:key>
            <s:key name="modifiable">1</s:key>
            <s:key name="owner">nobody</s:key>
            <s:key name="perms">
              <s:dict>
                <s:key name="read">
                  <s:list>
                    <s:item>*</s:item>
                  </s:list>
                </s:key>
                <s:key name="write">
                  <s:list>
                    <s:item>admin</s:item>
                  </s:list>
                </s:key>
              </s:dict>
            </s:key>
            <s:key name="removable">0</s:key>
            <s:key name="sharing">system</s:key>
          </s:dict>
        </s:key>
        <s:key name="eai:appName">search</s:key>
        <s:key name="eai:userName">nobody</s:key>
        <s:key name="filename"></s:key>
        <s:key name="forceCsvResults">auto</s:key>
        <s:key name="hostname"></s:key>
        <s:key name="icon_path">mod_alert_icon_script.png</s:key>
        <s:key name="label">Run a script</s:key>
        <s:key name="maxresults">10000</s:key>
        <s:key name="maxtime">5m</s:key>
        <s:key name="track_alert">1</s:key>
        <s:key name="ttl">600</s:key>
      </s:dict>
    </content>
  </entry>
  <entry>
    <title>summary_index</title>
    <id>https://192.168.1.90:8089/servicesNS/nobody/system/alerts/alert_actions/summary_index</id>
    <updated>1970-01-01T05:30:00+05:30</updated>
    <link href="/servicesNS/nobody/system/alerts/alert_actions/summary_index" rel="alternate"/>
    <author>
      <name>nobody</name>
    </author>
    <link href="/servicesNS/nobody/system/alerts/alert_actions/summary_index" rel="list"/>
    <link href="/servicesNS/nobody/system/alerts/alert_actions/summary_index/_reload" rel="_reload"/>
    <link href="/servicesNS/nobody/system/alerts/alert_actions/summary_index" rel="edit"/>
    <link href="/servicesNS/nobody/system/alerts/alert_actions/summary_index/disable" rel="disable"/>
    <content type="text/xml">
      <s:dict>
        <s:key name="_name">summary</s:key>
        <s:key name="command"><![CDATA[summaryindex spool=t uselb=t addtime=t index="$action.summary_index._name{required=yes}$" file="$name_hash$_$#random$.stash_new" name="$name$" marker="$action.summary_index*{format=$KEY=\\\"$VAL\\\", key_regex="action.summary_index.(?!(?:command|forceCsvResults|force_realtime_schedule|inline|maxresults|maxtime|python\\.version|ttl|track_alert|(?:_.*))$)(.*)"}$"]]]]><![CDATA[></s:key>
        <s:key name="disabled">0</s:key>
        <s:key name="eai:acl">
          <s:dict>
            <s:key name="app">system</s:key>
            <s:key name="can_change_perms">1</s:key>
            <s:key name="can_list">1</s:key>
            <s:key name="can_share_app">1</s:key>
            <s:key name="can_share_global">1</s:key>
            <s:key name="can_share_user">0</s:key>
            <s:key name="can_write">1</s:key>
            <s:key name="modifiable">1</s:key>
            <s:key name="owner">nobody</s:key>
            <s:key name="perms">
              <s:dict>
                <s:key name="read">
                  <s:list>
                    <s:item>*</s:item>
                  </s:list>
                </s:key>
                <s:key name="write">
                  <s:list>
                    <s:item>admin</s:item>
                  </s:list>
                </s:key>
              </s:dict>
            </s:key>
            <s:key name="removable">0</s:key>
            <s:key name="sharing">system</s:key>
          </s:dict>
        </s:key>
        <s:key name="eai:appName">search</s:key>
        <s:key name="eai:userName">nobody</s:key>
        <s:key name="forceCsvResults">auto</s:key>
        <s:key name="hostname"></s:key>
        <s:key name="inline">1</s:key>
        <s:key name="maxresults">10000</s:key>
        <s:key name="maxtime">5m</s:key>
        <s:key name="track_alert">0</s:key>
        <s:key name="ttl">120</s:key>
      </s:dict>
    </content>
  </entry>
  <entry>
    <title>summary_metric_index</title>
    <id>https://192.168.1.90:8089/servicesNS/nobody/system/alerts/alert_actions/summary_metric_index</id>
    <updated>1970-01-01T05:30:00+05:30</updated>
    <link href="/servicesNS/nobody/system/alerts/alert_actions/summary_metric_index" rel="alternate"/>
    <author>
      <name>nobody</name>
    </author>
    <link href="/servicesNS/nobody/system/alerts/alert_actions/summary_metric_index" rel="list"/>
    <link href="/servicesNS/nobody/system/alerts/alert_actions/summary_metric_index/_reload" rel="_reload"/>
    <link href="/servicesNS/nobody/system/alerts/alert_actions/summary_metric_index" rel="edit"/>
    <link href="/servicesNS/nobody/system/alerts/alert_actions/summary_metric_index/disable" rel="disable"/>
    <content type="text/xml">
      <s:dict>
        <s:key name="_name">summary</s:key>
        <s:key name="command"><![CDATA[mcollect spool=t index="$action.summary_index._name{required=yes}$" file="$name_hash$_$#random$.stash_new" name="$name$" marker="$action.summary_index*{format=$KEY=\\\"$VAL\\\", key_regex="action.summary_index.(?!(?:command|forceCsvResults|force_realtime_schedule|inline|maxresults|maxtime|python\\.version|ttl|track_alert|(?:_.*))$)(.*)"}$" split=allnums $action.summary_index._metric_dims$]]]]><![CDATA[></s:key>
        <s:key name="disabled">0</s:key>
        <s:key name="eai:acl">
          <s:dict>
            <s:key name="app">system</s:key>
            <s:key name="can_change_perms">1</s:key>
            <s:key name="can_list">1</s:key>
            <s:key name="can_share_app">1</s:key>
            <s:key name="can_share_global">1</s:key>
            <s:key name="can_share_user">0</s:key>
            <s:key name="can_write">1</s:key>
            <s:key name="modifiable">1</s:key>
            <s:key name="owner">nobody</s:key>
            <s:key name="perms">
              <s:dict>
                <s:key name="read">
                  <s:list>
                    <s:item>*</s:item>
                  </s:list>
                </s:key>
                <s:key name="write">
                  <s:list>
                    <s:item>admin</s:item>
                  </s:list>
                </s:key>
              </s:dict>
            </s:key>
            <s:key name="removable">0</s:key>
            <s:key name="sharing">system</s:key>
          </s:dict>
        </s:key>
        <s:key name="eai:appName">search</s:key>
        <s:key name="eai:userName">nobody</s:key>
        <s:key name="forceCsvResults">auto</s:key>
        <s:key name="hostname"></s:key>
        <s:key name="inline">1</s:key>
        <s:key name="maxresults">10000</s:key>
        <s:key name="maxtime">5m</s:key>
        <s:key name="track_alert">0</s:key>
        <s:key name="ttl">120</s:key>
      </s:dict>
    </content>
  </entry>
  <entry>
    <title>webhook</title>
    <id>https://192.168.1.90:8089/servicesNS/nobody/alert_webhook/alerts/alert_actions/webhook</id>
    <updated>1970-01-01T05:30:00+05:30</updated>
    <link href="/servicesNS/nobody/alert_webhook/alerts/alert_actions/webhook" rel="alternate"/>
    <author>
      <name>nobody</name>
    </author>
    <link href="/servicesNS/nobody/alert_webhook/alerts/alert_actions/webhook" rel="list"/>
    <link href="/servicesNS/nobody/alert_webhook/alerts/alert_actions/webhook/_reload" rel="_reload"/>
    <link href="/servicesNS/nobody/alert_webhook/alerts/alert_actions/webhook" rel="edit"/>
    <link href="/servicesNS/nobody/alert_webhook/alerts/alert_actions/webhook/disable" rel="disable"/>
    <content type="text/xml">
      <s:dict>
        <s:key name="command">sendalert $action_name$ results_file="$results.file$" results_link="$results.url$"</s:key>
        <s:key name="description">Generic HTTP POST to a specified URL</s:key>
        <s:key name="disabled">0</s:key>
        <s:key name="eai:acl">
          <s:dict>
            <s:key name="app">alert_webhook</s:key>
            <s:key name="can_change_perms">1</s:key>
            <s:key name="can_list">1</s:key>
            <s:key name="can_share_app">1</s:key>
            <s:key name="can_share_global">1</s:key>
            <s:key name="can_share_user">0</s:key>
            <s:key name="can_write">1</s:key>
            <s:key name="modifiable">1</s:key>
            <s:key name="owner">nobody</s:key>
            <s:key name="perms">
              <s:dict>
                <s:key name="read">
                  <s:list>
                    <s:item>*</s:item>
                  </s:list>
                </s:key>
                <s:key name="write">
                  <s:list>
                    <s:item>*</s:item>
                  </s:list>
                </s:key>
              </s:dict>
            </s:key>
            <s:key name="removable">0</s:key>
            <s:key name="sharing">global</s:key>
          </s:dict>
        </s:key>
        <s:key name="eai:appName">search</s:key>
        <s:key name="eai:userName">nobody</s:key>
        <s:key name="forceCsvResults">auto</s:key>
        <s:key name="hostname"></s:key>
        <s:key name="icon_path">webhook.png</s:key>
        <s:key name="is_custom">1</s:key>
        <s:key name="label">Webhook</s:key>
        <s:key name="maxresults">10000</s:key>
        <s:key name="maxtime">5m</s:key>
        <s:key name="param.user_agent">Splunk/$server.guid$</s:key>
        <s:key name="payload_format">json</s:key>
        <s:key name="python.version">python3</s:key>
        <s:key name="track_alert">0</s:key>
        <s:key name="ttl">10p</s:key>
      </s:dict>
    </content>
  </entry>
</feed>


19:11:36.394 [ForkJoinPool-1-worker-1] INFO com.intuit.karate - [print] xml
19:11:36.410 [ForkJoinPool-1-worker-1] INFO com.intuit.karate - [print] alert_actions
19:11:36.410 [pool-1-thread-1] INFO com.intuit.karate.Runner - <<pass>> feature 20 of 22: classpath:featurefiles/splunk.feature
---------------------------------------------------------
feature: classpath:featurefiles/splunk.feature
report: build\surefire-reports\featurefiles.splunk.json
scenarios:  2 | passed:  2 | failed:  0 | time: 0.1169
---------------------------------------------------------
19:11:36.410 [ForkJoinPool-1-worker-1] INFO com.intuit.karate - from karate-config.js 
19:11:36.425 [ForkJoinPool-1-worker-1] DEBUG com.jayway.jsonpath.internal.path.CompiledPath - Evaluating path: $
19:11:36.425 [ForkJoinPool-1-worker-1] INFO com.intuit.karate - [print] before scenario
19:11:36.425 [ForkJoinPool-1-worker-1] INFO com.intuit.karate - [print] from test case 1
19:11:36.425 [ForkJoinPool-1-worker-1] INFO com.intuit.karate - From after scenario 
19:11:36.425 [ForkJoinPool-1-worker-1] INFO com.intuit.karate - from karate-config.js 
19:11:36.425 [ForkJoinPool-1-worker-1] DEBUG com.jayway.jsonpath.internal.path.CompiledPath - Evaluating path: $
19:11:36.425 [ForkJoinPool-1-worker-1] INFO com.intuit.karate - [print] before scenario
19:11:36.425 [ForkJoinPool-1-worker-1] INFO com.intuit.karate - [print] from test case 2
19:11:36.425 [ForkJoinPool-1-worker-1] INFO com.intuit.karate - From after scenario 
19:11:36.425 [pool-1-thread-1] INFO com.intuit.karate - From after feature 
19:11:36.441 [pool-1-thread-1] INFO com.intuit.karate.Runner - <<pass>> feature 21 of 22: classpath:featurefiles/testfixture.feature
---------------------------------------------------------
feature: classpath:featurefiles/testfixture.feature
report: build\surefire-reports\featurefiles.testfixture.json
scenarios:  2 | passed:  2 | failed:  0 | time: 0.0070
---------------------------------------------------------
19:11:36.441 [ForkJoinPool-1-worker-1] INFO com.intuit.karate - from karate-config.js 
19:11:36.441 [ForkJoinPool-1-worker-1] DEBUG com.jayway.jsonpath.internal.path.CompiledPath - Evaluating path: $
19:11:36.441 [ForkJoinPool-1-worker-1] DEBUG org.apache.http.client.protocol.RequestAddCookies - CookieSpec selected: karate
19:11:36.441 [ForkJoinPool-1-worker-1] DEBUG org.apache.http.client.protocol.RequestAuthCache - Auth cache not set in the context
19:11:36.441 [ForkJoinPool-1-worker-1] DEBUG com.intuit.karate - request:
1 > GET https://reqres.in/api/users/2
1 > Accept-Encoding: gzip,deflate
1 > Connection: Keep-Alive
1 > Host: reqres.in
1 > User-Agent: Apache-HttpClient/4.5.12 (Java/1.8.0_251)

19:11:36.441 [ForkJoinPool-1-worker-1] DEBUG org.apache.http.impl.conn.PoolingHttpClientConnectionManager - Connection request: [route: {s}->https://reqres.in:443][total available: 0; route allocated: 0 of 5; total allocated: 0 of 10]
19:11:36.441 [ForkJoinPool-1-worker-1] DEBUG org.apache.http.impl.conn.PoolingHttpClientConnectionManager - Connection leased: [id: 18][route: {s}->https://reqres.in:443][total available: 0; route allocated: 1 of 5; total allocated: 1 of 10]
19:11:36.441 [ForkJoinPool-1-worker-1] DEBUG org.apache.http.impl.execchain.MainClientExec - Opening connection {s}->https://reqres.in:443
19:11:36.441 [ForkJoinPool-1-worker-1] DEBUG org.apache.http.impl.conn.DefaultHttpClientConnectionOperator - Connecting to reqres.in/104.27.135.11:443
19:11:36.441 [ForkJoinPool-1-worker-1] DEBUG org.apache.http.conn.ssl.SSLConnectionSocketFactory - Connecting socket to reqres.in/104.27.135.11:443 with timeout 30000
19:11:36.456 [ForkJoinPool-1-worker-1] DEBUG org.apache.http.conn.ssl.SSLConnectionSocketFactory - Enabled protocols: [TLSv1, TLSv1.1, TLSv1.2]
19:11:36.456 [ForkJoinPool-1-worker-1] DEBUG org.apache.http.conn.ssl.SSLConnectionSocketFactory - Enabled cipher suites:[TLS_ECDHE_ECDSA_WITH_AES_256_CBC_SHA384, TLS_ECDHE_RSA_WITH_AES_256_CBC_SHA384, TLS_RSA_WITH_AES_256_CBC_SHA256, TLS_ECDH_ECDSA_WITH_AES_256_CBC_SHA384, TLS_ECDH_RSA_WITH_AES_256_CBC_SHA384, TLS_DHE_RSA_WITH_AES_256_CBC_SHA256, TLS_DHE_DSS_WITH_AES_256_CBC_SHA256, TLS_ECDHE_ECDSA_WITH_AES_256_CBC_SHA, TLS_ECDHE_RSA_WITH_AES_256_CBC_SHA, TLS_RSA_WITH_AES_256_CBC_SHA, TLS_ECDH_ECDSA_WITH_AES_256_CBC_SHA, TLS_ECDH_RSA_WITH_AES_256_CBC_SHA, TLS_DHE_RSA_WITH_AES_256_CBC_SHA, TLS_DHE_DSS_WITH_AES_256_CBC_SHA, TLS_ECDHE_ECDSA_WITH_AES_128_CBC_SHA256, TLS_ECDHE_RSA_WITH_AES_128_CBC_SHA256, TLS_RSA_WITH_AES_128_CBC_SHA256, TLS_ECDH_ECDSA_WITH_AES_128_CBC_SHA256, TLS_ECDH_RSA_WITH_AES_128_CBC_SHA256, TLS_DHE_RSA_WITH_AES_128_CBC_SHA256, TLS_DHE_DSS_WITH_AES_128_CBC_SHA256, TLS_ECDHE_ECDSA_WITH_AES_128_CBC_SHA, TLS_ECDHE_RSA_WITH_AES_128_CBC_SHA, TLS_RSA_WITH_AES_128_CBC_SHA, TLS_ECDH_ECDSA_WITH_AES_128_CBC_SHA, TLS_ECDH_RSA_WITH_AES_128_CBC_SHA, TLS_DHE_RSA_WITH_AES_128_CBC_SHA, TLS_DHE_DSS_WITH_AES_128_CBC_SHA, TLS_ECDHE_ECDSA_WITH_AES_256_GCM_SHA384, TLS_ECDHE_ECDSA_WITH_AES_128_GCM_SHA256, TLS_ECDHE_RSA_WITH_AES_256_GCM_SHA384, TLS_RSA_WITH_AES_256_GCM_SHA384, TLS_ECDH_ECDSA_WITH_AES_256_GCM_SHA384, TLS_ECDH_RSA_WITH_AES_256_GCM_SHA384, TLS_DHE_RSA_WITH_AES_256_GCM_SHA384, TLS_DHE_DSS_WITH_AES_256_GCM_SHA384, TLS_ECDHE_RSA_WITH_AES_128_GCM_SHA256, TLS_RSA_WITH_AES_128_GCM_SHA256, TLS_ECDH_ECDSA_WITH_AES_128_GCM_SHA256, TLS_ECDH_RSA_WITH_AES_128_GCM_SHA256, TLS_DHE_RSA_WITH_AES_128_GCM_SHA256, TLS_DHE_DSS_WITH_AES_128_GCM_SHA256, TLS_EMPTY_RENEGOTIATION_INFO_SCSV]
19:11:36.456 [ForkJoinPool-1-worker-1] DEBUG org.apache.http.conn.ssl.SSLConnectionSocketFactory - Starting handshake
19:11:36.488 [ForkJoinPool-1-worker-1] DEBUG org.apache.http.conn.ssl.SSLConnectionSocketFactory - Secure session established
19:11:36.488 [ForkJoinPool-1-worker-1] DEBUG org.apache.http.conn.ssl.SSLConnectionSocketFactory -  negotiated protocol: TLSv1.2
19:11:36.488 [ForkJoinPool-1-worker-1] DEBUG org.apache.http.conn.ssl.SSLConnectionSocketFactory -  negotiated cipher suite: TLS_ECDHE_ECDSA_WITH_AES_128_GCM_SHA256
19:11:36.488 [ForkJoinPool-1-worker-1] DEBUG org.apache.http.conn.ssl.SSLConnectionSocketFactory -  peer principal: CN=sni.cloudflaressl.com, O="Cloudflare, Inc.", L=San Francisco, ST=CA, C=US
19:11:36.488 [ForkJoinPool-1-worker-1] DEBUG org.apache.http.conn.ssl.SSLConnectionSocketFactory -  peer alternative names: [reqres.in, sni.cloudflaressl.com, *.reqres.in]
19:11:36.488 [ForkJoinPool-1-worker-1] DEBUG org.apache.http.conn.ssl.SSLConnectionSocketFactory -  issuer principal: CN=Cloudflare Inc ECC CA-3, O="Cloudflare, Inc.", C=US
19:11:36.488 [ForkJoinPool-1-worker-1] DEBUG org.apache.http.impl.conn.DefaultHttpClientConnectionOperator - Connection established 192.168.1.87:53474<->104.27.135.11:443
19:11:36.488 [ForkJoinPool-1-worker-1] DEBUG org.apache.http.impl.conn.DefaultManagedHttpClientConnection - http-outgoing-18: set socket timeout to 30000
19:11:36.488 [ForkJoinPool-1-worker-1] DEBUG org.apache.http.impl.execchain.MainClientExec - Executing request GET /api/users/2 HTTP/1.1
19:11:36.488 [ForkJoinPool-1-worker-1] DEBUG org.apache.http.impl.execchain.MainClientExec - Target auth state: UNCHALLENGED
19:11:36.488 [ForkJoinPool-1-worker-1] DEBUG org.apache.http.impl.execchain.MainClientExec - Proxy auth state: UNCHALLENGED
19:11:36.488 [ForkJoinPool-1-worker-1] DEBUG org.apache.http.headers - http-outgoing-18 >> GET /api/users/2 HTTP/1.1
19:11:36.488 [ForkJoinPool-1-worker-1] DEBUG org.apache.http.headers - http-outgoing-18 >> Host: reqres.in
19:11:36.488 [ForkJoinPool-1-worker-1] DEBUG org.apache.http.headers - http-outgoing-18 >> Connection: Keep-Alive
19:11:36.488 [ForkJoinPool-1-worker-1] DEBUG org.apache.http.headers - http-outgoing-18 >> User-Agent: Apache-HttpClient/4.5.12 (Java/1.8.0_251)
19:11:36.488 [ForkJoinPool-1-worker-1] DEBUG org.apache.http.headers - http-outgoing-18 >> Accept-Encoding: gzip,deflate
19:11:36.488 [ForkJoinPool-1-worker-1] DEBUG org.apache.http.wire - http-outgoing-18 >> "GET /api/users/2 HTTP/1.1[\r][\n]"
19:11:36.488 [ForkJoinPool-1-worker-1] DEBUG org.apache.http.wire - http-outgoing-18 >> "Host: reqres.in[\r][\n]"
19:11:36.488 [ForkJoinPool-1-worker-1] DEBUG org.apache.http.wire - http-outgoing-18 >> "Connection: Keep-Alive[\r][\n]"
19:11:36.488 [ForkJoinPool-1-worker-1] DEBUG org.apache.http.wire - http-outgoing-18 >> "User-Agent: Apache-HttpClient/4.5.12 (Java/1.8.0_251)[\r][\n]"
19:11:36.488 [ForkJoinPool-1-worker-1] DEBUG org.apache.http.wire - http-outgoing-18 >> "Accept-Encoding: gzip,deflate[\r][\n]"
19:11:36.488 [ForkJoinPool-1-worker-1] DEBUG org.apache.http.wire - http-outgoing-18 >> "[\r][\n]"
19:11:36.503 [ForkJoinPool-1-worker-1] DEBUG org.apache.http.wire - http-outgoing-18 << "HTTP/1.1 200 OK[\r][\n]"
19:11:36.503 [ForkJoinPool-1-worker-1] DEBUG org.apache.http.wire - http-outgoing-18 << "Date: Thu, 03 Dec 2020 13:41:36 GMT[\r][\n]"
19:11:36.503 [ForkJoinPool-1-worker-1] DEBUG org.apache.http.wire - http-outgoing-18 << "Content-Type: application/json; charset=utf-8[\r][\n]"
19:11:36.503 [ForkJoinPool-1-worker-1] DEBUG org.apache.http.wire - http-outgoing-18 << "Transfer-Encoding: chunked[\r][\n]"
19:11:36.503 [ForkJoinPool-1-worker-1] DEBUG org.apache.http.wire - http-outgoing-18 << "Connection: keep-alive[\r][\n]"
19:11:36.503 [ForkJoinPool-1-worker-1] DEBUG org.apache.http.wire - http-outgoing-18 << "Set-Cookie: __cfduid=dbb366b43b98f2e902e5d61fda5d480c41607002896; expires=Sat, 02-Jan-21 13:41:36 GMT; path=/; domain=.reqres.in; HttpOnly; SameSite=Lax; Secure[\r][\n]"
19:11:36.503 [ForkJoinPool-1-worker-1] DEBUG org.apache.http.wire - http-outgoing-18 << "X-Powered-By: Express[\r][\n]"
19:11:36.503 [ForkJoinPool-1-worker-1] DEBUG org.apache.http.wire - http-outgoing-18 << "Access-Control-Allow-Origin: *[\r][\n]"
19:11:36.503 [ForkJoinPool-1-worker-1] DEBUG org.apache.http.wire - http-outgoing-18 << "Etag: W/"118-pbdwwFo9SKNhD3Lx5iHJyngpq00"[\r][\n]"
19:11:36.503 [ForkJoinPool-1-worker-1] DEBUG org.apache.http.wire - http-outgoing-18 << "Via: 1.1 vegur[\r][\n]"
19:11:36.503 [ForkJoinPool-1-worker-1] DEBUG org.apache.http.wire - http-outgoing-18 << "Cache-Control: max-age=14400[\r][\n]"
19:11:36.503 [ForkJoinPool-1-worker-1] DEBUG org.apache.http.wire - http-outgoing-18 << "CF-Cache-Status: HIT[\r][\n]"
19:11:36.503 [ForkJoinPool-1-worker-1] DEBUG org.apache.http.wire - http-outgoing-18 << "Age: 4308[\r][\n]"
19:11:36.503 [ForkJoinPool-1-worker-1] DEBUG org.apache.http.wire - http-outgoing-18 << "cf-request-id: 06ca6f4f840000d5e4aabc2000000001[\r][\n]"
19:11:36.503 [ForkJoinPool-1-worker-1] DEBUG org.apache.http.wire - http-outgoing-18 << "Expect-CT: max-age=604800, report-uri="https://report-uri.cloudflare.com/cdn-cgi/beacon/expect-ct"[\r][\n]"
19:11:36.503 [ForkJoinPool-1-worker-1] DEBUG org.apache.http.wire - http-outgoing-18 << "Report-To: {"endpoints":[{"url":"https:\/\/a.nel.cloudflare.com\/report?s=rAOVmWbBCcq5s5p5vEzgariJEJYRZL8rjEScAHowvT3qfEcPsyP%2Ffrz6X7FKOLn5Cy%2FIIuOlvm5DlMKArLcgsULPWlHh2c%2FDASY%3D"}],"group":"cf-nel","max_age":604800}[\r][\n]"
19:11:36.503 [ForkJoinPool-1-worker-1] DEBUG org.apache.http.wire - http-outgoing-18 << "NEL: {"report_to":"cf-nel","max_age":604800}[\r][\n]"
19:11:36.503 [ForkJoinPool-1-worker-1] DEBUG org.apache.http.wire - http-outgoing-18 << "Vary: Accept-Encoding[\r][\n]"
19:11:36.503 [ForkJoinPool-1-worker-1] DEBUG org.apache.http.wire - http-outgoing-18 << "Server: cloudflare[\r][\n]"
19:11:36.503 [ForkJoinPool-1-worker-1] DEBUG org.apache.http.wire - http-outgoing-18 << "CF-RAY: 5fbdb4c59a1ed5e4-BOM[\r][\n]"
19:11:36.503 [ForkJoinPool-1-worker-1] DEBUG org.apache.http.wire - http-outgoing-18 << "Content-Encoding: gzip[\r][\n]"
19:11:36.503 [ForkJoinPool-1-worker-1] DEBUG org.apache.http.wire - http-outgoing-18 << "[\r][\n]"
19:11:36.503 [ForkJoinPool-1-worker-1] DEBUG org.apache.http.wire - http-outgoing-18 << "d0[\r][\n]"
19:11:36.503 [ForkJoinPool-1-worker-1] DEBUG org.apache.http.wire - http-outgoing-18 << "[0x1f][0x8b][0x8][0x0][0x0][0x0][0x0][0x0][0x0][0x3]m[0x8e][0xb1]j[0xc3]0[0x14]E]]>&#x7f;<![CDATA[E[0xbd]Y[0x15][0x1b]2j[0xea][0xdc]1[0x14]:[0x96]W[0xfb][0xda]QjK[0xca][0xd3][0xb3][0x13][0x8][0xfe][0xf7][0x92]R[0xda][0xa5][0xeb][0xe5][0x9c][0xc3][0xbd][0xa3][0x17][0x13][0x84];b[0x8f]p[0xf0][0xe0],qB[0xc0]Y[0x12][0xad][0xb9]RV[0xea][0xb3][0xf2][0xa2][0xac]ML[0xf0][0x18][0xa2]V{O2[0x13][0x1]/[0xf][\n]"
19:11:36.503 [ForkJoinPool-1-worker-1] DEBUG org.apache.http.wire - http-outgoing-18 << "[0x1e][0x93][0xfc]mo[0xdf][0xe]<d[0x15][0x13]E[0xc0][0xc9][0xac][0xd4][0xd0][0xb6][0xbf][0x99]6[0xce]c;H[0xc7][0xda][0x1e][0xf6]q[0x96][0x91][0xcd][0xb9][0x8c][0xd8]<[0xea]RJV{[0x1c]Zt[0xfa][0xd7][0xdd][0xfd]0[0xfb][0x13][0xa5][0x8f]i[0x84][0x87][0xf1]f[0x8]x[0xcd][0xee][0x93],[0xee][0xc8][0xcb][0x91][0xd5][\r]Jz[0xd7][0xe5]d[0x1a]?[0x16][0x8b]9Ug[0xf9]*[0xda]WW[0xa9]+[0xd5]u[0xb9]Zu[0xa2]tR[0x8a][0xb2][0x8b]b[0xec][0x9f][0xb0]m_[0xb][0x8c][0xc5][0xb5][0x18][0x1][0x0][0x0][\r][\n]"
19:11:36.503 [ForkJoinPool-1-worker-1] DEBUG org.apache.http.headers - http-outgoing-18 << HTTP/1.1 200 OK
19:11:36.503 [ForkJoinPool-1-worker-1] DEBUG org.apache.http.headers - http-outgoing-18 << Date: Thu, 03 Dec 2020 13:41:36 GMT
19:11:36.503 [ForkJoinPool-1-worker-1] DEBUG org.apache.http.headers - http-outgoing-18 << Content-Type: application/json; charset=utf-8
19:11:36.503 [ForkJoinPool-1-worker-1] DEBUG org.apache.http.headers - http-outgoing-18 << Transfer-Encoding: chunked
19:11:36.503 [ForkJoinPool-1-worker-1] DEBUG org.apache.http.headers - http-outgoing-18 << Connection: keep-alive
19:11:36.503 [ForkJoinPool-1-worker-1] DEBUG org.apache.http.headers - http-outgoing-18 << Set-Cookie: __cfduid=dbb366b43b98f2e902e5d61fda5d480c41607002896; expires=Sat, 02-Jan-21 13:41:36 GMT; path=/; domain=.reqres.in; HttpOnly; SameSite=Lax; Secure
19:11:36.503 [ForkJoinPool-1-worker-1] DEBUG org.apache.http.headers - http-outgoing-18 << X-Powered-By: Express
19:11:36.503 [ForkJoinPool-1-worker-1] DEBUG org.apache.http.headers - http-outgoing-18 << Access-Control-Allow-Origin: *
19:11:36.503 [ForkJoinPool-1-worker-1] DEBUG org.apache.http.headers - http-outgoing-18 << Etag: W/"118-pbdwwFo9SKNhD3Lx5iHJyngpq00"
19:11:36.503 [ForkJoinPool-1-worker-1] DEBUG org.apache.http.headers - http-outgoing-18 << Via: 1.1 vegur
19:11:36.503 [ForkJoinPool-1-worker-1] DEBUG org.apache.http.headers - http-outgoing-18 << Cache-Control: max-age=14400
19:11:36.503 [ForkJoinPool-1-worker-1] DEBUG org.apache.http.headers - http-outgoing-18 << CF-Cache-Status: HIT
19:11:36.503 [ForkJoinPool-1-worker-1] DEBUG org.apache.http.headers - http-outgoing-18 << Age: 4308
19:11:36.503 [ForkJoinPool-1-worker-1] DEBUG org.apache.http.headers - http-outgoing-18 << cf-request-id: 06ca6f4f840000d5e4aabc2000000001
19:11:36.503 [ForkJoinPool-1-worker-1] DEBUG org.apache.http.headers - http-outgoing-18 << Expect-CT: max-age=604800, report-uri="https://report-uri.cloudflare.com/cdn-cgi/beacon/expect-ct"
19:11:36.503 [ForkJoinPool-1-worker-1] DEBUG org.apache.http.headers - http-outgoing-18 << Report-To: {"endpoints":[{"url":"https:\/\/a.nel.cloudflare.com\/report?s=rAOVmWbBCcq5s5p5vEzgariJEJYRZL8rjEScAHowvT3qfEcPsyP%2Ffrz6X7FKOLn5Cy%2FIIuOlvm5DlMKArLcgsULPWlHh2c%2FDASY%3D"}],"group":"cf-nel","max_age":604800}
19:11:36.503 [ForkJoinPool-1-worker-1] DEBUG org.apache.http.headers - http-outgoing-18 << NEL: {"report_to":"cf-nel","max_age":604800}
19:11:36.503 [ForkJoinPool-1-worker-1] DEBUG org.apache.http.headers - http-outgoing-18 << Vary: Accept-Encoding
19:11:36.503 [ForkJoinPool-1-worker-1] DEBUG org.apache.http.headers - http-outgoing-18 << Server: cloudflare
19:11:36.503 [ForkJoinPool-1-worker-1] DEBUG org.apache.http.headers - http-outgoing-18 << CF-RAY: 5fbdb4c59a1ed5e4-BOM
19:11:36.503 [ForkJoinPool-1-worker-1] DEBUG org.apache.http.headers - http-outgoing-18 << Content-Encoding: gzip
19:11:36.503 [ForkJoinPool-1-worker-1] DEBUG org.apache.http.impl.execchain.MainClientExec - Connection can be kept alive indefinitely
19:11:36.503 [ForkJoinPool-1-worker-1] DEBUG org.apache.http.client.protocol.ResponseProcessCookies - Cookie accepted [__cfduid="dbb366b43b98f2e902e5d61fda5d480c41607002896", version:0, domain:reqres.in, path:/, expiry:Sat Jan 02 19:11:36 IST 2021]
19:11:36.519 [ForkJoinPool-1-worker-1] DEBUG org.apache.http.wire - http-outgoing-18 << "0[\r][\n]"
19:11:36.519 [ForkJoinPool-1-worker-1] DEBUG org.apache.http.wire - http-outgoing-18 << "[\r][\n]"
19:11:36.519 [ForkJoinPool-1-worker-1] DEBUG org.apache.http.impl.conn.PoolingHttpClientConnectionManager - Connection [id: 18][route: {s}->https://reqres.in:443] can be kept alive indefinitely
19:11:36.519 [ForkJoinPool-1-worker-1] DEBUG org.apache.http.impl.conn.DefaultManagedHttpClientConnection - http-outgoing-18: set socket timeout to 0
19:11:36.519 [ForkJoinPool-1-worker-1] DEBUG org.apache.http.impl.conn.PoolingHttpClientConnectionManager - Connection released: [id: 18][route: {s}->https://reqres.in:443][total available: 1; route allocated: 1 of 5; total allocated: 1 of 10]
19:11:36.519 [ForkJoinPool-1-worker-1] DEBUG com.intuit.karate - response time in milliseconds: 65.73
1 < 200
1 < Access-Control-Allow-Origin: *
1 < Age: 4308
1 < CF-Cache-Status: HIT
1 < CF-RAY: 5fbdb4c59a1ed5e4-BOM
1 < Cache-Control: max-age=14400
1 < Connection: keep-alive
1 < Content-Type: application/json; charset=utf-8
1 < Date: Thu, 03 Dec 2020 13:41:36 GMT
1 < Etag: W/"118-pbdwwFo9SKNhD3Lx5iHJyngpq00"
1 < Expect-CT: max-age=604800, report-uri="https://report-uri.cloudflare.com/cdn-cgi/beacon/expect-ct"
1 < NEL: {"report_to":"cf-nel","max_age":604800}
1 < Report-To: {"endpoints":[{"url":"https:\/\/a.nel.cloudflare.com\/report?s=rAOVmWbBCcq5s5p5vEzgariJEJYRZL8rjEScAHowvT3qfEcPsyP%2Ffrz6X7FKOLn5Cy%2FIIuOlvm5DlMKArLcgsULPWlHh2c%2FDASY%3D"}],"group":"cf-nel","max_age":604800}
1 < Server: cloudflare
1 < Set-Cookie: __cfduid=dbb366b43b98f2e902e5d61fda5d480c41607002896; expires=Sat, 02-Jan-21 13:41:36 GMT; path=/; domain=.reqres.in; HttpOnly; SameSite=Lax; Secure
1 < Transfer-Encoding: chunked
1 < Vary: Accept-Encoding
1 < Via: 1.1 vegur
1 < X-Powered-By: Express
1 < cf-request-id: 06ca6f4f840000d5e4aabc2000000001
{"data":{"id":2,"email":"janet.weaver@reqres.in","first_name":"Janet","last_name":"Weaver","avatar":"https://reqres.in/img/faces/2-image.jpg"},"support":{"url":"https://reqres.in/#support-heading","text":"To keep ReqRes free, contributions towards server costs are appreciated!"}}

19:11:36.519 [ForkJoinPool-1-worker-1] DEBUG com.jayway.jsonpath.internal.path.CompiledPath - Evaluating path: $
File ==> C:\work\gradle_project\res.json
19:11:36.519 [ForkJoinPool-1-worker-1] DEBUG com.jayway.jsonpath.internal.path.CompiledPath - Evaluating path: $
19:11:36.519 [ForkJoinPool-1-worker-1] DEBUG com.jayway.jsonpath.internal.path.CompiledPath - Evaluating path: $
19:11:36.519 [ForkJoinPool-1-worker-1] DEBUG com.jayway.jsonpath.internal.path.CompiledPath - Evaluating path: $
19:11:36.519 [ForkJoinPool-1-worker-1] INFO com.intuit.karate - [print] {
  "data": {
    "last_name": "Weaver",
    "id": 2,
    "avatar": "https://reqres.in/img/faces/2-image.jpg",
    "first_name": "Janet",
    "email": "janet.weaver@reqres.in"
  },
  "support": {
    "text": "To keep ReqRes free, contributions towards server costs are appreciated!",
    "url": "https://reqres.in/#support-heading"
  }
}

19:11:36.519 [ForkJoinPool-1-worker-1] INFO com.intuit.karate - from karate-config.js 
19:11:36.519 [ForkJoinPool-1-worker-1] DEBUG com.jayway.jsonpath.internal.path.CompiledPath - Evaluating path: $
19:11:36.519 [ForkJoinPool-1-worker-1] DEBUG org.apache.http.client.protocol.RequestAddCookies - CookieSpec selected: karate
19:11:36.519 [ForkJoinPool-1-worker-1] DEBUG org.apache.http.client.protocol.RequestAuthCache - Auth cache not set in the context
19:11:36.519 [ForkJoinPool-1-worker-1] DEBUG com.intuit.karate - request:
1 > GET https://reqres.in/api/users/2
1 > Accept-Encoding: gzip,deflate
1 > Connection: Keep-Alive
1 > Host: reqres.in
1 > User-Agent: Apache-HttpClient/4.5.12 (Java/1.8.0_251)

19:11:36.519 [ForkJoinPool-1-worker-1] DEBUG org.apache.http.impl.conn.PoolingHttpClientConnectionManager - Connection request: [route: {s}->https://reqres.in:443][total available: 0; route allocated: 0 of 5; total allocated: 0 of 10]
19:11:36.519 [ForkJoinPool-1-worker-1] DEBUG org.apache.http.impl.conn.PoolingHttpClientConnectionManager - Connection leased: [id: 19][route: {s}->https://reqres.in:443][total available: 0; route allocated: 1 of 5; total allocated: 1 of 10]
19:11:36.519 [ForkJoinPool-1-worker-1] DEBUG org.apache.http.impl.execchain.MainClientExec - Opening connection {s}->https://reqres.in:443
19:11:36.519 [ForkJoinPool-1-worker-1] DEBUG org.apache.http.impl.conn.DefaultHttpClientConnectionOperator - Connecting to reqres.in/104.27.135.11:443
19:11:36.519 [ForkJoinPool-1-worker-1] DEBUG org.apache.http.conn.ssl.SSLConnectionSocketFactory - Connecting socket to reqres.in/104.27.135.11:443 with timeout 30000
19:11:36.534 [ForkJoinPool-1-worker-1] DEBUG org.apache.http.conn.ssl.SSLConnectionSocketFactory - Enabled protocols: [TLSv1, TLSv1.1, TLSv1.2]
19:11:36.534 [ForkJoinPool-1-worker-1] DEBUG org.apache.http.conn.ssl.SSLConnectionSocketFactory - Enabled cipher suites:[TLS_ECDHE_ECDSA_WITH_AES_256_CBC_SHA384, TLS_ECDHE_RSA_WITH_AES_256_CBC_SHA384, TLS_RSA_WITH_AES_256_CBC_SHA256, TLS_ECDH_ECDSA_WITH_AES_256_CBC_SHA384, TLS_ECDH_RSA_WITH_AES_256_CBC_SHA384, TLS_DHE_RSA_WITH_AES_256_CBC_SHA256, TLS_DHE_DSS_WITH_AES_256_CBC_SHA256, TLS_ECDHE_ECDSA_WITH_AES_256_CBC_SHA, TLS_ECDHE_RSA_WITH_AES_256_CBC_SHA, TLS_RSA_WITH_AES_256_CBC_SHA, TLS_ECDH_ECDSA_WITH_AES_256_CBC_SHA, TLS_ECDH_RSA_WITH_AES_256_CBC_SHA, TLS_DHE_RSA_WITH_AES_256_CBC_SHA, TLS_DHE_DSS_WITH_AES_256_CBC_SHA, TLS_ECDHE_ECDSA_WITH_AES_128_CBC_SHA256, TLS_ECDHE_RSA_WITH_AES_128_CBC_SHA256, TLS_RSA_WITH_AES_128_CBC_SHA256, TLS_ECDH_ECDSA_WITH_AES_128_CBC_SHA256, TLS_ECDH_RSA_WITH_AES_128_CBC_SHA256, TLS_DHE_RSA_WITH_AES_128_CBC_SHA256, TLS_DHE_DSS_WITH_AES_128_CBC_SHA256, TLS_ECDHE_ECDSA_WITH_AES_128_CBC_SHA, TLS_ECDHE_RSA_WITH_AES_128_CBC_SHA, TLS_RSA_WITH_AES_128_CBC_SHA, TLS_ECDH_ECDSA_WITH_AES_128_CBC_SHA, TLS_ECDH_RSA_WITH_AES_128_CBC_SHA, TLS_DHE_RSA_WITH_AES_128_CBC_SHA, TLS_DHE_DSS_WITH_AES_128_CBC_SHA, TLS_ECDHE_ECDSA_WITH_AES_256_GCM_SHA384, TLS_ECDHE_ECDSA_WITH_AES_128_GCM_SHA256, TLS_ECDHE_RSA_WITH_AES_256_GCM_SHA384, TLS_RSA_WITH_AES_256_GCM_SHA384, TLS_ECDH_ECDSA_WITH_AES_256_GCM_SHA384, TLS_ECDH_RSA_WITH_AES_256_GCM_SHA384, TLS_DHE_RSA_WITH_AES_256_GCM_SHA384, TLS_DHE_DSS_WITH_AES_256_GCM_SHA384, TLS_ECDHE_RSA_WITH_AES_128_GCM_SHA256, TLS_RSA_WITH_AES_128_GCM_SHA256, TLS_ECDH_ECDSA_WITH_AES_128_GCM_SHA256, TLS_ECDH_RSA_WITH_AES_128_GCM_SHA256, TLS_DHE_RSA_WITH_AES_128_GCM_SHA256, TLS_DHE_DSS_WITH_AES_128_GCM_SHA256, TLS_EMPTY_RENEGOTIATION_INFO_SCSV]
19:11:36.534 [ForkJoinPool-1-worker-1] DEBUG org.apache.http.conn.ssl.SSLConnectionSocketFactory - Starting handshake
19:11:36.566 [ForkJoinPool-1-worker-1] DEBUG org.apache.http.conn.ssl.SSLConnectionSocketFactory - Secure session established
19:11:36.566 [ForkJoinPool-1-worker-1] DEBUG org.apache.http.conn.ssl.SSLConnectionSocketFactory -  negotiated protocol: TLSv1.2
19:11:36.566 [ForkJoinPool-1-worker-1] DEBUG org.apache.http.conn.ssl.SSLConnectionSocketFactory -  negotiated cipher suite: TLS_ECDHE_ECDSA_WITH_AES_128_GCM_SHA256
19:11:36.566 [ForkJoinPool-1-worker-1] DEBUG org.apache.http.conn.ssl.SSLConnectionSocketFactory -  peer principal: CN=sni.cloudflaressl.com, O="Cloudflare, Inc.", L=San Francisco, ST=CA, C=US
19:11:36.566 [ForkJoinPool-1-worker-1] DEBUG org.apache.http.conn.ssl.SSLConnectionSocketFactory -  peer alternative names: [reqres.in, sni.cloudflaressl.com, *.reqres.in]
19:11:36.566 [ForkJoinPool-1-worker-1] DEBUG org.apache.http.conn.ssl.SSLConnectionSocketFactory -  issuer principal: CN=Cloudflare Inc ECC CA-3, O="Cloudflare, Inc.", C=US
19:11:36.566 [ForkJoinPool-1-worker-1] DEBUG org.apache.http.impl.conn.DefaultHttpClientConnectionOperator - Connection established 192.168.1.87:53475<->104.27.135.11:443
19:11:36.566 [ForkJoinPool-1-worker-1] DEBUG org.apache.http.impl.conn.DefaultManagedHttpClientConnection - http-outgoing-19: set socket timeout to 30000
19:11:36.566 [ForkJoinPool-1-worker-1] DEBUG org.apache.http.impl.execchain.MainClientExec - Executing request GET /api/users/2 HTTP/1.1
19:11:36.566 [ForkJoinPool-1-worker-1] DEBUG org.apache.http.impl.execchain.MainClientExec - Target auth state: UNCHALLENGED
19:11:36.566 [ForkJoinPool-1-worker-1] DEBUG org.apache.http.impl.execchain.MainClientExec - Proxy auth state: UNCHALLENGED
19:11:36.566 [ForkJoinPool-1-worker-1] DEBUG org.apache.http.headers - http-outgoing-19 >> GET /api/users/2 HTTP/1.1
19:11:36.566 [ForkJoinPool-1-worker-1] DEBUG org.apache.http.headers - http-outgoing-19 >> Host: reqres.in
19:11:36.566 [ForkJoinPool-1-worker-1] DEBUG org.apache.http.headers - http-outgoing-19 >> Connection: Keep-Alive
19:11:36.566 [ForkJoinPool-1-worker-1] DEBUG org.apache.http.headers - http-outgoing-19 >> User-Agent: Apache-HttpClient/4.5.12 (Java/1.8.0_251)
19:11:36.566 [ForkJoinPool-1-worker-1] DEBUG org.apache.http.headers - http-outgoing-19 >> Accept-Encoding: gzip,deflate
19:11:36.566 [ForkJoinPool-1-worker-1] DEBUG org.apache.http.wire - http-outgoing-19 >> "GET /api/users/2 HTTP/1.1[\r][\n]"
19:11:36.566 [ForkJoinPool-1-worker-1] DEBUG org.apache.http.wire - http-outgoing-19 >> "Host: reqres.in[\r][\n]"
19:11:36.566 [ForkJoinPool-1-worker-1] DEBUG org.apache.http.wire - http-outgoing-19 >> "Connection: Keep-Alive[\r][\n]"
19:11:36.566 [ForkJoinPool-1-worker-1] DEBUG org.apache.http.wire - http-outgoing-19 >> "User-Agent: Apache-HttpClient/4.5.12 (Java/1.8.0_251)[\r][\n]"
19:11:36.566 [ForkJoinPool-1-worker-1] DEBUG org.apache.http.wire - http-outgoing-19 >> "Accept-Encoding: gzip,deflate[\r][\n]"
19:11:36.566 [ForkJoinPool-1-worker-1] DEBUG org.apache.http.wire - http-outgoing-19 >> "[\r][\n]"
19:11:36.597 [ForkJoinPool-1-worker-1] DEBUG org.apache.http.wire - http-outgoing-19 << "HTTP/1.1 200 OK[\r][\n]"
19:11:36.597 [ForkJoinPool-1-worker-1] DEBUG org.apache.http.wire - http-outgoing-19 << "Date: Thu, 03 Dec 2020 13:41:36 GMT[\r][\n]"
19:11:36.597 [ForkJoinPool-1-worker-1] DEBUG org.apache.http.wire - http-outgoing-19 << "Content-Type: application/json; charset=utf-8[\r][\n]"
19:11:36.597 [ForkJoinPool-1-worker-1] DEBUG org.apache.http.wire - http-outgoing-19 << "Transfer-Encoding: chunked[\r][\n]"
19:11:36.597 [ForkJoinPool-1-worker-1] DEBUG org.apache.http.wire - http-outgoing-19 << "Connection: keep-alive[\r][\n]"
19:11:36.597 [ForkJoinPool-1-worker-1] DEBUG org.apache.http.wire - http-outgoing-19 << "Set-Cookie: __cfduid=d913faf4b29d3c4508c863ebcf31b7f471607002896; expires=Sat, 02-Jan-21 13:41:36 GMT; path=/; domain=.reqres.in; HttpOnly; SameSite=Lax; Secure[\r][\n]"
19:11:36.597 [ForkJoinPool-1-worker-1] DEBUG org.apache.http.wire - http-outgoing-19 << "X-Powered-By: Express[\r][\n]"
19:11:36.597 [ForkJoinPool-1-worker-1] DEBUG org.apache.http.wire - http-outgoing-19 << "Access-Control-Allow-Origin: *[\r][\n]"
19:11:36.597 [ForkJoinPool-1-worker-1] DEBUG org.apache.http.wire - http-outgoing-19 << "Etag: W/"118-pbdwwFo9SKNhD3Lx5iHJyngpq00"[\r][\n]"
19:11:36.597 [ForkJoinPool-1-worker-1] DEBUG org.apache.http.wire - http-outgoing-19 << "Via: 1.1 vegur[\r][\n]"
19:11:36.597 [ForkJoinPool-1-worker-1] DEBUG org.apache.http.wire - http-outgoing-19 << "Cache-Control: max-age=14400[\r][\n]"
19:11:36.597 [ForkJoinPool-1-worker-1] DEBUG org.apache.http.wire - http-outgoing-19 << "CF-Cache-Status: HIT[\r][\n]"
19:11:36.597 [ForkJoinPool-1-worker-1] DEBUG org.apache.http.wire - http-outgoing-19 << "Age: 4308[\r][\n]"
19:11:36.597 [ForkJoinPool-1-worker-1] DEBUG org.apache.http.wire - http-outgoing-19 << "cf-request-id: 06ca6f4fd300002e31792c5000000001[\r][\n]"
19:11:36.597 [ForkJoinPool-1-worker-1] DEBUG org.apache.http.wire - http-outgoing-19 << "Expect-CT: max-age=604800, report-uri="https://report-uri.cloudflare.com/cdn-cgi/beacon/expect-ct"[\r][\n]"
19:11:36.597 [ForkJoinPool-1-worker-1] DEBUG org.apache.http.wire - http-outgoing-19 << "Report-To: {"endpoints":[{"url":"https:\/\/a.nel.cloudflare.com\/report?s=1gbkX3nSfMRGRpasKAF7OgDnnfwvlYVXHHlinW%2Bxao35xPT2G77McGCypNrerCTWuh%2FW2ZU%2FgXic%2FkADt9dOwHlo6d25RW0TW8g%3D"}],"group":"cf-nel","max_age":604800}[\r][\n]"
19:11:36.597 [ForkJoinPool-1-worker-1] DEBUG org.apache.http.wire - http-outgoing-19 << "NEL: {"report_to":"cf-nel","max_age":604800}[\r][\n]"
19:11:36.597 [ForkJoinPool-1-worker-1] DEBUG org.apache.http.wire - http-outgoing-19 << "Vary: Accept-Encoding[\r][\n]"
19:11:36.597 [ForkJoinPool-1-worker-1] DEBUG org.apache.http.wire - http-outgoing-19 << "Server: cloudflare[\r][\n]"
19:11:36.597 [ForkJoinPool-1-worker-1] DEBUG org.apache.http.wire - http-outgoing-19 << "CF-RAY: 5fbdb4c6191c2e31-BOM[\r][\n]"
19:11:36.597 [ForkJoinPool-1-worker-1] DEBUG org.apache.http.wire - http-outgoing-19 << "Content-Encoding: gzip[\r][\n]"
19:11:36.597 [ForkJoinPool-1-worker-1] DEBUG org.apache.http.wire - http-outgoing-19 << "[\r][\n]"
19:11:36.597 [ForkJoinPool-1-worker-1] DEBUG org.apache.http.wire - http-outgoing-19 << "d0[\r][\n]"
19:11:36.597 [ForkJoinPool-1-worker-1] DEBUG org.apache.http.wire - http-outgoing-19 << "[0x1f][0x8b][0x8][0x0][0x0][0x0][0x0][0x0][0x0][0x3]m[0x8e][0xb1]j[0xc3]0[0x14]E]]>&#x7f;<![CDATA[E[0xbd]Y[0x15][0x1b]2j[0xea][0xdc]1[0x14]:[0x96]W[0xfb][0xda]QjK[0xca][0xd3][0xb3][0x13][0x8][0xfe][0xf7][0x92]R[0xda][0xa5][0xeb][0xe5][0x9c][0xc3][0xbd][0xa3][0x17][0x13][0x84];b[0x8f]p[0xf0][0xe0],qB[0xc0]Y[0x12][0xad][0xb9]RV[0xea][0xb3][0xf2][0xa2][0xac]ML[0xf0][0x18][0xa2]V{O2[0x13][0x1]/[0xf][\n]"
19:11:36.597 [ForkJoinPool-1-worker-1] DEBUG org.apache.http.wire - http-outgoing-19 << "[0x1e][0x93][0xfc]mo[0xdf][0xe]<d[0x15][0x13]E[0xc0][0xc9][0xac][0xd4][0xd0][0xb6][0xbf][0x99]6[0xce]c;H[0xc7][0xda][0x1e][0xf6]q[0x96][0x91][0xcd][0xb9][0x8c][0xd8]<[0xea]RJV{[0x1c]Zt[0xfa][0xd7][0xdd][0xfd]0[0xfb][0x13][0xa5][0x8f]i[0x84][0x87][0xf1]f[0x8]x[0xcd][0xee][0x93],[0xee][0xc8][0xcb][0x91][0xd5][\r]Jz[0xd7][0xe5]d[0x1a]?[0x16][0x8b]9Ug[0xf9]*[0xda]WW[0xa9]+[0xd5]u[0xb9]Zu[0xa2]tR[0x8a][0xb2][0x8b]b[0xec][0x9f][0xb0]m_[0xb][0x8c][0xc5][0xb5][0x18][0x1][0x0][0x0][\r][\n]"
19:11:36.597 [ForkJoinPool-1-worker-1] DEBUG org.apache.http.headers - http-outgoing-19 << HTTP/1.1 200 OK
19:11:36.597 [ForkJoinPool-1-worker-1] DEBUG org.apache.http.headers - http-outgoing-19 << Date: Thu, 03 Dec 2020 13:41:36 GMT
19:11:36.597 [ForkJoinPool-1-worker-1] DEBUG org.apache.http.headers - http-outgoing-19 << Content-Type: application/json; charset=utf-8
19:11:36.597 [ForkJoinPool-1-worker-1] DEBUG org.apache.http.headers - http-outgoing-19 << Transfer-Encoding: chunked
19:11:36.597 [ForkJoinPool-1-worker-1] DEBUG org.apache.http.headers - http-outgoing-19 << Connection: keep-alive
19:11:36.597 [ForkJoinPool-1-worker-1] DEBUG org.apache.http.headers - http-outgoing-19 << Set-Cookie: __cfduid=d913faf4b29d3c4508c863ebcf31b7f471607002896; expires=Sat, 02-Jan-21 13:41:36 GMT; path=/; domain=.reqres.in; HttpOnly; SameSite=Lax; Secure
19:11:36.597 [ForkJoinPool-1-worker-1] DEBUG org.apache.http.headers - http-outgoing-19 << X-Powered-By: Express
19:11:36.597 [ForkJoinPool-1-worker-1] DEBUG org.apache.http.headers - http-outgoing-19 << Access-Control-Allow-Origin: *
19:11:36.597 [ForkJoinPool-1-worker-1] DEBUG org.apache.http.headers - http-outgoing-19 << Etag: W/"118-pbdwwFo9SKNhD3Lx5iHJyngpq00"
19:11:36.597 [ForkJoinPool-1-worker-1] DEBUG org.apache.http.headers - http-outgoing-19 << Via: 1.1 vegur
19:11:36.597 [ForkJoinPool-1-worker-1] DEBUG org.apache.http.headers - http-outgoing-19 << Cache-Control: max-age=14400
19:11:36.597 [ForkJoinPool-1-worker-1] DEBUG org.apache.http.headers - http-outgoing-19 << CF-Cache-Status: HIT
19:11:36.597 [ForkJoinPool-1-worker-1] DEBUG org.apache.http.headers - http-outgoing-19 << Age: 4308
19:11:36.597 [ForkJoinPool-1-worker-1] DEBUG org.apache.http.headers - http-outgoing-19 << cf-request-id: 06ca6f4fd300002e31792c5000000001
19:11:36.597 [ForkJoinPool-1-worker-1] DEBUG org.apache.http.headers - http-outgoing-19 << Expect-CT: max-age=604800, report-uri="https://report-uri.cloudflare.com/cdn-cgi/beacon/expect-ct"
19:11:36.597 [ForkJoinPool-1-worker-1] DEBUG org.apache.http.headers - http-outgoing-19 << Report-To: {"endpoints":[{"url":"https:\/\/a.nel.cloudflare.com\/report?s=1gbkX3nSfMRGRpasKAF7OgDnnfwvlYVXHHlinW%2Bxao35xPT2G77McGCypNrerCTWuh%2FW2ZU%2FgXic%2FkADt9dOwHlo6d25RW0TW8g%3D"}],"group":"cf-nel","max_age":604800}
19:11:36.597 [ForkJoinPool-1-worker-1] DEBUG org.apache.http.headers - http-outgoing-19 << NEL: {"report_to":"cf-nel","max_age":604800}
19:11:36.597 [ForkJoinPool-1-worker-1] DEBUG org.apache.http.headers - http-outgoing-19 << Vary: Accept-Encoding
19:11:36.597 [ForkJoinPool-1-worker-1] DEBUG org.apache.http.headers - http-outgoing-19 << Server: cloudflare
19:11:36.597 [ForkJoinPool-1-worker-1] DEBUG org.apache.http.headers - http-outgoing-19 << CF-RAY: 5fbdb4c6191c2e31-BOM
19:11:36.597 [ForkJoinPool-1-worker-1] DEBUG org.apache.http.headers - http-outgoing-19 << Content-Encoding: gzip
19:11:36.597 [ForkJoinPool-1-worker-1] DEBUG org.apache.http.impl.execchain.MainClientExec - Connection can be kept alive indefinitely
19:11:36.597 [ForkJoinPool-1-worker-1] DEBUG org.apache.http.client.protocol.ResponseProcessCookies - Cookie accepted [__cfduid="d913faf4b29d3c4508c863ebcf31b7f471607002896", version:0, domain:reqres.in, path:/, expiry:Sat Jan 02 19:11:36 IST 2021]
19:11:36.597 [ForkJoinPool-1-worker-1] DEBUG org.apache.http.wire - http-outgoing-19 << "0[\r][\n]"
19:11:36.597 [ForkJoinPool-1-worker-1] DEBUG org.apache.http.wire - http-outgoing-19 << "[\r][\n]"
19:11:36.597 [ForkJoinPool-1-worker-1] DEBUG org.apache.http.impl.conn.PoolingHttpClientConnectionManager - Connection [id: 19][route: {s}->https://reqres.in:443] can be kept alive indefinitely
19:11:36.597 [ForkJoinPool-1-worker-1] DEBUG org.apache.http.impl.conn.DefaultManagedHttpClientConnection - http-outgoing-19: set socket timeout to 0
19:11:36.597 [ForkJoinPool-1-worker-1] DEBUG org.apache.http.impl.conn.PoolingHttpClientConnectionManager - Connection released: [id: 19][route: {s}->https://reqres.in:443][total available: 1; route allocated: 1 of 5; total allocated: 1 of 10]
19:11:36.597 [ForkJoinPool-1-worker-1] DEBUG com.intuit.karate - response time in milliseconds: 67.57
1 < 200
1 < Access-Control-Allow-Origin: *
1 < Age: 4308
1 < CF-Cache-Status: HIT
1 < CF-RAY: 5fbdb4c6191c2e31-BOM
1 < Cache-Control: max-age=14400
1 < Connection: keep-alive
1 < Content-Type: application/json; charset=utf-8
1 < Date: Thu, 03 Dec 2020 13:41:36 GMT
1 < Etag: W/"118-pbdwwFo9SKNhD3Lx5iHJyngpq00"
1 < Expect-CT: max-age=604800, report-uri="https://report-uri.cloudflare.com/cdn-cgi/beacon/expect-ct"
1 < NEL: {"report_to":"cf-nel","max_age":604800}
1 < Report-To: {"endpoints":[{"url":"https:\/\/a.nel.cloudflare.com\/report?s=1gbkX3nSfMRGRpasKAF7OgDnnfwvlYVXHHlinW%2Bxao35xPT2G77McGCypNrerCTWuh%2FW2ZU%2FgXic%2FkADt9dOwHlo6d25RW0TW8g%3D"}],"group":"cf-nel","max_age":604800}
1 < Server: cloudflare
1 < Set-Cookie: __cfduid=d913faf4b29d3c4508c863ebcf31b7f471607002896; expires=Sat, 02-Jan-21 13:41:36 GMT; path=/; domain=.reqres.in; HttpOnly; SameSite=Lax; Secure
1 < Transfer-Encoding: chunked
1 < Vary: Accept-Encoding
1 < Via: 1.1 vegur
1 < X-Powered-By: Express
1 < cf-request-id: 06ca6f4fd300002e31792c5000000001
{"data":{"id":2,"email":"janet.weaver@reqres.in","first_name":"Janet","last_name":"Weaver","avatar":"https://reqres.in/img/faces/2-image.jpg"},"support":{"url":"https://reqres.in/#support-heading","text":"To keep ReqRes free, contributions towards server costs are appreciated!"}}

19:11:36.597 [ForkJoinPool-1-worker-1] DEBUG com.jayway.jsonpath.internal.path.CompiledPath - Evaluating path: $['data']
File ==> C:\work\gradle_project\res2.json
19:11:36.597 [ForkJoinPool-1-worker-1] DEBUG com.jayway.jsonpath.internal.path.CompiledPath - Evaluating path: $
19:11:36.597 [ForkJoinPool-1-worker-1] DEBUG com.jayway.jsonpath.internal.path.CompiledPath - Evaluating path: $
19:11:36.597 [ForkJoinPool-1-worker-1] INFO com.intuit.karate - [print]
19:11:36.597 [ForkJoinPool-1-worker-1] DEBUG com.jayway.jsonpath.internal.path.CompiledPath - Evaluating path: $
19:11:36.597 [ForkJoinPool-1-worker-1] INFO com.intuit.karate - [print] {
  "last_name": "Weaver",
  "id": 2,
  "avatar": "https://reqres.in/img/faces/2-image.jpg",
  "first_name": "Janet",
  "email": "janet.weaver@reqres.in"
}

19:11:36.597 [ForkJoinPool-1-worker-1] INFO com.intuit.karate - from karate-config.js 
19:11:36.597 [ForkJoinPool-1-worker-1] DEBUG com.jayway.jsonpath.internal.path.CompiledPath - Evaluating path: $
19:11:36.597 [ForkJoinPool-1-worker-1] DEBUG org.apache.http.client.protocol.RequestAddCookies - CookieSpec selected: karate
19:11:36.597 [ForkJoinPool-1-worker-1] DEBUG org.apache.http.client.protocol.RequestAuthCache - Auth cache not set in the context
19:11:36.597 [ForkJoinPool-1-worker-1] DEBUG com.intuit.karate - request:
1 > GET https://reqres.in/api/users/2
1 > Accept-Encoding: gzip,deflate
1 > Connection: Keep-Alive
1 > Host: reqres.in
1 > User-Agent: Apache-HttpClient/4.5.12 (Java/1.8.0_251)

19:11:36.597 [ForkJoinPool-1-worker-1] DEBUG org.apache.http.impl.conn.PoolingHttpClientConnectionManager - Connection request: [route: {s}->https://reqres.in:443][total available: 0; route allocated: 0 of 5; total allocated: 0 of 10]
19:11:36.597 [ForkJoinPool-1-worker-1] DEBUG org.apache.http.impl.conn.PoolingHttpClientConnectionManager - Connection leased: [id: 20][route: {s}->https://reqres.in:443][total available: 0; route allocated: 1 of 5; total allocated: 1 of 10]
19:11:36.597 [ForkJoinPool-1-worker-1] DEBUG org.apache.http.impl.execchain.MainClientExec - Opening connection {s}->https://reqres.in:443
19:11:36.597 [ForkJoinPool-1-worker-1] DEBUG org.apache.http.impl.conn.DefaultHttpClientConnectionOperator - Connecting to reqres.in/104.27.135.11:443
19:11:36.597 [ForkJoinPool-1-worker-1] DEBUG org.apache.http.conn.ssl.SSLConnectionSocketFactory - Connecting socket to reqres.in/104.27.135.11:443 with timeout 30000
19:11:36.628 [ForkJoinPool-1-worker-1] DEBUG org.apache.http.conn.ssl.SSLConnectionSocketFactory - Enabled protocols: [TLSv1, TLSv1.1, TLSv1.2]
19:11:36.628 [ForkJoinPool-1-worker-1] DEBUG org.apache.http.conn.ssl.SSLConnectionSocketFactory - Enabled cipher suites:[TLS_ECDHE_ECDSA_WITH_AES_256_CBC_SHA384, TLS_ECDHE_RSA_WITH_AES_256_CBC_SHA384, TLS_RSA_WITH_AES_256_CBC_SHA256, TLS_ECDH_ECDSA_WITH_AES_256_CBC_SHA384, TLS_ECDH_RSA_WITH_AES_256_CBC_SHA384, TLS_DHE_RSA_WITH_AES_256_CBC_SHA256, TLS_DHE_DSS_WITH_AES_256_CBC_SHA256, TLS_ECDHE_ECDSA_WITH_AES_256_CBC_SHA, TLS_ECDHE_RSA_WITH_AES_256_CBC_SHA, TLS_RSA_WITH_AES_256_CBC_SHA, TLS_ECDH_ECDSA_WITH_AES_256_CBC_SHA, TLS_ECDH_RSA_WITH_AES_256_CBC_SHA, TLS_DHE_RSA_WITH_AES_256_CBC_SHA, TLS_DHE_DSS_WITH_AES_256_CBC_SHA, TLS_ECDHE_ECDSA_WITH_AES_128_CBC_SHA256, TLS_ECDHE_RSA_WITH_AES_128_CBC_SHA256, TLS_RSA_WITH_AES_128_CBC_SHA256, TLS_ECDH_ECDSA_WITH_AES_128_CBC_SHA256, TLS_ECDH_RSA_WITH_AES_128_CBC_SHA256, TLS_DHE_RSA_WITH_AES_128_CBC_SHA256, TLS_DHE_DSS_WITH_AES_128_CBC_SHA256, TLS_ECDHE_ECDSA_WITH_AES_128_CBC_SHA, TLS_ECDHE_RSA_WITH_AES_128_CBC_SHA, TLS_RSA_WITH_AES_128_CBC_SHA, TLS_ECDH_ECDSA_WITH_AES_128_CBC_SHA, TLS_ECDH_RSA_WITH_AES_128_CBC_SHA, TLS_DHE_RSA_WITH_AES_128_CBC_SHA, TLS_DHE_DSS_WITH_AES_128_CBC_SHA, TLS_ECDHE_ECDSA_WITH_AES_256_GCM_SHA384, TLS_ECDHE_ECDSA_WITH_AES_128_GCM_SHA256, TLS_ECDHE_RSA_WITH_AES_256_GCM_SHA384, TLS_RSA_WITH_AES_256_GCM_SHA384, TLS_ECDH_ECDSA_WITH_AES_256_GCM_SHA384, TLS_ECDH_RSA_WITH_AES_256_GCM_SHA384, TLS_DHE_RSA_WITH_AES_256_GCM_SHA384, TLS_DHE_DSS_WITH_AES_256_GCM_SHA384, TLS_ECDHE_RSA_WITH_AES_128_GCM_SHA256, TLS_RSA_WITH_AES_128_GCM_SHA256, TLS_ECDH_ECDSA_WITH_AES_128_GCM_SHA256, TLS_ECDH_RSA_WITH_AES_128_GCM_SHA256, TLS_DHE_RSA_WITH_AES_128_GCM_SHA256, TLS_DHE_DSS_WITH_AES_128_GCM_SHA256, TLS_EMPTY_RENEGOTIATION_INFO_SCSV]
19:11:36.628 [ForkJoinPool-1-worker-1] DEBUG org.apache.http.conn.ssl.SSLConnectionSocketFactory - Starting handshake
19:11:36.659 [ForkJoinPool-1-worker-1] DEBUG org.apache.http.conn.ssl.SSLConnectionSocketFactory - Secure session established
19:11:36.659 [ForkJoinPool-1-worker-1] DEBUG org.apache.http.conn.ssl.SSLConnectionSocketFactory -  negotiated protocol: TLSv1.2
19:11:36.659 [ForkJoinPool-1-worker-1] DEBUG org.apache.http.conn.ssl.SSLConnectionSocketFactory -  negotiated cipher suite: TLS_ECDHE_ECDSA_WITH_AES_128_GCM_SHA256
19:11:36.659 [ForkJoinPool-1-worker-1] DEBUG org.apache.http.conn.ssl.SSLConnectionSocketFactory -  peer principal: CN=sni.cloudflaressl.com, O="Cloudflare, Inc.", L=San Francisco, ST=CA, C=US
19:11:36.659 [ForkJoinPool-1-worker-1] DEBUG org.apache.http.conn.ssl.SSLConnectionSocketFactory -  peer alternative names: [reqres.in, sni.cloudflaressl.com, *.reqres.in]
19:11:36.659 [ForkJoinPool-1-worker-1] DEBUG org.apache.http.conn.ssl.SSLConnectionSocketFactory -  issuer principal: CN=Cloudflare Inc ECC CA-3, O="Cloudflare, Inc.", C=US
19:11:36.659 [ForkJoinPool-1-worker-1] DEBUG org.apache.http.impl.conn.DefaultHttpClientConnectionOperator - Connection established 192.168.1.87:53476<->104.27.135.11:443
19:11:36.659 [ForkJoinPool-1-worker-1] DEBUG org.apache.http.impl.conn.DefaultManagedHttpClientConnection - http-outgoing-20: set socket timeout to 30000
19:11:36.659 [ForkJoinPool-1-worker-1] DEBUG org.apache.http.impl.execchain.MainClientExec - Executing request GET /api/users/2 HTTP/1.1
19:11:36.659 [ForkJoinPool-1-worker-1] DEBUG org.apache.http.impl.execchain.MainClientExec - Target auth state: UNCHALLENGED
19:11:36.659 [ForkJoinPool-1-worker-1] DEBUG org.apache.http.impl.execchain.MainClientExec - Proxy auth state: UNCHALLENGED
19:11:36.659 [ForkJoinPool-1-worker-1] DEBUG org.apache.http.headers - http-outgoing-20 >> GET /api/users/2 HTTP/1.1
19:11:36.659 [ForkJoinPool-1-worker-1] DEBUG org.apache.http.headers - http-outgoing-20 >> Host: reqres.in
19:11:36.659 [ForkJoinPool-1-worker-1] DEBUG org.apache.http.headers - http-outgoing-20 >> Connection: Keep-Alive
19:11:36.659 [ForkJoinPool-1-worker-1] DEBUG org.apache.http.headers - http-outgoing-20 >> User-Agent: Apache-HttpClient/4.5.12 (Java/1.8.0_251)
19:11:36.659 [ForkJoinPool-1-worker-1] DEBUG org.apache.http.headers - http-outgoing-20 >> Accept-Encoding: gzip,deflate
19:11:36.659 [ForkJoinPool-1-worker-1] DEBUG org.apache.http.wire - http-outgoing-20 >> "GET /api/users/2 HTTP/1.1[\r][\n]"
19:11:36.659 [ForkJoinPool-1-worker-1] DEBUG org.apache.http.wire - http-outgoing-20 >> "Host: reqres.in[\r][\n]"
19:11:36.659 [ForkJoinPool-1-worker-1] DEBUG org.apache.http.wire - http-outgoing-20 >> "Connection: Keep-Alive[\r][\n]"
19:11:36.659 [ForkJoinPool-1-worker-1] DEBUG org.apache.http.wire - http-outgoing-20 >> "User-Agent: Apache-HttpClient/4.5.12 (Java/1.8.0_251)[\r][\n]"
19:11:36.659 [ForkJoinPool-1-worker-1] DEBUG org.apache.http.wire - http-outgoing-20 >> "Accept-Encoding: gzip,deflate[\r][\n]"
19:11:36.659 [ForkJoinPool-1-worker-1] DEBUG org.apache.http.wire - http-outgoing-20 >> "[\r][\n]"
19:11:36.691 [ForkJoinPool-1-worker-1] DEBUG org.apache.http.wire - http-outgoing-20 << "HTTP/1.1 200 OK[\r][\n]"
19:11:36.691 [ForkJoinPool-1-worker-1] DEBUG org.apache.http.wire - http-outgoing-20 << "Date: Thu, 03 Dec 2020 13:41:36 GMT[\r][\n]"
19:11:36.691 [ForkJoinPool-1-worker-1] DEBUG org.apache.http.wire - http-outgoing-20 << "Content-Type: application/json; charset=utf-8[\r][\n]"
19:11:36.691 [ForkJoinPool-1-worker-1] DEBUG org.apache.http.wire - http-outgoing-20 << "Transfer-Encoding: chunked[\r][\n]"
19:11:36.691 [ForkJoinPool-1-worker-1] DEBUG org.apache.http.wire - http-outgoing-20 << "Connection: keep-alive[\r][\n]"
19:11:36.691 [ForkJoinPool-1-worker-1] DEBUG org.apache.http.wire - http-outgoing-20 << "Set-Cookie: __cfduid=d25c1921ed491742716801834c2158ad41607002896; expires=Sat, 02-Jan-21 13:41:36 GMT; path=/; domain=.reqres.in; HttpOnly; SameSite=Lax; Secure[\r][\n]"
19:11:36.691 [ForkJoinPool-1-worker-1] DEBUG org.apache.http.wire - http-outgoing-20 << "X-Powered-By: Express[\r][\n]"
19:11:36.691 [ForkJoinPool-1-worker-1] DEBUG org.apache.http.wire - http-outgoing-20 << "Access-Control-Allow-Origin: *[\r][\n]"
19:11:36.691 [ForkJoinPool-1-worker-1] DEBUG org.apache.http.wire - http-outgoing-20 << "Etag: W/"118-pbdwwFo9SKNhD3Lx5iHJyngpq00"[\r][\n]"
19:11:36.691 [ForkJoinPool-1-worker-1] DEBUG org.apache.http.wire - http-outgoing-20 << "Via: 1.1 vegur[\r][\n]"
19:11:36.691 [ForkJoinPool-1-worker-1] DEBUG org.apache.http.wire - http-outgoing-20 << "Cache-Control: max-age=14400[\r][\n]"
19:11:36.691 [ForkJoinPool-1-worker-1] DEBUG org.apache.http.wire - http-outgoing-20 << "CF-Cache-Status: HIT[\r][\n]"
19:11:36.691 [ForkJoinPool-1-worker-1] DEBUG org.apache.http.wire - http-outgoing-20 << "Age: 4308[\r][\n]"
19:11:36.691 [ForkJoinPool-1-worker-1] DEBUG org.apache.http.wire - http-outgoing-20 << "cf-request-id: 06ca6f503000002e4740a90000000001[\r][\n]"
19:11:36.691 [ForkJoinPool-1-worker-1] DEBUG org.apache.http.wire - http-outgoing-20 << "Expect-CT: max-age=604800, report-uri="https://report-uri.cloudflare.com/cdn-cgi/beacon/expect-ct"[\r][\n]"
19:11:36.691 [ForkJoinPool-1-worker-1] DEBUG org.apache.http.wire - http-outgoing-20 << "Report-To: {"endpoints":[{"url":"https:\/\/a.nel.cloudflare.com\/report?s=C7%2FOJtL2oTufGXfsg%2BMoN9Mgz0BE58Ml16GSIeqQx27wHk9IpNndzWRiZ%2BHh2EAfgGJsBv7bbSA43gMhtTr04NVouQ3e0%2FMkrec%3D"}],"group":"cf-nel","max_age":604800}[\r][\n]"
19:11:36.691 [ForkJoinPool-1-worker-1] DEBUG org.apache.http.wire - http-outgoing-20 << "NEL: {"report_to":"cf-nel","max_age":604800}[\r][\n]"
19:11:36.691 [ForkJoinPool-1-worker-1] DEBUG org.apache.http.wire - http-outgoing-20 << "Vary: Accept-Encoding[\r][\n]"
19:11:36.691 [ForkJoinPool-1-worker-1] DEBUG org.apache.http.wire - http-outgoing-20 << "Server: cloudflare[\r][\n]"
19:11:36.691 [ForkJoinPool-1-worker-1] DEBUG org.apache.http.wire - http-outgoing-20 << "CF-RAY: 5fbdb4c6ba4c2e47-BOM[\r][\n]"
19:11:36.691 [ForkJoinPool-1-worker-1] DEBUG org.apache.http.wire - http-outgoing-20 << "Content-Encoding: gzip[\r][\n]"
19:11:36.691 [ForkJoinPool-1-worker-1] DEBUG org.apache.http.wire - http-outgoing-20 << "[\r][\n]"
19:11:36.691 [ForkJoinPool-1-worker-1] DEBUG org.apache.http.wire - http-outgoing-20 << "d0[\r][\n]"
19:11:36.691 [ForkJoinPool-1-worker-1] DEBUG org.apache.http.wire - http-outgoing-20 << "[0x1f][0x8b][0x8][0x0][0x0][0x0][0x0][0x0][0x0][0x3]m[0x8e][0xb1]j[0xc3]0[0x14]E]]>&#x7f;<![CDATA[E[0xbd]Y[0x15][0x1b]2j[0xea][0xdc]1[0x14]:[0x96]W[0xfb][0xda]QjK[0xca][0xd3][0xb3][0x13][0x8][0xfe][0xf7][0x92]R[0xda][0xa5][0xeb][0xe5][0x9c][0xc3][0xbd][0xa3][0x17][0x13][0x84];b[0x8f]p[0xf0][0xe0],qB[0xc0]Y[0x12][0xad][0xb9]RV[0xea][0xb3][0xf2][0xa2][0xac]ML[0xf0][0x18][0xa2]V{O2[0x13][0x1]/[0xf][\n]"
19:11:36.691 [ForkJoinPool-1-worker-1] DEBUG org.apache.http.wire - http-outgoing-20 << "[0x1e][0x93][0xfc]mo[0xdf][0xe]<d[0x15][0x13]E[0xc0][0xc9][0xac][0xd4][0xd0][0xb6][0xbf][0x99]6[0xce]c;H[0xc7][0xda][0x1e][0xf6]q[0x96][0x91][0xcd][0xb9][0x8c][0xd8]<[0xea]RJV{[0x1c]Zt[0xfa][0xd7][0xdd][0xfd]0[0xfb][0x13][0xa5][0x8f]i[0x84][0x87][0xf1]f[0x8]x[0xcd][0xee][0x93],[0xee][0xc8][0xcb][0x91][0xd5][\r]Jz[0xd7][0xe5]d[0x1a]?[0x16][0x8b]9Ug[0xf9]*[0xda]WW[0xa9]+[0xd5]u[0xb9]Zu[0xa2]tR[0x8a][0xb2][0x8b]b[0xec][0x9f][0xb0]m_[0xb][0x8c][0xc5][0xb5][0x18][0x1][0x0][0x0][\r][\n]"
19:11:36.691 [ForkJoinPool-1-worker-1] DEBUG org.apache.http.headers - http-outgoing-20 << HTTP/1.1 200 OK
19:11:36.691 [ForkJoinPool-1-worker-1] DEBUG org.apache.http.headers - http-outgoing-20 << Date: Thu, 03 Dec 2020 13:41:36 GMT
19:11:36.691 [ForkJoinPool-1-worker-1] DEBUG org.apache.http.headers - http-outgoing-20 << Content-Type: application/json; charset=utf-8
19:11:36.691 [ForkJoinPool-1-worker-1] DEBUG org.apache.http.headers - http-outgoing-20 << Transfer-Encoding: chunked
19:11:36.691 [ForkJoinPool-1-worker-1] DEBUG org.apache.http.headers - http-outgoing-20 << Connection: keep-alive
19:11:36.691 [ForkJoinPool-1-worker-1] DEBUG org.apache.http.headers - http-outgoing-20 << Set-Cookie: __cfduid=d25c1921ed491742716801834c2158ad41607002896; expires=Sat, 02-Jan-21 13:41:36 GMT; path=/; domain=.reqres.in; HttpOnly; SameSite=Lax; Secure
19:11:36.691 [ForkJoinPool-1-worker-1] DEBUG org.apache.http.headers - http-outgoing-20 << X-Powered-By: Express
19:11:36.691 [ForkJoinPool-1-worker-1] DEBUG org.apache.http.headers - http-outgoing-20 << Access-Control-Allow-Origin: *
19:11:36.691 [ForkJoinPool-1-worker-1] DEBUG org.apache.http.headers - http-outgoing-20 << Etag: W/"118-pbdwwFo9SKNhD3Lx5iHJyngpq00"
19:11:36.691 [ForkJoinPool-1-worker-1] DEBUG org.apache.http.headers - http-outgoing-20 << Via: 1.1 vegur
19:11:36.691 [ForkJoinPool-1-worker-1] DEBUG org.apache.http.headers - http-outgoing-20 << Cache-Control: max-age=14400
19:11:36.691 [ForkJoinPool-1-worker-1] DEBUG org.apache.http.headers - http-outgoing-20 << CF-Cache-Status: HIT
19:11:36.691 [ForkJoinPool-1-worker-1] DEBUG org.apache.http.headers - http-outgoing-20 << Age: 4308
19:11:36.691 [ForkJoinPool-1-worker-1] DEBUG org.apache.http.headers - http-outgoing-20 << cf-request-id: 06ca6f503000002e4740a90000000001
19:11:36.691 [ForkJoinPool-1-worker-1] DEBUG org.apache.http.headers - http-outgoing-20 << Expect-CT: max-age=604800, report-uri="https://report-uri.cloudflare.com/cdn-cgi/beacon/expect-ct"
19:11:36.691 [ForkJoinPool-1-worker-1] DEBUG org.apache.http.headers - http-outgoing-20 << Report-To: {"endpoints":[{"url":"https:\/\/a.nel.cloudflare.com\/report?s=C7%2FOJtL2oTufGXfsg%2BMoN9Mgz0BE58Ml16GSIeqQx27wHk9IpNndzWRiZ%2BHh2EAfgGJsBv7bbSA43gMhtTr04NVouQ3e0%2FMkrec%3D"}],"group":"cf-nel","max_age":604800}
19:11:36.691 [ForkJoinPool-1-worker-1] DEBUG org.apache.http.headers - http-outgoing-20 << NEL: {"report_to":"cf-nel","max_age":604800}
19:11:36.691 [ForkJoinPool-1-worker-1] DEBUG org.apache.http.headers - http-outgoing-20 << Vary: Accept-Encoding
19:11:36.691 [ForkJoinPool-1-worker-1] DEBUG org.apache.http.headers - http-outgoing-20 << Server: cloudflare
19:11:36.691 [ForkJoinPool-1-worker-1] DEBUG org.apache.http.headers - http-outgoing-20 << CF-RAY: 5fbdb4c6ba4c2e47-BOM
19:11:36.691 [ForkJoinPool-1-worker-1] DEBUG org.apache.http.headers - http-outgoing-20 << Content-Encoding: gzip
19:11:36.691 [ForkJoinPool-1-worker-1] DEBUG org.apache.http.impl.execchain.MainClientExec - Connection can be kept alive indefinitely
19:11:36.691 [ForkJoinPool-1-worker-1] DEBUG org.apache.http.client.protocol.ResponseProcessCookies - Cookie accepted [__cfduid="d25c1921ed491742716801834c2158ad41607002896", version:0, domain:reqres.in, path:/, expiry:Sat Jan 02 19:11:36 IST 2021]
19:11:36.691 [ForkJoinPool-1-worker-1] DEBUG org.apache.http.wire - http-outgoing-20 << "0[\r][\n]"
19:11:36.691 [ForkJoinPool-1-worker-1] DEBUG org.apache.http.wire - http-outgoing-20 << "[\r][\n]"
19:11:36.691 [ForkJoinPool-1-worker-1] DEBUG org.apache.http.impl.conn.PoolingHttpClientConnectionManager - Connection [id: 20][route: {s}->https://reqres.in:443] can be kept alive indefinitely
19:11:36.691 [ForkJoinPool-1-worker-1] DEBUG org.apache.http.impl.conn.DefaultManagedHttpClientConnection - http-outgoing-20: set socket timeout to 0
19:11:36.691 [ForkJoinPool-1-worker-1] DEBUG org.apache.http.impl.conn.PoolingHttpClientConnectionManager - Connection released: [id: 20][route: {s}->https://reqres.in:443][total available: 1; route allocated: 1 of 5; total allocated: 1 of 10]
19:11:36.691 [ForkJoinPool-1-worker-1] DEBUG com.intuit.karate - response time in milliseconds: 82.37
1 < 200
1 < Access-Control-Allow-Origin: *
1 < Age: 4308
1 < CF-Cache-Status: HIT
1 < CF-RAY: 5fbdb4c6ba4c2e47-BOM
1 < Cache-Control: max-age=14400
1 < Connection: keep-alive
1 < Content-Type: application/json; charset=utf-8
1 < Date: Thu, 03 Dec 2020 13:41:36 GMT
1 < Etag: W/"118-pbdwwFo9SKNhD3Lx5iHJyngpq00"
1 < Expect-CT: max-age=604800, report-uri="https://report-uri.cloudflare.com/cdn-cgi/beacon/expect-ct"
1 < NEL: {"report_to":"cf-nel","max_age":604800}
1 < Report-To: {"endpoints":[{"url":"https:\/\/a.nel.cloudflare.com\/report?s=C7%2FOJtL2oTufGXfsg%2BMoN9Mgz0BE58Ml16GSIeqQx27wHk9IpNndzWRiZ%2BHh2EAfgGJsBv7bbSA43gMhtTr04NVouQ3e0%2FMkrec%3D"}],"group":"cf-nel","max_age":604800}
1 < Server: cloudflare
1 < Set-Cookie: __cfduid=d25c1921ed491742716801834c2158ad41607002896; expires=Sat, 02-Jan-21 13:41:36 GMT; path=/; domain=.reqres.in; HttpOnly; SameSite=Lax; Secure
1 < Transfer-Encoding: chunked
1 < Vary: Accept-Encoding
1 < Via: 1.1 vegur
1 < X-Powered-By: Express
1 < cf-request-id: 06ca6f503000002e4740a90000000001
{"data":{"id":2,"email":"janet.weaver@reqres.in","first_name":"Janet","last_name":"Weaver","avatar":"https://reqres.in/img/faces/2-image.jpg"},"support":{"url":"https://reqres.in/#support-heading","text":"To keep ReqRes free, contributions towards server costs are appreciated!"}}

19:11:36.691 [ForkJoinPool-1-worker-1] DEBUG com.jayway.jsonpath.internal.path.CompiledPath - Evaluating path: $['data']
File ==> C:\work\gradle_project\res2.json
19:11:36.691 [ForkJoinPool-1-worker-1] DEBUG com.jayway.jsonpath.internal.path.CompiledPath - Evaluating path: $
19:11:36.691 [ForkJoinPool-1-worker-1] DEBUG com.jayway.jsonpath.internal.path.CompiledPath - Evaluating path: $
19:11:36.691 [ForkJoinPool-1-worker-1] INFO com.intuit.karate - [print]
19:11:36.691 [ForkJoinPool-1-worker-1] DEBUG com.jayway.jsonpath.internal.path.CompiledPath - Evaluating path: $
19:11:36.691 [ForkJoinPool-1-worker-1] INFO com.intuit.karate - [print] {
  "last_name": "Weaver",
  "id": 2,
  "avatar": "https://reqres.in/img/faces/2-image.jpg",
  "first_name": "Janet",
  "email": "janet.weaver@reqres.in"
}

19:11:36.706 [ForkJoinPool-1-worker-1] DEBUG com.jayway.jsonpath.internal.path.CompiledPath - Evaluating path: $
19:11:36.706 [ForkJoinPool-1-worker-1] INFO com.intuit.karate - [print] Weaver
19:11:36.706 [ForkJoinPool-1-worker-1] INFO com.intuit.karate - [print] Weaver
19:11:36.706 [ForkJoinPool-1-worker-1] DEBUG com.jayway.jsonpath.internal.path.CompiledPath - Evaluating path: $
19:11:36.706 [ForkJoinPool-1-worker-1] DEBUG com.jayway.jsonpath.internal.path.CompiledPath - Evaluating path: $['last_name']
19:11:36.706 [ForkJoinPool-1-worker-1] DEBUG com.jayway.jsonpath.internal.JsonContext - Set path $['last_name'] new value Weaver
19:11:36.706 [ForkJoinPool-1-worker-1] DEBUG com.jayway.jsonpath.internal.path.CompiledPath - Evaluating path: $
19:11:36.706 [ForkJoinPool-1-worker-1] INFO com.intuit.karate - [print] {
  "last_name": "Weaver"
}

19:11:36.706 [ForkJoinPool-1-worker-1] INFO com.intuit.karate - from karate-config.js 
19:11:36.706 [ForkJoinPool-1-worker-1] DEBUG com.jayway.jsonpath.internal.path.CompiledPath - Evaluating path: $
19:11:36.722 [ForkJoinPool-1-worker-1] DEBUG com.jayway.jsonpath.internal.path.CompiledPath - Evaluating path: $
19:11:36.722 [ForkJoinPool-1-worker-1] DEBUG com.jayway.jsonpath.internal.path.CompiledPath - Evaluating path: $
19:11:36.722 [ForkJoinPool-1-worker-1] DEBUG com.jayway.jsonpath.internal.path.CompiledPath - Evaluating path: $
19:11:36.722 [ForkJoinPool-1-worker-1] INFO com.intuit.karate - [print] {
  "last_name": "Weaver",
  "id": 2,
  "avatar": "https://reqres.in/img/faces/2-image.jpg",
  "first_name": "Janet",
  "email": "janet.weaver@reqres.in"
}

19:11:36.722 [pool-1-thread-1] INFO com.intuit.karate.Runner - <<pass>> feature 22 of 22: classpath:featurefiles/writingresponsetofile.feature
---------------------------------------------------------
feature: classpath:featurefiles/writingresponsetofile.feature
report: build\surefire-reports\featurefiles.writingresponsetofile.json
scenarios:  4 | passed:  4 | failed:  0 | time: 0.2638
---------------------------------------------------------
19:11:36.894 [Finalizer] DEBUG org.apache.http.impl.conn.PoolingHttpClientConnectionManager - Connection manager is shutting down
19:11:36.894 [Finalizer] DEBUG org.apache.http.impl.conn.DefaultManagedHttpClientConnection - http-outgoing-20: Close connection
19:11:36.894 [Finalizer] DEBUG org.apache.http.impl.conn.PoolingHttpClientConnectionManager - Connection manager shut down
19:11:36.894 [Finalizer] DEBUG org.apache.http.impl.conn.PoolingHttpClientConnectionManager - Connection manager is shutting down
19:11:36.894 [Finalizer] DEBUG org.apache.http.impl.conn.DefaultManagedHttpClientConnection - http-outgoing-16: Close connection
19:11:36.894 [Finalizer] DEBUG org.apache.http.impl.conn.PoolingHttpClientConnectionManager - Connection manager shut down
19:11:36.894 [Finalizer] DEBUG org.apache.http.impl.conn.PoolingHttpClientConnectionManager - Connection manager is shutting down
19:11:36.894 [Finalizer] DEBUG org.apache.http.impl.conn.DefaultManagedHttpClientConnection - http-outgoing-17: Close connection
19:11:36.894 [Finalizer] DEBUG org.apache.http.impl.conn.PoolingHttpClientConnectionManager - Connection manager shut down
19:11:36.894 [Finalizer] DEBUG org.apache.http.impl.conn.PoolingHttpClientConnectionManager - Connection manager is shutting down
19:11:36.894 [Finalizer] DEBUG org.apache.http.impl.conn.DefaultManagedHttpClientConnection - http-outgoing-18: Close connection
19:11:36.894 [Finalizer] DEBUG org.apache.http.impl.conn.PoolingHttpClientConnectionManager - Connection manager shut down
19:11:36.894 [Finalizer] DEBUG org.apache.http.impl.conn.PoolingHttpClientConnectionManager - Connection manager is shutting down
19:11:36.894 [Finalizer] DEBUG org.apache.http.impl.conn.DefaultManagedHttpClientConnection - http-outgoing-19: Close connection
19:11:36.894 [Finalizer] DEBUG org.apache.http.impl.conn.PoolingHttpClientConnectionManager - Connection manager shut down

HTML report: (paste into browser to view) | Karate version: 0.9.6
file:/C:/work/gradle_project/build/surefire-reports/karate-summary.html
===================================================================

Karate version: 0.9.6
======================================================
elapsed:   7.28 | threads:    1 | thread time: 5.91 
features:    22 | ignored:    0 | efficiency: 0.81
scenarios:   49 | passed:    46 | failed: 3
======================================================
failed features:
featurefiles.karate03: karate03.feature:33 - evaluation (js) failed: xml.info.tool[*].name, javax.script.ScriptException: <eval>:1:14 Expected an operand but found *
xml.info.tool[*].name
              ^ in <eval> at line number 1 at column number 14
stack trace: jdk.nashorn.api.scripting.NashornScriptEngine.throwAsScriptException(NashornScriptEngine.java:470)
featurefiles.karate08: karate08.feature:15 - status code was: 429, expected: 200, response time: 1011, url: http://dummy.restapiexample.com/api/v1/employee/4525, response: <!DOCTYPE html>
<html lang="en">
    <head><meta charset="utf-8">
<script data-ezscrex='false' data-cfasync='false' data-pagespeed-no-defer>var __ez=__ez||{};__ez.stms=Date.now();__ez.evt={};__ez.script={};__ez.ck=__ez.ck||{};__ez.template={};__ez.template.isOrig=false;__ez.queue=(function(){var count=0,incr=0,items=[],timeDelayFired=false,hpItems=[],lpItems=[],allowLoad=true;var obj={func:function(name,funcName,parameters,isBlock,blockedBy,deleteWhenComplete,proceedIfError){var self=this;this.name=name;this.funcName=funcName;this.parameters=parameters===null?null:(parameters instanceof Array)?parameters:[parameters];this.isBlock=isBlock;this.blockedBy=blockedBy;this.deleteWhenComplete=deleteWhenComplete;this.isError=false;this.isComplete=false;this.isInitialized=false;this.proceedIfError=proceedIfError;this.isTimeDelay=false;this.process=function(){log("... func = "+name);self.isInitialized=true;self.isComplete=true;log("... func.apply: "+name);var funcs=self.funcName.split('.');var func=null;if(funcs.length>3){}else if(funcs.length===3){func=window[funcs[0]][funcs[1]][funcs[2]];}else if(funcs.length===2){func=window[funcs[0]][funcs[1]];}else{func=window[self.funcName];}
if(typeof func!=='undefined'&&func!==null){func.apply(null,this.parameters);}
if(self.deleteWhenComplete===true)delete items[name];if(self.isBlock===true){log("----- F'D: "+self.name);processAll();}}},file:function(name,path,isBlock,blockedBy,async,defer,proceedIfError){var self=this;this.name=name;this.path=path;this.async=async;this.defer=defer;this.isBlock=isBlock;this.blockedBy=blockedBy;this.isInitialized=false;this.isError=false;this.isComplete=false;this.proceedIfError=proceedIfError;this.isTimeDelay=false;this.process=function(){self.isInitialized=true;log("... file = "+name);var scr=document.createElement('script');scr.src=path;if(async===true)scr.async=true;else if(defer===true)scr.defer=true;scr.onerror=function(){log("----- ERR'D: "+self.name);self.isError=true;if(self.isBlock===true){processAll();}};scr.onreadystatechange=scr.onload=function(){var state=scr.readyState;log("----- F'D: "+self.name);if((!state||/loaded|complete/.test(state))){self.isComplete=true;if(self.isBlock===true){processAll();}}};document.getElementsByTagName('head')[0].appendChild(scr);}}};function init(){window.addEventListener("load",function(){setTimeout(function(){timeDelayFired=true;log('TDELAY -----');processAll();},5000);},false);}
function addFile(name,path,isBlock,blockedBy,async,defer,proceedIfError,priority){var item=new obj.file(name,path,isBlock,blockedBy,async,defer,proceedIfError);if(priority===true){hpItems[name]=item}else{lpItems[name]=item}
items[name]=item;checkIfBlocked(item);}
function setallowLoad(settobool){allowLoad=settobool}
function addFunc(name,func,parameters,isBlock,blockedBy,autoInc,deleteWhenComplete,proceedIfError,priority){if(autoInc===true)name=name+"_"+incr++;var item=new obj.func(name,func,parameters,isBlock,blockedBy,deleteWhenComplete,proceedIfError);if(priority===true){hpItems[name]=item}else{lpItems[name]=item}
items[name]=item;checkIfBlocked(item);}
function addTimeDelayFile(name,path){var item=new obj.file(name,path,false,[],false,false,true);item.isTimeDelay=true;log(name+' ... '+' FILE! TDELAY');lpItems[name]=item;items[name]=item;checkIfBlocked(item);}
function addTimeDelayFunc(name,func,parameters){var item=new obj.func(name,func,parameters,false,[],true,true);item.isTimeDelay=true;log(name+' ... '+' FUNCTION! TDELAY');lpItems[name]=item;items[name]=item;checkIfBlocked(item);}
function checkIfBlocked(item){if(isBlocked(item)===true||allowLoad==false)return;item.process();}
function isBlocked(item){if(item.isTimeDelay===true&&timeDelayFired===false){log(item.name+" blocked = TIME DELAY!");return true;}
if(item.blockedBy instanceof Array){for(var i=0;i<item.blockedBy.length;i++){var block=item.blockedBy[i];if(items.hasOwnProperty(block)===false){log(item.name+" blocked = "+block);return true;}else if(item.proceedIfError===true&&items[block].isError===true){return false;}else if(items[block].isComplete===false){log(item.name+" blocked = "+block);return true;}}}
return false;}
function log(msg){var href=window.location.href;var reg=new RegExp('[?&]ezq=([^&#]*)','i');var string=reg.exec(href);var res=string?string[1]:null;if(res==="1")console.debug(msg);}
function processAll(){count++;if(count>200)return;log("let's go");processItems(hpItems);processItems(lpItems);}
function processItems(list){for(var i in list){if(list.hasOwnProperty(i)===false)continue;var item=list[i];if(item.isComplete===true||isBlocked(item)||item.isInitialized===true||item.isError===true){if(item.isError===true){log(item.name+': error')}else if(item.isComplete===true){log(item.name+': complete already')}else if(item.isInitialized===true){log(item.name+': initialized already')}}else{item.process();}}}
init();return{addFile:addFile,addDelayFile:addTimeDelayFile,addFunc:addFunc,addDelayFunc:addTimeDelayFunc,items:items,processAll:processAll,setallowLoad:setallowLoad};})();__ez.evt.add=function(e,t,n){e.addEventListener?e.addEventListener(t,n,!1):e.attachEvent?e.attachEvent("on"+t,n):e["on"+t]=n()},__ez.evt.remove=function(e,t,n){e.removeEventListener?e.removeEventListener(t,n,!1):e.detachEvent?e.detachEvent("on"+t,n):delete e["on"+t]};__ez.script.add=function(e){var t=document.createElement("script");t.src=e,t.async=!0,t.type="text/javascript",document.getElementsByTagName("head")[0].appendChild(t)};__ez.queue.addFile('/detroitchicago/boise.js', '/detroitchicago/boise.js?gcb=191-6&cb=1', false, [], true, false, true, false);__ez.dot={};__ez.queue.addFile('/detroitchicago/memphis.js', '/detroitchicago/memphis.js?gcb=191-6&cb=2', false, [], true, false, true, false);__ez.queue.addFile('/detroitchicago/minneapolis.js', '/detroitchicago/minneapolis.js?gcb=191-6&cb=1', false, [], true, false, true, false);__ez.vep=(function(){var pixels=[],pxURL="/detroitchicago/grapefruit.gif";function AddPixel(vID,pixelData){if(__ez.dot.isDefined(vID)&&__ez.dot.isValid(pixelData)){pixels.push({type:'video',video_impression_id:vID,domain_id:__ez.dot.getDID(),t_epoch:__ez.dot.getEpoch(0),data:__ez.dot.dataToStr(pixelData)});}}
function Fire(){if(typeof document.visibilityState!=='undefined'&&document.visibilityState==="prerender"){return;}
if(__ez.dot.isDefined(pixels)&&pixels.length>0){while(pixels.length>0){var j=5;if(j>pixels.length){j=pixels.length;}
var pushPixels=pixels.splice(0,j);(new Image()).src=__ez.dot.getURL(pxURL)+"?orig="+(__ez.template.isOrig===true?1:0)+"&v="+btoa(JSON.stringify(pushPixels));}}
pixels=[];}
return{Add:AddPixel,Fire:Fire};})();</script><script data-ezscrex='false' data-cfasync='false' data-pagespeed-no-defer>__ez.pel=(function(){var pixels=[],pxURL="/porpoiseant/army.gif";function AddAndFirePixel(adSlot,pixelData){AddPixel(adSlot,pixelData,0,0,0,0,0);Fire();}
function AddAndFireOrigPixel(adSlot,pixelData){AddPixel(adSlot,pixelData,0,0,0,0,0,true);Fire();}
function GetCurrentPixels(){return pixels;}
function AddPixel(adSlot,pixelData,revenue,est_revenue,bid_floor_filled,bid_floor_prev,stat_source_id,isOrig){if(!__ez.dot.isDefined(adSlot)||__ez.dot.isAnyDefined(adSlot.getSlotElementId,adSlot.ElementId)==false){return;}
var ad_position_id=parseInt(__ez.dot.getTargeting(adSlot,'ap'));var impId=__ez.dot.getSlotIID(adSlot),adUnit=__ez.dot.getAdUnit(adSlot,isOrig);var compId=parseInt(__ez.dot.getTargeting(adSlot,"compid"));var lineItemId=0;var creativeId=0;var ezimData=getEzimData(adSlot);if(typeof ezimData=='object'){if(ezimData.creative_id!==undefined){creativeId=ezimData.creative_id;}
if(ezimData.line_item_id!==undefined){lineItemId=ezimData.line_item_id;}}
if(__ez.dot.isDefined(impId,adUnit)&&__ez.dot.isValid(pixelData)){pixels.push({type:"impression",impression_id:impId,domain_id:__ez.dot.getDID(),unit:adUnit,t_epoch:__ez.dot.getEpoch(0),revenue:revenue,est_revenue:est_revenue,ad_position:ad_position_id,ad_size:"",bid_floor_filled:bid_floor_filled,bid_floor_prev:bid_floor_prev,stat_source_id:stat_source_id,country_code:__ez.dot.getCC(),pageview_id:__ez.dot.getPageviewId(),comp_id:compId,line_item_id:lineItemId,creative_id:creativeId,data:__ez.dot.dataToStr(pixelData),is_orig:isOrig||__ez.template.isOrig,});}}
function AddPixelById(impFullId,pixelData,isOrig){var vals=impFullId.split('/');if(__ez.dot.isDefined(impFullId)&&vals.length===3&&__ez.dot.isValid(pixelData)){var adUnit=vals[0],impId=vals[2];pixels.push({type:"impression",impression_id:impId,domain_id:__ez.dot.getDID(),unit:adUnit,t_epoch:__ez.dot.getEpoch(0),pageview_id:__ez.dot.getPageviewId(),data:__ez.dot.dataToStr(pixelData),is_orig:isOrig||__ez.template.isOrig});}}
function Fire(){if(typeof document.visibilityState!=='undefined'&&document.visibilityState==="prerender")return;if(__ez.dot.isDefined(pixels)&&pixels.length>0){var allPixels=[pixels.filter(function(pixel){return pixel.is_orig}),pixels.filter(function(pixel){return!pixel.is_orig})];allPixels.forEach(function(pixels){while(pixels.length>0){var isOrig=pixels[0].is_orig||false;var j=5;if(j>pixels.length){j=pixels.length;}
var pushPixels=pixels.splice(0,j);var pixelURL=__ez.dot.getURL(pxURL)+"?orig="+(isOrig===true?1:0)+"&sts="+btoa(JSON.stringify(pushPixels));if(typeof window.isAmp!=='undefined'&&isAmp&&typeof window._ezaq!=='undefined'&&_ezaq.hasOwnProperty("domain_id")){pixelURL+="&visit_uuid="+_ezaq['visit_uuid'];}
(new Image()).src=pixelURL;}})}
pixels=[];}
function getEzimData(adSlot){if(typeof _ezim_d=="undefined"){return false}
var adUnitName=__ez.dot.getAdUnitPath(adSlot).split('/').pop();if(typeof _ezim_d==='object'&&_ezim_d.hasOwnProperty(adUnitName)){return _ezim_d[adUnitName];}
for(var ezimKey in _ezim_d){if(ezimKey.split('/').pop()===adUnitName){return _ezim_d[ezimKey];}}
return false;}
return{Add:AddPixel,AddAndFire:AddAndFirePixel,AddAndFireOrig:AddAndFireOrigPixel,AddById:AddPixelById,Fire:Fire,GetPixels:GetCurrentPixels,};})();__ez.queue.addFile('/detroitchicago/raleigh.js', '/detroitchicago/raleigh.js?gcb=191-6&cb=2', false, [], true, false, true, false);__ez.queue.addFile('/detroitchicago/tampa.js', '/detroitchicago/tampa.js?gcb=191-6&cb=1', false, [], true, false, true, false);</script>
<script data-ezscrex="false" type="text/javascript" data-cfasync="false">var _ezaq = {"ad_cache_level":0,"ad_count_adjustment":0,"ad_lazyload_version":0,"ad_location_ids":"","ad_transform_level":0,"adx_ad_count":0,"bidder_method":1,"bidder_version":3,"city":"Noida","country":"IN","days_since_last_visit":-1,"display_ad_count":0,"domain_id":133674,"ds_adsize_opt_id":-1,"engaged_time_visit":0,"ezcache_level":1,"forensiq_score":-1,"form_factor_id":1,"framework_id":1,"has_bad_image":0,"has_bad_words":0,"iab_category":"","is_from_recommended_pages":false,"is_return_visitor":false,"is_sitespeed":0,"last_page_load":"","last_pageview_id":"","lt_cache_level":0,"max_ads":0,"metro_code":0,"optimization_version":1,"page_ad_positions":"","page_view_count":0,"page_view_id":"98ce3cf1-4dd8-4c45-692d-a07731d26fb6","position_selection_id":0,"postal_code":"110091","pv_event_count":0,"response_time_orig":960,"serverid":"65.0.20.100:22132","state":"UP","sub_page_ad_positions":"","t_epoch":1607002893,"template_id":0,"time_on_site_visit":0,"url":"http://dummy.restapiexample.com/api/v1/employee/4525","user_id":0,"word_count":0,"worst_bad_word_level":0};var _ezim_d = null;var _ezat = {"domain_id":133674,"form_factor_id":1,"framework_id":1,"pageview_date":"2020-12-03","pageview_id":"98ce3cf1-4dd8-4c45-692d-a07731d26fb6","template_id":0,"url":"http://dummy.restapiexample.com/api/v1/employee/4525","visit_uuid":"d3ffc711-89c8-4fd2-7024-e97d43f0473d"};</script><script data-ezscrex='false' data-pagespeed-no-defer data-cfasync='false' type="text/javascript">__ez.queue.addFile('banger.js', '/porpoiseant/banger.js?cb=191-6&bv=92&v=35&PageSpeed=off', true, [], true, false, false, true);</script>
<script data-ezscrex="false" data-cfasync="false">(function(){if("function"===typeof window.CustomEvent)return!1;window.CustomEvent=function(c,a){a=a||{bubbles:!1,cancelable:!1,detail:null};var b=document.createEvent("CustomEvent");b.initCustomEvent(c,a.bubbles,a.cancelable,a.detail);return b}})();</script><script data-ezscrex="false" data-cfasync="false">__ez.queue.addFile('/detroitchicago/tulsa.js', '/detroitchicago/tulsa.js?gcb=191-6&cb=5', false, [], true, false, true, false);</script>
        
        <meta name="viewport" content="width=device-width, initial-scale=1">

        <title>Too Many Requests</title>

        <!-- Fonts -->
        <link rel="dns-prefetch" href="//fonts.gstatic.com">
        <link href="https://fonts.googleapis.com/css?family=Nunito" rel="stylesheet">

        <!-- Styles -->
        <style>
            html, body {
                background-color: #fff;
                color: #636b6f;
                font-family: 'Nunito', sans-serif;
                font-weight: 100;
                height: 100vh;
                margin: 0;
            }

            .full-height {
                height: 100vh;
            }

            .flex-center {
                align-items: center;
                display: flex;
                justify-content: center;
            }

            .position-ref {
                position: relative;
            }

            .code {
                border-right: 2px solid;
                font-size: 26px;
                padding: 0 15px 0 15px;
                text-align: center;
            }

            .message {
                font-size: 18px;
                text-align: center;
            }
        </style>
    
<script data-ezscrex="false" data-cfasync="false" type="text/javascript">window.google_analytics_uacct = "UA-131129777-14";</script>
<script data-ezscrex="false" data-cfasync="false" type="text/javascript">
var _gaq = _gaq || [];
_gaq.push(function(){
	_gat._createTracker('UA-131129777-14', 'e');
});
_gaq.push(function(){
	_gat._createTracker('UA-38339005-1', 'f');
});
_gaq.push(['e._setDomainName', 'restapiexample.com']);
_gaq.push(['f._setDomainName', 'restapiexample.com']);
_gaq.push(['e._setCustomVar',1,'template','pub_site_noads',3]);
_gaq.push(['e._setCustomVar',2,'t','147',3]);
_gaq.push(['e._setCustomVar',3,'rid','0',2]);
_gaq.push(['e._setCustomVar',4,'bra','mod1',3]);
_gaq.push(['e._setAllowAnchor',true]);
_gaq.push(['e._setSiteSpeedSampleRate', 10]);
_gaq.push(['f._setCustomVar',1,'template','pub_site_noads',3]);
_gaq.push(['f._setCustomVar',2,'domain','restapiexample.com',3]);
_gaq.push(['f._setSiteSpeedSampleRate', 20]);
_gaq.push(['e._trackPageview']);
_gaq.push(['f._trackPageview']);


(function() {
 var ga = document.createElement('script'); ga.type = 'text/javascript'; ga.async = true;
 ga.src = ('https:' == document.location.protocol ? 'https://ssl' : 'http://www') + '.google-analytics.com/ga.js';
 var s = document.getElementsByTagName('script')[0]; s.parentNode.insertBefore(ga, s);
})();
</script>
<script type="text/javascript">var ezouid = "1";</script><base href="http://dummy.restapiexample.com/api/v1/employee/4525"><script type='text/javascript'>
var ezoTemplate = 'pub_site_noads';
if(typeof ezouid == 'undefined')
{
    var ezouid = 'none';
}
var ezoFormfactor = '1';
var ezo_elements_to_check = Array();
</script><!-- START EZHEAD -->
<script data-ezscrex="false" type='text/javascript'>
var soc_app_id = '0';
var did = 133674;
var ezdomain = 'restapiexample.com';
var ezoicSearchable = 1;
</script>
<!--{jquery}-->
<!-- END EZHEAD -->
<script data-ezscrex='false' data-pagespeed-no-defer data-cfasync='false' type='text/javascript' style='display:none'>
__ez.queue.addFile('__ezf_ezosuigeneris', '//g.ezoic.net/ezosuigeneris.js', true, [], true, false, false, false);
var __ez_ezosuigenerisEvt = function() { if(typeof(ezosuigeneris) != 'undefined'){__ez.bit.AddAndFire(_ezaq['page_view_id'], [(new __ezDotData('universal_user_id', ezosuigeneris))]); }};
__ez.queue.addFunc('__ez_ezosuigenerisEvt', '__ez_ezosuigenerisEvt', null, false, ['__ezf_ezosuigeneris','/detroitchicago/minneapolis.js','/detroitchicago/memphis.js'], false, false, false, false);</script><script data-ezscrex='false' data-pagespeed-no-defer data-cfasync='false' type='text/javascript' style='display:none'>__ez.queue.addFile('__ezf_ezosuigenerisc', '//g.ezoic.net/ezosuigenerisc.js?nogen=1', true, ["/detroitchicago/boise.js"], true, false, false, false);</script>
<script data-ezscrex='false' data-pagespeed-no-defer data-cfasync='false'>
function create_ezolpl(pvID, rv) {
    var d = new Date();
    d.setTime(d.getTime() + (365*24*60*60*1000));
    var expires = "expires="+d.toUTCString();
    __ez.ck.setByCat("ezux_lpl_133674=" + new Date().getTime() + "|" + pvID + "|" + rv + "; " + expires, 3);
}
function attach_ezolpl(pvID, rv) {
    if (document.readyState === "complete") {
        create_ezolpl(pvID, rv);
    }
    if(window.attachEvent) {
        window.attachEvent("onload", create_ezolpl, pvID, rv);
    } else {
        if(window.onload) {
            var curronload = window.onload;
            var newonload = function(evt) {
                curronload(evt);
                create_ezolpl(pvID, rv);
            };
            window.onload = newonload;
        } else {
            window.onload = create_ezolpl.bind(null, pvID, rv);
        }
    }
}

__ez.queue.addFunc("attach_ezolpl", "attach_ezolpl", ["98ce3cf1-4dd8-4c45-692d-a07731d26fb6", "false"], false, ['/detroitchicago/boise.js'], true, false, false, false);
</script></head>
    <body>
        <div class="flex-center position-ref full-height">
            <div class="code">
                429            </div>

            <div class="message" style="padding: 10px;">
                Too Many Requests            </div>
        </div>
    <script type="text/javascript" style='display:none;'>var __ez_dims = (function() {
		var setCookie = function( name, content, expiry ) {
			return document.cookie = name+'='+content+((expiry)?';expires='+(new Date(Math.floor(new Date().getTime()+expiry*1000)).toUTCString()):'')+';path=/';
		};
		var ffid = 1;
		var oh = window.screen.height;
		var ow = window.screen.width;
		var h = ffid === 1 ? oh : (oh > ow) ? oh : ow;
		var w = ffid === 1 ? ow : (oh > ow) ? ow : oh;
		var uh = window.innerHeight || document.documentElement.clientHeight || document.getElementsByTagName('body')[0].clientHeight;
		var uw = window.innerWidth || document.documentElement.clientWidth || document.getElementsByTagName('body')[0].clientWidth;
		setCookie('ezds', encodeURIComponent('ffid='+ffid+',w='+w+',h='+h), (31536e3*7));
		setCookie('ezohw', encodeURIComponent('w='+uw+',h='+uh), (31536e3*7));
	})();</script><script type='text/javascript' style='display:none;' async>
__ez.queue.addFile('edmonton.php', '/detroitchicago/edmonton.webp?a=a&cb=191-6&shcb=34', true, ['/detroitchicago/minneapolis.js'], true, false, false, false);
__ez.queue.addFile('jellyfish.php', '/porpoiseant/jellyfish.webp?a=a&cb=191-6&shcb=34', false, [], true, false, false, false);
</script>

<script type='text/javascript' data-cfasync='false'></script></body>
</html>

featurefiles.sample: -unknown-:5 - no step-definition method match found for: This is precondition step1

19:11:37.675 [Test worker] DEBUG org.apache.velocity - CommonsLogLogChute name is 'org.apache.velocity'
19:11:37.675 [Test worker] DEBUG org.apache.velocity - Initializing Velocity, Calling init()...
19:11:37.675 [Test worker] DEBUG org.apache.velocity - Starting Apache Velocity v1.7 (compiled: 2010-11-19 12:14:37)
19:11:37.675 [Test worker] DEBUG org.apache.velocity - Default Properties File: org\apache\velocity\runtime\defaults\velocity.properties
19:11:37.675 [Test worker] DEBUG org.apache.velocity - Trying to use logger class org.apache.velocity.runtime.log.AvalonLogChute
19:11:37.675 [Test worker] DEBUG org.apache.velocity - Target log system for org.apache.velocity.runtime.log.AvalonLogChute is not available (java.lang.NoClassDefFoundError: org/apache/log/format/Formatter).  Falling back to next log system...
19:11:37.675 [Test worker] DEBUG org.apache.velocity - Trying to use logger class org.apache.velocity.runtime.log.Log4JLogChute
19:11:37.675 [Test worker] DEBUG org.apache.velocity - Target log system for org.apache.velocity.runtime.log.Log4JLogChute is not available (java.lang.NoClassDefFoundError: org/apache/log4j/Layout).  Falling back to next log system...
19:11:37.675 [Test worker] DEBUG org.apache.velocity - Trying to use logger class org.apache.velocity.runtime.log.CommonsLogLogChute
19:11:37.675 [Test worker] DEBUG org.apache.velocity - Using logger class org.apache.velocity.runtime.log.CommonsLogLogChute
19:11:37.675 [Test worker] DEBUG org.apache.velocity - ResourceLoader instantiated: org.apache.velocity.runtime.resource.loader.ClasspathResourceLoader
19:11:37.691 [Test worker] DEBUG org.apache.velocity - ResourceCache: initialized (class org.apache.velocity.runtime.resource.ResourceCacheImpl) with class java.util.Collections$SynchronizedMap cache map.
19:11:37.691 [Test worker] DEBUG org.apache.velocity - Loaded System Directive: org.apache.velocity.runtime.directive.Stop
19:11:37.691 [Test worker] DEBUG org.apache.velocity - Loaded System Directive: org.apache.velocity.runtime.directive.Define
19:11:37.691 [Test worker] DEBUG org.apache.velocity - Loaded System Directive: org.apache.velocity.runtime.directive.Break
19:11:37.691 [Test worker] DEBUG org.apache.velocity - Loaded System Directive: org.apache.velocity.runtime.directive.Evaluate
19:11:37.691 [Test worker] DEBUG org.apache.velocity - Loaded System Directive: org.apache.velocity.runtime.directive.Literal
19:11:37.691 [Test worker] DEBUG org.apache.velocity - Loaded System Directive: org.apache.velocity.runtime.directive.Macro
19:11:37.691 [Test worker] DEBUG org.apache.velocity - Loaded System Directive: org.apache.velocity.runtime.directive.Parse
19:11:37.691 [Test worker] DEBUG org.apache.velocity - Loaded System Directive: org.apache.velocity.runtime.directive.Include
19:11:37.691 [Test worker] DEBUG org.apache.velocity - Loaded System Directive: org.apache.velocity.runtime.directive.Foreach
19:11:37.722 [Test worker] DEBUG org.apache.velocity - Created '20' parsers.
19:11:37.722 [Test worker] DEBUG org.apache.velocity - Velocimacro : "velocimacro.library" is not set.  Trying default library: VM_global_library.vm
19:11:37.722 [Test worker] DEBUG org.apache.velocity - Could not load resource 'VM_global_library.vm' from ResourceLoader org.apache.velocity.runtime.resource.loader.ClasspathResourceLoader: ClasspathResourceLoader Error: cannot find resource VM_global_library.vm
19:11:37.722 [Test worker] DEBUG org.apache.velocity - Velocimacro : Default library not found.
19:11:37.722 [Test worker] DEBUG org.apache.velocity - Velocimacro : allowInline = true : VMs can be defined inline in templates
19:11:37.722 [Test worker] DEBUG org.apache.velocity - Velocimacro : allowInlineToOverride = false : VMs defined inline may NOT replace previous VM definitions
19:11:37.722 [Test worker] DEBUG org.apache.velocity - Velocimacro : allowInlineLocal = false : VMs defined inline will be global in scope if allowed.
19:11:37.722 [Test worker] DEBUG org.apache.velocity - Velocimacro : autoload off : VM system will not automatically reload global library macros
19:11:37.769 [Test worker] DEBUG org.apache.velocity - CommonsLogLogChute name is 'org.apache.velocity'
19:11:37.769 [Test worker] DEBUG org.apache.velocity - Initializing Velocity, Calling init()...
19:11:37.769 [Test worker] DEBUG org.apache.velocity - Starting Apache Velocity v1.7 (compiled: 2010-11-19 12:14:37)
19:11:37.769 [Test worker] DEBUG org.apache.velocity - Default Properties File: org\apache\velocity\runtime\defaults\velocity.properties
19:11:37.769 [Test worker] DEBUG org.apache.velocity - Trying to use logger class org.apache.velocity.runtime.log.AvalonLogChute
19:11:37.769 [Test worker] DEBUG org.apache.velocity - Target log system for org.apache.velocity.runtime.log.AvalonLogChute is not available (java.lang.NoClassDefFoundError: org/apache/log/format/Formatter).  Falling back to next log system...
19:11:37.769 [Test worker] DEBUG org.apache.velocity - Trying to use logger class org.apache.velocity.runtime.log.Log4JLogChute
19:11:37.769 [Test worker] DEBUG org.apache.velocity - Target log system for org.apache.velocity.runtime.log.Log4JLogChute is not available (java.lang.NoClassDefFoundError: org/apache/log4j/Layout).  Falling back to next log system...
19:11:37.769 [Test worker] DEBUG org.apache.velocity - Trying to use logger class org.apache.velocity.runtime.log.CommonsLogLogChute
19:11:37.769 [Test worker] DEBUG org.apache.velocity - Using logger class org.apache.velocity.runtime.log.CommonsLogLogChute
19:11:37.769 [Test worker] DEBUG org.apache.velocity - ResourceLoader instantiated: org.apache.velocity.runtime.resource.loader.ClasspathResourceLoader
19:11:37.769 [Test worker] DEBUG org.apache.velocity - ResourceCache: initialized (class org.apache.velocity.runtime.resource.ResourceCacheImpl) with class java.util.Collections$SynchronizedMap cache map.
19:11:37.769 [Test worker] DEBUG org.apache.velocity - Loaded System Directive: org.apache.velocity.runtime.directive.Stop
19:11:37.769 [Test worker] DEBUG org.apache.velocity - Loaded System Directive: org.apache.velocity.runtime.directive.Define
19:11:37.769 [Test worker] DEBUG org.apache.velocity - Loaded System Directive: org.apache.velocity.runtime.directive.Break
19:11:37.769 [Test worker] DEBUG org.apache.velocity - Loaded System Directive: org.apache.velocity.runtime.directive.Evaluate
19:11:37.769 [Test worker] DEBUG org.apache.velocity - Loaded System Directive: org.apache.velocity.runtime.directive.Literal
19:11:37.769 [Test worker] DEBUG org.apache.velocity - Loaded System Directive: org.apache.velocity.runtime.directive.Macro
19:11:37.769 [Test worker] DEBUG org.apache.velocity - Loaded System Directive: org.apache.velocity.runtime.directive.Parse
19:11:37.769 [Test worker] DEBUG org.apache.velocity - Loaded System Directive: org.apache.velocity.runtime.directive.Include
19:11:37.769 [Test worker] DEBUG org.apache.velocity - Loaded System Directive: org.apache.velocity.runtime.directive.Foreach
19:11:37.769 [Test worker] DEBUG org.apache.velocity - Created '20' parsers.
19:11:37.769 [Test worker] DEBUG org.apache.velocity - Velocimacro : "velocimacro.library" is not set.  Trying default library: VM_global_library.vm
19:11:37.769 [Test worker] DEBUG org.apache.velocity - Could not load resource 'VM_global_library.vm' from ResourceLoader org.apache.velocity.runtime.resource.loader.ClasspathResourceLoader: ClasspathResourceLoader Error: cannot find resource VM_global_library.vm
19:11:37.769 [Test worker] DEBUG org.apache.velocity - Velocimacro : Default library not found.
19:11:37.769 [Test worker] DEBUG org.apache.velocity - Velocimacro : allowInline = true : VMs can be defined inline in templates
19:11:37.769 [Test worker] DEBUG org.apache.velocity - Velocimacro : allowInlineToOverride = false : VMs defined inline may NOT replace previous VM definitions
19:11:37.769 [Test worker] DEBUG org.apache.velocity - Velocimacro : allowInlineLocal = false : VMs defined inline will be global in scope if allowed.
19:11:37.769 [Test worker] DEBUG org.apache.velocity - Velocimacro : autoload off : VM system will not automatically reload global library macros
19:11:37.784 [Test worker] DEBUG org.apache.velocity - CommonsLogLogChute name is 'org.apache.velocity'
19:11:37.784 [Test worker] DEBUG org.apache.velocity - Initializing Velocity, Calling init()...
19:11:37.784 [Test worker] DEBUG org.apache.velocity - Starting Apache Velocity v1.7 (compiled: 2010-11-19 12:14:37)
19:11:37.784 [Test worker] DEBUG org.apache.velocity - Default Properties File: org\apache\velocity\runtime\defaults\velocity.properties
19:11:37.784 [Test worker] DEBUG org.apache.velocity - Trying to use logger class org.apache.velocity.runtime.log.AvalonLogChute
19:11:37.784 [Test worker] DEBUG org.apache.velocity - Target log system for org.apache.velocity.runtime.log.AvalonLogChute is not available (java.lang.NoClassDefFoundError: org/apache/log/format/Formatter).  Falling back to next log system...
19:11:37.784 [Test worker] DEBUG org.apache.velocity - Trying to use logger class org.apache.velocity.runtime.log.Log4JLogChute
19:11:37.784 [Test worker] DEBUG org.apache.velocity - Target log system for org.apache.velocity.runtime.log.Log4JLogChute is not available (java.lang.NoClassDefFoundError: org/apache/log4j/Layout).  Falling back to next log system...
19:11:37.784 [Test worker] DEBUG org.apache.velocity - Trying to use logger class org.apache.velocity.runtime.log.CommonsLogLogChute
19:11:37.784 [Test worker] DEBUG org.apache.velocity - Using logger class org.apache.velocity.runtime.log.CommonsLogLogChute
19:11:37.784 [Test worker] DEBUG org.apache.velocity - ResourceLoader instantiated: org.apache.velocity.runtime.resource.loader.ClasspathResourceLoader
19:11:37.784 [Test worker] DEBUG org.apache.velocity - ResourceCache: initialized (class org.apache.velocity.runtime.resource.ResourceCacheImpl) with class java.util.Collections$SynchronizedMap cache map.
19:11:37.784 [Test worker] DEBUG org.apache.velocity - Loaded System Directive: org.apache.velocity.runtime.directive.Stop
19:11:37.784 [Test worker] DEBUG org.apache.velocity - Loaded System Directive: org.apache.velocity.runtime.directive.Define
19:11:37.784 [Test worker] DEBUG org.apache.velocity - Loaded System Directive: org.apache.velocity.runtime.directive.Break
19:11:37.784 [Test worker] DEBUG org.apache.velocity - Loaded System Directive: org.apache.velocity.runtime.directive.Evaluate
19:11:37.784 [Test worker] DEBUG org.apache.velocity - Loaded System Directive: org.apache.velocity.runtime.directive.Literal
19:11:37.784 [Test worker] DEBUG org.apache.velocity - Loaded System Directive: org.apache.velocity.runtime.directive.Macro
19:11:37.784 [Test worker] DEBUG org.apache.velocity - Loaded System Directive: org.apache.velocity.runtime.directive.Parse
19:11:37.784 [Test worker] DEBUG org.apache.velocity - Loaded System Directive: org.apache.velocity.runtime.directive.Include
19:11:37.784 [Test worker] DEBUG org.apache.velocity - Loaded System Directive: org.apache.velocity.runtime.directive.Foreach
19:11:37.784 [Test worker] DEBUG org.apache.velocity - Created '20' parsers.
19:11:37.784 [Test worker] DEBUG org.apache.velocity - Velocimacro : "velocimacro.library" is not set.  Trying default library: VM_global_library.vm
19:11:37.784 [Test worker] DEBUG org.apache.velocity - Could not load resource 'VM_global_library.vm' from ResourceLoader org.apache.velocity.runtime.resource.loader.ClasspathResourceLoader: ClasspathResourceLoader Error: cannot find resource VM_global_library.vm
19:11:37.784 [Test worker] DEBUG org.apache.velocity - Velocimacro : Default library not found.
19:11:37.784 [Test worker] DEBUG org.apache.velocity - Velocimacro : allowInline = true : VMs can be defined inline in templates
19:11:37.784 [Test worker] DEBUG org.apache.velocity - Velocimacro : allowInlineToOverride = false : VMs defined inline may NOT replace previous VM definitions
19:11:37.784 [Test worker] DEBUG org.apache.velocity - Velocimacro : allowInlineLocal = false : VMs defined inline will be global in scope if allowed.
19:11:37.784 [Test worker] DEBUG org.apache.velocity - Velocimacro : autoload off : VM system will not automatically reload global library macros
19:11:37.784 [Test worker] DEBUG org.apache.velocity - CommonsLogLogChute name is 'org.apache.velocity'
19:11:37.784 [Test worker] DEBUG org.apache.velocity - Initializing Velocity, Calling init()...
19:11:37.784 [Test worker] DEBUG org.apache.velocity - Starting Apache Velocity v1.7 (compiled: 2010-11-19 12:14:37)
19:11:37.784 [Test worker] DEBUG org.apache.velocity - Default Properties File: org\apache\velocity\runtime\defaults\velocity.properties
19:11:37.784 [Test worker] DEBUG org.apache.velocity - Trying to use logger class org.apache.velocity.runtime.log.AvalonLogChute
19:11:37.784 [Test worker] DEBUG org.apache.velocity - Target log system for org.apache.velocity.runtime.log.AvalonLogChute is not available (java.lang.NoClassDefFoundError: org/apache/log/format/Formatter).  Falling back to next log system...
19:11:37.784 [Test worker] DEBUG org.apache.velocity - Trying to use logger class org.apache.velocity.runtime.log.Log4JLogChute
19:11:37.784 [Test worker] DEBUG org.apache.velocity - Target log system for org.apache.velocity.runtime.log.Log4JLogChute is not available (java.lang.NoClassDefFoundError: org/apache/log4j/Layout).  Falling back to next log system...
19:11:37.784 [Test worker] DEBUG org.apache.velocity - Trying to use logger class org.apache.velocity.runtime.log.CommonsLogLogChute
19:11:37.784 [Test worker] DEBUG org.apache.velocity - Using logger class org.apache.velocity.runtime.log.CommonsLogLogChute
19:11:37.784 [Test worker] DEBUG org.apache.velocity - ResourceLoader instantiated: org.apache.velocity.runtime.resource.loader.ClasspathResourceLoader
19:11:37.784 [Test worker] DEBUG org.apache.velocity - ResourceCache: initialized (class org.apache.velocity.runtime.resource.ResourceCacheImpl) with class java.util.Collections$SynchronizedMap cache map.
19:11:37.784 [Test worker] DEBUG org.apache.velocity - Loaded System Directive: org.apache.velocity.runtime.directive.Stop
19:11:37.784 [Test worker] DEBUG org.apache.velocity - Loaded System Directive: org.apache.velocity.runtime.directive.Define
19:11:37.784 [Test worker] DEBUG org.apache.velocity - Loaded System Directive: org.apache.velocity.runtime.directive.Break
19:11:37.784 [Test worker] DEBUG org.apache.velocity - Loaded System Directive: org.apache.velocity.runtime.directive.Evaluate
19:11:37.784 [Test worker] DEBUG org.apache.velocity - Loaded System Directive: org.apache.velocity.runtime.directive.Literal
19:11:37.784 [Test worker] DEBUG org.apache.velocity - Loaded System Directive: org.apache.velocity.runtime.directive.Macro
19:11:37.784 [Test worker] DEBUG org.apache.velocity - Loaded System Directive: org.apache.velocity.runtime.directive.Parse
19:11:37.784 [Test worker] DEBUG org.apache.velocity - Loaded System Directive: org.apache.velocity.runtime.directive.Include
19:11:37.784 [Test worker] DEBUG org.apache.velocity - Loaded System Directive: org.apache.velocity.runtime.directive.Foreach
19:11:37.784 [Test worker] DEBUG org.apache.velocity - Created '20' parsers.
19:11:37.784 [Test worker] DEBUG org.apache.velocity - Velocimacro : "velocimacro.library" is not set.  Trying default library: VM_global_library.vm
19:11:37.784 [Test worker] DEBUG org.apache.velocity - Could not load resource 'VM_global_library.vm' from ResourceLoader org.apache.velocity.runtime.resource.loader.ClasspathResourceLoader: ClasspathResourceLoader Error: cannot find resource VM_global_library.vm
19:11:37.784 [Test worker] DEBUG org.apache.velocity - Velocimacro : Default library not found.
19:11:37.784 [Test worker] DEBUG org.apache.velocity - Velocimacro : allowInline = true : VMs can be defined inline in templates
19:11:37.784 [Test worker] DEBUG org.apache.velocity - Velocimacro : allowInlineToOverride = false : VMs defined inline may NOT replace previous VM definitions
19:11:37.784 [Test worker] DEBUG org.apache.velocity - Velocimacro : allowInlineLocal = false : VMs defined inline will be global in scope if allowed.
19:11:37.784 [Test worker] DEBUG org.apache.velocity - Velocimacro : autoload off : VM system will not automatically reload global library macros
19:11:37.784 [Test worker] DEBUG org.apache.velocity - CommonsLogLogChute name is 'org.apache.velocity'
19:11:37.784 [Test worker] DEBUG org.apache.velocity - Initializing Velocity, Calling init()...
19:11:37.784 [Test worker] DEBUG org.apache.velocity - Starting Apache Velocity v1.7 (compiled: 2010-11-19 12:14:37)
19:11:37.784 [Test worker] DEBUG org.apache.velocity - Default Properties File: org\apache\velocity\runtime\defaults\velocity.properties
19:11:37.784 [Test worker] DEBUG org.apache.velocity - Trying to use logger class org.apache.velocity.runtime.log.AvalonLogChute
19:11:37.784 [Test worker] DEBUG org.apache.velocity - Target log system for org.apache.velocity.runtime.log.AvalonLogChute is not available (java.lang.NoClassDefFoundError: org/apache/log/format/Formatter).  Falling back to next log system...
19:11:37.784 [Test worker] DEBUG org.apache.velocity - Trying to use logger class org.apache.velocity.runtime.log.Log4JLogChute
19:11:37.784 [Test worker] DEBUG org.apache.velocity - Target log system for org.apache.velocity.runtime.log.Log4JLogChute is not available (java.lang.NoClassDefFoundError: org/apache/log4j/Layout).  Falling back to next log system...
19:11:37.784 [Test worker] DEBUG org.apache.velocity - Trying to use logger class org.apache.velocity.runtime.log.CommonsLogLogChute
19:11:37.784 [Test worker] DEBUG org.apache.velocity - Using logger class org.apache.velocity.runtime.log.CommonsLogLogChute
19:11:37.784 [Test worker] DEBUG org.apache.velocity - ResourceLoader instantiated: org.apache.velocity.runtime.resource.loader.ClasspathResourceLoader
19:11:37.784 [Test worker] DEBUG org.apache.velocity - ResourceCache: initialized (class org.apache.velocity.runtime.resource.ResourceCacheImpl) with class java.util.Collections$SynchronizedMap cache map.
19:11:37.784 [Test worker] DEBUG org.apache.velocity - Loaded System Directive: org.apache.velocity.runtime.directive.Stop
19:11:37.784 [Test worker] DEBUG org.apache.velocity - Loaded System Directive: org.apache.velocity.runtime.directive.Define
19:11:37.784 [Test worker] DEBUG org.apache.velocity - Loaded System Directive: org.apache.velocity.runtime.directive.Break
19:11:37.784 [Test worker] DEBUG org.apache.velocity - Loaded System Directive: org.apache.velocity.runtime.directive.Evaluate
19:11:37.784 [Test worker] DEBUG org.apache.velocity - Loaded System Directive: org.apache.velocity.runtime.directive.Literal
19:11:37.784 [Test worker] DEBUG org.apache.velocity - Loaded System Directive: org.apache.velocity.runtime.directive.Macro
19:11:37.784 [Test worker] DEBUG org.apache.velocity - Loaded System Directive: org.apache.velocity.runtime.directive.Parse
19:11:37.784 [Test worker] DEBUG org.apache.velocity - Loaded System Directive: org.apache.velocity.runtime.directive.Include
19:11:37.784 [Test worker] DEBUG org.apache.velocity - Loaded System Directive: org.apache.velocity.runtime.directive.Foreach
19:11:37.784 [Test worker] DEBUG org.apache.velocity - Created '20' parsers.
19:11:37.784 [Test worker] DEBUG org.apache.velocity - Velocimacro : "velocimacro.library" is not set.  Trying default library: VM_global_library.vm
19:11:37.784 [Test worker] DEBUG org.apache.velocity - Could not load resource 'VM_global_library.vm' from ResourceLoader org.apache.velocity.runtime.resource.loader.ClasspathResourceLoader: ClasspathResourceLoader Error: cannot find resource VM_global_library.vm
19:11:37.784 [Test worker] DEBUG org.apache.velocity - Velocimacro : Default library not found.
19:11:37.784 [Test worker] DEBUG org.apache.velocity - Velocimacro : allowInline = true : VMs can be defined inline in templates
19:11:37.784 [Test worker] DEBUG org.apache.velocity - Velocimacro : allowInlineToOverride = false : VMs defined inline may NOT replace previous VM definitions
19:11:37.784 [Test worker] DEBUG org.apache.velocity - Velocimacro : allowInlineLocal = false : VMs defined inline will be global in scope if allowed.
19:11:37.784 [Test worker] DEBUG org.apache.velocity - Velocimacro : autoload off : VM system will not automatically reload global library macros
19:11:37.784 [Test worker] DEBUG org.apache.velocity - CommonsLogLogChute name is 'org.apache.velocity'
19:11:37.784 [Test worker] DEBUG org.apache.velocity - Initializing Velocity, Calling init()...
19:11:37.784 [Test worker] DEBUG org.apache.velocity - Starting Apache Velocity v1.7 (compiled: 2010-11-19 12:14:37)
19:11:37.784 [Test worker] DEBUG org.apache.velocity - Default Properties File: org\apache\velocity\runtime\defaults\velocity.properties
19:11:37.784 [Test worker] DEBUG org.apache.velocity - Trying to use logger class org.apache.velocity.runtime.log.AvalonLogChute
19:11:37.784 [Test worker] DEBUG org.apache.velocity - Target log system for org.apache.velocity.runtime.log.AvalonLogChute is not available (java.lang.NoClassDefFoundError: org/apache/log/format/Formatter).  Falling back to next log system...
19:11:37.784 [Test worker] DEBUG org.apache.velocity - Trying to use logger class org.apache.velocity.runtime.log.Log4JLogChute
19:11:37.784 [Test worker] DEBUG org.apache.velocity - Target log system for org.apache.velocity.runtime.log.Log4JLogChute is not available (java.lang.NoClassDefFoundError: org/apache/log4j/Layout).  Falling back to next log system...
19:11:37.784 [Test worker] DEBUG org.apache.velocity - Trying to use logger class org.apache.velocity.runtime.log.CommonsLogLogChute
19:11:37.784 [Test worker] DEBUG org.apache.velocity - Using logger class org.apache.velocity.runtime.log.CommonsLogLogChute
19:11:37.784 [Test worker] DEBUG org.apache.velocity - ResourceLoader instantiated: org.apache.velocity.runtime.resource.loader.ClasspathResourceLoader
19:11:37.784 [Test worker] DEBUG org.apache.velocity - ResourceCache: initialized (class org.apache.velocity.runtime.resource.ResourceCacheImpl) with class java.util.Collections$SynchronizedMap cache map.
19:11:37.784 [Test worker] DEBUG org.apache.velocity - Loaded System Directive: org.apache.velocity.runtime.directive.Stop
19:11:37.784 [Test worker] DEBUG org.apache.velocity - Loaded System Directive: org.apache.velocity.runtime.directive.Define
19:11:37.784 [Test worker] DEBUG org.apache.velocity - Loaded System Directive: org.apache.velocity.runtime.directive.Break
19:11:37.784 [Test worker] DEBUG org.apache.velocity - Loaded System Directive: org.apache.velocity.runtime.directive.Evaluate
19:11:37.784 [Test worker] DEBUG org.apache.velocity - Loaded System Directive: org.apache.velocity.runtime.directive.Literal
19:11:37.784 [Test worker] DEBUG org.apache.velocity - Loaded System Directive: org.apache.velocity.runtime.directive.Macro
19:11:37.784 [Test worker] DEBUG org.apache.velocity - Loaded System Directive: org.apache.velocity.runtime.directive.Parse
19:11:37.784 [Test worker] DEBUG org.apache.velocity - Loaded System Directive: org.apache.velocity.runtime.directive.Include
19:11:37.784 [Test worker] DEBUG org.apache.velocity - Loaded System Directive: org.apache.velocity.runtime.directive.Foreach
19:11:37.784 [Test worker] DEBUG org.apache.velocity - Created '20' parsers.
19:11:37.784 [Test worker] DEBUG org.apache.velocity - Velocimacro : "velocimacro.library" is not set.  Trying default library: VM_global_library.vm
19:11:37.784 [Test worker] DEBUG org.apache.velocity - Could not load resource 'VM_global_library.vm' from ResourceLoader org.apache.velocity.runtime.resource.loader.ClasspathResourceLoader: ClasspathResourceLoader Error: cannot find resource VM_global_library.vm
19:11:37.784 [Test worker] DEBUG org.apache.velocity - Velocimacro : Default library not found.
19:11:37.784 [Test worker] DEBUG org.apache.velocity - Velocimacro : allowInline = true : VMs can be defined inline in templates
19:11:37.784 [Test worker] DEBUG org.apache.velocity - Velocimacro : allowInlineToOverride = false : VMs defined inline may NOT replace previous VM definitions
19:11:37.784 [Test worker] DEBUG org.apache.velocity - Velocimacro : allowInlineLocal = false : VMs defined inline will be global in scope if allowed.
19:11:37.784 [Test worker] DEBUG org.apache.velocity - Velocimacro : autoload off : VM system will not automatically reload global library macros
19:11:37.784 [Test worker] DEBUG org.apache.velocity - CommonsLogLogChute name is 'org.apache.velocity'
19:11:37.784 [Test worker] DEBUG org.apache.velocity - Initializing Velocity, Calling init()...
19:11:37.784 [Test worker] DEBUG org.apache.velocity - Starting Apache Velocity v1.7 (compiled: 2010-11-19 12:14:37)
19:11:37.784 [Test worker] DEBUG org.apache.velocity - Default Properties File: org\apache\velocity\runtime\defaults\velocity.properties
19:11:37.784 [Test worker] DEBUG org.apache.velocity - Trying to use logger class org.apache.velocity.runtime.log.AvalonLogChute
19:11:37.784 [Test worker] DEBUG org.apache.velocity - Target log system for org.apache.velocity.runtime.log.AvalonLogChute is not available (java.lang.NoClassDefFoundError: org/apache/log/format/Formatter).  Falling back to next log system...
19:11:37.784 [Test worker] DEBUG org.apache.velocity - Trying to use logger class org.apache.velocity.runtime.log.Log4JLogChute
19:11:37.784 [Test worker] DEBUG org.apache.velocity - Target log system for org.apache.velocity.runtime.log.Log4JLogChute is not available (java.lang.NoClassDefFoundError: org/apache/log4j/Layout).  Falling back to next log system...
19:11:37.784 [Test worker] DEBUG org.apache.velocity - Trying to use logger class org.apache.velocity.runtime.log.CommonsLogLogChute
19:11:37.784 [Test worker] DEBUG org.apache.velocity - Using logger class org.apache.velocity.runtime.log.CommonsLogLogChute
19:11:37.784 [Test worker] DEBUG org.apache.velocity - ResourceLoader instantiated: org.apache.velocity.runtime.resource.loader.ClasspathResourceLoader
19:11:37.784 [Test worker] DEBUG org.apache.velocity - ResourceCache: initialized (class org.apache.velocity.runtime.resource.ResourceCacheImpl) with class java.util.Collections$SynchronizedMap cache map.
19:11:37.784 [Test worker] DEBUG org.apache.velocity - Loaded System Directive: org.apache.velocity.runtime.directive.Stop
19:11:37.784 [Test worker] DEBUG org.apache.velocity - Loaded System Directive: org.apache.velocity.runtime.directive.Define
19:11:37.784 [Test worker] DEBUG org.apache.velocity - Loaded System Directive: org.apache.velocity.runtime.directive.Break
19:11:37.784 [Test worker] DEBUG org.apache.velocity - Loaded System Directive: org.apache.velocity.runtime.directive.Evaluate
19:11:37.784 [Test worker] DEBUG org.apache.velocity - Loaded System Directive: org.apache.velocity.runtime.directive.Literal
19:11:37.784 [Test worker] DEBUG org.apache.velocity - Loaded System Directive: org.apache.velocity.runtime.directive.Macro
19:11:37.784 [Test worker] DEBUG org.apache.velocity - Loaded System Directive: org.apache.velocity.runtime.directive.Parse
19:11:37.784 [Test worker] DEBUG org.apache.velocity - Loaded System Directive: org.apache.velocity.runtime.directive.Include
19:11:37.784 [Test worker] DEBUG org.apache.velocity - Loaded System Directive: org.apache.velocity.runtime.directive.Foreach
19:11:37.784 [Test worker] DEBUG org.apache.velocity - Created '20' parsers.
19:11:37.784 [Test worker] DEBUG org.apache.velocity - Velocimacro : "velocimacro.library" is not set.  Trying default library: VM_global_library.vm
19:11:37.784 [Test worker] DEBUG org.apache.velocity - Could not load resource 'VM_global_library.vm' from ResourceLoader org.apache.velocity.runtime.resource.loader.ClasspathResourceLoader: ClasspathResourceLoader Error: cannot find resource VM_global_library.vm
19:11:37.784 [Test worker] DEBUG org.apache.velocity - Velocimacro : Default library not found.
19:11:37.784 [Test worker] DEBUG org.apache.velocity - Velocimacro : allowInline = true : VMs can be defined inline in templates
19:11:37.784 [Test worker] DEBUG org.apache.velocity - Velocimacro : allowInlineToOverride = false : VMs defined inline may NOT replace previous VM definitions
19:11:37.784 [Test worker] DEBUG org.apache.velocity - Velocimacro : allowInlineLocal = false : VMs defined inline will be global in scope if allowed.
19:11:37.784 [Test worker] DEBUG org.apache.velocity - Velocimacro : autoload off : VM system will not automatically reload global library macros
19:11:37.800 [Test worker] DEBUG org.apache.velocity - CommonsLogLogChute name is 'org.apache.velocity'
19:11:37.800 [Test worker] DEBUG org.apache.velocity - Initializing Velocity, Calling init()...
19:11:37.800 [Test worker] DEBUG org.apache.velocity - Starting Apache Velocity v1.7 (compiled: 2010-11-19 12:14:37)
19:11:37.800 [Test worker] DEBUG org.apache.velocity - Default Properties File: org\apache\velocity\runtime\defaults\velocity.properties
19:11:37.800 [Test worker] DEBUG org.apache.velocity - Trying to use logger class org.apache.velocity.runtime.log.AvalonLogChute
19:11:37.800 [Test worker] DEBUG org.apache.velocity - Target log system for org.apache.velocity.runtime.log.AvalonLogChute is not available (java.lang.NoClassDefFoundError: org/apache/log/format/Formatter).  Falling back to next log system...
19:11:37.800 [Test worker] DEBUG org.apache.velocity - Trying to use logger class org.apache.velocity.runtime.log.Log4JLogChute
19:11:37.800 [Test worker] DEBUG org.apache.velocity - Target log system for org.apache.velocity.runtime.log.Log4JLogChute is not available (java.lang.NoClassDefFoundError: org/apache/log4j/Layout).  Falling back to next log system...
19:11:37.800 [Test worker] DEBUG org.apache.velocity - Trying to use logger class org.apache.velocity.runtime.log.CommonsLogLogChute
19:11:37.800 [Test worker] DEBUG org.apache.velocity - Using logger class org.apache.velocity.runtime.log.CommonsLogLogChute
19:11:37.800 [Test worker] DEBUG org.apache.velocity - ResourceLoader instantiated: org.apache.velocity.runtime.resource.loader.ClasspathResourceLoader
19:11:37.800 [Test worker] DEBUG org.apache.velocity - ResourceCache: initialized (class org.apache.velocity.runtime.resource.ResourceCacheImpl) with class java.util.Collections$SynchronizedMap cache map.
19:11:37.800 [Test worker] DEBUG org.apache.velocity - Loaded System Directive: org.apache.velocity.runtime.directive.Stop
19:11:37.800 [Test worker] DEBUG org.apache.velocity - Loaded System Directive: org.apache.velocity.runtime.directive.Define
19:11:37.800 [Test worker] DEBUG org.apache.velocity - Loaded System Directive: org.apache.velocity.runtime.directive.Break
19:11:37.800 [Test worker] DEBUG org.apache.velocity - Loaded System Directive: org.apache.velocity.runtime.directive.Evaluate
19:11:37.800 [Test worker] DEBUG org.apache.velocity - Loaded System Directive: org.apache.velocity.runtime.directive.Literal
19:11:37.800 [Test worker] DEBUG org.apache.velocity - Loaded System Directive: org.apache.velocity.runtime.directive.Macro
19:11:37.800 [Test worker] DEBUG org.apache.velocity - Loaded System Directive: org.apache.velocity.runtime.directive.Parse
19:11:37.800 [Test worker] DEBUG org.apache.velocity - Loaded System Directive: org.apache.velocity.runtime.directive.Include
19:11:37.800 [Test worker] DEBUG org.apache.velocity - Loaded System Directive: org.apache.velocity.runtime.directive.Foreach
19:11:37.800 [Test worker] DEBUG org.apache.velocity - Created '20' parsers.
19:11:37.800 [Test worker] DEBUG org.apache.velocity - Velocimacro : "velocimacro.library" is not set.  Trying default library: VM_global_library.vm
19:11:37.800 [Test worker] DEBUG org.apache.velocity - Could not load resource 'VM_global_library.vm' from ResourceLoader org.apache.velocity.runtime.resource.loader.ClasspathResourceLoader: ClasspathResourceLoader Error: cannot find resource VM_global_library.vm
19:11:37.800 [Test worker] DEBUG org.apache.velocity - Velocimacro : Default library not found.
19:11:37.800 [Test worker] DEBUG org.apache.velocity - Velocimacro : allowInline = true : VMs can be defined inline in templates
19:11:37.800 [Test worker] DEBUG org.apache.velocity - Velocimacro : allowInlineToOverride = false : VMs defined inline may NOT replace previous VM definitions
19:11:37.800 [Test worker] DEBUG org.apache.velocity - Velocimacro : allowInlineLocal = false : VMs defined inline will be global in scope if allowed.
19:11:37.800 [Test worker] DEBUG org.apache.velocity - Velocimacro : autoload off : VM system will not automatically reload global library macros
19:11:37.800 [Test worker] DEBUG org.apache.velocity - CommonsLogLogChute name is 'org.apache.velocity'
19:11:37.800 [Test worker] DEBUG org.apache.velocity - Initializing Velocity, Calling init()...
19:11:37.800 [Test worker] DEBUG org.apache.velocity - Starting Apache Velocity v1.7 (compiled: 2010-11-19 12:14:37)
19:11:37.800 [Test worker] DEBUG org.apache.velocity - Default Properties File: org\apache\velocity\runtime\defaults\velocity.properties
19:11:37.800 [Test worker] DEBUG org.apache.velocity - Trying to use logger class org.apache.velocity.runtime.log.AvalonLogChute
19:11:37.800 [Test worker] DEBUG org.apache.velocity - Target log system for org.apache.velocity.runtime.log.AvalonLogChute is not available (java.lang.NoClassDefFoundError: org/apache/log/format/Formatter).  Falling back to next log system...
19:11:37.800 [Test worker] DEBUG org.apache.velocity - Trying to use logger class org.apache.velocity.runtime.log.Log4JLogChute
19:11:37.800 [Test worker] DEBUG org.apache.velocity - Target log system for org.apache.velocity.runtime.log.Log4JLogChute is not available (java.lang.NoClassDefFoundError: org/apache/log4j/Layout).  Falling back to next log system...
19:11:37.800 [Test worker] DEBUG org.apache.velocity - Trying to use logger class org.apache.velocity.runtime.log.CommonsLogLogChute
19:11:37.800 [Test worker] DEBUG org.apache.velocity - Using logger class org.apache.velocity.runtime.log.CommonsLogLogChute
19:11:37.800 [Test worker] DEBUG org.apache.velocity - ResourceLoader instantiated: org.apache.velocity.runtime.resource.loader.ClasspathResourceLoader
19:11:37.800 [Test worker] DEBUG org.apache.velocity - ResourceCache: initialized (class org.apache.velocity.runtime.resource.ResourceCacheImpl) with class java.util.Collections$SynchronizedMap cache map.
19:11:37.800 [Test worker] DEBUG org.apache.velocity - Loaded System Directive: org.apache.velocity.runtime.directive.Stop
19:11:37.800 [Test worker] DEBUG org.apache.velocity - Loaded System Directive: org.apache.velocity.runtime.directive.Define
19:11:37.800 [Test worker] DEBUG org.apache.velocity - Loaded System Directive: org.apache.velocity.runtime.directive.Break
19:11:37.800 [Test worker] DEBUG org.apache.velocity - Loaded System Directive: org.apache.velocity.runtime.directive.Evaluate
19:11:37.800 [Test worker] DEBUG org.apache.velocity - Loaded System Directive: org.apache.velocity.runtime.directive.Literal
19:11:37.800 [Test worker] DEBUG org.apache.velocity - Loaded System Directive: org.apache.velocity.runtime.directive.Macro
19:11:37.800 [Test worker] DEBUG org.apache.velocity - Loaded System Directive: org.apache.velocity.runtime.directive.Parse
19:11:37.800 [Test worker] DEBUG org.apache.velocity - Loaded System Directive: org.apache.velocity.runtime.directive.Include
19:11:37.800 [Test worker] DEBUG org.apache.velocity - Loaded System Directive: org.apache.velocity.runtime.directive.Foreach
19:11:37.800 [Test worker] DEBUG org.apache.velocity - Created '20' parsers.
19:11:37.800 [Test worker] DEBUG org.apache.velocity - Velocimacro : "velocimacro.library" is not set.  Trying default library: VM_global_library.vm
19:11:37.800 [Test worker] DEBUG org.apache.velocity - Could not load resource 'VM_global_library.vm' from ResourceLoader org.apache.velocity.runtime.resource.loader.ClasspathResourceLoader: ClasspathResourceLoader Error: cannot find resource VM_global_library.vm
19:11:37.800 [Test worker] DEBUG org.apache.velocity - Velocimacro : Default library not found.
19:11:37.800 [Test worker] DEBUG org.apache.velocity - Velocimacro : allowInline = true : VMs can be defined inline in templates
19:11:37.800 [Test worker] DEBUG org.apache.velocity - Velocimacro : allowInlineToOverride = false : VMs defined inline may NOT replace previous VM definitions
19:11:37.800 [Test worker] DEBUG org.apache.velocity - Velocimacro : allowInlineLocal = false : VMs defined inline will be global in scope if allowed.
19:11:37.800 [Test worker] DEBUG org.apache.velocity - Velocimacro : autoload off : VM system will not automatically reload global library macros
19:11:37.800 [Test worker] DEBUG org.apache.velocity - CommonsLogLogChute name is 'org.apache.velocity'
19:11:37.800 [Test worker] DEBUG org.apache.velocity - Initializing Velocity, Calling init()...
19:11:37.800 [Test worker] DEBUG org.apache.velocity - Starting Apache Velocity v1.7 (compiled: 2010-11-19 12:14:37)
19:11:37.800 [Test worker] DEBUG org.apache.velocity - Default Properties File: org\apache\velocity\runtime\defaults\velocity.properties
19:11:37.800 [Test worker] DEBUG org.apache.velocity - Trying to use logger class org.apache.velocity.runtime.log.AvalonLogChute
19:11:37.800 [Test worker] DEBUG org.apache.velocity - Target log system for org.apache.velocity.runtime.log.AvalonLogChute is not available (java.lang.NoClassDefFoundError: org/apache/log/format/Formatter).  Falling back to next log system...
19:11:37.800 [Test worker] DEBUG org.apache.velocity - Trying to use logger class org.apache.velocity.runtime.log.Log4JLogChute
19:11:37.800 [Test worker] DEBUG org.apache.velocity - Target log system for org.apache.velocity.runtime.log.Log4JLogChute is not available (java.lang.NoClassDefFoundError: org/apache/log4j/Layout).  Falling back to next log system...
19:11:37.800 [Test worker] DEBUG org.apache.velocity - Trying to use logger class org.apache.velocity.runtime.log.CommonsLogLogChute
19:11:37.800 [Test worker] DEBUG org.apache.velocity - Using logger class org.apache.velocity.runtime.log.CommonsLogLogChute
19:11:37.800 [Test worker] DEBUG org.apache.velocity - ResourceLoader instantiated: org.apache.velocity.runtime.resource.loader.ClasspathResourceLoader
19:11:37.800 [Test worker] DEBUG org.apache.velocity - ResourceCache: initialized (class org.apache.velocity.runtime.resource.ResourceCacheImpl) with class java.util.Collections$SynchronizedMap cache map.
19:11:37.800 [Test worker] DEBUG org.apache.velocity - Loaded System Directive: org.apache.velocity.runtime.directive.Stop
19:11:37.800 [Test worker] DEBUG org.apache.velocity - Loaded System Directive: org.apache.velocity.runtime.directive.Define
19:11:37.800 [Test worker] DEBUG org.apache.velocity - Loaded System Directive: org.apache.velocity.runtime.directive.Break
19:11:37.800 [Test worker] DEBUG org.apache.velocity - Loaded System Directive: org.apache.velocity.runtime.directive.Evaluate
19:11:37.800 [Test worker] DEBUG org.apache.velocity - Loaded System Directive: org.apache.velocity.runtime.directive.Literal
19:11:37.800 [Test worker] DEBUG org.apache.velocity - Loaded System Directive: org.apache.velocity.runtime.directive.Macro
19:11:37.800 [Test worker] DEBUG org.apache.velocity - Loaded System Directive: org.apache.velocity.runtime.directive.Parse
19:11:37.800 [Test worker] DEBUG org.apache.velocity - Loaded System Directive: org.apache.velocity.runtime.directive.Include
19:11:37.800 [Test worker] DEBUG org.apache.velocity - Loaded System Directive: org.apache.velocity.runtime.directive.Foreach
19:11:37.800 [Test worker] DEBUG org.apache.velocity - Created '20' parsers.
19:11:37.800 [Test worker] DEBUG org.apache.velocity - Velocimacro : "velocimacro.library" is not set.  Trying default library: VM_global_library.vm
19:11:37.800 [Test worker] DEBUG org.apache.velocity - Could not load resource 'VM_global_library.vm' from ResourceLoader org.apache.velocity.runtime.resource.loader.ClasspathResourceLoader: ClasspathResourceLoader Error: cannot find resource VM_global_library.vm
19:11:37.800 [Test worker] DEBUG org.apache.velocity - Velocimacro : Default library not found.
19:11:37.800 [Test worker] DEBUG org.apache.velocity - Velocimacro : allowInline = true : VMs can be defined inline in templates
19:11:37.800 [Test worker] DEBUG org.apache.velocity - Velocimacro : allowInlineToOverride = false : VMs defined inline may NOT replace previous VM definitions
19:11:37.800 [Test worker] DEBUG org.apache.velocity - Velocimacro : allowInlineLocal = false : VMs defined inline will be global in scope if allowed.
19:11:37.800 [Test worker] DEBUG org.apache.velocity - Velocimacro : autoload off : VM system will not automatically reload global library macros
19:11:37.800 [Test worker] DEBUG org.apache.velocity - CommonsLogLogChute name is 'org.apache.velocity'
19:11:37.800 [Test worker] DEBUG org.apache.velocity - Initializing Velocity, Calling init()...
19:11:37.800 [Test worker] DEBUG org.apache.velocity - Starting Apache Velocity v1.7 (compiled: 2010-11-19 12:14:37)
19:11:37.800 [Test worker] DEBUG org.apache.velocity - Default Properties File: org\apache\velocity\runtime\defaults\velocity.properties
19:11:37.800 [Test worker] DEBUG org.apache.velocity - Trying to use logger class org.apache.velocity.runtime.log.AvalonLogChute
19:11:37.800 [Test worker] DEBUG org.apache.velocity - Target log system for org.apache.velocity.runtime.log.AvalonLogChute is not available (java.lang.NoClassDefFoundError: org/apache/log/format/Formatter).  Falling back to next log system...
19:11:37.800 [Test worker] DEBUG org.apache.velocity - Trying to use logger class org.apache.velocity.runtime.log.Log4JLogChute
19:11:37.800 [Test worker] DEBUG org.apache.velocity - Target log system for org.apache.velocity.runtime.log.Log4JLogChute is not available (java.lang.NoClassDefFoundError: org/apache/log4j/Layout).  Falling back to next log system...
19:11:37.800 [Test worker] DEBUG org.apache.velocity - Trying to use logger class org.apache.velocity.runtime.log.CommonsLogLogChute
19:11:37.800 [Test worker] DEBUG org.apache.velocity - Using logger class org.apache.velocity.runtime.log.CommonsLogLogChute
19:11:37.800 [Test worker] DEBUG org.apache.velocity - ResourceLoader instantiated: org.apache.velocity.runtime.resource.loader.ClasspathResourceLoader
19:11:37.800 [Test worker] DEBUG org.apache.velocity - ResourceCache: initialized (class org.apache.velocity.runtime.resource.ResourceCacheImpl) with class java.util.Collections$SynchronizedMap cache map.
19:11:37.800 [Test worker] DEBUG org.apache.velocity - Loaded System Directive: org.apache.velocity.runtime.directive.Stop
19:11:37.800 [Test worker] DEBUG org.apache.velocity - Loaded System Directive: org.apache.velocity.runtime.directive.Define
19:11:37.800 [Test worker] DEBUG org.apache.velocity - Loaded System Directive: org.apache.velocity.runtime.directive.Break
19:11:37.800 [Test worker] DEBUG org.apache.velocity - Loaded System Directive: org.apache.velocity.runtime.directive.Evaluate
19:11:37.800 [Test worker] DEBUG org.apache.velocity - Loaded System Directive: org.apache.velocity.runtime.directive.Literal
19:11:37.800 [Test worker] DEBUG org.apache.velocity - Loaded System Directive: org.apache.velocity.runtime.directive.Macro
19:11:37.800 [Test worker] DEBUG org.apache.velocity - Loaded System Directive: org.apache.velocity.runtime.directive.Parse
19:11:37.800 [Test worker] DEBUG org.apache.velocity - Loaded System Directive: org.apache.velocity.runtime.directive.Include
19:11:37.800 [Test worker] DEBUG org.apache.velocity - Loaded System Directive: org.apache.velocity.runtime.directive.Foreach
19:11:37.800 [Test worker] DEBUG org.apache.velocity - Created '20' parsers.
19:11:37.800 [Test worker] DEBUG org.apache.velocity - Velocimacro : "velocimacro.library" is not set.  Trying default library: VM_global_library.vm
19:11:37.800 [Test worker] DEBUG org.apache.velocity - Could not load resource 'VM_global_library.vm' from ResourceLoader org.apache.velocity.runtime.resource.loader.ClasspathResourceLoader: ClasspathResourceLoader Error: cannot find resource VM_global_library.vm
19:11:37.800 [Test worker] DEBUG org.apache.velocity - Velocimacro : Default library not found.
19:11:37.800 [Test worker] DEBUG org.apache.velocity - Velocimacro : allowInline = true : VMs can be defined inline in templates
19:11:37.800 [Test worker] DEBUG org.apache.velocity - Velocimacro : allowInlineToOverride = false : VMs defined inline may NOT replace previous VM definitions
19:11:37.800 [Test worker] DEBUG org.apache.velocity - Velocimacro : allowInlineLocal = false : VMs defined inline will be global in scope if allowed.
19:11:37.800 [Test worker] DEBUG org.apache.velocity - Velocimacro : autoload off : VM system will not automatically reload global library macros
19:11:37.800 [Test worker] DEBUG org.apache.velocity - CommonsLogLogChute name is 'org.apache.velocity'
19:11:37.800 [Test worker] DEBUG org.apache.velocity - Initializing Velocity, Calling init()...
19:11:37.800 [Test worker] DEBUG org.apache.velocity - Starting Apache Velocity v1.7 (compiled: 2010-11-19 12:14:37)
19:11:37.800 [Test worker] DEBUG org.apache.velocity - Default Properties File: org\apache\velocity\runtime\defaults\velocity.properties
19:11:37.800 [Test worker] DEBUG org.apache.velocity - Trying to use logger class org.apache.velocity.runtime.log.AvalonLogChute
19:11:37.800 [Test worker] DEBUG org.apache.velocity - Target log system for org.apache.velocity.runtime.log.AvalonLogChute is not available (java.lang.NoClassDefFoundError: org/apache/log/format/Formatter).  Falling back to next log system...
19:11:37.800 [Test worker] DEBUG org.apache.velocity - Trying to use logger class org.apache.velocity.runtime.log.Log4JLogChute
19:11:37.800 [Test worker] DEBUG org.apache.velocity - Target log system for org.apache.velocity.runtime.log.Log4JLogChute is not available (java.lang.NoClassDefFoundError: org/apache/log4j/Layout).  Falling back to next log system...
19:11:37.800 [Test worker] DEBUG org.apache.velocity - Trying to use logger class org.apache.velocity.runtime.log.CommonsLogLogChute
19:11:37.800 [Test worker] DEBUG org.apache.velocity - Using logger class org.apache.velocity.runtime.log.CommonsLogLogChute
19:11:37.800 [Test worker] DEBUG org.apache.velocity - ResourceLoader instantiated: org.apache.velocity.runtime.resource.loader.ClasspathResourceLoader
19:11:37.800 [Test worker] DEBUG org.apache.velocity - ResourceCache: initialized (class org.apache.velocity.runtime.resource.ResourceCacheImpl) with class java.util.Collections$SynchronizedMap cache map.
19:11:37.800 [Test worker] DEBUG org.apache.velocity - Loaded System Directive: org.apache.velocity.runtime.directive.Stop
19:11:37.800 [Test worker] DEBUG org.apache.velocity - Loaded System Directive: org.apache.velocity.runtime.directive.Define
19:11:37.800 [Test worker] DEBUG org.apache.velocity - Loaded System Directive: org.apache.velocity.runtime.directive.Break
19:11:37.800 [Test worker] DEBUG org.apache.velocity - Loaded System Directive: org.apache.velocity.runtime.directive.Evaluate
19:11:37.800 [Test worker] DEBUG org.apache.velocity - Loaded System Directive: org.apache.velocity.runtime.directive.Literal
19:11:37.800 [Test worker] DEBUG org.apache.velocity - Loaded System Directive: org.apache.velocity.runtime.directive.Macro
19:11:37.800 [Test worker] DEBUG org.apache.velocity - Loaded System Directive: org.apache.velocity.runtime.directive.Parse
19:11:37.800 [Test worker] DEBUG org.apache.velocity - Loaded System Directive: org.apache.velocity.runtime.directive.Include
19:11:37.800 [Test worker] DEBUG org.apache.velocity - Loaded System Directive: org.apache.velocity.runtime.directive.Foreach
19:11:37.800 [Test worker] DEBUG org.apache.velocity - Created '20' parsers.
19:11:37.800 [Test worker] DEBUG org.apache.velocity - Velocimacro : "velocimacro.library" is not set.  Trying default library: VM_global_library.vm
19:11:37.800 [Test worker] DEBUG org.apache.velocity - Could not load resource 'VM_global_library.vm' from ResourceLoader org.apache.velocity.runtime.resource.loader.ClasspathResourceLoader: ClasspathResourceLoader Error: cannot find resource VM_global_library.vm
19:11:37.800 [Test worker] DEBUG org.apache.velocity - Velocimacro : Default library not found.
19:11:37.800 [Test worker] DEBUG org.apache.velocity - Velocimacro : allowInline = true : VMs can be defined inline in templates
19:11:37.800 [Test worker] DEBUG org.apache.velocity - Velocimacro : allowInlineToOverride = false : VMs defined inline may NOT replace previous VM definitions
19:11:37.800 [Test worker] DEBUG org.apache.velocity - Velocimacro : allowInlineLocal = false : VMs defined inline will be global in scope if allowed.
19:11:37.800 [Test worker] DEBUG org.apache.velocity - Velocimacro : autoload off : VM system will not automatically reload global library macros
19:11:37.800 [Test worker] DEBUG org.apache.velocity - CommonsLogLogChute name is 'org.apache.velocity'
19:11:37.800 [Test worker] DEBUG org.apache.velocity - Initializing Velocity, Calling init()...
19:11:37.800 [Test worker] DEBUG org.apache.velocity - Starting Apache Velocity v1.7 (compiled: 2010-11-19 12:14:37)
19:11:37.800 [Test worker] DEBUG org.apache.velocity - Default Properties File: org\apache\velocity\runtime\defaults\velocity.properties
19:11:37.800 [Test worker] DEBUG org.apache.velocity - Trying to use logger class org.apache.velocity.runtime.log.AvalonLogChute
19:11:37.800 [Test worker] DEBUG org.apache.velocity - Target log system for org.apache.velocity.runtime.log.AvalonLogChute is not available (java.lang.NoClassDefFoundError: org/apache/log/format/Formatter).  Falling back to next log system...
19:11:37.800 [Test worker] DEBUG org.apache.velocity - Trying to use logger class org.apache.velocity.runtime.log.Log4JLogChute
19:11:37.800 [Test worker] DEBUG org.apache.velocity - Target log system for org.apache.velocity.runtime.log.Log4JLogChute is not available (java.lang.NoClassDefFoundError: org/apache/log4j/Layout).  Falling back to next log system...
19:11:37.800 [Test worker] DEBUG org.apache.velocity - Trying to use logger class org.apache.velocity.runtime.log.CommonsLogLogChute
19:11:37.800 [Test worker] DEBUG org.apache.velocity - Using logger class org.apache.velocity.runtime.log.CommonsLogLogChute
19:11:37.800 [Test worker] DEBUG org.apache.velocity - ResourceLoader instantiated: org.apache.velocity.runtime.resource.loader.ClasspathResourceLoader
19:11:37.800 [Test worker] DEBUG org.apache.velocity - ResourceCache: initialized (class org.apache.velocity.runtime.resource.ResourceCacheImpl) with class java.util.Collections$SynchronizedMap cache map.
19:11:37.816 [Test worker] DEBUG org.apache.velocity - Loaded System Directive: org.apache.velocity.runtime.directive.Stop
19:11:37.816 [Test worker] DEBUG org.apache.velocity - Loaded System Directive: org.apache.velocity.runtime.directive.Define
19:11:37.816 [Test worker] DEBUG org.apache.velocity - Loaded System Directive: org.apache.velocity.runtime.directive.Break
19:11:37.816 [Test worker] DEBUG org.apache.velocity - Loaded System Directive: org.apache.velocity.runtime.directive.Evaluate
19:11:37.816 [Test worker] DEBUG org.apache.velocity - Loaded System Directive: org.apache.velocity.runtime.directive.Literal
19:11:37.816 [Test worker] DEBUG org.apache.velocity - Loaded System Directive: org.apache.velocity.runtime.directive.Macro
19:11:37.816 [Test worker] DEBUG org.apache.velocity - Loaded System Directive: org.apache.velocity.runtime.directive.Parse
19:11:37.816 [Test worker] DEBUG org.apache.velocity - Loaded System Directive: org.apache.velocity.runtime.directive.Include
19:11:37.816 [Test worker] DEBUG org.apache.velocity - Loaded System Directive: org.apache.velocity.runtime.directive.Foreach
19:11:37.816 [Test worker] DEBUG org.apache.velocity - Created '20' parsers.
19:11:37.816 [Test worker] DEBUG org.apache.velocity - Velocimacro : "velocimacro.library" is not set.  Trying default library: VM_global_library.vm
19:11:37.816 [Test worker] DEBUG org.apache.velocity - Could not load resource 'VM_global_library.vm' from ResourceLoader org.apache.velocity.runtime.resource.loader.ClasspathResourceLoader: ClasspathResourceLoader Error: cannot find resource VM_global_library.vm
19:11:37.816 [Test worker] DEBUG org.apache.velocity - Velocimacro : Default library not found.
19:11:37.816 [Test worker] DEBUG org.apache.velocity - Velocimacro : allowInline = true : VMs can be defined inline in templates
19:11:37.816 [Test worker] DEBUG org.apache.velocity - Velocimacro : allowInlineToOverride = false : VMs defined inline may NOT replace previous VM definitions
19:11:37.816 [Test worker] DEBUG org.apache.velocity - Velocimacro : allowInlineLocal = false : VMs defined inline will be global in scope if allowed.
19:11:37.816 [Test worker] DEBUG org.apache.velocity - Velocimacro : autoload off : VM system will not automatically reload global library macros
19:11:37.816 [Test worker] DEBUG org.apache.velocity - CommonsLogLogChute name is 'org.apache.velocity'
19:11:37.816 [Test worker] DEBUG org.apache.velocity - Initializing Velocity, Calling init()...
19:11:37.816 [Test worker] DEBUG org.apache.velocity - Starting Apache Velocity v1.7 (compiled: 2010-11-19 12:14:37)
19:11:37.816 [Test worker] DEBUG org.apache.velocity - Default Properties File: org\apache\velocity\runtime\defaults\velocity.properties
19:11:37.816 [Test worker] DEBUG org.apache.velocity - Trying to use logger class org.apache.velocity.runtime.log.AvalonLogChute
19:11:37.816 [Test worker] DEBUG org.apache.velocity - Target log system for org.apache.velocity.runtime.log.AvalonLogChute is not available (java.lang.NoClassDefFoundError: org/apache/log/format/Formatter).  Falling back to next log system...
19:11:37.816 [Test worker] DEBUG org.apache.velocity - Trying to use logger class org.apache.velocity.runtime.log.Log4JLogChute
19:11:37.816 [Test worker] DEBUG org.apache.velocity - Target log system for org.apache.velocity.runtime.log.Log4JLogChute is not available (java.lang.NoClassDefFoundError: org/apache/log4j/Layout).  Falling back to next log system...
19:11:37.816 [Test worker] DEBUG org.apache.velocity - Trying to use logger class org.apache.velocity.runtime.log.CommonsLogLogChute
19:11:37.816 [Test worker] DEBUG org.apache.velocity - Using logger class org.apache.velocity.runtime.log.CommonsLogLogChute
19:11:37.816 [Test worker] DEBUG org.apache.velocity - ResourceLoader instantiated: org.apache.velocity.runtime.resource.loader.ClasspathResourceLoader
19:11:37.816 [Test worker] DEBUG org.apache.velocity - ResourceCache: initialized (class org.apache.velocity.runtime.resource.ResourceCacheImpl) with class java.util.Collections$SynchronizedMap cache map.
19:11:37.816 [Test worker] DEBUG org.apache.velocity - Loaded System Directive: org.apache.velocity.runtime.directive.Stop
19:11:37.816 [Test worker] DEBUG org.apache.velocity - Loaded System Directive: org.apache.velocity.runtime.directive.Define
19:11:37.816 [Test worker] DEBUG org.apache.velocity - Loaded System Directive: org.apache.velocity.runtime.directive.Break
19:11:37.816 [Test worker] DEBUG org.apache.velocity - Loaded System Directive: org.apache.velocity.runtime.directive.Evaluate
19:11:37.816 [Test worker] DEBUG org.apache.velocity - Loaded System Directive: org.apache.velocity.runtime.directive.Literal
19:11:37.816 [Test worker] DEBUG org.apache.velocity - Loaded System Directive: org.apache.velocity.runtime.directive.Macro
19:11:37.816 [Test worker] DEBUG org.apache.velocity - Loaded System Directive: org.apache.velocity.runtime.directive.Parse
19:11:37.816 [Test worker] DEBUG org.apache.velocity - Loaded System Directive: org.apache.velocity.runtime.directive.Include
19:11:37.816 [Test worker] DEBUG org.apache.velocity - Loaded System Directive: org.apache.velocity.runtime.directive.Foreach
19:11:37.816 [Test worker] DEBUG org.apache.velocity - Created '20' parsers.
19:11:37.816 [Test worker] DEBUG org.apache.velocity - Velocimacro : "velocimacro.library" is not set.  Trying default library: VM_global_library.vm
19:11:37.816 [Test worker] DEBUG org.apache.velocity - Could not load resource 'VM_global_library.vm' from ResourceLoader org.apache.velocity.runtime.resource.loader.ClasspathResourceLoader: ClasspathResourceLoader Error: cannot find resource VM_global_library.vm
19:11:37.816 [Test worker] DEBUG org.apache.velocity - Velocimacro : Default library not found.
19:11:37.816 [Test worker] DEBUG org.apache.velocity - Velocimacro : allowInline = true : VMs can be defined inline in templates
19:11:37.816 [Test worker] DEBUG org.apache.velocity - Velocimacro : allowInlineToOverride = false : VMs defined inline may NOT replace previous VM definitions
19:11:37.816 [Test worker] DEBUG org.apache.velocity - Velocimacro : allowInlineLocal = false : VMs defined inline will be global in scope if allowed.
19:11:37.816 [Test worker] DEBUG org.apache.velocity - Velocimacro : autoload off : VM system will not automatically reload global library macros
19:11:37.816 [Test worker] DEBUG org.apache.velocity - CommonsLogLogChute name is 'org.apache.velocity'
19:11:37.816 [Test worker] DEBUG org.apache.velocity - Initializing Velocity, Calling init()...
19:11:37.816 [Test worker] DEBUG org.apache.velocity - Starting Apache Velocity v1.7 (compiled: 2010-11-19 12:14:37)
19:11:37.816 [Test worker] DEBUG org.apache.velocity - Default Properties File: org\apache\velocity\runtime\defaults\velocity.properties
19:11:37.816 [Test worker] DEBUG org.apache.velocity - Trying to use logger class org.apache.velocity.runtime.log.AvalonLogChute
19:11:37.816 [Test worker] DEBUG org.apache.velocity - Target log system for org.apache.velocity.runtime.log.AvalonLogChute is not available (java.lang.NoClassDefFoundError: org/apache/log/format/Formatter).  Falling back to next log system...
19:11:37.816 [Test worker] DEBUG org.apache.velocity - Trying to use logger class org.apache.velocity.runtime.log.Log4JLogChute
19:11:37.816 [Test worker] DEBUG org.apache.velocity - Target log system for org.apache.velocity.runtime.log.Log4JLogChute is not available (java.lang.NoClassDefFoundError: org/apache/log4j/Layout).  Falling back to next log system...
19:11:37.816 [Test worker] DEBUG org.apache.velocity - Trying to use logger class org.apache.velocity.runtime.log.CommonsLogLogChute
19:11:37.816 [Test worker] DEBUG org.apache.velocity - Using logger class org.apache.velocity.runtime.log.CommonsLogLogChute
19:11:37.816 [Test worker] DEBUG org.apache.velocity - ResourceLoader instantiated: org.apache.velocity.runtime.resource.loader.ClasspathResourceLoader
19:11:37.816 [Test worker] DEBUG org.apache.velocity - ResourceCache: initialized (class org.apache.velocity.runtime.resource.ResourceCacheImpl) with class java.util.Collections$SynchronizedMap cache map.
19:11:37.816 [Test worker] DEBUG org.apache.velocity - Loaded System Directive: org.apache.velocity.runtime.directive.Stop
19:11:37.816 [Test worker] DEBUG org.apache.velocity - Loaded System Directive: org.apache.velocity.runtime.directive.Define
19:11:37.816 [Test worker] DEBUG org.apache.velocity - Loaded System Directive: org.apache.velocity.runtime.directive.Break
19:11:37.816 [Test worker] DEBUG org.apache.velocity - Loaded System Directive: org.apache.velocity.runtime.directive.Evaluate
19:11:37.816 [Test worker] DEBUG org.apache.velocity - Loaded System Directive: org.apache.velocity.runtime.directive.Literal
19:11:37.816 [Test worker] DEBUG org.apache.velocity - Loaded System Directive: org.apache.velocity.runtime.directive.Macro
19:11:37.816 [Test worker] DEBUG org.apache.velocity - Loaded System Directive: org.apache.velocity.runtime.directive.Parse
19:11:37.816 [Test worker] DEBUG org.apache.velocity - Loaded System Directive: org.apache.velocity.runtime.directive.Include
19:11:37.816 [Test worker] DEBUG org.apache.velocity - Loaded System Directive: org.apache.velocity.runtime.directive.Foreach
19:11:37.816 [Test worker] DEBUG org.apache.velocity - Created '20' parsers.
19:11:37.816 [Test worker] DEBUG org.apache.velocity - Velocimacro : "velocimacro.library" is not set.  Trying default library: VM_global_library.vm
19:11:37.816 [Test worker] DEBUG org.apache.velocity - Could not load resource 'VM_global_library.vm' from ResourceLoader org.apache.velocity.runtime.resource.loader.ClasspathResourceLoader: ClasspathResourceLoader Error: cannot find resource VM_global_library.vm
19:11:37.816 [Test worker] DEBUG org.apache.velocity - Velocimacro : Default library not found.
19:11:37.816 [Test worker] DEBUG org.apache.velocity - Velocimacro : allowInline = true : VMs can be defined inline in templates
19:11:37.816 [Test worker] DEBUG org.apache.velocity - Velocimacro : allowInlineToOverride = false : VMs defined inline may NOT replace previous VM definitions
19:11:37.816 [Test worker] DEBUG org.apache.velocity - Velocimacro : allowInlineLocal = false : VMs defined inline will be global in scope if allowed.
19:11:37.816 [Test worker] DEBUG org.apache.velocity - Velocimacro : autoload off : VM system will not automatically reload global library macros
19:11:37.816 [Test worker] DEBUG org.apache.velocity - CommonsLogLogChute name is 'org.apache.velocity'
19:11:37.816 [Test worker] DEBUG org.apache.velocity - Initializing Velocity, Calling init()...
19:11:37.816 [Test worker] DEBUG org.apache.velocity - Starting Apache Velocity v1.7 (compiled: 2010-11-19 12:14:37)
19:11:37.816 [Test worker] DEBUG org.apache.velocity - Default Properties File: org\apache\velocity\runtime\defaults\velocity.properties
19:11:37.816 [Test worker] DEBUG org.apache.velocity - Trying to use logger class org.apache.velocity.runtime.log.AvalonLogChute
19:11:37.816 [Test worker] DEBUG org.apache.velocity - Target log system for org.apache.velocity.runtime.log.AvalonLogChute is not available (java.lang.NoClassDefFoundError: org/apache/log/format/Formatter).  Falling back to next log system...
19:11:37.816 [Test worker] DEBUG org.apache.velocity - Trying to use logger class org.apache.velocity.runtime.log.Log4JLogChute
19:11:37.816 [Test worker] DEBUG org.apache.velocity - Target log system for org.apache.velocity.runtime.log.Log4JLogChute is not available (java.lang.NoClassDefFoundError: org/apache/log4j/Layout).  Falling back to next log system...
19:11:37.816 [Test worker] DEBUG org.apache.velocity - Trying to use logger class org.apache.velocity.runtime.log.CommonsLogLogChute
19:11:37.816 [Test worker] DEBUG org.apache.velocity - Using logger class org.apache.velocity.runtime.log.CommonsLogLogChute
19:11:37.816 [Test worker] DEBUG org.apache.velocity - ResourceLoader instantiated: org.apache.velocity.runtime.resource.loader.ClasspathResourceLoader
19:11:37.816 [Test worker] DEBUG org.apache.velocity - ResourceCache: initialized (class org.apache.velocity.runtime.resource.ResourceCacheImpl) with class java.util.Collections$SynchronizedMap cache map.
19:11:37.816 [Test worker] DEBUG org.apache.velocity - Loaded System Directive: org.apache.velocity.runtime.directive.Stop
19:11:37.816 [Test worker] DEBUG org.apache.velocity - Loaded System Directive: org.apache.velocity.runtime.directive.Define
19:11:37.816 [Test worker] DEBUG org.apache.velocity - Loaded System Directive: org.apache.velocity.runtime.directive.Break
19:11:37.816 [Test worker] DEBUG org.apache.velocity - Loaded System Directive: org.apache.velocity.runtime.directive.Evaluate
19:11:37.816 [Test worker] DEBUG org.apache.velocity - Loaded System Directive: org.apache.velocity.runtime.directive.Literal
19:11:37.816 [Test worker] DEBUG org.apache.velocity - Loaded System Directive: org.apache.velocity.runtime.directive.Macro
19:11:37.816 [Test worker] DEBUG org.apache.velocity - Loaded System Directive: org.apache.velocity.runtime.directive.Parse
19:11:37.816 [Test worker] DEBUG org.apache.velocity - Loaded System Directive: org.apache.velocity.runtime.directive.Include
19:11:37.816 [Test worker] DEBUG org.apache.velocity - Loaded System Directive: org.apache.velocity.runtime.directive.Foreach
19:11:37.816 [Test worker] DEBUG org.apache.velocity - Created '20' parsers.
19:11:37.816 [Test worker] DEBUG org.apache.velocity - Velocimacro : "velocimacro.library" is not set.  Trying default library: VM_global_library.vm
19:11:37.816 [Test worker] DEBUG org.apache.velocity - Could not load resource 'VM_global_library.vm' from ResourceLoader org.apache.velocity.runtime.resource.loader.ClasspathResourceLoader: ClasspathResourceLoader Error: cannot find resource VM_global_library.vm
19:11:37.816 [Test worker] DEBUG org.apache.velocity - Velocimacro : Default library not found.
19:11:37.816 [Test worker] DEBUG org.apache.velocity - Velocimacro : allowInline = true : VMs can be defined inline in templates
19:11:37.816 [Test worker] DEBUG org.apache.velocity - Velocimacro : allowInlineToOverride = false : VMs defined inline may NOT replace previous VM definitions
19:11:37.816 [Test worker] DEBUG org.apache.velocity - Velocimacro : allowInlineLocal = false : VMs defined inline will be global in scope if allowed.
19:11:37.816 [Test worker] DEBUG org.apache.velocity - Velocimacro : autoload off : VM system will not automatically reload global library macros
19:11:37.816 [Test worker] DEBUG org.apache.velocity - CommonsLogLogChute name is 'org.apache.velocity'
19:11:37.816 [Test worker] DEBUG org.apache.velocity - Initializing Velocity, Calling init()...
19:11:37.816 [Test worker] DEBUG org.apache.velocity - Starting Apache Velocity v1.7 (compiled: 2010-11-19 12:14:37)
19:11:37.816 [Test worker] DEBUG org.apache.velocity - Default Properties File: org\apache\velocity\runtime\defaults\velocity.properties
19:11:37.816 [Test worker] DEBUG org.apache.velocity - Trying to use logger class org.apache.velocity.runtime.log.AvalonLogChute
19:11:37.816 [Test worker] DEBUG org.apache.velocity - Target log system for org.apache.velocity.runtime.log.AvalonLogChute is not available (java.lang.NoClassDefFoundError: org/apache/log/format/Formatter).  Falling back to next log system...
19:11:37.816 [Test worker] DEBUG org.apache.velocity - Trying to use logger class org.apache.velocity.runtime.log.Log4JLogChute
19:11:37.816 [Test worker] DEBUG org.apache.velocity - Target log system for org.apache.velocity.runtime.log.Log4JLogChute is not available (java.lang.NoClassDefFoundError: org/apache/log4j/Layout).  Falling back to next log system...
19:11:37.816 [Test worker] DEBUG org.apache.velocity - Trying to use logger class org.apache.velocity.runtime.log.CommonsLogLogChute
19:11:37.816 [Test worker] DEBUG org.apache.velocity - Using logger class org.apache.velocity.runtime.log.CommonsLogLogChute
19:11:37.816 [Test worker] DEBUG org.apache.velocity - ResourceLoader instantiated: org.apache.velocity.runtime.resource.loader.ClasspathResourceLoader
19:11:37.816 [Test worker] DEBUG org.apache.velocity - ResourceCache: initialized (class org.apache.velocity.runtime.resource.ResourceCacheImpl) with class java.util.Collections$SynchronizedMap cache map.
19:11:37.816 [Test worker] DEBUG org.apache.velocity - Loaded System Directive: org.apache.velocity.runtime.directive.Stop
19:11:37.816 [Test worker] DEBUG org.apache.velocity - Loaded System Directive: org.apache.velocity.runtime.directive.Define
19:11:37.816 [Test worker] DEBUG org.apache.velocity - Loaded System Directive: org.apache.velocity.runtime.directive.Break
19:11:37.816 [Test worker] DEBUG org.apache.velocity - Loaded System Directive: org.apache.velocity.runtime.directive.Evaluate
19:11:37.816 [Test worker] DEBUG org.apache.velocity - Loaded System Directive: org.apache.velocity.runtime.directive.Literal
19:11:37.816 [Test worker] DEBUG org.apache.velocity - Loaded System Directive: org.apache.velocity.runtime.directive.Macro
19:11:37.816 [Test worker] DEBUG org.apache.velocity - Loaded System Directive: org.apache.velocity.runtime.directive.Parse
19:11:37.816 [Test worker] DEBUG org.apache.velocity - Loaded System Directive: org.apache.velocity.runtime.directive.Include
19:11:37.816 [Test worker] DEBUG org.apache.velocity - Loaded System Directive: org.apache.velocity.runtime.directive.Foreach
19:11:37.816 [Test worker] DEBUG org.apache.velocity - Created '20' parsers.
19:11:37.816 [Test worker] DEBUG org.apache.velocity - Velocimacro : "velocimacro.library" is not set.  Trying default library: VM_global_library.vm
19:11:37.816 [Test worker] DEBUG org.apache.velocity - Could not load resource 'VM_global_library.vm' from ResourceLoader org.apache.velocity.runtime.resource.loader.ClasspathResourceLoader: ClasspathResourceLoader Error: cannot find resource VM_global_library.vm
19:11:37.816 [Test worker] DEBUG org.apache.velocity - Velocimacro : Default library not found.
19:11:37.816 [Test worker] DEBUG org.apache.velocity - Velocimacro : allowInline = true : VMs can be defined inline in templates
19:11:37.816 [Test worker] DEBUG org.apache.velocity - Velocimacro : allowInlineToOverride = false : VMs defined inline may NOT replace previous VM definitions
19:11:37.816 [Test worker] DEBUG org.apache.velocity - Velocimacro : allowInlineLocal = false : VMs defined inline will be global in scope if allowed.
19:11:37.816 [Test worker] DEBUG org.apache.velocity - Velocimacro : autoload off : VM system will not automatically reload global library macros
19:11:37.816 [Test worker] DEBUG org.apache.velocity - CommonsLogLogChute name is 'org.apache.velocity'
19:11:37.816 [Test worker] DEBUG org.apache.velocity - Initializing Velocity, Calling init()...
19:11:37.816 [Test worker] DEBUG org.apache.velocity - Starting Apache Velocity v1.7 (compiled: 2010-11-19 12:14:37)
19:11:37.816 [Test worker] DEBUG org.apache.velocity - Default Properties File: org\apache\velocity\runtime\defaults\velocity.properties
19:11:37.816 [Test worker] DEBUG org.apache.velocity - Trying to use logger class org.apache.velocity.runtime.log.AvalonLogChute
19:11:37.816 [Test worker] DEBUG org.apache.velocity - Target log system for org.apache.velocity.runtime.log.AvalonLogChute is not available (java.lang.NoClassDefFoundError: org/apache/log/format/Formatter).  Falling back to next log system...
19:11:37.816 [Test worker] DEBUG org.apache.velocity - Trying to use logger class org.apache.velocity.runtime.log.Log4JLogChute
19:11:37.816 [Test worker] DEBUG org.apache.velocity - Target log system for org.apache.velocity.runtime.log.Log4JLogChute is not available (java.lang.NoClassDefFoundError: org/apache/log4j/Layout).  Falling back to next log system...
19:11:37.816 [Test worker] DEBUG org.apache.velocity - Trying to use logger class org.apache.velocity.runtime.log.CommonsLogLogChute
19:11:37.816 [Test worker] DEBUG org.apache.velocity - Using logger class org.apache.velocity.runtime.log.CommonsLogLogChute
19:11:37.831 [Test worker] DEBUG org.apache.velocity - ResourceLoader instantiated: org.apache.velocity.runtime.resource.loader.ClasspathResourceLoader
19:11:37.831 [Test worker] DEBUG org.apache.velocity - ResourceCache: initialized (class org.apache.velocity.runtime.resource.ResourceCacheImpl) with class java.util.Collections$SynchronizedMap cache map.
19:11:37.831 [Test worker] DEBUG org.apache.velocity - Loaded System Directive: org.apache.velocity.runtime.directive.Stop
19:11:37.831 [Test worker] DEBUG org.apache.velocity - Loaded System Directive: org.apache.velocity.runtime.directive.Define
19:11:37.831 [Test worker] DEBUG org.apache.velocity - Loaded System Directive: org.apache.velocity.runtime.directive.Break
19:11:37.831 [Test worker] DEBUG org.apache.velocity - Loaded System Directive: org.apache.velocity.runtime.directive.Evaluate
19:11:37.831 [Test worker] DEBUG org.apache.velocity - Loaded System Directive: org.apache.velocity.runtime.directive.Literal
19:11:37.831 [Test worker] DEBUG org.apache.velocity - Loaded System Directive: org.apache.velocity.runtime.directive.Macro
19:11:37.831 [Test worker] DEBUG org.apache.velocity - Loaded System Directive: org.apache.velocity.runtime.directive.Parse
19:11:37.831 [Test worker] DEBUG org.apache.velocity - Loaded System Directive: org.apache.velocity.runtime.directive.Include
19:11:37.831 [Test worker] DEBUG org.apache.velocity - Loaded System Directive: org.apache.velocity.runtime.directive.Foreach
19:11:37.831 [Test worker] DEBUG org.apache.velocity - Created '20' parsers.
19:11:37.831 [Test worker] DEBUG org.apache.velocity - Velocimacro : "velocimacro.library" is not set.  Trying default library: VM_global_library.vm
19:11:37.831 [Test worker] DEBUG org.apache.velocity - Could not load resource 'VM_global_library.vm' from ResourceLoader org.apache.velocity.runtime.resource.loader.ClasspathResourceLoader: ClasspathResourceLoader Error: cannot find resource VM_global_library.vm
19:11:37.831 [Test worker] DEBUG org.apache.velocity - Velocimacro : Default library not found.
19:11:37.831 [Test worker] DEBUG org.apache.velocity - Velocimacro : allowInline = true : VMs can be defined inline in templates
19:11:37.831 [Test worker] DEBUG org.apache.velocity - Velocimacro : allowInlineToOverride = false : VMs defined inline may NOT replace previous VM definitions
19:11:37.831 [Test worker] DEBUG org.apache.velocity - Velocimacro : allowInlineLocal = false : VMs defined inline will be global in scope if allowed.
19:11:37.831 [Test worker] DEBUG org.apache.velocity - Velocimacro : autoload off : VM system will not automatically reload global library macros
19:11:37.831 [Test worker] DEBUG org.apache.velocity - CommonsLogLogChute name is 'org.apache.velocity'
19:11:37.831 [Test worker] DEBUG org.apache.velocity - Initializing Velocity, Calling init()...
19:11:37.831 [Test worker] DEBUG org.apache.velocity - Starting Apache Velocity v1.7 (compiled: 2010-11-19 12:14:37)
19:11:37.831 [Test worker] DEBUG org.apache.velocity - Default Properties File: org\apache\velocity\runtime\defaults\velocity.properties
19:11:37.831 [Test worker] DEBUG org.apache.velocity - Trying to use logger class org.apache.velocity.runtime.log.AvalonLogChute
19:11:37.831 [Test worker] DEBUG org.apache.velocity - Target log system for org.apache.velocity.runtime.log.AvalonLogChute is not available (java.lang.NoClassDefFoundError: org/apache/log/format/Formatter).  Falling back to next log system...
19:11:37.831 [Test worker] DEBUG org.apache.velocity - Trying to use logger class org.apache.velocity.runtime.log.Log4JLogChute
19:11:37.831 [Test worker] DEBUG org.apache.velocity - Target log system for org.apache.velocity.runtime.log.Log4JLogChute is not available (java.lang.NoClassDefFoundError: org/apache/log4j/Layout).  Falling back to next log system...
19:11:37.831 [Test worker] DEBUG org.apache.velocity - Trying to use logger class org.apache.velocity.runtime.log.CommonsLogLogChute
19:11:37.831 [Test worker] DEBUG org.apache.velocity - Using logger class org.apache.velocity.runtime.log.CommonsLogLogChute
19:11:37.831 [Test worker] DEBUG org.apache.velocity - ResourceLoader instantiated: org.apache.velocity.runtime.resource.loader.ClasspathResourceLoader
19:11:37.831 [Test worker] DEBUG org.apache.velocity - ResourceCache: initialized (class org.apache.velocity.runtime.resource.ResourceCacheImpl) with class java.util.Collections$SynchronizedMap cache map.
19:11:37.831 [Test worker] DEBUG org.apache.velocity - Loaded System Directive: org.apache.velocity.runtime.directive.Stop
19:11:37.831 [Test worker] DEBUG org.apache.velocity - Loaded System Directive: org.apache.velocity.runtime.directive.Define
19:11:37.831 [Test worker] DEBUG org.apache.velocity - Loaded System Directive: org.apache.velocity.runtime.directive.Break
19:11:37.831 [Test worker] DEBUG org.apache.velocity - Loaded System Directive: org.apache.velocity.runtime.directive.Evaluate
19:11:37.831 [Test worker] DEBUG org.apache.velocity - Loaded System Directive: org.apache.velocity.runtime.directive.Literal
19:11:37.831 [Test worker] DEBUG org.apache.velocity - Loaded System Directive: org.apache.velocity.runtime.directive.Macro
19:11:37.831 [Test worker] DEBUG org.apache.velocity - Loaded System Directive: org.apache.velocity.runtime.directive.Parse
19:11:37.831 [Test worker] DEBUG org.apache.velocity - Loaded System Directive: org.apache.velocity.runtime.directive.Include
19:11:37.831 [Test worker] DEBUG org.apache.velocity - Loaded System Directive: org.apache.velocity.runtime.directive.Foreach
19:11:37.831 [Test worker] DEBUG org.apache.velocity - Created '20' parsers.
19:11:37.831 [Test worker] DEBUG org.apache.velocity - Velocimacro : "velocimacro.library" is not set.  Trying default library: VM_global_library.vm
19:11:37.831 [Test worker] DEBUG org.apache.velocity - Could not load resource 'VM_global_library.vm' from ResourceLoader org.apache.velocity.runtime.resource.loader.ClasspathResourceLoader: ClasspathResourceLoader Error: cannot find resource VM_global_library.vm
19:11:37.831 [Test worker] DEBUG org.apache.velocity - Velocimacro : Default library not found.
19:11:37.831 [Test worker] DEBUG org.apache.velocity - Velocimacro : allowInline = true : VMs can be defined inline in templates
19:11:37.831 [Test worker] DEBUG org.apache.velocity - Velocimacro : allowInlineToOverride = false : VMs defined inline may NOT replace previous VM definitions
19:11:37.831 [Test worker] DEBUG org.apache.velocity - Velocimacro : allowInlineLocal = false : VMs defined inline will be global in scope if allowed.
19:11:37.831 [Test worker] DEBUG org.apache.velocity - Velocimacro : autoload off : VM system will not automatically reload global library macros
19:11:37.831 [Test worker] DEBUG org.apache.velocity - CommonsLogLogChute name is 'org.apache.velocity'
19:11:37.831 [Test worker] DEBUG org.apache.velocity - Initializing Velocity, Calling init()...
19:11:37.831 [Test worker] DEBUG org.apache.velocity - Starting Apache Velocity v1.7 (compiled: 2010-11-19 12:14:37)
19:11:37.831 [Test worker] DEBUG org.apache.velocity - Default Properties File: org\apache\velocity\runtime\defaults\velocity.properties
19:11:37.831 [Test worker] DEBUG org.apache.velocity - Trying to use logger class org.apache.velocity.runtime.log.AvalonLogChute
19:11:37.831 [Test worker] DEBUG org.apache.velocity - Target log system for org.apache.velocity.runtime.log.AvalonLogChute is not available (java.lang.NoClassDefFoundError: org/apache/log/format/Formatter).  Falling back to next log system...
19:11:37.831 [Test worker] DEBUG org.apache.velocity - Trying to use logger class org.apache.velocity.runtime.log.Log4JLogChute
19:11:37.831 [Test worker] DEBUG org.apache.velocity - Target log system for org.apache.velocity.runtime.log.Log4JLogChute is not available (java.lang.NoClassDefFoundError: org/apache/log4j/Layout).  Falling back to next log system...
19:11:37.831 [Test worker] DEBUG org.apache.velocity - Trying to use logger class org.apache.velocity.runtime.log.CommonsLogLogChute
19:11:37.831 [Test worker] DEBUG org.apache.velocity - Using logger class org.apache.velocity.runtime.log.CommonsLogLogChute
19:11:37.831 [Test worker] DEBUG org.apache.velocity - ResourceLoader instantiated: org.apache.velocity.runtime.resource.loader.ClasspathResourceLoader
19:11:37.831 [Test worker] DEBUG org.apache.velocity - ResourceCache: initialized (class org.apache.velocity.runtime.resource.ResourceCacheImpl) with class java.util.Collections$SynchronizedMap cache map.
19:11:37.831 [Test worker] DEBUG org.apache.velocity - Loaded System Directive: org.apache.velocity.runtime.directive.Stop
19:11:37.831 [Test worker] DEBUG org.apache.velocity - Loaded System Directive: org.apache.velocity.runtime.directive.Define
19:11:37.831 [Test worker] DEBUG org.apache.velocity - Loaded System Directive: org.apache.velocity.runtime.directive.Break
19:11:37.831 [Test worker] DEBUG org.apache.velocity - Loaded System Directive: org.apache.velocity.runtime.directive.Evaluate
19:11:37.831 [Test worker] DEBUG org.apache.velocity - Loaded System Directive: org.apache.velocity.runtime.directive.Literal
19:11:37.831 [Test worker] DEBUG org.apache.velocity - Loaded System Directive: org.apache.velocity.runtime.directive.Macro
19:11:37.831 [Test worker] DEBUG org.apache.velocity - Loaded System Directive: org.apache.velocity.runtime.directive.Parse
19:11:37.831 [Test worker] DEBUG org.apache.velocity - Loaded System Directive: org.apache.velocity.runtime.directive.Include
19:11:37.831 [Test worker] DEBUG org.apache.velocity - Loaded System Directive: org.apache.velocity.runtime.directive.Foreach
19:11:37.831 [Test worker] DEBUG org.apache.velocity - Created '20' parsers.
19:11:37.831 [Test worker] DEBUG org.apache.velocity - Velocimacro : "velocimacro.library" is not set.  Trying default library: VM_global_library.vm
19:11:37.831 [Test worker] DEBUG org.apache.velocity - Could not load resource 'VM_global_library.vm' from ResourceLoader org.apache.velocity.runtime.resource.loader.ClasspathResourceLoader: ClasspathResourceLoader Error: cannot find resource VM_global_library.vm
19:11:37.831 [Test worker] DEBUG org.apache.velocity - Velocimacro : Default library not found.
19:11:37.831 [Test worker] DEBUG org.apache.velocity - Velocimacro : allowInline = true : VMs can be defined inline in templates
19:11:37.831 [Test worker] DEBUG org.apache.velocity - Velocimacro : allowInlineToOverride = false : VMs defined inline may NOT replace previous VM definitions
19:11:37.831 [Test worker] DEBUG org.apache.velocity - Velocimacro : allowInlineLocal = false : VMs defined inline will be global in scope if allowed.
19:11:37.831 [Test worker] DEBUG org.apache.velocity - Velocimacro : autoload off : VM system will not automatically reload global library macros
19:11:37.831 [Test worker] DEBUG org.apache.velocity - CommonsLogLogChute name is 'org.apache.velocity'
19:11:37.831 [Test worker] DEBUG org.apache.velocity - Initializing Velocity, Calling init()...
19:11:37.831 [Test worker] DEBUG org.apache.velocity - Starting Apache Velocity v1.7 (compiled: 2010-11-19 12:14:37)
19:11:37.831 [Test worker] DEBUG org.apache.velocity - Default Properties File: org\apache\velocity\runtime\defaults\velocity.properties
19:11:37.831 [Test worker] DEBUG org.apache.velocity - Trying to use logger class org.apache.velocity.runtime.log.AvalonLogChute
19:11:37.831 [Test worker] DEBUG org.apache.velocity - Target log system for org.apache.velocity.runtime.log.AvalonLogChute is not available (java.lang.NoClassDefFoundError: org/apache/log/format/Formatter).  Falling back to next log system...
19:11:37.831 [Test worker] DEBUG org.apache.velocity - Trying to use logger class org.apache.velocity.runtime.log.Log4JLogChute
19:11:37.831 [Test worker] DEBUG org.apache.velocity - Target log system for org.apache.velocity.runtime.log.Log4JLogChute is not available (java.lang.NoClassDefFoundError: org/apache/log4j/Layout).  Falling back to next log system...
19:11:37.831 [Test worker] DEBUG org.apache.velocity - Trying to use logger class org.apache.velocity.runtime.log.CommonsLogLogChute
19:11:37.831 [Test worker] DEBUG org.apache.velocity - Using logger class org.apache.velocity.runtime.log.CommonsLogLogChute
19:11:37.831 [Test worker] DEBUG org.apache.velocity - ResourceLoader instantiated: org.apache.velocity.runtime.resource.loader.ClasspathResourceLoader
19:11:37.831 [Test worker] DEBUG org.apache.velocity - ResourceCache: initialized (class org.apache.velocity.runtime.resource.ResourceCacheImpl) with class java.util.Collections$SynchronizedMap cache map.
19:11:37.831 [Test worker] DEBUG org.apache.velocity - Loaded System Directive: org.apache.velocity.runtime.directive.Stop
19:11:37.831 [Test worker] DEBUG org.apache.velocity - Loaded System Directive: org.apache.velocity.runtime.directive.Define
19:11:37.831 [Test worker] DEBUG org.apache.velocity - Loaded System Directive: org.apache.velocity.runtime.directive.Break
19:11:37.831 [Test worker] DEBUG org.apache.velocity - Loaded System Directive: org.apache.velocity.runtime.directive.Evaluate
19:11:37.831 [Test worker] DEBUG org.apache.velocity - Loaded System Directive: org.apache.velocity.runtime.directive.Literal
19:11:37.831 [Test worker] DEBUG org.apache.velocity - Loaded System Directive: org.apache.velocity.runtime.directive.Macro
19:11:37.831 [Test worker] DEBUG org.apache.velocity - Loaded System Directive: org.apache.velocity.runtime.directive.Parse
19:11:37.831 [Test worker] DEBUG org.apache.velocity - Loaded System Directive: org.apache.velocity.runtime.directive.Include
19:11:37.831 [Test worker] DEBUG org.apache.velocity - Loaded System Directive: org.apache.velocity.runtime.directive.Foreach
19:11:37.831 [Test worker] DEBUG org.apache.velocity - Created '20' parsers.
19:11:37.831 [Test worker] DEBUG org.apache.velocity - Velocimacro : "velocimacro.library" is not set.  Trying default library: VM_global_library.vm
19:11:37.831 [Test worker] DEBUG org.apache.velocity - Could not load resource 'VM_global_library.vm' from ResourceLoader org.apache.velocity.runtime.resource.loader.ClasspathResourceLoader: ClasspathResourceLoader Error: cannot find resource VM_global_library.vm
19:11:37.831 [Test worker] DEBUG org.apache.velocity - Velocimacro : Default library not found.
19:11:37.831 [Test worker] DEBUG org.apache.velocity - Velocimacro : allowInline = true : VMs can be defined inline in templates
19:11:37.831 [Test worker] DEBUG org.apache.velocity - Velocimacro : allowInlineToOverride = false : VMs defined inline may NOT replace previous VM definitions
19:11:37.831 [Test worker] DEBUG org.apache.velocity - Velocimacro : allowInlineLocal = false : VMs defined inline will be global in scope if allowed.
19:11:37.831 [Test worker] DEBUG org.apache.velocity - Velocimacro : autoload off : VM system will not automatically reload global library macros
19:11:37.831 [Test worker] DEBUG org.apache.velocity - CommonsLogLogChute name is 'org.apache.velocity'
19:11:37.831 [Test worker] DEBUG org.apache.velocity - Initializing Velocity, Calling init()...
19:11:37.831 [Test worker] DEBUG org.apache.velocity - Starting Apache Velocity v1.7 (compiled: 2010-11-19 12:14:37)
19:11:37.831 [Test worker] DEBUG org.apache.velocity - Default Properties File: org\apache\velocity\runtime\defaults\velocity.properties
19:11:37.831 [Test worker] DEBUG org.apache.velocity - Trying to use logger class org.apache.velocity.runtime.log.AvalonLogChute
19:11:37.831 [Test worker] DEBUG org.apache.velocity - Target log system for org.apache.velocity.runtime.log.AvalonLogChute is not available (java.lang.NoClassDefFoundError: org/apache/log/format/Formatter).  Falling back to next log system...
19:11:37.831 [Test worker] DEBUG org.apache.velocity - Trying to use logger class org.apache.velocity.runtime.log.Log4JLogChute
19:11:37.831 [Test worker] DEBUG org.apache.velocity - Target log system for org.apache.velocity.runtime.log.Log4JLogChute is not available (java.lang.NoClassDefFoundError: org/apache/log4j/Layout).  Falling back to next log system...
19:11:37.831 [Test worker] DEBUG org.apache.velocity - Trying to use logger class org.apache.velocity.runtime.log.CommonsLogLogChute
19:11:37.831 [Test worker] DEBUG org.apache.velocity - Using logger class org.apache.velocity.runtime.log.CommonsLogLogChute
19:11:37.831 [Test worker] DEBUG org.apache.velocity - ResourceLoader instantiated: org.apache.velocity.runtime.resource.loader.ClasspathResourceLoader
19:11:37.831 [Test worker] DEBUG org.apache.velocity - ResourceCache: initialized (class org.apache.velocity.runtime.resource.ResourceCacheImpl) with class java.util.Collections$SynchronizedMap cache map.
19:11:37.831 [Test worker] DEBUG org.apache.velocity - Loaded System Directive: org.apache.velocity.runtime.directive.Stop
19:11:37.831 [Test worker] DEBUG org.apache.velocity - Loaded System Directive: org.apache.velocity.runtime.directive.Define
19:11:37.831 [Test worker] DEBUG org.apache.velocity - Loaded System Directive: org.apache.velocity.runtime.directive.Break
19:11:37.831 [Test worker] DEBUG org.apache.velocity - Loaded System Directive: org.apache.velocity.runtime.directive.Evaluate
19:11:37.831 [Test worker] DEBUG org.apache.velocity - Loaded System Directive: org.apache.velocity.runtime.directive.Literal
19:11:37.831 [Test worker] DEBUG org.apache.velocity - Loaded System Directive: org.apache.velocity.runtime.directive.Macro
19:11:37.831 [Test worker] DEBUG org.apache.velocity - Loaded System Directive: org.apache.velocity.runtime.directive.Parse
19:11:37.831 [Test worker] DEBUG org.apache.velocity - Loaded System Directive: org.apache.velocity.runtime.directive.Include
19:11:37.831 [Test worker] DEBUG org.apache.velocity - Loaded System Directive: org.apache.velocity.runtime.directive.Foreach
19:11:37.831 [Test worker] DEBUG org.apache.velocity - Created '20' parsers.
19:11:37.831 [Test worker] DEBUG org.apache.velocity - Velocimacro : "velocimacro.library" is not set.  Trying default library: VM_global_library.vm
19:11:37.831 [Test worker] DEBUG org.apache.velocity - Could not load resource 'VM_global_library.vm' from ResourceLoader org.apache.velocity.runtime.resource.loader.ClasspathResourceLoader: ClasspathResourceLoader Error: cannot find resource VM_global_library.vm
19:11:37.831 [Test worker] DEBUG org.apache.velocity - Velocimacro : Default library not found.
19:11:37.831 [Test worker] DEBUG org.apache.velocity - Velocimacro : allowInline = true : VMs can be defined inline in templates
19:11:37.831 [Test worker] DEBUG org.apache.velocity - Velocimacro : allowInlineToOverride = false : VMs defined inline may NOT replace previous VM definitions
19:11:37.831 [Test worker] DEBUG org.apache.velocity - Velocimacro : allowInlineLocal = false : VMs defined inline will be global in scope if allowed.
19:11:37.831 [Test worker] DEBUG org.apache.velocity - Velocimacro : autoload off : VM system will not automatically reload global library macros
19:11:37.831 [Test worker] DEBUG org.apache.velocity - CommonsLogLogChute name is 'org.apache.velocity'
19:11:37.831 [Test worker] DEBUG org.apache.velocity - Initializing Velocity, Calling init()...
19:11:37.831 [Test worker] DEBUG org.apache.velocity - Starting Apache Velocity v1.7 (compiled: 2010-11-19 12:14:37)
19:11:37.831 [Test worker] DEBUG org.apache.velocity - Default Properties File: org\apache\velocity\runtime\defaults\velocity.properties
19:11:37.831 [Test worker] DEBUG org.apache.velocity - Trying to use logger class org.apache.velocity.runtime.log.AvalonLogChute
19:11:37.831 [Test worker] DEBUG org.apache.velocity - Target log system for org.apache.velocity.runtime.log.AvalonLogChute is not available (java.lang.NoClassDefFoundError: org/apache/log/format/Formatter).  Falling back to next log system...
19:11:37.831 [Test worker] DEBUG org.apache.velocity - Trying to use logger class org.apache.velocity.runtime.log.Log4JLogChute
19:11:37.831 [Test worker] DEBUG org.apache.velocity - Target log system for org.apache.velocity.runtime.log.Log4JLogChute is not available (java.lang.NoClassDefFoundError: org/apache/log4j/Layout).  Falling back to next log system...
19:11:37.831 [Test worker] DEBUG org.apache.velocity - Trying to use logger class org.apache.velocity.runtime.log.CommonsLogLogChute
19:11:37.831 [Test worker] DEBUG org.apache.velocity - Using logger class org.apache.velocity.runtime.log.CommonsLogLogChute
19:11:37.831 [Test worker] DEBUG org.apache.velocity - ResourceLoader instantiated: org.apache.velocity.runtime.resource.loader.ClasspathResourceLoader
19:11:37.831 [Test worker] DEBUG org.apache.velocity - ResourceCache: initialized (class org.apache.velocity.runtime.resource.ResourceCacheImpl) with class java.util.Collections$SynchronizedMap cache map.
19:11:37.831 [Test worker] DEBUG org.apache.velocity - Loaded System Directive: org.apache.velocity.runtime.directive.Stop
19:11:37.831 [Test worker] DEBUG org.apache.velocity - Loaded System Directive: org.apache.velocity.runtime.directive.Define
19:11:37.831 [Test worker] DEBUG org.apache.velocity - Loaded System Directive: org.apache.velocity.runtime.directive.Break
19:11:37.831 [Test worker] DEBUG org.apache.velocity - Loaded System Directive: org.apache.velocity.runtime.directive.Evaluate
19:11:37.831 [Test worker] DEBUG org.apache.velocity - Loaded System Directive: org.apache.velocity.runtime.directive.Literal
19:11:37.831 [Test worker] DEBUG org.apache.velocity - Loaded System Directive: org.apache.velocity.runtime.directive.Macro
19:11:37.831 [Test worker] DEBUG org.apache.velocity - Loaded System Directive: org.apache.velocity.runtime.directive.Parse
19:11:37.831 [Test worker] DEBUG org.apache.velocity - Loaded System Directive: org.apache.velocity.runtime.directive.Include
19:11:37.831 [Test worker] DEBUG org.apache.velocity - Loaded System Directive: org.apache.velocity.runtime.directive.Foreach
19:11:37.831 [Test worker] DEBUG org.apache.velocity - Created '20' parsers.
19:11:37.831 [Test worker] DEBUG org.apache.velocity - Velocimacro : "velocimacro.library" is not set.  Trying default library: VM_global_library.vm
19:11:37.831 [Test worker] DEBUG org.apache.velocity - Could not load resource 'VM_global_library.vm' from ResourceLoader org.apache.velocity.runtime.resource.loader.ClasspathResourceLoader: ClasspathResourceLoader Error: cannot find resource VM_global_library.vm
19:11:37.831 [Test worker] DEBUG org.apache.velocity - Velocimacro : Default library not found.
19:11:37.831 [Test worker] DEBUG org.apache.velocity - Velocimacro : allowInline = true : VMs can be defined inline in templates
19:11:37.831 [Test worker] DEBUG org.apache.velocity - Velocimacro : allowInlineToOverride = false : VMs defined inline may NOT replace previous VM definitions
19:11:37.831 [Test worker] DEBUG org.apache.velocity - Velocimacro : allowInlineLocal = false : VMs defined inline will be global in scope if allowed.
19:11:37.831 [Test worker] DEBUG org.apache.velocity - Velocimacro : autoload off : VM system will not automatically reload global library macros
19:11:37.847 [Test worker] DEBUG org.apache.velocity - CommonsLogLogChute name is 'org.apache.velocity'
19:11:37.847 [Test worker] DEBUG org.apache.velocity - Initializing Velocity, Calling init()...
19:11:37.847 [Test worker] DEBUG org.apache.velocity - Starting Apache Velocity v1.7 (compiled: 2010-11-19 12:14:37)
19:11:37.847 [Test worker] DEBUG org.apache.velocity - Default Properties File: org\apache\velocity\runtime\defaults\velocity.properties
19:11:37.847 [Test worker] DEBUG org.apache.velocity - Trying to use logger class org.apache.velocity.runtime.log.AvalonLogChute
19:11:37.847 [Test worker] DEBUG org.apache.velocity - Target log system for org.apache.velocity.runtime.log.AvalonLogChute is not available (java.lang.NoClassDefFoundError: org/apache/log/format/Formatter).  Falling back to next log system...
19:11:37.847 [Test worker] DEBUG org.apache.velocity - Trying to use logger class org.apache.velocity.runtime.log.Log4JLogChute
19:11:37.847 [Test worker] DEBUG org.apache.velocity - Target log system for org.apache.velocity.runtime.log.Log4JLogChute is not available (java.lang.NoClassDefFoundError: org/apache/log4j/Layout).  Falling back to next log system...
19:11:37.847 [Test worker] DEBUG org.apache.velocity - Trying to use logger class org.apache.velocity.runtime.log.CommonsLogLogChute
19:11:37.847 [Test worker] DEBUG org.apache.velocity - Using logger class org.apache.velocity.runtime.log.CommonsLogLogChute
19:11:37.847 [Test worker] DEBUG org.apache.velocity - ResourceLoader instantiated: org.apache.velocity.runtime.resource.loader.ClasspathResourceLoader
19:11:37.847 [Test worker] DEBUG org.apache.velocity - ResourceCache: initialized (class org.apache.velocity.runtime.resource.ResourceCacheImpl) with class java.util.Collections$SynchronizedMap cache map.
19:11:37.847 [Test worker] DEBUG org.apache.velocity - Loaded System Directive: org.apache.velocity.runtime.directive.Stop
19:11:37.847 [Test worker] DEBUG org.apache.velocity - Loaded System Directive: org.apache.velocity.runtime.directive.Define
19:11:37.847 [Test worker] DEBUG org.apache.velocity - Loaded System Directive: org.apache.velocity.runtime.directive.Break
19:11:37.847 [Test worker] DEBUG org.apache.velocity - Loaded System Directive: org.apache.velocity.runtime.directive.Evaluate
19:11:37.847 [Test worker] DEBUG org.apache.velocity - Loaded System Directive: org.apache.velocity.runtime.directive.Literal
19:11:37.847 [Test worker] DEBUG org.apache.velocity - Loaded System Directive: org.apache.velocity.runtime.directive.Macro
19:11:37.847 [Test worker] DEBUG org.apache.velocity - Loaded System Directive: org.apache.velocity.runtime.directive.Parse
19:11:37.847 [Test worker] DEBUG org.apache.velocity - Loaded System Directive: org.apache.velocity.runtime.directive.Include
19:11:37.847 [Test worker] DEBUG org.apache.velocity - Loaded System Directive: org.apache.velocity.runtime.directive.Foreach
19:11:37.847 [Test worker] DEBUG org.apache.velocity - Created '20' parsers.
19:11:37.847 [Test worker] DEBUG org.apache.velocity - Velocimacro : "velocimacro.library" is not set.  Trying default library: VM_global_library.vm
19:11:37.847 [Test worker] DEBUG org.apache.velocity - Could not load resource 'VM_global_library.vm' from ResourceLoader org.apache.velocity.runtime.resource.loader.ClasspathResourceLoader: ClasspathResourceLoader Error: cannot find resource VM_global_library.vm
19:11:37.847 [Test worker] DEBUG org.apache.velocity - Velocimacro : Default library not found.
19:11:37.847 [Test worker] DEBUG org.apache.velocity - Velocimacro : allowInline = true : VMs can be defined inline in templates
19:11:37.847 [Test worker] DEBUG org.apache.velocity - Velocimacro : allowInlineToOverride = false : VMs defined inline may NOT replace previous VM definitions
19:11:37.847 [Test worker] DEBUG org.apache.velocity - Velocimacro : allowInlineLocal = false : VMs defined inline will be global in scope if allowed.
19:11:37.847 [Test worker] DEBUG org.apache.velocity - Velocimacro : autoload off : VM system will not automatically reload global library macros
19:11:37.847 [Test worker] DEBUG org.apache.velocity - CommonsLogLogChute name is 'org.apache.velocity'
19:11:37.847 [Test worker] DEBUG org.apache.velocity - Initializing Velocity, Calling init()...
19:11:37.847 [Test worker] DEBUG org.apache.velocity - Starting Apache Velocity v1.7 (compiled: 2010-11-19 12:14:37)
19:11:37.847 [Test worker] DEBUG org.apache.velocity - Default Properties File: org\apache\velocity\runtime\defaults\velocity.properties
19:11:37.847 [Test worker] DEBUG org.apache.velocity - Trying to use logger class org.apache.velocity.runtime.log.AvalonLogChute
19:11:37.847 [Test worker] DEBUG org.apache.velocity - Target log system for org.apache.velocity.runtime.log.AvalonLogChute is not available (java.lang.NoClassDefFoundError: org/apache/log/format/Formatter).  Falling back to next log system...
19:11:37.847 [Test worker] DEBUG org.apache.velocity - Trying to use logger class org.apache.velocity.runtime.log.Log4JLogChute
19:11:37.847 [Test worker] DEBUG org.apache.velocity - Target log system for org.apache.velocity.runtime.log.Log4JLogChute is not available (java.lang.NoClassDefFoundError: org/apache/log4j/Layout).  Falling back to next log system...
19:11:37.847 [Test worker] DEBUG org.apache.velocity - Trying to use logger class org.apache.velocity.runtime.log.CommonsLogLogChute
19:11:37.847 [Test worker] DEBUG org.apache.velocity - Using logger class org.apache.velocity.runtime.log.CommonsLogLogChute
19:11:37.847 [Test worker] DEBUG org.apache.velocity - ResourceLoader instantiated: org.apache.velocity.runtime.resource.loader.ClasspathResourceLoader
19:11:37.847 [Test worker] DEBUG org.apache.velocity - ResourceCache: initialized (class org.apache.velocity.runtime.resource.ResourceCacheImpl) with class java.util.Collections$SynchronizedMap cache map.
19:11:37.847 [Test worker] DEBUG org.apache.velocity - Loaded System Directive: org.apache.velocity.runtime.directive.Stop
19:11:37.847 [Test worker] DEBUG org.apache.velocity - Loaded System Directive: org.apache.velocity.runtime.directive.Define
19:11:37.847 [Test worker] DEBUG org.apache.velocity - Loaded System Directive: org.apache.velocity.runtime.directive.Break
19:11:37.847 [Test worker] DEBUG org.apache.velocity - Loaded System Directive: org.apache.velocity.runtime.directive.Evaluate
19:11:37.847 [Test worker] DEBUG org.apache.velocity - Loaded System Directive: org.apache.velocity.runtime.directive.Literal
19:11:37.847 [Test worker] DEBUG org.apache.velocity - Loaded System Directive: org.apache.velocity.runtime.directive.Macro
19:11:37.847 [Test worker] DEBUG org.apache.velocity - Loaded System Directive: org.apache.velocity.runtime.directive.Parse
19:11:37.847 [Test worker] DEBUG org.apache.velocity - Loaded System Directive: org.apache.velocity.runtime.directive.Include
19:11:37.847 [Test worker] DEBUG org.apache.velocity - Loaded System Directive: org.apache.velocity.runtime.directive.Foreach
19:11:37.847 [Test worker] DEBUG org.apache.velocity - Created '20' parsers.
19:11:37.847 [Test worker] DEBUG org.apache.velocity - Velocimacro : "velocimacro.library" is not set.  Trying default library: VM_global_library.vm
19:11:37.847 [Test worker] DEBUG org.apache.velocity - Could not load resource 'VM_global_library.vm' from ResourceLoader org.apache.velocity.runtime.resource.loader.ClasspathResourceLoader: ClasspathResourceLoader Error: cannot find resource VM_global_library.vm
19:11:37.847 [Test worker] DEBUG org.apache.velocity - Velocimacro : Default library not found.
19:11:37.847 [Test worker] DEBUG org.apache.velocity - Velocimacro : allowInline = true : VMs can be defined inline in templates
19:11:37.847 [Test worker] DEBUG org.apache.velocity - Velocimacro : allowInlineToOverride = false : VMs defined inline may NOT replace previous VM definitions
19:11:37.847 [Test worker] DEBUG org.apache.velocity - Velocimacro : allowInlineLocal = false : VMs defined inline will be global in scope if allowed.
19:11:37.847 [Test worker] DEBUG org.apache.velocity - Velocimacro : autoload off : VM system will not automatically reload global library macros
19:11:37.847 [Test worker] DEBUG org.apache.velocity - CommonsLogLogChute name is 'org.apache.velocity'
19:11:37.847 [Test worker] DEBUG org.apache.velocity - Initializing Velocity, Calling init()...
19:11:37.847 [Test worker] DEBUG org.apache.velocity - Starting Apache Velocity v1.7 (compiled: 2010-11-19 12:14:37)
19:11:37.847 [Test worker] DEBUG org.apache.velocity - Default Properties File: org\apache\velocity\runtime\defaults\velocity.properties
19:11:37.847 [Test worker] DEBUG org.apache.velocity - Trying to use logger class org.apache.velocity.runtime.log.AvalonLogChute
19:11:37.847 [Test worker] DEBUG org.apache.velocity - Target log system for org.apache.velocity.runtime.log.AvalonLogChute is not available (java.lang.NoClassDefFoundError: org/apache/log/format/Formatter).  Falling back to next log system...
19:11:37.847 [Test worker] DEBUG org.apache.velocity - Trying to use logger class org.apache.velocity.runtime.log.Log4JLogChute
19:11:37.847 [Test worker] DEBUG org.apache.velocity - Target log system for org.apache.velocity.runtime.log.Log4JLogChute is not available (java.lang.NoClassDefFoundError: org/apache/log4j/Layout).  Falling back to next log system...
19:11:37.847 [Test worker] DEBUG org.apache.velocity - Trying to use logger class org.apache.velocity.runtime.log.CommonsLogLogChute
19:11:37.847 [Test worker] DEBUG org.apache.velocity - Using logger class org.apache.velocity.runtime.log.CommonsLogLogChute
19:11:37.847 [Test worker] DEBUG org.apache.velocity - ResourceLoader instantiated: org.apache.velocity.runtime.resource.loader.ClasspathResourceLoader
19:11:37.847 [Test worker] DEBUG org.apache.velocity - ResourceCache: initialized (class org.apache.velocity.runtime.resource.ResourceCacheImpl) with class java.util.Collections$SynchronizedMap cache map.
19:11:37.847 [Test worker] DEBUG org.apache.velocity - Loaded System Directive: org.apache.velocity.runtime.directive.Stop
19:11:37.847 [Test worker] DEBUG org.apache.velocity - Loaded System Directive: org.apache.velocity.runtime.directive.Define
19:11:37.847 [Test worker] DEBUG org.apache.velocity - Loaded System Directive: org.apache.velocity.runtime.directive.Break
19:11:37.847 [Test worker] DEBUG org.apache.velocity - Loaded System Directive: org.apache.velocity.runtime.directive.Evaluate
19:11:37.847 [Test worker] DEBUG org.apache.velocity - Loaded System Directive: org.apache.velocity.runtime.directive.Literal
19:11:37.847 [Test worker] DEBUG org.apache.velocity - Loaded System Directive: org.apache.velocity.runtime.directive.Macro
19:11:37.847 [Test worker] DEBUG org.apache.velocity - Loaded System Directive: org.apache.velocity.runtime.directive.Parse
19:11:37.847 [Test worker] DEBUG org.apache.velocity - Loaded System Directive: org.apache.velocity.runtime.directive.Include
19:11:37.847 [Test worker] DEBUG org.apache.velocity - Loaded System Directive: org.apache.velocity.runtime.directive.Foreach
19:11:37.847 [Test worker] DEBUG org.apache.velocity - Created '20' parsers.
19:11:37.847 [Test worker] DEBUG org.apache.velocity - Velocimacro : "velocimacro.library" is not set.  Trying default library: VM_global_library.vm
19:11:37.847 [Test worker] DEBUG org.apache.velocity - Could not load resource 'VM_global_library.vm' from ResourceLoader org.apache.velocity.runtime.resource.loader.ClasspathResourceLoader: ClasspathResourceLoader Error: cannot find resource VM_global_library.vm
19:11:37.847 [Test worker] DEBUG org.apache.velocity - Velocimacro : Default library not found.
19:11:37.847 [Test worker] DEBUG org.apache.velocity - Velocimacro : allowInline = true : VMs can be defined inline in templates
19:11:37.847 [Test worker] DEBUG org.apache.velocity - Velocimacro : allowInlineToOverride = false : VMs defined inline may NOT replace previous VM definitions
19:11:37.847 [Test worker] DEBUG org.apache.velocity - Velocimacro : allowInlineLocal = false : VMs defined inline will be global in scope if allowed.
19:11:37.847 [Test worker] DEBUG org.apache.velocity - Velocimacro : autoload off : VM system will not automatically reload global library macros
19:11:37.847 [Test worker] DEBUG org.apache.velocity - CommonsLogLogChute name is 'org.apache.velocity'
19:11:37.847 [Test worker] DEBUG org.apache.velocity - Initializing Velocity, Calling init()...
19:11:37.847 [Test worker] DEBUG org.apache.velocity - Starting Apache Velocity v1.7 (compiled: 2010-11-19 12:14:37)
19:11:37.847 [Test worker] DEBUG org.apache.velocity - Default Properties File: org\apache\velocity\runtime\defaults\velocity.properties
19:11:37.847 [Test worker] DEBUG org.apache.velocity - Trying to use logger class org.apache.velocity.runtime.log.AvalonLogChute
19:11:37.847 [Test worker] DEBUG org.apache.velocity - Target log system for org.apache.velocity.runtime.log.AvalonLogChute is not available (java.lang.NoClassDefFoundError: org/apache/log/format/Formatter).  Falling back to next log system...
19:11:37.847 [Test worker] DEBUG org.apache.velocity - Trying to use logger class org.apache.velocity.runtime.log.Log4JLogChute
19:11:37.847 [Test worker] DEBUG org.apache.velocity - Target log system for org.apache.velocity.runtime.log.Log4JLogChute is not available (java.lang.NoClassDefFoundError: org/apache/log4j/Layout).  Falling back to next log system...
19:11:37.847 [Test worker] DEBUG org.apache.velocity - Trying to use logger class org.apache.velocity.runtime.log.CommonsLogLogChute
19:11:37.847 [Test worker] DEBUG org.apache.velocity - Using logger class org.apache.velocity.runtime.log.CommonsLogLogChute
19:11:37.847 [Test worker] DEBUG org.apache.velocity - ResourceLoader instantiated: org.apache.velocity.runtime.resource.loader.ClasspathResourceLoader
19:11:37.847 [Test worker] DEBUG org.apache.velocity - ResourceCache: initialized (class org.apache.velocity.runtime.resource.ResourceCacheImpl) with class java.util.Collections$SynchronizedMap cache map.
19:11:37.847 [Test worker] DEBUG org.apache.velocity - Loaded System Directive: org.apache.velocity.runtime.directive.Stop
19:11:37.847 [Test worker] DEBUG org.apache.velocity - Loaded System Directive: org.apache.velocity.runtime.directive.Define
19:11:37.847 [Test worker] DEBUG org.apache.velocity - Loaded System Directive: org.apache.velocity.runtime.directive.Break
19:11:37.847 [Test worker] DEBUG org.apache.velocity - Loaded System Directive: org.apache.velocity.runtime.directive.Evaluate
19:11:37.847 [Test worker] DEBUG org.apache.velocity - Loaded System Directive: org.apache.velocity.runtime.directive.Literal
19:11:37.847 [Test worker] DEBUG org.apache.velocity - Loaded System Directive: org.apache.velocity.runtime.directive.Macro
19:11:37.847 [Test worker] DEBUG org.apache.velocity - Loaded System Directive: org.apache.velocity.runtime.directive.Parse
19:11:37.847 [Test worker] DEBUG org.apache.velocity - Loaded System Directive: org.apache.velocity.runtime.directive.Include
19:11:37.847 [Test worker] DEBUG org.apache.velocity - Loaded System Directive: org.apache.velocity.runtime.directive.Foreach
19:11:37.878 [Test worker] DEBUG org.apache.velocity - Created '20' parsers.
19:11:37.878 [Test worker] DEBUG org.apache.velocity - Velocimacro : "velocimacro.library" is not set.  Trying default library: VM_global_library.vm
19:11:37.878 [Test worker] DEBUG org.apache.velocity - Could not load resource 'VM_global_library.vm' from ResourceLoader org.apache.velocity.runtime.resource.loader.ClasspathResourceLoader: ClasspathResourceLoader Error: cannot find resource VM_global_library.vm
19:11:37.878 [Test worker] DEBUG org.apache.velocity - Velocimacro : Default library not found.
19:11:37.878 [Test worker] DEBUG org.apache.velocity - Velocimacro : allowInline = true : VMs can be defined inline in templates
19:11:37.878 [Test worker] DEBUG org.apache.velocity - Velocimacro : allowInlineToOverride = false : VMs defined inline may NOT replace previous VM definitions
19:11:37.878 [Test worker] DEBUG org.apache.velocity - Velocimacro : allowInlineLocal = false : VMs defined inline will be global in scope if allowed.
19:11:37.878 [Test worker] DEBUG org.apache.velocity - Velocimacro : autoload off : VM system will not automatically reload global library macros
19:11:37.878 [Test worker] DEBUG org.apache.velocity - CommonsLogLogChute name is 'org.apache.velocity'
19:11:37.878 [Test worker] DEBUG org.apache.velocity - Initializing Velocity, Calling init()...
19:11:37.878 [Test worker] DEBUG org.apache.velocity - Starting Apache Velocity v1.7 (compiled: 2010-11-19 12:14:37)
19:11:37.878 [Test worker] DEBUG org.apache.velocity - Default Properties File: org\apache\velocity\runtime\defaults\velocity.properties
19:11:37.878 [Test worker] DEBUG org.apache.velocity - Trying to use logger class org.apache.velocity.runtime.log.AvalonLogChute
19:11:37.878 [Test worker] DEBUG org.apache.velocity - Target log system for org.apache.velocity.runtime.log.AvalonLogChute is not available (java.lang.NoClassDefFoundError: org/apache/log/format/Formatter).  Falling back to next log system...
19:11:37.878 [Test worker] DEBUG org.apache.velocity - Trying to use logger class org.apache.velocity.runtime.log.Log4JLogChute
19:11:37.878 [Test worker] DEBUG org.apache.velocity - Target log system for org.apache.velocity.runtime.log.Log4JLogChute is not available (java.lang.NoClassDefFoundError: org/apache/log4j/Layout).  Falling back to next log system...
19:11:37.878 [Test worker] DEBUG org.apache.velocity - Trying to use logger class org.apache.velocity.runtime.log.CommonsLogLogChute
19:11:37.878 [Test worker] DEBUG org.apache.velocity - Using logger class org.apache.velocity.runtime.log.CommonsLogLogChute
19:11:37.878 [Test worker] DEBUG org.apache.velocity - ResourceLoader instantiated: org.apache.velocity.runtime.resource.loader.ClasspathResourceLoader
19:11:37.878 [Test worker] DEBUG org.apache.velocity - ResourceCache: initialized (class org.apache.velocity.runtime.resource.ResourceCacheImpl) with class java.util.Collections$SynchronizedMap cache map.
19:11:37.878 [Test worker] DEBUG org.apache.velocity - Loaded System Directive: org.apache.velocity.runtime.directive.Stop
19:11:37.878 [Test worker] DEBUG org.apache.velocity - Loaded System Directive: org.apache.velocity.runtime.directive.Define
19:11:37.878 [Test worker] DEBUG org.apache.velocity - Loaded System Directive: org.apache.velocity.runtime.directive.Break
19:11:37.878 [Test worker] DEBUG org.apache.velocity - Loaded System Directive: org.apache.velocity.runtime.directive.Evaluate
19:11:37.878 [Test worker] DEBUG org.apache.velocity - Loaded System Directive: org.apache.velocity.runtime.directive.Literal
19:11:37.878 [Test worker] DEBUG org.apache.velocity - Loaded System Directive: org.apache.velocity.runtime.directive.Macro
19:11:37.878 [Test worker] DEBUG org.apache.velocity - Loaded System Directive: org.apache.velocity.runtime.directive.Parse
19:11:37.878 [Test worker] DEBUG org.apache.velocity - Loaded System Directive: org.apache.velocity.runtime.directive.Include
19:11:37.878 [Test worker] DEBUG org.apache.velocity - Loaded System Directive: org.apache.velocity.runtime.directive.Foreach
19:11:37.878 [Test worker] DEBUG org.apache.velocity - Created '20' parsers.
19:11:37.878 [Test worker] DEBUG org.apache.velocity - Velocimacro : "velocimacro.library" is not set.  Trying default library: VM_global_library.vm
19:11:37.878 [Test worker] DEBUG org.apache.velocity - Could not load resource 'VM_global_library.vm' from ResourceLoader org.apache.velocity.runtime.resource.loader.ClasspathResourceLoader: ClasspathResourceLoader Error: cannot find resource VM_global_library.vm
19:11:37.878 [Test worker] DEBUG org.apache.velocity - Velocimacro : Default library not found.
19:11:37.878 [Test worker] DEBUG org.apache.velocity - Velocimacro : allowInline = true : VMs can be defined inline in templates
19:11:37.878 [Test worker] DEBUG org.apache.velocity - Velocimacro : allowInlineToOverride = false : VMs defined inline may NOT replace previous VM definitions
19:11:37.878 [Test worker] DEBUG org.apache.velocity - Velocimacro : allowInlineLocal = false : VMs defined inline will be global in scope if allowed.
19:11:37.878 [Test worker] DEBUG org.apache.velocity - Velocimacro : autoload off : VM system will not automatically reload global library macros
19:11:37.878 [Test worker] DEBUG org.apache.velocity - CommonsLogLogChute name is 'org.apache.velocity'
19:11:37.878 [Test worker] DEBUG org.apache.velocity - Initializing Velocity, Calling init()...
19:11:37.878 [Test worker] DEBUG org.apache.velocity - Starting Apache Velocity v1.7 (compiled: 2010-11-19 12:14:37)
19:11:37.878 [Test worker] DEBUG org.apache.velocity - Default Properties File: org\apache\velocity\runtime\defaults\velocity.properties
19:11:37.878 [Test worker] DEBUG org.apache.velocity - Trying to use logger class org.apache.velocity.runtime.log.AvalonLogChute
19:11:37.878 [Test worker] DEBUG org.apache.velocity - Target log system for org.apache.velocity.runtime.log.AvalonLogChute is not available (java.lang.NoClassDefFoundError: org/apache/log/format/Formatter).  Falling back to next log system...
19:11:37.878 [Test worker] DEBUG org.apache.velocity - Trying to use logger class org.apache.velocity.runtime.log.Log4JLogChute
19:11:37.878 [Test worker] DEBUG org.apache.velocity - Target log system for org.apache.velocity.runtime.log.Log4JLogChute is not available (java.lang.NoClassDefFoundError: org/apache/log4j/Layout).  Falling back to next log system...
19:11:37.878 [Test worker] DEBUG org.apache.velocity - Trying to use logger class org.apache.velocity.runtime.log.CommonsLogLogChute
19:11:37.878 [Test worker] DEBUG org.apache.velocity - Using logger class org.apache.velocity.runtime.log.CommonsLogLogChute
19:11:37.878 [Test worker] DEBUG org.apache.velocity - ResourceLoader instantiated: org.apache.velocity.runtime.resource.loader.ClasspathResourceLoader
19:11:37.878 [Test worker] DEBUG org.apache.velocity - ResourceCache: initialized (class org.apache.velocity.runtime.resource.ResourceCacheImpl) with class java.util.Collections$SynchronizedMap cache map.
19:11:37.878 [Test worker] DEBUG org.apache.velocity - Loaded System Directive: org.apache.velocity.runtime.directive.Stop
19:11:37.878 [Test worker] DEBUG org.apache.velocity - Loaded System Directive: org.apache.velocity.runtime.directive.Define
19:11:37.878 [Test worker] DEBUG org.apache.velocity - Loaded System Directive: org.apache.velocity.runtime.directive.Break
19:11:37.878 [Test worker] DEBUG org.apache.velocity - Loaded System Directive: org.apache.velocity.runtime.directive.Evaluate
19:11:37.878 [Test worker] DEBUG org.apache.velocity - Loaded System Directive: org.apache.velocity.runtime.directive.Literal
19:11:37.878 [Test worker] DEBUG org.apache.velocity - Loaded System Directive: org.apache.velocity.runtime.directive.Macro
19:11:37.878 [Test worker] DEBUG org.apache.velocity - Loaded System Directive: org.apache.velocity.runtime.directive.Parse
19:11:37.878 [Test worker] DEBUG org.apache.velocity - Loaded System Directive: org.apache.velocity.runtime.directive.Include
19:11:37.878 [Test worker] DEBUG org.apache.velocity - Loaded System Directive: org.apache.velocity.runtime.directive.Foreach
19:11:37.878 [Test worker] DEBUG org.apache.velocity - Created '20' parsers.
19:11:37.878 [Test worker] DEBUG org.apache.velocity - Velocimacro : "velocimacro.library" is not set.  Trying default library: VM_global_library.vm
19:11:37.878 [Test worker] DEBUG org.apache.velocity - Could not load resource 'VM_global_library.vm' from ResourceLoader org.apache.velocity.runtime.resource.loader.ClasspathResourceLoader: ClasspathResourceLoader Error: cannot find resource VM_global_library.vm
19:11:37.878 [Test worker] DEBUG org.apache.velocity - Velocimacro : Default library not found.
19:11:37.878 [Test worker] DEBUG org.apache.velocity - Velocimacro : allowInline = true : VMs can be defined inline in templates
19:11:37.878 [Test worker] DEBUG org.apache.velocity - Velocimacro : allowInlineToOverride = false : VMs defined inline may NOT replace previous VM definitions
19:11:37.878 [Test worker] DEBUG org.apache.velocity - Velocimacro : allowInlineLocal = false : VMs defined inline will be global in scope if allowed.
19:11:37.878 [Test worker] DEBUG org.apache.velocity - Velocimacro : autoload off : VM system will not automatically reload global library macros
19:11:37.878 [Test worker] DEBUG org.apache.velocity - CommonsLogLogChute name is 'org.apache.velocity'
19:11:37.878 [Test worker] DEBUG org.apache.velocity - Initializing Velocity, Calling init()...
19:11:37.878 [Test worker] DEBUG org.apache.velocity - Starting Apache Velocity v1.7 (compiled: 2010-11-19 12:14:37)
19:11:37.878 [Test worker] DEBUG org.apache.velocity - Default Properties File: org\apache\velocity\runtime\defaults\velocity.properties
19:11:37.878 [Test worker] DEBUG org.apache.velocity - Trying to use logger class org.apache.velocity.runtime.log.AvalonLogChute
19:11:37.878 [Test worker] DEBUG org.apache.velocity - Target log system for org.apache.velocity.runtime.log.AvalonLogChute is not available (java.lang.NoClassDefFoundError: org/apache/log/format/Formatter).  Falling back to next log system...
19:11:37.878 [Test worker] DEBUG org.apache.velocity - Trying to use logger class org.apache.velocity.runtime.log.Log4JLogChute
19:11:37.878 [Test worker] DEBUG org.apache.velocity - Target log system for org.apache.velocity.runtime.log.Log4JLogChute is not available (java.lang.NoClassDefFoundError: org/apache/log4j/Layout).  Falling back to next log system...
19:11:37.878 [Test worker] DEBUG org.apache.velocity - Trying to use logger class org.apache.velocity.runtime.log.CommonsLogLogChute
19:11:37.878 [Test worker] DEBUG org.apache.velocity - Using logger class org.apache.velocity.runtime.log.CommonsLogLogChute
19:11:37.878 [Test worker] DEBUG org.apache.velocity - ResourceLoader instantiated: org.apache.velocity.runtime.resource.loader.ClasspathResourceLoader
19:11:37.878 [Test worker] DEBUG org.apache.velocity - ResourceCache: initialized (class org.apache.velocity.runtime.resource.ResourceCacheImpl) with class java.util.Collections$SynchronizedMap cache map.
19:11:37.878 [Test worker] DEBUG org.apache.velocity - Loaded System Directive: org.apache.velocity.runtime.directive.Stop
19:11:37.878 [Test worker] DEBUG org.apache.velocity - Loaded System Directive: org.apache.velocity.runtime.directive.Define
19:11:37.878 [Test worker] DEBUG org.apache.velocity - Loaded System Directive: org.apache.velocity.runtime.directive.Break
19:11:37.878 [Test worker] DEBUG org.apache.velocity - Loaded System Directive: org.apache.velocity.runtime.directive.Evaluate
19:11:37.878 [Test worker] DEBUG org.apache.velocity - Loaded System Directive: org.apache.velocity.runtime.directive.Literal
19:11:37.878 [Test worker] DEBUG org.apache.velocity - Loaded System Directive: org.apache.velocity.runtime.directive.Macro
19:11:37.878 [Test worker] DEBUG org.apache.velocity - Loaded System Directive: org.apache.velocity.runtime.directive.Parse
19:11:37.878 [Test worker] DEBUG org.apache.velocity - Loaded System Directive: org.apache.velocity.runtime.directive.Include
19:11:37.878 [Test worker] DEBUG org.apache.velocity - Loaded System Directive: org.apache.velocity.runtime.directive.Foreach
19:11:37.878 [Test worker] DEBUG org.apache.velocity - Created '20' parsers.
19:11:37.878 [Test worker] DEBUG org.apache.velocity - Velocimacro : "velocimacro.library" is not set.  Trying default library: VM_global_library.vm
19:11:37.878 [Test worker] DEBUG org.apache.velocity - Could not load resource 'VM_global_library.vm' from ResourceLoader org.apache.velocity.runtime.resource.loader.ClasspathResourceLoader: ClasspathResourceLoader Error: cannot find resource VM_global_library.vm
19:11:37.878 [Test worker] DEBUG org.apache.velocity - Velocimacro : Default library not found.
19:11:37.878 [Test worker] DEBUG org.apache.velocity - Velocimacro : allowInline = true : VMs can be defined inline in templates
19:11:37.878 [Test worker] DEBUG org.apache.velocity - Velocimacro : allowInlineToOverride = false : VMs defined inline may NOT replace previous VM definitions
19:11:37.878 [Test worker] DEBUG org.apache.velocity - Velocimacro : allowInlineLocal = false : VMs defined inline will be global in scope if allowed.
19:11:37.878 [Test worker] DEBUG org.apache.velocity - Velocimacro : autoload off : VM system will not automatically reload global library macros
19:11:37.894 [Test worker] DEBUG org.apache.velocity - ResourceManager : found templates/generators/overviewFeatures.vm with loader org.apache.velocity.runtime.resource.loader.ClasspathResourceLoader
19:11:37.894 [Test worker] DEBUG org.apache.velocity - ResourceManager : found /templates/headers.vm with loader org.apache.velocity.runtime.resource.loader.ClasspathResourceLoader
19:11:37.894 [Test worker] DEBUG org.apache.velocity - ResourceManager : found /templates/head.vm with loader org.apache.velocity.runtime.resource.loader.ClasspathResourceLoader
19:11:37.894 [Test worker] DEBUG org.apache.velocity - Velocimacro : added VM stringArray: source=/templates/macros/array.js.vm
19:11:37.894 [Test worker] DEBUG org.apache.velocity - Velocimacro : added VM numberArray: source=/templates/macros/array.js.vm
19:11:37.894 [Test worker] DEBUG org.apache.velocity - ResourceManager : found /templates/macros/array.js.vm with loader org.apache.velocity.runtime.resource.loader.ClasspathResourceLoader
19:11:37.909 [Test worker] DEBUG org.apache.velocity - Velocimacro : added VM includeBuildInfo: source=/templates/macros/page/buildinfo.vm
19:11:37.909 [Test worker] DEBUG org.apache.velocity - ResourceManager : found /templates/macros/page/buildinfo.vm with loader org.apache.velocity.runtime.resource.loader.ClasspathResourceLoader
19:11:37.909 [Test worker] DEBUG org.apache.velocity - Velocimacro : added VM includeClassifications: source=/templates/macros/page/classifications.vm
19:11:37.909 [Test worker] DEBUG org.apache.velocity - ResourceManager : found /templates/macros/page/classifications.vm with loader org.apache.velocity.runtime.resource.loader.ClasspathResourceLoader
19:11:37.909 [Test worker] DEBUG org.apache.velocity - Velocimacro : added VM includeLead: source=/templates/macros/page/lead.vm
19:11:37.909 [Test worker] DEBUG org.apache.velocity - ResourceManager : found /templates/macros/page/lead.vm with loader org.apache.velocity.runtime.resource.loader.ClasspathResourceLoader
19:11:37.909 [Test worker] DEBUG org.apache.velocity - Velocimacro : added VM includeNavigation: source=/templates/macros/page/navigation.vm
19:11:37.909 [Test worker] DEBUG org.apache.velocity - ResourceManager : found /templates/macros/page/navigation.vm with loader org.apache.velocity.runtime.resource.loader.ClasspathResourceLoader
19:11:37.909 [Test worker] DEBUG org.apache.velocity - Velocimacro : added VM includeReportInfo: source=/templates/macros/page/reportInfo.vm
19:11:37.909 [Test worker] DEBUG org.apache.velocity - ResourceManager : found /templates/macros/page/reportInfo.vm with loader org.apache.velocity.runtime.resource.loader.ClasspathResourceLoader
19:11:37.909 [Test worker] DEBUG org.apache.velocity - Velocimacro : added VM includeTitle: source=/templates/macros/page/title.vm
19:11:37.909 [Test worker] DEBUG org.apache.velocity - ResourceManager : found /templates/macros/page/title.vm with loader org.apache.velocity.runtime.resource.loader.ClasspathResourceLoader
19:11:37.909 [Test worker] DEBUG org.apache.velocity - Velocimacro : added VM includeExpandingButtons: source=/templates/macros/report/expandAllButtons.vm
19:11:37.909 [Test worker] DEBUG org.apache.velocity - ResourceManager : found /templates/macros/report/expandAllButtons.vm with loader org.apache.velocity.runtime.resource.loader.ClasspathResourceLoader
19:11:37.909 [Test worker] DEBUG org.apache.velocity - Velocimacro : added VM includeReportTable: source=/templates/macros/report/reportTable.vm
19:11:37.909 [Test worker] DEBUG org.apache.velocity - ResourceManager : found /templates/macros/report/reportTable.vm with loader org.apache.velocity.runtime.resource.loader.ClasspathResourceLoader
19:11:37.909 [Test worker] DEBUG org.apache.velocity - Velocimacro : added VM includeReportHeader: source=/templates/macros/report/reportHeader.vm
19:11:37.909 [Test worker] DEBUG org.apache.velocity - ResourceManager : found /templates/macros/report/reportHeader.vm with loader org.apache.velocity.runtime.resource.loader.ClasspathResourceLoader
19:11:37.925 [Test worker] DEBUG org.apache.velocity - Velocimacro : added VM includeStatsTable: source=/templates/macros/report/statsTable.vm
19:11:37.925 [Test worker] DEBUG org.apache.velocity - ResourceManager : found /templates/macros/report/statsTable.vm with loader org.apache.velocity.runtime.resource.loader.ClasspathResourceLoader
19:11:37.925 [Test worker] DEBUG org.apache.velocity - Velocimacro : added VM includeBrief: source=/templates/macros/json/brief.vm
19:11:37.925 [Test worker] DEBUG org.apache.velocity - ResourceManager : found /templates/macros/json/brief.vm with loader org.apache.velocity.runtime.resource.loader.ClasspathResourceLoader
19:11:37.925 [Test worker] DEBUG org.apache.velocity - Velocimacro : added VM includeDocString: source=/templates/macros/json/docstring.vm
19:11:37.925 [Test worker] DEBUG org.apache.velocity - ResourceManager : found /templates/macros/json/docstring.vm with loader org.apache.velocity.runtime.resource.loader.ClasspathResourceLoader
19:11:37.925 [Test worker] DEBUG org.apache.velocity - Velocimacro : added VM includeDuration: source=/templates/macros/json/duration.vm
19:11:37.925 [Test worker] DEBUG org.apache.velocity - ResourceManager : found /templates/macros/json/duration.vm with loader org.apache.velocity.runtime.resource.loader.ClasspathResourceLoader
19:11:37.925 [Test worker] DEBUG org.apache.velocity - Velocimacro : added VM includeElement: source=/templates/macros/json/element.vm
19:11:37.925 [Test worker] DEBUG org.apache.velocity - ResourceManager : found /templates/macros/json/element.vm with loader org.apache.velocity.runtime.resource.loader.ClasspathResourceLoader
19:11:37.925 [Test worker] DEBUG org.apache.velocity - Velocimacro : added VM includeEmbeddings: source=/templates/macros/json/embeddings.vm
19:11:37.925 [Test worker] DEBUG org.apache.velocity - Velocimacro : added VM includeHtmlEmbedding: source=/templates/macros/json/embeddings.vm
19:11:37.925 [Test worker] DEBUG org.apache.velocity - Velocimacro : added VM includeImageEmbedding: source=/templates/macros/json/embeddings.vm
19:11:37.925 [Test worker] DEBUG org.apache.velocity - Velocimacro : added VM includeImageReferenceEmbedding: source=/templates/macros/json/embeddings.vm
19:11:37.925 [Test worker] DEBUG org.apache.velocity - Velocimacro : added VM includeTextEmbedding: source=/templates/macros/json/embeddings.vm
19:11:37.925 [Test worker] DEBUG org.apache.velocity - Velocimacro : added VM includeUnknownEmbedding: source=/templates/macros/json/embeddings.vm
19:11:37.925 [Test worker] DEBUG org.apache.velocity - ResourceManager : found /templates/macros/json/embeddings.vm with loader org.apache.velocity.runtime.resource.loader.ClasspathResourceLoader
19:11:37.925 [Test worker] DEBUG org.apache.velocity - Velocimacro : added VM includeHooks: source=/templates/macros/json/hooks.vm
19:11:37.925 [Test worker] DEBUG org.apache.velocity - ResourceManager : found /templates/macros/json/hooks.vm with loader org.apache.velocity.runtime.resource.loader.ClasspathResourceLoader
19:11:37.925 [Test worker] DEBUG org.apache.velocity - Velocimacro : added VM includeOutput: source=/templates/macros/json/output.vm
19:11:37.925 [Test worker] DEBUG org.apache.velocity - ResourceManager : found /templates/macros/json/output.vm with loader org.apache.velocity.runtime.resource.loader.ClasspathResourceLoader
19:11:37.925 [Test worker] DEBUG org.apache.velocity - Velocimacro : added VM includeMessage: source=/templates/macros/json/message.vm
19:11:37.925 [Test worker] DEBUG org.apache.velocity - ResourceManager : found /templates/macros/json/message.vm with loader org.apache.velocity.runtime.resource.loader.ClasspathResourceLoader
19:11:37.925 [Test worker] DEBUG org.apache.velocity - Velocimacro : added VM includeSteps: source=/templates/macros/json/steps.vm
19:11:37.925 [Test worker] DEBUG org.apache.velocity - ResourceManager : found /templates/macros/json/steps.vm with loader org.apache.velocity.runtime.resource.loader.ClasspathResourceLoader
19:11:37.925 [Test worker] DEBUG org.apache.velocity - Velocimacro : added VM includeTags: source=/templates/macros/json/tags.vm
19:11:37.925 [Test worker] DEBUG org.apache.velocity - ResourceManager : found /templates/macros/json/tags.vm with loader org.apache.velocity.runtime.resource.loader.ClasspathResourceLoader
19:11:37.941 [Test worker] DEBUG org.apache.velocity - ResourceManager : found /templates/js/steps-chart.js.vm with loader org.apache.velocity.runtime.resource.loader.ClasspathResourceLoader
19:11:37.941 [Test worker] DEBUG org.apache.velocity - ResourceManager : found /templates/js/scenarios-chart.js.vm with loader org.apache.velocity.runtime.resource.loader.ClasspathResourceLoader
19:11:37.941 [Test worker] DEBUG org.apache.velocity - ResourceManager : found /templates/js/features-chart.js.vm with loader org.apache.velocity.runtime.resource.loader.ClasspathResourceLoader
19:11:37.941 [Test worker] DEBUG org.apache.velocity - VM #includeReportInfo: too many arguments to macro. Wanted 0 got 1
19:11:37.987 [Test worker] DEBUG org.apache.velocity - ResourceManager : found /templates/footer.vm with loader org.apache.velocity.runtime.resource.loader.ClasspathResourceLoader
19:11:37.987 [Test worker] DEBUG org.apache.velocity - ResourceManager : found templates/generators/reportFeature.vm with loader org.apache.velocity.runtime.resource.loader.ClasspathResourceLoader
19:11:38.003 [Test worker] DEBUG org.apache.velocity - ResourceManager : found /templates/headers.vm with loader org.apache.velocity.runtime.resource.loader.ClasspathResourceLoader
19:11:38.003 [Test worker] DEBUG org.apache.velocity - ResourceManager : found /templates/head.vm with loader org.apache.velocity.runtime.resource.loader.ClasspathResourceLoader
19:11:38.003 [Test worker] DEBUG org.apache.velocity - Velocimacro : added VM stringArray: source=/templates/macros/array.js.vm
19:11:38.003 [Test worker] DEBUG org.apache.velocity - Velocimacro : added VM numberArray: source=/templates/macros/array.js.vm
19:11:38.003 [Test worker] DEBUG org.apache.velocity - ResourceManager : found /templates/macros/array.js.vm with loader org.apache.velocity.runtime.resource.loader.ClasspathResourceLoader
19:11:38.003 [Test worker] DEBUG org.apache.velocity - Velocimacro : added VM includeBuildInfo: source=/templates/macros/page/buildinfo.vm
19:11:38.003 [Test worker] DEBUG org.apache.velocity - ResourceManager : found /templates/macros/page/buildinfo.vm with loader org.apache.velocity.runtime.resource.loader.ClasspathResourceLoader
19:11:38.003 [Test worker] DEBUG org.apache.velocity - Velocimacro : added VM includeClassifications: source=/templates/macros/page/classifications.vm
19:11:38.003 [Test worker] DEBUG org.apache.velocity - ResourceManager : found /templates/macros/page/classifications.vm with loader org.apache.velocity.runtime.resource.loader.ClasspathResourceLoader
19:11:38.003 [Test worker] DEBUG org.apache.velocity - Velocimacro : added VM includeLead: source=/templates/macros/page/lead.vm
19:11:38.003 [Test worker] DEBUG org.apache.velocity - ResourceManager : found /templates/macros/page/lead.vm with loader org.apache.velocity.runtime.resource.loader.ClasspathResourceLoader
19:11:38.003 [Test worker] DEBUG org.apache.velocity - Velocimacro : added VM includeNavigation: source=/templates/macros/page/navigation.vm
19:11:38.003 [Test worker] DEBUG org.apache.velocity - ResourceManager : found /templates/macros/page/navigation.vm with loader org.apache.velocity.runtime.resource.loader.ClasspathResourceLoader
19:11:38.003 [Test worker] DEBUG org.apache.velocity - Velocimacro : added VM includeReportInfo: source=/templates/macros/page/reportInfo.vm
19:11:38.003 [Test worker] DEBUG org.apache.velocity - ResourceManager : found /templates/macros/page/reportInfo.vm with loader org.apache.velocity.runtime.resource.loader.ClasspathResourceLoader
19:11:38.003 [Test worker] DEBUG org.apache.velocity - Velocimacro : added VM includeTitle: source=/templates/macros/page/title.vm
19:11:38.003 [Test worker] DEBUG org.apache.velocity - ResourceManager : found /templates/macros/page/title.vm with loader org.apache.velocity.runtime.resource.loader.ClasspathResourceLoader
19:11:38.003 [Test worker] DEBUG org.apache.velocity - Velocimacro : added VM includeExpandingButtons: source=/templates/macros/report/expandAllButtons.vm
19:11:38.003 [Test worker] DEBUG org.apache.velocity - ResourceManager : found /templates/macros/report/expandAllButtons.vm with loader org.apache.velocity.runtime.resource.loader.ClasspathResourceLoader
19:11:38.003 [Test worker] DEBUG org.apache.velocity - Velocimacro : added VM includeReportTable: source=/templates/macros/report/reportTable.vm
19:11:38.003 [Test worker] DEBUG org.apache.velocity - ResourceManager : found /templates/macros/report/reportTable.vm with loader org.apache.velocity.runtime.resource.loader.ClasspathResourceLoader
19:11:38.003 [Test worker] DEBUG org.apache.velocity - Velocimacro : added VM includeReportHeader: source=/templates/macros/report/reportHeader.vm
19:11:38.003 [Test worker] DEBUG org.apache.velocity - ResourceManager : found /templates/macros/report/reportHeader.vm with loader org.apache.velocity.runtime.resource.loader.ClasspathResourceLoader
19:11:38.003 [Test worker] DEBUG org.apache.velocity - Velocimacro : added VM includeStatsTable: source=/templates/macros/report/statsTable.vm
19:11:38.003 [Test worker] DEBUG org.apache.velocity - ResourceManager : found /templates/macros/report/statsTable.vm with loader org.apache.velocity.runtime.resource.loader.ClasspathResourceLoader
19:11:38.003 [Test worker] DEBUG org.apache.velocity - Velocimacro : added VM includeBrief: source=/templates/macros/json/brief.vm
19:11:38.003 [Test worker] DEBUG org.apache.velocity - ResourceManager : found /templates/macros/json/brief.vm with loader org.apache.velocity.runtime.resource.loader.ClasspathResourceLoader
19:11:38.003 [Test worker] DEBUG org.apache.velocity - Velocimacro : added VM includeDocString: source=/templates/macros/json/docstring.vm
19:11:38.003 [Test worker] DEBUG org.apache.velocity - ResourceManager : found /templates/macros/json/docstring.vm with loader org.apache.velocity.runtime.resource.loader.ClasspathResourceLoader
19:11:38.003 [Test worker] DEBUG org.apache.velocity - Velocimacro : added VM includeDuration: source=/templates/macros/json/duration.vm
19:11:38.003 [Test worker] DEBUG org.apache.velocity - ResourceManager : found /templates/macros/json/duration.vm with loader org.apache.velocity.runtime.resource.loader.ClasspathResourceLoader
19:11:38.003 [Test worker] DEBUG org.apache.velocity - Velocimacro : added VM includeElement: source=/templates/macros/json/element.vm
19:11:38.003 [Test worker] DEBUG org.apache.velocity - ResourceManager : found /templates/macros/json/element.vm with loader org.apache.velocity.runtime.resource.loader.ClasspathResourceLoader
19:11:38.003 [Test worker] DEBUG org.apache.velocity - Velocimacro : added VM includeEmbeddings: source=/templates/macros/json/embeddings.vm
19:11:38.003 [Test worker] DEBUG org.apache.velocity - Velocimacro : added VM includeHtmlEmbedding: source=/templates/macros/json/embeddings.vm
19:11:38.003 [Test worker] DEBUG org.apache.velocity - Velocimacro : added VM includeImageEmbedding: source=/templates/macros/json/embeddings.vm
19:11:38.003 [Test worker] DEBUG org.apache.velocity - Velocimacro : added VM includeImageReferenceEmbedding: source=/templates/macros/json/embeddings.vm
19:11:38.003 [Test worker] DEBUG org.apache.velocity - Velocimacro : added VM includeTextEmbedding: source=/templates/macros/json/embeddings.vm
19:11:38.003 [Test worker] DEBUG org.apache.velocity - Velocimacro : added VM includeUnknownEmbedding: source=/templates/macros/json/embeddings.vm
19:11:38.003 [Test worker] DEBUG org.apache.velocity - ResourceManager : found /templates/macros/json/embeddings.vm with loader org.apache.velocity.runtime.resource.loader.ClasspathResourceLoader
19:11:38.003 [Test worker] DEBUG org.apache.velocity - Velocimacro : added VM includeHooks: source=/templates/macros/json/hooks.vm
19:11:38.003 [Test worker] DEBUG org.apache.velocity - ResourceManager : found /templates/macros/json/hooks.vm with loader org.apache.velocity.runtime.resource.loader.ClasspathResourceLoader
19:11:38.003 [Test worker] DEBUG org.apache.velocity - Velocimacro : added VM includeOutput: source=/templates/macros/json/output.vm
19:11:38.003 [Test worker] DEBUG org.apache.velocity - ResourceManager : found /templates/macros/json/output.vm with loader org.apache.velocity.runtime.resource.loader.ClasspathResourceLoader
19:11:38.003 [Test worker] DEBUG org.apache.velocity - Velocimacro : added VM includeMessage: source=/templates/macros/json/message.vm
19:11:38.003 [Test worker] DEBUG org.apache.velocity - ResourceManager : found /templates/macros/json/message.vm with loader org.apache.velocity.runtime.resource.loader.ClasspathResourceLoader
19:11:38.003 [Test worker] DEBUG org.apache.velocity - Velocimacro : added VM includeSteps: source=/templates/macros/json/steps.vm
19:11:38.003 [Test worker] DEBUG org.apache.velocity - ResourceManager : found /templates/macros/json/steps.vm with loader org.apache.velocity.runtime.resource.loader.ClasspathResourceLoader
19:11:38.003 [Test worker] DEBUG org.apache.velocity - Velocimacro : added VM includeTags: source=/templates/macros/json/tags.vm
19:11:38.003 [Test worker] DEBUG org.apache.velocity - ResourceManager : found /templates/macros/json/tags.vm with loader org.apache.velocity.runtime.resource.loader.ClasspathResourceLoader
19:11:38.019 [Test worker] DEBUG org.apache.velocity - VM #includeNavigation: too few arguments to macro. Wanted 1 got 0
19:11:38.019 [Test worker] DEBUG org.apache.velocity - Left side ($active_tab) of '==' operation has null value. If it is a reference, it may not be in the context or its toString() returned null. /templates/macros/page/navigation.vm[line 14, column 51]
19:11:38.019 [Test worker] DEBUG org.apache.velocity - Left side ($active_tab) of '==' operation has null value. If it is a reference, it may not be in the context or its toString() returned null. /templates/macros/page/navigation.vm[line 15, column 51]
19:11:38.019 [Test worker] DEBUG org.apache.velocity - Left side ($active_tab) of '==' operation has null value. If it is a reference, it may not be in the context or its toString() returned null. /templates/macros/page/navigation.vm[line 16, column 51]
19:11:38.019 [Test worker] DEBUG org.apache.velocity - Left side ($active_tab) of '==' operation has null value. If it is a reference, it may not be in the context or its toString() returned null. /templates/macros/page/navigation.vm[line 20, column 51]
19:11:38.019 [Test worker] DEBUG org.apache.velocity - VM #includeLead: too few arguments to macro. Wanted 2 got 1
19:11:38.019 [Test worker] DEBUG org.apache.velocity - VM #includeBrief: too few arguments to macro. Wanted 5 got 3
19:11:38.019 [Test worker] DEBUG org.apache.velocity - VM #includeBrief: too few arguments to macro. Wanted 5 got 4
19:11:38.019 [Test worker] DEBUG org.apache.velocity - VM #includeBrief: too few arguments to macro. Wanted 5 got 4
19:11:38.019 [Test worker] DEBUG org.apache.velocity - ResourceManager : found /templates/footer.vm with loader org.apache.velocity.runtime.resource.loader.ClasspathResourceLoader
19:11:38.019 [Test worker] DEBUG org.apache.velocity - ResourceManager : found templates/generators/reportFeature.vm with loader org.apache.velocity.runtime.resource.loader.ClasspathResourceLoader
19:11:38.019 [Test worker] DEBUG org.apache.velocity - ResourceManager : found /templates/headers.vm with loader org.apache.velocity.runtime.resource.loader.ClasspathResourceLoader
19:11:38.019 [Test worker] DEBUG org.apache.velocity - ResourceManager : found /templates/head.vm with loader org.apache.velocity.runtime.resource.loader.ClasspathResourceLoader
19:11:38.019 [Test worker] DEBUG org.apache.velocity - Velocimacro : added VM stringArray: source=/templates/macros/array.js.vm
19:11:38.019 [Test worker] DEBUG org.apache.velocity - Velocimacro : added VM numberArray: source=/templates/macros/array.js.vm
19:11:38.019 [Test worker] DEBUG org.apache.velocity - ResourceManager : found /templates/macros/array.js.vm with loader org.apache.velocity.runtime.resource.loader.ClasspathResourceLoader
19:11:38.019 [Test worker] DEBUG org.apache.velocity - Velocimacro : added VM includeBuildInfo: source=/templates/macros/page/buildinfo.vm
19:11:38.019 [Test worker] DEBUG org.apache.velocity - ResourceManager : found /templates/macros/page/buildinfo.vm with loader org.apache.velocity.runtime.resource.loader.ClasspathResourceLoader
19:11:38.019 [Test worker] DEBUG org.apache.velocity - Velocimacro : added VM includeClassifications: source=/templates/macros/page/classifications.vm
19:11:38.019 [Test worker] DEBUG org.apache.velocity - ResourceManager : found /templates/macros/page/classifications.vm with loader org.apache.velocity.runtime.resource.loader.ClasspathResourceLoader
19:11:38.019 [Test worker] DEBUG org.apache.velocity - Velocimacro : added VM includeLead: source=/templates/macros/page/lead.vm
19:11:38.019 [Test worker] DEBUG org.apache.velocity - ResourceManager : found /templates/macros/page/lead.vm with loader org.apache.velocity.runtime.resource.loader.ClasspathResourceLoader
19:11:38.019 [Test worker] DEBUG org.apache.velocity - Velocimacro : added VM includeNavigation: source=/templates/macros/page/navigation.vm
19:11:38.019 [Test worker] DEBUG org.apache.velocity - ResourceManager : found /templates/macros/page/navigation.vm with loader org.apache.velocity.runtime.resource.loader.ClasspathResourceLoader
19:11:38.019 [Test worker] DEBUG org.apache.velocity - Velocimacro : added VM includeReportInfo: source=/templates/macros/page/reportInfo.vm
19:11:38.019 [Test worker] DEBUG org.apache.velocity - ResourceManager : found /templates/macros/page/reportInfo.vm with loader org.apache.velocity.runtime.resource.loader.ClasspathResourceLoader
19:11:38.019 [Test worker] DEBUG org.apache.velocity - Velocimacro : added VM includeTitle: source=/templates/macros/page/title.vm
19:11:38.019 [Test worker] DEBUG org.apache.velocity - ResourceManager : found /templates/macros/page/title.vm with loader org.apache.velocity.runtime.resource.loader.ClasspathResourceLoader
19:11:38.019 [Test worker] DEBUG org.apache.velocity - Velocimacro : added VM includeExpandingButtons: source=/templates/macros/report/expandAllButtons.vm
19:11:38.019 [Test worker] DEBUG org.apache.velocity - ResourceManager : found /templates/macros/report/expandAllButtons.vm with loader org.apache.velocity.runtime.resource.loader.ClasspathResourceLoader
19:11:38.019 [Test worker] DEBUG org.apache.velocity - Velocimacro : added VM includeReportTable: source=/templates/macros/report/reportTable.vm
19:11:38.019 [Test worker] DEBUG org.apache.velocity - ResourceManager : found /templates/macros/report/reportTable.vm with loader org.apache.velocity.runtime.resource.loader.ClasspathResourceLoader
19:11:38.019 [Test worker] DEBUG org.apache.velocity - Velocimacro : added VM includeReportHeader: source=/templates/macros/report/reportHeader.vm
19:11:38.019 [Test worker] DEBUG org.apache.velocity - ResourceManager : found /templates/macros/report/reportHeader.vm with loader org.apache.velocity.runtime.resource.loader.ClasspathResourceLoader
19:11:38.034 [Test worker] DEBUG org.apache.velocity - Velocimacro : added VM includeStatsTable: source=/templates/macros/report/statsTable.vm
19:11:38.034 [Test worker] DEBUG org.apache.velocity - ResourceManager : found /templates/macros/report/statsTable.vm with loader org.apache.velocity.runtime.resource.loader.ClasspathResourceLoader
19:11:38.034 [Test worker] DEBUG org.apache.velocity - Velocimacro : added VM includeBrief: source=/templates/macros/json/brief.vm
19:11:38.034 [Test worker] DEBUG org.apache.velocity - ResourceManager : found /templates/macros/json/brief.vm with loader org.apache.velocity.runtime.resource.loader.ClasspathResourceLoader
19:11:38.034 [Test worker] DEBUG org.apache.velocity - Velocimacro : added VM includeDocString: source=/templates/macros/json/docstring.vm
19:11:38.034 [Test worker] DEBUG org.apache.velocity - ResourceManager : found /templates/macros/json/docstring.vm with loader org.apache.velocity.runtime.resource.loader.ClasspathResourceLoader
19:11:38.034 [Test worker] DEBUG org.apache.velocity - Velocimacro : added VM includeDuration: source=/templates/macros/json/duration.vm
19:11:38.034 [Test worker] DEBUG org.apache.velocity - ResourceManager : found /templates/macros/json/duration.vm with loader org.apache.velocity.runtime.resource.loader.ClasspathResourceLoader
19:11:38.034 [Test worker] DEBUG org.apache.velocity - Velocimacro : added VM includeElement: source=/templates/macros/json/element.vm
19:11:38.034 [Test worker] DEBUG org.apache.velocity - ResourceManager : found /templates/macros/json/element.vm with loader org.apache.velocity.runtime.resource.loader.ClasspathResourceLoader
19:11:38.034 [Test worker] DEBUG org.apache.velocity - Velocimacro : added VM includeEmbeddings: source=/templates/macros/json/embeddings.vm
19:11:38.034 [Test worker] DEBUG org.apache.velocity - Velocimacro : added VM includeHtmlEmbedding: source=/templates/macros/json/embeddings.vm
19:11:38.034 [Test worker] DEBUG org.apache.velocity - Velocimacro : added VM includeImageEmbedding: source=/templates/macros/json/embeddings.vm
19:11:38.034 [Test worker] DEBUG org.apache.velocity - Velocimacro : added VM includeImageReferenceEmbedding: source=/templates/macros/json/embeddings.vm
19:11:38.034 [Test worker] DEBUG org.apache.velocity - Velocimacro : added VM includeTextEmbedding: source=/templates/macros/json/embeddings.vm
19:11:38.034 [Test worker] DEBUG org.apache.velocity - Velocimacro : added VM includeUnknownEmbedding: source=/templates/macros/json/embeddings.vm
19:11:38.034 [Test worker] DEBUG org.apache.velocity - ResourceManager : found /templates/macros/json/embeddings.vm with loader org.apache.velocity.runtime.resource.loader.ClasspathResourceLoader
19:11:38.034 [Test worker] DEBUG org.apache.velocity - Velocimacro : added VM includeHooks: source=/templates/macros/json/hooks.vm
19:11:38.034 [Test worker] DEBUG org.apache.velocity - ResourceManager : found /templates/macros/json/hooks.vm with loader org.apache.velocity.runtime.resource.loader.ClasspathResourceLoader
19:11:38.034 [Test worker] DEBUG org.apache.velocity - Velocimacro : added VM includeOutput: source=/templates/macros/json/output.vm
19:11:38.034 [Test worker] DEBUG org.apache.velocity - ResourceManager : found /templates/macros/json/output.vm with loader org.apache.velocity.runtime.resource.loader.ClasspathResourceLoader
19:11:38.034 [Test worker] DEBUG org.apache.velocity - Velocimacro : added VM includeMessage: source=/templates/macros/json/message.vm
19:11:38.034 [Test worker] DEBUG org.apache.velocity - ResourceManager : found /templates/macros/json/message.vm with loader org.apache.velocity.runtime.resource.loader.ClasspathResourceLoader
19:11:38.034 [Test worker] DEBUG org.apache.velocity - Velocimacro : added VM includeSteps: source=/templates/macros/json/steps.vm
19:11:38.034 [Test worker] DEBUG org.apache.velocity - ResourceManager : found /templates/macros/json/steps.vm with loader org.apache.velocity.runtime.resource.loader.ClasspathResourceLoader
19:11:38.034 [Test worker] DEBUG org.apache.velocity - Velocimacro : added VM includeTags: source=/templates/macros/json/tags.vm
19:11:38.034 [Test worker] DEBUG org.apache.velocity - ResourceManager : found /templates/macros/json/tags.vm with loader org.apache.velocity.runtime.resource.loader.ClasspathResourceLoader
19:11:38.034 [Test worker] DEBUG org.apache.velocity - VM #includeNavigation: too few arguments to macro. Wanted 1 got 0
19:11:38.034 [Test worker] DEBUG org.apache.velocity - Left side ($active_tab) of '==' operation has null value. If it is a reference, it may not be in the context or its toString() returned null. /templates/macros/page/navigation.vm[line 14, column 51]
19:11:38.034 [Test worker] DEBUG org.apache.velocity - Left side ($active_tab) of '==' operation has null value. If it is a reference, it may not be in the context or its toString() returned null. /templates/macros/page/navigation.vm[line 15, column 51]
19:11:38.034 [Test worker] DEBUG org.apache.velocity - Left side ($active_tab) of '==' operation has null value. If it is a reference, it may not be in the context or its toString() returned null. /templates/macros/page/navigation.vm[line 16, column 51]
19:11:38.034 [Test worker] DEBUG org.apache.velocity - Left side ($active_tab) of '==' operation has null value. If it is a reference, it may not be in the context or its toString() returned null. /templates/macros/page/navigation.vm[line 20, column 51]
19:11:38.034 [Test worker] DEBUG org.apache.velocity - VM #includeLead: too few arguments to macro. Wanted 2 got 1
19:11:38.034 [Test worker] DEBUG org.apache.velocity - VM #includeBrief: too few arguments to macro. Wanted 5 got 3
19:11:38.034 [Test worker] DEBUG org.apache.velocity - VM #includeBrief: too few arguments to macro. Wanted 5 got 4
19:11:38.034 [Test worker] DEBUG org.apache.velocity - VM #includeBrief: too few arguments to macro. Wanted 5 got 4
19:11:38.034 [Test worker] DEBUG org.apache.velocity - ResourceManager : found /templates/footer.vm with loader org.apache.velocity.runtime.resource.loader.ClasspathResourceLoader
19:11:38.034 [Test worker] DEBUG org.apache.velocity - ResourceManager : found templates/generators/reportFeature.vm with loader org.apache.velocity.runtime.resource.loader.ClasspathResourceLoader
19:11:38.050 [Test worker] DEBUG org.apache.velocity - ResourceManager : found /templates/headers.vm with loader org.apache.velocity.runtime.resource.loader.ClasspathResourceLoader
19:11:38.050 [Test worker] DEBUG org.apache.velocity - ResourceManager : found /templates/head.vm with loader org.apache.velocity.runtime.resource.loader.ClasspathResourceLoader
19:11:38.050 [Test worker] DEBUG org.apache.velocity - Velocimacro : added VM stringArray: source=/templates/macros/array.js.vm
19:11:38.050 [Test worker] DEBUG org.apache.velocity - Velocimacro : added VM numberArray: source=/templates/macros/array.js.vm
19:11:38.050 [Test worker] DEBUG org.apache.velocity - ResourceManager : found /templates/macros/array.js.vm with loader org.apache.velocity.runtime.resource.loader.ClasspathResourceLoader
19:11:38.050 [Test worker] DEBUG org.apache.velocity - Velocimacro : added VM includeBuildInfo: source=/templates/macros/page/buildinfo.vm
19:11:38.050 [Test worker] DEBUG org.apache.velocity - ResourceManager : found /templates/macros/page/buildinfo.vm with loader org.apache.velocity.runtime.resource.loader.ClasspathResourceLoader
19:11:38.050 [Test worker] DEBUG org.apache.velocity - Velocimacro : added VM includeClassifications: source=/templates/macros/page/classifications.vm
19:11:38.050 [Test worker] DEBUG org.apache.velocity - ResourceManager : found /templates/macros/page/classifications.vm with loader org.apache.velocity.runtime.resource.loader.ClasspathResourceLoader
19:11:38.050 [Test worker] DEBUG org.apache.velocity - Velocimacro : added VM includeLead: source=/templates/macros/page/lead.vm
19:11:38.050 [Test worker] DEBUG org.apache.velocity - ResourceManager : found /templates/macros/page/lead.vm with loader org.apache.velocity.runtime.resource.loader.ClasspathResourceLoader
19:11:38.050 [Test worker] DEBUG org.apache.velocity - Velocimacro : added VM includeNavigation: source=/templates/macros/page/navigation.vm
19:11:38.050 [Test worker] DEBUG org.apache.velocity - ResourceManager : found /templates/macros/page/navigation.vm with loader org.apache.velocity.runtime.resource.loader.ClasspathResourceLoader
19:11:38.050 [Test worker] DEBUG org.apache.velocity - Velocimacro : added VM includeReportInfo: source=/templates/macros/page/reportInfo.vm
19:11:38.050 [Test worker] DEBUG org.apache.velocity - ResourceManager : found /templates/macros/page/reportInfo.vm with loader org.apache.velocity.runtime.resource.loader.ClasspathResourceLoader
19:11:38.050 [Test worker] DEBUG org.apache.velocity - Velocimacro : added VM includeTitle: source=/templates/macros/page/title.vm
19:11:38.050 [Test worker] DEBUG org.apache.velocity - ResourceManager : found /templates/macros/page/title.vm with loader org.apache.velocity.runtime.resource.loader.ClasspathResourceLoader
19:11:38.050 [Test worker] DEBUG org.apache.velocity - Velocimacro : added VM includeExpandingButtons: source=/templates/macros/report/expandAllButtons.vm
19:11:38.050 [Test worker] DEBUG org.apache.velocity - ResourceManager : found /templates/macros/report/expandAllButtons.vm with loader org.apache.velocity.runtime.resource.loader.ClasspathResourceLoader
19:11:38.050 [Test worker] DEBUG org.apache.velocity - Velocimacro : added VM includeReportTable: source=/templates/macros/report/reportTable.vm
19:11:38.050 [Test worker] DEBUG org.apache.velocity - ResourceManager : found /templates/macros/report/reportTable.vm with loader org.apache.velocity.runtime.resource.loader.ClasspathResourceLoader
19:11:38.050 [Test worker] DEBUG org.apache.velocity - Velocimacro : added VM includeReportHeader: source=/templates/macros/report/reportHeader.vm
19:11:38.050 [Test worker] DEBUG org.apache.velocity - ResourceManager : found /templates/macros/report/reportHeader.vm with loader org.apache.velocity.runtime.resource.loader.ClasspathResourceLoader
19:11:38.066 [Test worker] DEBUG org.apache.velocity - Velocimacro : added VM includeStatsTable: source=/templates/macros/report/statsTable.vm
19:11:38.066 [Test worker] DEBUG org.apache.velocity - ResourceManager : found /templates/macros/report/statsTable.vm with loader org.apache.velocity.runtime.resource.loader.ClasspathResourceLoader
19:11:38.066 [Test worker] DEBUG org.apache.velocity - Velocimacro : added VM includeBrief: source=/templates/macros/json/brief.vm
19:11:38.066 [Test worker] DEBUG org.apache.velocity - ResourceManager : found /templates/macros/json/brief.vm with loader org.apache.velocity.runtime.resource.loader.ClasspathResourceLoader
19:11:38.066 [Test worker] DEBUG org.apache.velocity - Velocimacro : added VM includeDocString: source=/templates/macros/json/docstring.vm
19:11:38.066 [Test worker] DEBUG org.apache.velocity - ResourceManager : found /templates/macros/json/docstring.vm with loader org.apache.velocity.runtime.resource.loader.ClasspathResourceLoader
19:11:38.066 [Test worker] DEBUG org.apache.velocity - Velocimacro : added VM includeDuration: source=/templates/macros/json/duration.vm
19:11:38.066 [Test worker] DEBUG org.apache.velocity - ResourceManager : found /templates/macros/json/duration.vm with loader org.apache.velocity.runtime.resource.loader.ClasspathResourceLoader
19:11:38.066 [Test worker] DEBUG org.apache.velocity - Velocimacro : added VM includeElement: source=/templates/macros/json/element.vm
19:11:38.066 [Test worker] DEBUG org.apache.velocity - ResourceManager : found /templates/macros/json/element.vm with loader org.apache.velocity.runtime.resource.loader.ClasspathResourceLoader
19:11:38.066 [Test worker] DEBUG org.apache.velocity - Velocimacro : added VM includeEmbeddings: source=/templates/macros/json/embeddings.vm
19:11:38.066 [Test worker] DEBUG org.apache.velocity - Velocimacro : added VM includeHtmlEmbedding: source=/templates/macros/json/embeddings.vm
19:11:38.066 [Test worker] DEBUG org.apache.velocity - Velocimacro : added VM includeImageEmbedding: source=/templates/macros/json/embeddings.vm
19:11:38.066 [Test worker] DEBUG org.apache.velocity - Velocimacro : added VM includeImageReferenceEmbedding: source=/templates/macros/json/embeddings.vm
19:11:38.066 [Test worker] DEBUG org.apache.velocity - Velocimacro : added VM includeTextEmbedding: source=/templates/macros/json/embeddings.vm
19:11:38.066 [Test worker] DEBUG org.apache.velocity - Velocimacro : added VM includeUnknownEmbedding: source=/templates/macros/json/embeddings.vm
19:11:38.066 [Test worker] DEBUG org.apache.velocity - ResourceManager : found /templates/macros/json/embeddings.vm with loader org.apache.velocity.runtime.resource.loader.ClasspathResourceLoader
19:11:38.066 [Test worker] DEBUG org.apache.velocity - Velocimacro : added VM includeHooks: source=/templates/macros/json/hooks.vm
19:11:38.066 [Test worker] DEBUG org.apache.velocity - ResourceManager : found /templates/macros/json/hooks.vm with loader org.apache.velocity.runtime.resource.loader.ClasspathResourceLoader
19:11:38.066 [Test worker] DEBUG org.apache.velocity - Velocimacro : added VM includeOutput: source=/templates/macros/json/output.vm
19:11:38.066 [Test worker] DEBUG org.apache.velocity - ResourceManager : found /templates/macros/json/output.vm with loader org.apache.velocity.runtime.resource.loader.ClasspathResourceLoader
19:11:38.066 [Test worker] DEBUG org.apache.velocity - Velocimacro : added VM includeMessage: source=/templates/macros/json/message.vm
19:11:38.066 [Test worker] DEBUG org.apache.velocity - ResourceManager : found /templates/macros/json/message.vm with loader org.apache.velocity.runtime.resource.loader.ClasspathResourceLoader
19:11:38.066 [Test worker] DEBUG org.apache.velocity - Velocimacro : added VM includeSteps: source=/templates/macros/json/steps.vm
19:11:38.066 [Test worker] DEBUG org.apache.velocity - ResourceManager : found /templates/macros/json/steps.vm with loader org.apache.velocity.runtime.resource.loader.ClasspathResourceLoader
19:11:38.066 [Test worker] DEBUG org.apache.velocity - Velocimacro : added VM includeTags: source=/templates/macros/json/tags.vm
19:11:38.066 [Test worker] DEBUG org.apache.velocity - ResourceManager : found /templates/macros/json/tags.vm with loader org.apache.velocity.runtime.resource.loader.ClasspathResourceLoader
19:11:38.066 [Test worker] DEBUG org.apache.velocity - VM #includeNavigation: too few arguments to macro. Wanted 1 got 0
19:11:38.066 [Test worker] DEBUG org.apache.velocity - Left side ($active_tab) of '==' operation has null value. If it is a reference, it may not be in the context or its toString() returned null. /templates/macros/page/navigation.vm[line 14, column 51]
19:11:38.066 [Test worker] DEBUG org.apache.velocity - Left side ($active_tab) of '==' operation has null value. If it is a reference, it may not be in the context or its toString() returned null. /templates/macros/page/navigation.vm[line 15, column 51]
19:11:38.066 [Test worker] DEBUG org.apache.velocity - Left side ($active_tab) of '==' operation has null value. If it is a reference, it may not be in the context or its toString() returned null. /templates/macros/page/navigation.vm[line 16, column 51]
19:11:38.066 [Test worker] DEBUG org.apache.velocity - Left side ($active_tab) of '==' operation has null value. If it is a reference, it may not be in the context or its toString() returned null. /templates/macros/page/navigation.vm[line 20, column 51]
19:11:38.066 [Test worker] DEBUG org.apache.velocity - VM #includeLead: too few arguments to macro. Wanted 2 got 1
19:11:38.066 [Test worker] DEBUG org.apache.velocity - VM #includeBrief: too few arguments to macro. Wanted 5 got 3
19:11:38.066 [Test worker] DEBUG org.apache.velocity - VM #includeBrief: too few arguments to macro. Wanted 5 got 4
19:11:38.066 [Test worker] DEBUG org.apache.velocity - VM #includeBrief: too few arguments to macro. Wanted 5 got 4
19:11:38.081 [Test worker] DEBUG org.apache.velocity - ResourceManager : found /templates/footer.vm with loader org.apache.velocity.runtime.resource.loader.ClasspathResourceLoader
19:11:38.081 [Test worker] DEBUG org.apache.velocity - ResourceManager : found templates/generators/reportFeature.vm with loader org.apache.velocity.runtime.resource.loader.ClasspathResourceLoader
19:11:38.081 [Test worker] DEBUG org.apache.velocity - ResourceManager : found /templates/headers.vm with loader org.apache.velocity.runtime.resource.loader.ClasspathResourceLoader
19:11:38.081 [Test worker] DEBUG org.apache.velocity - ResourceManager : found /templates/head.vm with loader org.apache.velocity.runtime.resource.loader.ClasspathResourceLoader
19:11:38.081 [Test worker] DEBUG org.apache.velocity - Velocimacro : added VM stringArray: source=/templates/macros/array.js.vm
19:11:38.081 [Test worker] DEBUG org.apache.velocity - Velocimacro : added VM numberArray: source=/templates/macros/array.js.vm
19:11:38.081 [Test worker] DEBUG org.apache.velocity - ResourceManager : found /templates/macros/array.js.vm with loader org.apache.velocity.runtime.resource.loader.ClasspathResourceLoader
19:11:38.081 [Test worker] DEBUG org.apache.velocity - Velocimacro : added VM includeBuildInfo: source=/templates/macros/page/buildinfo.vm
19:11:38.081 [Test worker] DEBUG org.apache.velocity - ResourceManager : found /templates/macros/page/buildinfo.vm with loader org.apache.velocity.runtime.resource.loader.ClasspathResourceLoader
19:11:38.081 [Test worker] DEBUG org.apache.velocity - Velocimacro : added VM includeClassifications: source=/templates/macros/page/classifications.vm
19:11:38.081 [Test worker] DEBUG org.apache.velocity - ResourceManager : found /templates/macros/page/classifications.vm with loader org.apache.velocity.runtime.resource.loader.ClasspathResourceLoader
19:11:38.081 [Test worker] DEBUG org.apache.velocity - Velocimacro : added VM includeLead: source=/templates/macros/page/lead.vm
19:11:38.081 [Test worker] DEBUG org.apache.velocity - ResourceManager : found /templates/macros/page/lead.vm with loader org.apache.velocity.runtime.resource.loader.ClasspathResourceLoader
19:11:38.081 [Test worker] DEBUG org.apache.velocity - Velocimacro : added VM includeNavigation: source=/templates/macros/page/navigation.vm
19:11:38.081 [Test worker] DEBUG org.apache.velocity - ResourceManager : found /templates/macros/page/navigation.vm with loader org.apache.velocity.runtime.resource.loader.ClasspathResourceLoader
19:11:38.081 [Test worker] DEBUG org.apache.velocity - Velocimacro : added VM includeReportInfo: source=/templates/macros/page/reportInfo.vm
19:11:38.081 [Test worker] DEBUG org.apache.velocity - ResourceManager : found /templates/macros/page/reportInfo.vm with loader org.apache.velocity.runtime.resource.loader.ClasspathResourceLoader
19:11:38.081 [Test worker] DEBUG org.apache.velocity - Velocimacro : added VM includeTitle: source=/templates/macros/page/title.vm
19:11:38.081 [Test worker] DEBUG org.apache.velocity - ResourceManager : found /templates/macros/page/title.vm with loader org.apache.velocity.runtime.resource.loader.ClasspathResourceLoader
19:11:38.081 [Test worker] DEBUG org.apache.velocity - Velocimacro : added VM includeExpandingButtons: source=/templates/macros/report/expandAllButtons.vm
19:11:38.081 [Test worker] DEBUG org.apache.velocity - ResourceManager : found /templates/macros/report/expandAllButtons.vm with loader org.apache.velocity.runtime.resource.loader.ClasspathResourceLoader
19:11:38.081 [Test worker] DEBUG org.apache.velocity - Velocimacro : added VM includeReportTable: source=/templates/macros/report/reportTable.vm
19:11:38.081 [Test worker] DEBUG org.apache.velocity - ResourceManager : found /templates/macros/report/reportTable.vm with loader org.apache.velocity.runtime.resource.loader.ClasspathResourceLoader
19:11:38.081 [Test worker] DEBUG org.apache.velocity - Velocimacro : added VM includeReportHeader: source=/templates/macros/report/reportHeader.vm
19:11:38.081 [Test worker] DEBUG org.apache.velocity - ResourceManager : found /templates/macros/report/reportHeader.vm with loader org.apache.velocity.runtime.resource.loader.ClasspathResourceLoader
19:11:38.081 [Test worker] DEBUG org.apache.velocity - Velocimacro : added VM includeStatsTable: source=/templates/macros/report/statsTable.vm
19:11:38.081 [Test worker] DEBUG org.apache.velocity - ResourceManager : found /templates/macros/report/statsTable.vm with loader org.apache.velocity.runtime.resource.loader.ClasspathResourceLoader
19:11:38.081 [Test worker] DEBUG org.apache.velocity - Velocimacro : added VM includeBrief: source=/templates/macros/json/brief.vm
19:11:38.081 [Test worker] DEBUG org.apache.velocity - ResourceManager : found /templates/macros/json/brief.vm with loader org.apache.velocity.runtime.resource.loader.ClasspathResourceLoader
19:11:38.081 [Test worker] DEBUG org.apache.velocity - Velocimacro : added VM includeDocString: source=/templates/macros/json/docstring.vm
19:11:38.081 [Test worker] DEBUG org.apache.velocity - ResourceManager : found /templates/macros/json/docstring.vm with loader org.apache.velocity.runtime.resource.loader.ClasspathResourceLoader
19:11:38.081 [Test worker] DEBUG org.apache.velocity - Velocimacro : added VM includeDuration: source=/templates/macros/json/duration.vm
19:11:38.081 [Test worker] DEBUG org.apache.velocity - ResourceManager : found /templates/macros/json/duration.vm with loader org.apache.velocity.runtime.resource.loader.ClasspathResourceLoader
19:11:38.081 [Test worker] DEBUG org.apache.velocity - Velocimacro : added VM includeElement: source=/templates/macros/json/element.vm
19:11:38.081 [Test worker] DEBUG org.apache.velocity - ResourceManager : found /templates/macros/json/element.vm with loader org.apache.velocity.runtime.resource.loader.ClasspathResourceLoader
19:11:38.081 [Test worker] DEBUG org.apache.velocity - Velocimacro : added VM includeEmbeddings: source=/templates/macros/json/embeddings.vm
19:11:38.081 [Test worker] DEBUG org.apache.velocity - Velocimacro : added VM includeHtmlEmbedding: source=/templates/macros/json/embeddings.vm
19:11:38.081 [Test worker] DEBUG org.apache.velocity - Velocimacro : added VM includeImageEmbedding: source=/templates/macros/json/embeddings.vm
19:11:38.081 [Test worker] DEBUG org.apache.velocity - Velocimacro : added VM includeImageReferenceEmbedding: source=/templates/macros/json/embeddings.vm
19:11:38.081 [Test worker] DEBUG org.apache.velocity - Velocimacro : added VM includeTextEmbedding: source=/templates/macros/json/embeddings.vm
19:11:38.097 [Test worker] DEBUG org.apache.velocity - Velocimacro : added VM includeUnknownEmbedding: source=/templates/macros/json/embeddings.vm
19:11:38.097 [Test worker] DEBUG org.apache.velocity - ResourceManager : found /templates/macros/json/embeddings.vm with loader org.apache.velocity.runtime.resource.loader.ClasspathResourceLoader
19:11:38.097 [Test worker] DEBUG org.apache.velocity - Velocimacro : added VM includeHooks: source=/templates/macros/json/hooks.vm
19:11:38.097 [Test worker] DEBUG org.apache.velocity - ResourceManager : found /templates/macros/json/hooks.vm with loader org.apache.velocity.runtime.resource.loader.ClasspathResourceLoader
19:11:38.097 [Test worker] DEBUG org.apache.velocity - Velocimacro : added VM includeOutput: source=/templates/macros/json/output.vm
19:11:38.097 [Test worker] DEBUG org.apache.velocity - ResourceManager : found /templates/macros/json/output.vm with loader org.apache.velocity.runtime.resource.loader.ClasspathResourceLoader
19:11:38.097 [Test worker] DEBUG org.apache.velocity - Velocimacro : added VM includeMessage: source=/templates/macros/json/message.vm
19:11:38.097 [Test worker] DEBUG org.apache.velocity - ResourceManager : found /templates/macros/json/message.vm with loader org.apache.velocity.runtime.resource.loader.ClasspathResourceLoader
19:11:38.097 [Test worker] DEBUG org.apache.velocity - Velocimacro : added VM includeSteps: source=/templates/macros/json/steps.vm
19:11:38.097 [Test worker] DEBUG org.apache.velocity - ResourceManager : found /templates/macros/json/steps.vm with loader org.apache.velocity.runtime.resource.loader.ClasspathResourceLoader
19:11:38.097 [Test worker] DEBUG org.apache.velocity - Velocimacro : added VM includeTags: source=/templates/macros/json/tags.vm
19:11:38.097 [Test worker] DEBUG org.apache.velocity - ResourceManager : found /templates/macros/json/tags.vm with loader org.apache.velocity.runtime.resource.loader.ClasspathResourceLoader
19:11:38.097 [Test worker] DEBUG org.apache.velocity - VM #includeNavigation: too few arguments to macro. Wanted 1 got 0
19:11:38.097 [Test worker] DEBUG org.apache.velocity - Left side ($active_tab) of '==' operation has null value. If it is a reference, it may not be in the context or its toString() returned null. /templates/macros/page/navigation.vm[line 14, column 51]
19:11:38.097 [Test worker] DEBUG org.apache.velocity - Left side ($active_tab) of '==' operation has null value. If it is a reference, it may not be in the context or its toString() returned null. /templates/macros/page/navigation.vm[line 15, column 51]
19:11:38.097 [Test worker] DEBUG org.apache.velocity - Left side ($active_tab) of '==' operation has null value. If it is a reference, it may not be in the context or its toString() returned null. /templates/macros/page/navigation.vm[line 16, column 51]
19:11:38.097 [Test worker] DEBUG org.apache.velocity - Left side ($active_tab) of '==' operation has null value. If it is a reference, it may not be in the context or its toString() returned null. /templates/macros/page/navigation.vm[line 20, column 51]
19:11:38.097 [Test worker] DEBUG org.apache.velocity - VM #includeLead: too few arguments to macro. Wanted 2 got 1
19:11:38.097 [Test worker] DEBUG org.apache.velocity - VM #includeBrief: too few arguments to macro. Wanted 5 got 3
19:11:38.097 [Test worker] DEBUG org.apache.velocity - VM #includeBrief: too few arguments to macro. Wanted 5 got 4
19:11:38.097 [Test worker] DEBUG org.apache.velocity - VM #includeBrief: too few arguments to macro. Wanted 5 got 4
19:11:38.097 [Test worker] DEBUG org.apache.velocity - VM #includeBrief: too few arguments to macro. Wanted 5 got 4
19:11:38.097 [Test worker] DEBUG org.apache.velocity - VM #includeBrief: too few arguments to macro. Wanted 5 got 4
19:11:38.097 [Test worker] DEBUG org.apache.velocity - VM #includeBrief: too few arguments to macro. Wanted 5 got 4
19:11:38.097 [Test worker] DEBUG org.apache.velocity - VM #includeBrief: too few arguments to macro. Wanted 5 got 4
19:11:38.097 [Test worker] DEBUG org.apache.velocity - ResourceManager : found /templates/footer.vm with loader org.apache.velocity.runtime.resource.loader.ClasspathResourceLoader
19:11:38.097 [Test worker] DEBUG org.apache.velocity - ResourceManager : found templates/generators/reportFeature.vm with loader org.apache.velocity.runtime.resource.loader.ClasspathResourceLoader
19:11:38.097 [Test worker] DEBUG org.apache.velocity - ResourceManager : found /templates/headers.vm with loader org.apache.velocity.runtime.resource.loader.ClasspathResourceLoader
19:11:38.097 [Test worker] DEBUG org.apache.velocity - ResourceManager : found /templates/head.vm with loader org.apache.velocity.runtime.resource.loader.ClasspathResourceLoader
19:11:38.097 [Test worker] DEBUG org.apache.velocity - Velocimacro : added VM stringArray: source=/templates/macros/array.js.vm
19:11:38.097 [Test worker] DEBUG org.apache.velocity - Velocimacro : added VM numberArray: source=/templates/macros/array.js.vm
19:11:38.097 [Test worker] DEBUG org.apache.velocity - ResourceManager : found /templates/macros/array.js.vm with loader org.apache.velocity.runtime.resource.loader.ClasspathResourceLoader
19:11:38.097 [Test worker] DEBUG org.apache.velocity - Velocimacro : added VM includeBuildInfo: source=/templates/macros/page/buildinfo.vm
19:11:38.097 [Test worker] DEBUG org.apache.velocity - ResourceManager : found /templates/macros/page/buildinfo.vm with loader org.apache.velocity.runtime.resource.loader.ClasspathResourceLoader
19:11:38.097 [Test worker] DEBUG org.apache.velocity - Velocimacro : added VM includeClassifications: source=/templates/macros/page/classifications.vm
19:11:38.097 [Test worker] DEBUG org.apache.velocity - ResourceManager : found /templates/macros/page/classifications.vm with loader org.apache.velocity.runtime.resource.loader.ClasspathResourceLoader
19:11:38.097 [Test worker] DEBUG org.apache.velocity - Velocimacro : added VM includeLead: source=/templates/macros/page/lead.vm
19:11:38.097 [Test worker] DEBUG org.apache.velocity - ResourceManager : found /templates/macros/page/lead.vm with loader org.apache.velocity.runtime.resource.loader.ClasspathResourceLoader
19:11:38.112 [Test worker] DEBUG org.apache.velocity - Velocimacro : added VM includeNavigation: source=/templates/macros/page/navigation.vm
19:11:38.112 [Test worker] DEBUG org.apache.velocity - ResourceManager : found /templates/macros/page/navigation.vm with loader org.apache.velocity.runtime.resource.loader.ClasspathResourceLoader
19:11:38.112 [Test worker] DEBUG org.apache.velocity - Velocimacro : added VM includeReportInfo: source=/templates/macros/page/reportInfo.vm
19:11:38.112 [Test worker] DEBUG org.apache.velocity - ResourceManager : found /templates/macros/page/reportInfo.vm with loader org.apache.velocity.runtime.resource.loader.ClasspathResourceLoader
19:11:38.112 [Test worker] DEBUG org.apache.velocity - Velocimacro : added VM includeTitle: source=/templates/macros/page/title.vm
19:11:38.112 [Test worker] DEBUG org.apache.velocity - ResourceManager : found /templates/macros/page/title.vm with loader org.apache.velocity.runtime.resource.loader.ClasspathResourceLoader
19:11:38.112 [Test worker] DEBUG org.apache.velocity - Velocimacro : added VM includeExpandingButtons: source=/templates/macros/report/expandAllButtons.vm
19:11:38.112 [Test worker] DEBUG org.apache.velocity - ResourceManager : found /templates/macros/report/expandAllButtons.vm with loader org.apache.velocity.runtime.resource.loader.ClasspathResourceLoader
19:11:38.112 [Test worker] DEBUG org.apache.velocity - Velocimacro : added VM includeReportTable: source=/templates/macros/report/reportTable.vm
19:11:38.112 [Test worker] DEBUG org.apache.velocity - ResourceManager : found /templates/macros/report/reportTable.vm with loader org.apache.velocity.runtime.resource.loader.ClasspathResourceLoader
19:11:38.112 [Test worker] DEBUG org.apache.velocity - Velocimacro : added VM includeReportHeader: source=/templates/macros/report/reportHeader.vm
19:11:38.112 [Test worker] DEBUG org.apache.velocity - ResourceManager : found /templates/macros/report/reportHeader.vm with loader org.apache.velocity.runtime.resource.loader.ClasspathResourceLoader
19:11:38.112 [Test worker] DEBUG org.apache.velocity - Velocimacro : added VM includeStatsTable: source=/templates/macros/report/statsTable.vm
19:11:38.112 [Test worker] DEBUG org.apache.velocity - ResourceManager : found /templates/macros/report/statsTable.vm with loader org.apache.velocity.runtime.resource.loader.ClasspathResourceLoader
19:11:38.112 [Test worker] DEBUG org.apache.velocity - Velocimacro : added VM includeBrief: source=/templates/macros/json/brief.vm
19:11:38.112 [Test worker] DEBUG org.apache.velocity - ResourceManager : found /templates/macros/json/brief.vm with loader org.apache.velocity.runtime.resource.loader.ClasspathResourceLoader
19:11:38.112 [Test worker] DEBUG org.apache.velocity - Velocimacro : added VM includeDocString: source=/templates/macros/json/docstring.vm
19:11:38.112 [Test worker] DEBUG org.apache.velocity - ResourceManager : found /templates/macros/json/docstring.vm with loader org.apache.velocity.runtime.resource.loader.ClasspathResourceLoader
19:11:38.112 [Test worker] DEBUG org.apache.velocity - Velocimacro : added VM includeDuration: source=/templates/macros/json/duration.vm
19:11:38.112 [Test worker] DEBUG org.apache.velocity - ResourceManager : found /templates/macros/json/duration.vm with loader org.apache.velocity.runtime.resource.loader.ClasspathResourceLoader
19:11:38.112 [Test worker] DEBUG org.apache.velocity - Velocimacro : added VM includeElement: source=/templates/macros/json/element.vm
19:11:38.112 [Test worker] DEBUG org.apache.velocity - ResourceManager : found /templates/macros/json/element.vm with loader org.apache.velocity.runtime.resource.loader.ClasspathResourceLoader
19:11:38.112 [Test worker] DEBUG org.apache.velocity - Velocimacro : added VM includeEmbeddings: source=/templates/macros/json/embeddings.vm
19:11:38.112 [Test worker] DEBUG org.apache.velocity - Velocimacro : added VM includeHtmlEmbedding: source=/templates/macros/json/embeddings.vm
19:11:38.112 [Test worker] DEBUG org.apache.velocity - Velocimacro : added VM includeImageEmbedding: source=/templates/macros/json/embeddings.vm
19:11:38.112 [Test worker] DEBUG org.apache.velocity - Velocimacro : added VM includeImageReferenceEmbedding: source=/templates/macros/json/embeddings.vm
19:11:38.112 [Test worker] DEBUG org.apache.velocity - Velocimacro : added VM includeTextEmbedding: source=/templates/macros/json/embeddings.vm
19:11:38.112 [Test worker] DEBUG org.apache.velocity - Velocimacro : added VM includeUnknownEmbedding: source=/templates/macros/json/embeddings.vm
19:11:38.112 [Test worker] DEBUG org.apache.velocity - ResourceManager : found /templates/macros/json/embeddings.vm with loader org.apache.velocity.runtime.resource.loader.ClasspathResourceLoader
19:11:38.112 [Test worker] DEBUG org.apache.velocity - Velocimacro : added VM includeHooks: source=/templates/macros/json/hooks.vm
19:11:38.112 [Test worker] DEBUG org.apache.velocity - ResourceManager : found /templates/macros/json/hooks.vm with loader org.apache.velocity.runtime.resource.loader.ClasspathResourceLoader
19:11:38.112 [Test worker] DEBUG org.apache.velocity - Velocimacro : added VM includeOutput: source=/templates/macros/json/output.vm
19:11:38.112 [Test worker] DEBUG org.apache.velocity - ResourceManager : found /templates/macros/json/output.vm with loader org.apache.velocity.runtime.resource.loader.ClasspathResourceLoader
19:11:38.112 [Test worker] DEBUG org.apache.velocity - Velocimacro : added VM includeMessage: source=/templates/macros/json/message.vm
19:11:38.112 [Test worker] DEBUG org.apache.velocity - ResourceManager : found /templates/macros/json/message.vm with loader org.apache.velocity.runtime.resource.loader.ClasspathResourceLoader
19:11:38.112 [Test worker] DEBUG org.apache.velocity - Velocimacro : added VM includeSteps: source=/templates/macros/json/steps.vm
19:11:38.112 [Test worker] DEBUG org.apache.velocity - ResourceManager : found /templates/macros/json/steps.vm with loader org.apache.velocity.runtime.resource.loader.ClasspathResourceLoader
19:11:38.112 [Test worker] DEBUG org.apache.velocity - Velocimacro : added VM includeTags: source=/templates/macros/json/tags.vm
19:11:38.112 [Test worker] DEBUG org.apache.velocity - ResourceManager : found /templates/macros/json/tags.vm with loader org.apache.velocity.runtime.resource.loader.ClasspathResourceLoader
19:11:38.112 [Test worker] DEBUG org.apache.velocity - VM #includeNavigation: too few arguments to macro. Wanted 1 got 0
19:11:38.112 [Test worker] DEBUG org.apache.velocity - Left side ($active_tab) of '==' operation has null value. If it is a reference, it may not be in the context or its toString() returned null. /templates/macros/page/navigation.vm[line 14, column 51]
19:11:38.112 [Test worker] DEBUG org.apache.velocity - Left side ($active_tab) of '==' operation has null value. If it is a reference, it may not be in the context or its toString() returned null. /templates/macros/page/navigation.vm[line 15, column 51]
19:11:38.112 [Test worker] DEBUG org.apache.velocity - Left side ($active_tab) of '==' operation has null value. If it is a reference, it may not be in the context or its toString() returned null. /templates/macros/page/navigation.vm[line 16, column 51]
19:11:38.112 [Test worker] DEBUG org.apache.velocity - Left side ($active_tab) of '==' operation has null value. If it is a reference, it may not be in the context or its toString() returned null. /templates/macros/page/navigation.vm[line 20, column 51]
19:11:38.112 [Test worker] DEBUG org.apache.velocity - VM #includeLead: too few arguments to macro. Wanted 2 got 1
19:11:38.112 [Test worker] DEBUG org.apache.velocity - VM #includeBrief: too few arguments to macro. Wanted 5 got 3
19:11:38.112 [Test worker] DEBUG org.apache.velocity - VM #includeBrief: too few arguments to macro. Wanted 5 got 4
19:11:38.112 [Test worker] DEBUG org.apache.velocity - VM #includeBrief: too few arguments to macro. Wanted 5 got 4
19:11:38.112 [Test worker] DEBUG org.apache.velocity - VM #includeBrief: too few arguments to macro. Wanted 5 got 4
19:11:38.112 [Test worker] DEBUG org.apache.velocity - VM #includeBrief: too few arguments to macro. Wanted 5 got 4
19:11:38.112 [Test worker] DEBUG org.apache.velocity - ResourceManager : found /templates/footer.vm with loader org.apache.velocity.runtime.resource.loader.ClasspathResourceLoader
19:11:38.112 [Test worker] DEBUG org.apache.velocity - ResourceManager : found templates/generators/reportFeature.vm with loader org.apache.velocity.runtime.resource.loader.ClasspathResourceLoader
19:11:38.112 [Test worker] DEBUG org.apache.velocity - ResourceManager : found /templates/headers.vm with loader org.apache.velocity.runtime.resource.loader.ClasspathResourceLoader
19:11:38.112 [Test worker] DEBUG org.apache.velocity - ResourceManager : found /templates/head.vm with loader org.apache.velocity.runtime.resource.loader.ClasspathResourceLoader
19:11:38.112 [Test worker] DEBUG org.apache.velocity - Velocimacro : added VM stringArray: source=/templates/macros/array.js.vm
19:11:38.112 [Test worker] DEBUG org.apache.velocity - Velocimacro : added VM numberArray: source=/templates/macros/array.js.vm
19:11:38.112 [Test worker] DEBUG org.apache.velocity - ResourceManager : found /templates/macros/array.js.vm with loader org.apache.velocity.runtime.resource.loader.ClasspathResourceLoader
19:11:38.112 [Test worker] DEBUG org.apache.velocity - Velocimacro : added VM includeBuildInfo: source=/templates/macros/page/buildinfo.vm
19:11:38.128 [Test worker] DEBUG org.apache.velocity - ResourceManager : found /templates/macros/page/buildinfo.vm with loader org.apache.velocity.runtime.resource.loader.ClasspathResourceLoader
19:11:38.128 [Test worker] DEBUG org.apache.velocity - Velocimacro : added VM includeClassifications: source=/templates/macros/page/classifications.vm
19:11:38.128 [Test worker] DEBUG org.apache.velocity - ResourceManager : found /templates/macros/page/classifications.vm with loader org.apache.velocity.runtime.resource.loader.ClasspathResourceLoader
19:11:38.128 [Test worker] DEBUG org.apache.velocity - Velocimacro : added VM includeLead: source=/templates/macros/page/lead.vm
19:11:38.128 [Test worker] DEBUG org.apache.velocity - ResourceManager : found /templates/macros/page/lead.vm with loader org.apache.velocity.runtime.resource.loader.ClasspathResourceLoader
19:11:38.128 [Test worker] DEBUG org.apache.velocity - Velocimacro : added VM includeNavigation: source=/templates/macros/page/navigation.vm
19:11:38.128 [Test worker] DEBUG org.apache.velocity - ResourceManager : found /templates/macros/page/navigation.vm with loader org.apache.velocity.runtime.resource.loader.ClasspathResourceLoader
19:11:38.128 [Test worker] DEBUG org.apache.velocity - Velocimacro : added VM includeReportInfo: source=/templates/macros/page/reportInfo.vm
19:11:38.128 [Test worker] DEBUG org.apache.velocity - ResourceManager : found /templates/macros/page/reportInfo.vm with loader org.apache.velocity.runtime.resource.loader.ClasspathResourceLoader
19:11:38.128 [Test worker] DEBUG org.apache.velocity - Velocimacro : added VM includeTitle: source=/templates/macros/page/title.vm
19:11:38.128 [Test worker] DEBUG org.apache.velocity - ResourceManager : found /templates/macros/page/title.vm with loader org.apache.velocity.runtime.resource.loader.ClasspathResourceLoader
19:11:38.128 [Test worker] DEBUG org.apache.velocity - Velocimacro : added VM includeExpandingButtons: source=/templates/macros/report/expandAllButtons.vm
19:11:38.128 [Test worker] DEBUG org.apache.velocity - ResourceManager : found /templates/macros/report/expandAllButtons.vm with loader org.apache.velocity.runtime.resource.loader.ClasspathResourceLoader
19:11:38.128 [Test worker] DEBUG org.apache.velocity - Velocimacro : added VM includeReportTable: source=/templates/macros/report/reportTable.vm
19:11:38.128 [Test worker] DEBUG org.apache.velocity - ResourceManager : found /templates/macros/report/reportTable.vm with loader org.apache.velocity.runtime.resource.loader.ClasspathResourceLoader
19:11:38.128 [Test worker] DEBUG org.apache.velocity - Velocimacro : added VM includeReportHeader: source=/templates/macros/report/reportHeader.vm
19:11:38.128 [Test worker] DEBUG org.apache.velocity - ResourceManager : found /templates/macros/report/reportHeader.vm with loader org.apache.velocity.runtime.resource.loader.ClasspathResourceLoader
19:11:38.128 [Test worker] DEBUG org.apache.velocity - Velocimacro : added VM includeStatsTable: source=/templates/macros/report/statsTable.vm
19:11:38.128 [Test worker] DEBUG org.apache.velocity - ResourceManager : found /templates/macros/report/statsTable.vm with loader org.apache.velocity.runtime.resource.loader.ClasspathResourceLoader
19:11:38.128 [Test worker] DEBUG org.apache.velocity - Velocimacro : added VM includeBrief: source=/templates/macros/json/brief.vm
19:11:38.128 [Test worker] DEBUG org.apache.velocity - ResourceManager : found /templates/macros/json/brief.vm with loader org.apache.velocity.runtime.resource.loader.ClasspathResourceLoader
19:11:38.128 [Test worker] DEBUG org.apache.velocity - Velocimacro : added VM includeDocString: source=/templates/macros/json/docstring.vm
19:11:38.128 [Test worker] DEBUG org.apache.velocity - ResourceManager : found /templates/macros/json/docstring.vm with loader org.apache.velocity.runtime.resource.loader.ClasspathResourceLoader
19:11:38.128 [Test worker] DEBUG org.apache.velocity - Velocimacro : added VM includeDuration: source=/templates/macros/json/duration.vm
19:11:38.128 [Test worker] DEBUG org.apache.velocity - ResourceManager : found /templates/macros/json/duration.vm with loader org.apache.velocity.runtime.resource.loader.ClasspathResourceLoader
19:11:38.128 [Test worker] DEBUG org.apache.velocity - Velocimacro : added VM includeElement: source=/templates/macros/json/element.vm
19:11:38.128 [Test worker] DEBUG org.apache.velocity - ResourceManager : found /templates/macros/json/element.vm with loader org.apache.velocity.runtime.resource.loader.ClasspathResourceLoader
19:11:38.128 [Test worker] DEBUG org.apache.velocity - Velocimacro : added VM includeEmbeddings: source=/templates/macros/json/embeddings.vm
19:11:38.128 [Test worker] DEBUG org.apache.velocity - Velocimacro : added VM includeHtmlEmbedding: source=/templates/macros/json/embeddings.vm
19:11:38.128 [Test worker] DEBUG org.apache.velocity - Velocimacro : added VM includeImageEmbedding: source=/templates/macros/json/embeddings.vm
19:11:38.128 [Test worker] DEBUG org.apache.velocity - Velocimacro : added VM includeImageReferenceEmbedding: source=/templates/macros/json/embeddings.vm
19:11:38.128 [Test worker] DEBUG org.apache.velocity - Velocimacro : added VM includeTextEmbedding: source=/templates/macros/json/embeddings.vm
19:11:38.128 [Test worker] DEBUG org.apache.velocity - Velocimacro : added VM includeUnknownEmbedding: source=/templates/macros/json/embeddings.vm
19:11:38.128 [Test worker] DEBUG org.apache.velocity - ResourceManager : found /templates/macros/json/embeddings.vm with loader org.apache.velocity.runtime.resource.loader.ClasspathResourceLoader
19:11:38.128 [Test worker] DEBUG org.apache.velocity - Velocimacro : added VM includeHooks: source=/templates/macros/json/hooks.vm
19:11:38.128 [Test worker] DEBUG org.apache.velocity - ResourceManager : found /templates/macros/json/hooks.vm with loader org.apache.velocity.runtime.resource.loader.ClasspathResourceLoader
19:11:38.128 [Test worker] DEBUG org.apache.velocity - Velocimacro : added VM includeOutput: source=/templates/macros/json/output.vm
19:11:38.128 [Test worker] DEBUG org.apache.velocity - ResourceManager : found /templates/macros/json/output.vm with loader org.apache.velocity.runtime.resource.loader.ClasspathResourceLoader
19:11:38.128 [Test worker] DEBUG org.apache.velocity - Velocimacro : added VM includeMessage: source=/templates/macros/json/message.vm
19:11:38.128 [Test worker] DEBUG org.apache.velocity - ResourceManager : found /templates/macros/json/message.vm with loader org.apache.velocity.runtime.resource.loader.ClasspathResourceLoader
19:11:38.128 [Test worker] DEBUG org.apache.velocity - Velocimacro : added VM includeSteps: source=/templates/macros/json/steps.vm
19:11:38.128 [Test worker] DEBUG org.apache.velocity - ResourceManager : found /templates/macros/json/steps.vm with loader org.apache.velocity.runtime.resource.loader.ClasspathResourceLoader
19:11:38.128 [Test worker] DEBUG org.apache.velocity - Velocimacro : added VM includeTags: source=/templates/macros/json/tags.vm
19:11:38.128 [Test worker] DEBUG org.apache.velocity - ResourceManager : found /templates/macros/json/tags.vm with loader org.apache.velocity.runtime.resource.loader.ClasspathResourceLoader
19:11:38.128 [Test worker] DEBUG org.apache.velocity - VM #includeNavigation: too few arguments to macro. Wanted 1 got 0
19:11:38.128 [Test worker] DEBUG org.apache.velocity - Left side ($active_tab) of '==' operation has null value. If it is a reference, it may not be in the context or its toString() returned null. /templates/macros/page/navigation.vm[line 14, column 51]
19:11:38.128 [Test worker] DEBUG org.apache.velocity - Left side ($active_tab) of '==' operation has null value. If it is a reference, it may not be in the context or its toString() returned null. /templates/macros/page/navigation.vm[line 15, column 51]
19:11:38.128 [Test worker] DEBUG org.apache.velocity - Left side ($active_tab) of '==' operation has null value. If it is a reference, it may not be in the context or its toString() returned null. /templates/macros/page/navigation.vm[line 16, column 51]
19:11:38.128 [Test worker] DEBUG org.apache.velocity - Left side ($active_tab) of '==' operation has null value. If it is a reference, it may not be in the context or its toString() returned null. /templates/macros/page/navigation.vm[line 20, column 51]
19:11:38.128 [Test worker] DEBUG org.apache.velocity - VM #includeLead: too few arguments to macro. Wanted 2 got 1
19:11:38.128 [Test worker] DEBUG org.apache.velocity - VM #includeBrief: too few arguments to macro. Wanted 5 got 3
19:11:38.128 [Test worker] DEBUG org.apache.velocity - VM #includeBrief: too few arguments to macro. Wanted 5 got 4
19:11:38.128 [Test worker] DEBUG org.apache.velocity - VM #includeBrief: too few arguments to macro. Wanted 5 got 4
19:11:38.128 [Test worker] DEBUG org.apache.velocity - VM #includeBrief: too few arguments to macro. Wanted 5 got 4
19:11:38.128 [Test worker] DEBUG org.apache.velocity - VM #includeBrief: too few arguments to macro. Wanted 5 got 4
19:11:38.128 [Test worker] DEBUG org.apache.velocity - ResourceManager : found /templates/footer.vm with loader org.apache.velocity.runtime.resource.loader.ClasspathResourceLoader
19:11:38.144 [Test worker] DEBUG org.apache.velocity - ResourceManager : found templates/generators/reportFeature.vm with loader org.apache.velocity.runtime.resource.loader.ClasspathResourceLoader
19:11:38.144 [Test worker] DEBUG org.apache.velocity - ResourceManager : found /templates/headers.vm with loader org.apache.velocity.runtime.resource.loader.ClasspathResourceLoader
19:11:38.144 [Test worker] DEBUG org.apache.velocity - ResourceManager : found /templates/head.vm with loader org.apache.velocity.runtime.resource.loader.ClasspathResourceLoader
19:11:38.144 [Test worker] DEBUG org.apache.velocity - Velocimacro : added VM stringArray: source=/templates/macros/array.js.vm
19:11:38.144 [Test worker] DEBUG org.apache.velocity - Velocimacro : added VM numberArray: source=/templates/macros/array.js.vm
19:11:38.144 [Test worker] DEBUG org.apache.velocity - ResourceManager : found /templates/macros/array.js.vm with loader org.apache.velocity.runtime.resource.loader.ClasspathResourceLoader
19:11:38.144 [Test worker] DEBUG org.apache.velocity - Velocimacro : added VM includeBuildInfo: source=/templates/macros/page/buildinfo.vm
19:11:38.144 [Test worker] DEBUG org.apache.velocity - ResourceManager : found /templates/macros/page/buildinfo.vm with loader org.apache.velocity.runtime.resource.loader.ClasspathResourceLoader
19:11:38.144 [Test worker] DEBUG org.apache.velocity - Velocimacro : added VM includeClassifications: source=/templates/macros/page/classifications.vm
19:11:38.144 [Test worker] DEBUG org.apache.velocity - ResourceManager : found /templates/macros/page/classifications.vm with loader org.apache.velocity.runtime.resource.loader.ClasspathResourceLoader
19:11:38.144 [Test worker] DEBUG org.apache.velocity - Velocimacro : added VM includeLead: source=/templates/macros/page/lead.vm
19:11:38.144 [Test worker] DEBUG org.apache.velocity - ResourceManager : found /templates/macros/page/lead.vm with loader org.apache.velocity.runtime.resource.loader.ClasspathResourceLoader
19:11:38.144 [Test worker] DEBUG org.apache.velocity - Velocimacro : added VM includeNavigation: source=/templates/macros/page/navigation.vm
19:11:38.144 [Test worker] DEBUG org.apache.velocity - ResourceManager : found /templates/macros/page/navigation.vm with loader org.apache.velocity.runtime.resource.loader.ClasspathResourceLoader
19:11:38.144 [Test worker] DEBUG org.apache.velocity - Velocimacro : added VM includeReportInfo: source=/templates/macros/page/reportInfo.vm
19:11:38.144 [Test worker] DEBUG org.apache.velocity - ResourceManager : found /templates/macros/page/reportInfo.vm with loader org.apache.velocity.runtime.resource.loader.ClasspathResourceLoader
19:11:38.144 [Test worker] DEBUG org.apache.velocity - Velocimacro : added VM includeTitle: source=/templates/macros/page/title.vm
19:11:38.144 [Test worker] DEBUG org.apache.velocity - ResourceManager : found /templates/macros/page/title.vm with loader org.apache.velocity.runtime.resource.loader.ClasspathResourceLoader
19:11:38.144 [Test worker] DEBUG org.apache.velocity - Velocimacro : added VM includeExpandingButtons: source=/templates/macros/report/expandAllButtons.vm
19:11:38.144 [Test worker] DEBUG org.apache.velocity - ResourceManager : found /templates/macros/report/expandAllButtons.vm with loader org.apache.velocity.runtime.resource.loader.ClasspathResourceLoader
19:11:38.144 [Test worker] DEBUG org.apache.velocity - Velocimacro : added VM includeReportTable: source=/templates/macros/report/reportTable.vm
19:11:38.144 [Test worker] DEBUG org.apache.velocity - ResourceManager : found /templates/macros/report/reportTable.vm with loader org.apache.velocity.runtime.resource.loader.ClasspathResourceLoader
19:11:38.144 [Test worker] DEBUG org.apache.velocity - Velocimacro : added VM includeReportHeader: source=/templates/macros/report/reportHeader.vm
19:11:38.144 [Test worker] DEBUG org.apache.velocity - ResourceManager : found /templates/macros/report/reportHeader.vm with loader org.apache.velocity.runtime.resource.loader.ClasspathResourceLoader
19:11:38.144 [Test worker] DEBUG org.apache.velocity - Velocimacro : added VM includeStatsTable: source=/templates/macros/report/statsTable.vm
19:11:38.144 [Test worker] DEBUG org.apache.velocity - ResourceManager : found /templates/macros/report/statsTable.vm with loader org.apache.velocity.runtime.resource.loader.ClasspathResourceLoader
19:11:38.144 [Test worker] DEBUG org.apache.velocity - Velocimacro : added VM includeBrief: source=/templates/macros/json/brief.vm
19:11:38.144 [Test worker] DEBUG org.apache.velocity - ResourceManager : found /templates/macros/json/brief.vm with loader org.apache.velocity.runtime.resource.loader.ClasspathResourceLoader
19:11:38.144 [Test worker] DEBUG org.apache.velocity - Velocimacro : added VM includeDocString: source=/templates/macros/json/docstring.vm
19:11:38.144 [Test worker] DEBUG org.apache.velocity - ResourceManager : found /templates/macros/json/docstring.vm with loader org.apache.velocity.runtime.resource.loader.ClasspathResourceLoader
19:11:38.144 [Test worker] DEBUG org.apache.velocity - Velocimacro : added VM includeDuration: source=/templates/macros/json/duration.vm
19:11:38.144 [Test worker] DEBUG org.apache.velocity - ResourceManager : found /templates/macros/json/duration.vm with loader org.apache.velocity.runtime.resource.loader.ClasspathResourceLoader
19:11:38.144 [Test worker] DEBUG org.apache.velocity - Velocimacro : added VM includeElement: source=/templates/macros/json/element.vm
19:11:38.144 [Test worker] DEBUG org.apache.velocity - ResourceManager : found /templates/macros/json/element.vm with loader org.apache.velocity.runtime.resource.loader.ClasspathResourceLoader
19:11:38.144 [Test worker] DEBUG org.apache.velocity - Velocimacro : added VM includeEmbeddings: source=/templates/macros/json/embeddings.vm
19:11:38.144 [Test worker] DEBUG org.apache.velocity - Velocimacro : added VM includeHtmlEmbedding: source=/templates/macros/json/embeddings.vm
19:11:38.144 [Test worker] DEBUG org.apache.velocity - Velocimacro : added VM includeImageEmbedding: source=/templates/macros/json/embeddings.vm
19:11:38.144 [Test worker] DEBUG org.apache.velocity - Velocimacro : added VM includeImageReferenceEmbedding: source=/templates/macros/json/embeddings.vm
19:11:38.144 [Test worker] DEBUG org.apache.velocity - Velocimacro : added VM includeTextEmbedding: source=/templates/macros/json/embeddings.vm
19:11:38.144 [Test worker] DEBUG org.apache.velocity - Velocimacro : added VM includeUnknownEmbedding: source=/templates/macros/json/embeddings.vm
19:11:38.144 [Test worker] DEBUG org.apache.velocity - ResourceManager : found /templates/macros/json/embeddings.vm with loader org.apache.velocity.runtime.resource.loader.ClasspathResourceLoader
19:11:38.144 [Test worker] DEBUG org.apache.velocity - Velocimacro : added VM includeHooks: source=/templates/macros/json/hooks.vm
19:11:38.144 [Test worker] DEBUG org.apache.velocity - ResourceManager : found /templates/macros/json/hooks.vm with loader org.apache.velocity.runtime.resource.loader.ClasspathResourceLoader
19:11:38.144 [Test worker] DEBUG org.apache.velocity - Velocimacro : added VM includeOutput: source=/templates/macros/json/output.vm
19:11:38.144 [Test worker] DEBUG org.apache.velocity - ResourceManager : found /templates/macros/json/output.vm with loader org.apache.velocity.runtime.resource.loader.ClasspathResourceLoader
19:11:38.144 [Test worker] DEBUG org.apache.velocity - Velocimacro : added VM includeMessage: source=/templates/macros/json/message.vm
19:11:38.144 [Test worker] DEBUG org.apache.velocity - ResourceManager : found /templates/macros/json/message.vm with loader org.apache.velocity.runtime.resource.loader.ClasspathResourceLoader
19:11:38.144 [Test worker] DEBUG org.apache.velocity - Velocimacro : added VM includeSteps: source=/templates/macros/json/steps.vm
19:11:38.144 [Test worker] DEBUG org.apache.velocity - ResourceManager : found /templates/macros/json/steps.vm with loader org.apache.velocity.runtime.resource.loader.ClasspathResourceLoader
19:11:38.144 [Test worker] DEBUG org.apache.velocity - Velocimacro : added VM includeTags: source=/templates/macros/json/tags.vm
19:11:38.144 [Test worker] DEBUG org.apache.velocity - ResourceManager : found /templates/macros/json/tags.vm with loader org.apache.velocity.runtime.resource.loader.ClasspathResourceLoader
19:11:38.144 [Test worker] DEBUG org.apache.velocity - VM #includeNavigation: too few arguments to macro. Wanted 1 got 0
19:11:38.144 [Test worker] DEBUG org.apache.velocity - Left side ($active_tab) of '==' operation has null value. If it is a reference, it may not be in the context or its toString() returned null. /templates/macros/page/navigation.vm[line 14, column 51]
19:11:38.144 [Test worker] DEBUG org.apache.velocity - Left side ($active_tab) of '==' operation has null value. If it is a reference, it may not be in the context or its toString() returned null. /templates/macros/page/navigation.vm[line 15, column 51]
19:11:38.144 [Test worker] DEBUG org.apache.velocity - Left side ($active_tab) of '==' operation has null value. If it is a reference, it may not be in the context or its toString() returned null. /templates/macros/page/navigation.vm[line 16, column 51]
19:11:38.159 [Test worker] DEBUG org.apache.velocity - Left side ($active_tab) of '==' operation has null value. If it is a reference, it may not be in the context or its toString() returned null. /templates/macros/page/navigation.vm[line 20, column 51]
19:11:38.159 [Test worker] DEBUG org.apache.velocity - VM #includeLead: too few arguments to macro. Wanted 2 got 1
19:11:38.159 [Test worker] DEBUG org.apache.velocity - VM #includeBrief: too few arguments to macro. Wanted 5 got 3
19:11:38.159 [Test worker] DEBUG org.apache.velocity - VM #includeBrief: too few arguments to macro. Wanted 5 got 4
19:11:38.159 [Test worker] DEBUG org.apache.velocity - VM #includeBrief: too few arguments to macro. Wanted 5 got 4
19:11:38.159 [Test worker] DEBUG org.apache.velocity - ResourceManager : found /templates/footer.vm with loader org.apache.velocity.runtime.resource.loader.ClasspathResourceLoader
19:11:38.159 [Test worker] DEBUG org.apache.velocity - ResourceManager : found templates/generators/reportFeature.vm with loader org.apache.velocity.runtime.resource.loader.ClasspathResourceLoader
19:11:38.159 [Test worker] DEBUG org.apache.velocity - ResourceManager : found /templates/headers.vm with loader org.apache.velocity.runtime.resource.loader.ClasspathResourceLoader
19:11:38.159 [Test worker] DEBUG org.apache.velocity - ResourceManager : found /templates/head.vm with loader org.apache.velocity.runtime.resource.loader.ClasspathResourceLoader
19:11:38.159 [Test worker] DEBUG org.apache.velocity - Velocimacro : added VM stringArray: source=/templates/macros/array.js.vm
19:11:38.159 [Test worker] DEBUG org.apache.velocity - Velocimacro : added VM numberArray: source=/templates/macros/array.js.vm
19:11:38.159 [Test worker] DEBUG org.apache.velocity - ResourceManager : found /templates/macros/array.js.vm with loader org.apache.velocity.runtime.resource.loader.ClasspathResourceLoader
19:11:38.159 [Test worker] DEBUG org.apache.velocity - Velocimacro : added VM includeBuildInfo: source=/templates/macros/page/buildinfo.vm
19:11:38.159 [Test worker] DEBUG org.apache.velocity - ResourceManager : found /templates/macros/page/buildinfo.vm with loader org.apache.velocity.runtime.resource.loader.ClasspathResourceLoader
19:11:38.159 [Test worker] DEBUG org.apache.velocity - Velocimacro : added VM includeClassifications: source=/templates/macros/page/classifications.vm
19:11:38.159 [Test worker] DEBUG org.apache.velocity - ResourceManager : found /templates/macros/page/classifications.vm with loader org.apache.velocity.runtime.resource.loader.ClasspathResourceLoader
19:11:38.159 [Test worker] DEBUG org.apache.velocity - Velocimacro : added VM includeLead: source=/templates/macros/page/lead.vm
19:11:38.159 [Test worker] DEBUG org.apache.velocity - ResourceManager : found /templates/macros/page/lead.vm with loader org.apache.velocity.runtime.resource.loader.ClasspathResourceLoader
19:11:38.159 [Test worker] DEBUG org.apache.velocity - Velocimacro : added VM includeNavigation: source=/templates/macros/page/navigation.vm
19:11:38.159 [Test worker] DEBUG org.apache.velocity - ResourceManager : found /templates/macros/page/navigation.vm with loader org.apache.velocity.runtime.resource.loader.ClasspathResourceLoader
19:11:38.159 [Test worker] DEBUG org.apache.velocity - Velocimacro : added VM includeReportInfo: source=/templates/macros/page/reportInfo.vm
19:11:38.159 [Test worker] DEBUG org.apache.velocity - ResourceManager : found /templates/macros/page/reportInfo.vm with loader org.apache.velocity.runtime.resource.loader.ClasspathResourceLoader
19:11:38.159 [Test worker] DEBUG org.apache.velocity - Velocimacro : added VM includeTitle: source=/templates/macros/page/title.vm
19:11:38.159 [Test worker] DEBUG org.apache.velocity - ResourceManager : found /templates/macros/page/title.vm with loader org.apache.velocity.runtime.resource.loader.ClasspathResourceLoader
19:11:38.159 [Test worker] DEBUG org.apache.velocity - Velocimacro : added VM includeExpandingButtons: source=/templates/macros/report/expandAllButtons.vm
19:11:38.159 [Test worker] DEBUG org.apache.velocity - ResourceManager : found /templates/macros/report/expandAllButtons.vm with loader org.apache.velocity.runtime.resource.loader.ClasspathResourceLoader
19:11:38.159 [Test worker] DEBUG org.apache.velocity - Velocimacro : added VM includeReportTable: source=/templates/macros/report/reportTable.vm
19:11:38.159 [Test worker] DEBUG org.apache.velocity - ResourceManager : found /templates/macros/report/reportTable.vm with loader org.apache.velocity.runtime.resource.loader.ClasspathResourceLoader
19:11:38.159 [Test worker] DEBUG org.apache.velocity - Velocimacro : added VM includeReportHeader: source=/templates/macros/report/reportHeader.vm
19:11:38.159 [Test worker] DEBUG org.apache.velocity - ResourceManager : found /templates/macros/report/reportHeader.vm with loader org.apache.velocity.runtime.resource.loader.ClasspathResourceLoader
19:11:38.159 [Test worker] DEBUG org.apache.velocity - Velocimacro : added VM includeStatsTable: source=/templates/macros/report/statsTable.vm
19:11:38.159 [Test worker] DEBUG org.apache.velocity - ResourceManager : found /templates/macros/report/statsTable.vm with loader org.apache.velocity.runtime.resource.loader.ClasspathResourceLoader
19:11:38.159 [Test worker] DEBUG org.apache.velocity - Velocimacro : added VM includeBrief: source=/templates/macros/json/brief.vm
19:11:38.159 [Test worker] DEBUG org.apache.velocity - ResourceManager : found /templates/macros/json/brief.vm with loader org.apache.velocity.runtime.resource.loader.ClasspathResourceLoader
19:11:38.159 [Test worker] DEBUG org.apache.velocity - Velocimacro : added VM includeDocString: source=/templates/macros/json/docstring.vm
19:11:38.159 [Test worker] DEBUG org.apache.velocity - ResourceManager : found /templates/macros/json/docstring.vm with loader org.apache.velocity.runtime.resource.loader.ClasspathResourceLoader
19:11:38.159 [Test worker] DEBUG org.apache.velocity - Velocimacro : added VM includeDuration: source=/templates/macros/json/duration.vm
19:11:38.159 [Test worker] DEBUG org.apache.velocity - ResourceManager : found /templates/macros/json/duration.vm with loader org.apache.velocity.runtime.resource.loader.ClasspathResourceLoader
19:11:38.159 [Test worker] DEBUG org.apache.velocity - Velocimacro : added VM includeElement: source=/templates/macros/json/element.vm
19:11:38.159 [Test worker] DEBUG org.apache.velocity - ResourceManager : found /templates/macros/json/element.vm with loader org.apache.velocity.runtime.resource.loader.ClasspathResourceLoader
19:11:38.159 [Test worker] DEBUG org.apache.velocity - Velocimacro : added VM includeEmbeddings: source=/templates/macros/json/embeddings.vm
19:11:38.159 [Test worker] DEBUG org.apache.velocity - Velocimacro : added VM includeHtmlEmbedding: source=/templates/macros/json/embeddings.vm
19:11:38.159 [Test worker] DEBUG org.apache.velocity - Velocimacro : added VM includeImageEmbedding: source=/templates/macros/json/embeddings.vm
19:11:38.159 [Test worker] DEBUG org.apache.velocity - Velocimacro : added VM includeImageReferenceEmbedding: source=/templates/macros/json/embeddings.vm
19:11:38.159 [Test worker] DEBUG org.apache.velocity - Velocimacro : added VM includeTextEmbedding: source=/templates/macros/json/embeddings.vm
19:11:38.159 [Test worker] DEBUG org.apache.velocity - Velocimacro : added VM includeUnknownEmbedding: source=/templates/macros/json/embeddings.vm
19:11:38.159 [Test worker] DEBUG org.apache.velocity - ResourceManager : found /templates/macros/json/embeddings.vm with loader org.apache.velocity.runtime.resource.loader.ClasspathResourceLoader
19:11:38.159 [Test worker] DEBUG org.apache.velocity - Velocimacro : added VM includeHooks: source=/templates/macros/json/hooks.vm
19:11:38.159 [Test worker] DEBUG org.apache.velocity - ResourceManager : found /templates/macros/json/hooks.vm with loader org.apache.velocity.runtime.resource.loader.ClasspathResourceLoader
19:11:38.159 [Test worker] DEBUG org.apache.velocity - Velocimacro : added VM includeOutput: source=/templates/macros/json/output.vm
19:11:38.159 [Test worker] DEBUG org.apache.velocity - ResourceManager : found /templates/macros/json/output.vm with loader org.apache.velocity.runtime.resource.loader.ClasspathResourceLoader
19:11:38.159 [Test worker] DEBUG org.apache.velocity - Velocimacro : added VM includeMessage: source=/templates/macros/json/message.vm
19:11:38.159 [Test worker] DEBUG org.apache.velocity - ResourceManager : found /templates/macros/json/message.vm with loader org.apache.velocity.runtime.resource.loader.ClasspathResourceLoader
19:11:38.175 [Test worker] DEBUG org.apache.velocity - Velocimacro : added VM includeSteps: source=/templates/macros/json/steps.vm
19:11:38.175 [Test worker] DEBUG org.apache.velocity - ResourceManager : found /templates/macros/json/steps.vm with loader org.apache.velocity.runtime.resource.loader.ClasspathResourceLoader
19:11:38.175 [Test worker] DEBUG org.apache.velocity - Velocimacro : added VM includeTags: source=/templates/macros/json/tags.vm
19:11:38.175 [Test worker] DEBUG org.apache.velocity - ResourceManager : found /templates/macros/json/tags.vm with loader org.apache.velocity.runtime.resource.loader.ClasspathResourceLoader
19:11:38.175 [Test worker] DEBUG org.apache.velocity - VM #includeNavigation: too few arguments to macro. Wanted 1 got 0
19:11:38.175 [Test worker] DEBUG org.apache.velocity - Left side ($active_tab) of '==' operation has null value. If it is a reference, it may not be in the context or its toString() returned null. /templates/macros/page/navigation.vm[line 14, column 51]
19:11:38.175 [Test worker] DEBUG org.apache.velocity - Left side ($active_tab) of '==' operation has null value. If it is a reference, it may not be in the context or its toString() returned null. /templates/macros/page/navigation.vm[line 15, column 51]
19:11:38.175 [Test worker] DEBUG org.apache.velocity - Left side ($active_tab) of '==' operation has null value. If it is a reference, it may not be in the context or its toString() returned null. /templates/macros/page/navigation.vm[line 16, column 51]
19:11:38.175 [Test worker] DEBUG org.apache.velocity - Left side ($active_tab) of '==' operation has null value. If it is a reference, it may not be in the context or its toString() returned null. /templates/macros/page/navigation.vm[line 20, column 51]
19:11:38.175 [Test worker] DEBUG org.apache.velocity - VM #includeLead: too few arguments to macro. Wanted 2 got 1
19:11:38.175 [Test worker] DEBUG org.apache.velocity - VM #includeBrief: too few arguments to macro. Wanted 5 got 3
19:11:38.175 [Test worker] DEBUG org.apache.velocity - VM #includeBrief: too few arguments to macro. Wanted 5 got 4
19:11:38.175 [Test worker] DEBUG org.apache.velocity - VM #includeBrief: too few arguments to macro. Wanted 5 got 4
19:11:38.175 [Test worker] DEBUG org.apache.velocity - ResourceManager : found /templates/footer.vm with loader org.apache.velocity.runtime.resource.loader.ClasspathResourceLoader
19:11:38.175 [Test worker] DEBUG org.apache.velocity - ResourceManager : found templates/generators/reportFeature.vm with loader org.apache.velocity.runtime.resource.loader.ClasspathResourceLoader
19:11:38.175 [Test worker] DEBUG org.apache.velocity - ResourceManager : found /templates/headers.vm with loader org.apache.velocity.runtime.resource.loader.ClasspathResourceLoader
19:11:38.175 [Test worker] DEBUG org.apache.velocity - ResourceManager : found /templates/head.vm with loader org.apache.velocity.runtime.resource.loader.ClasspathResourceLoader
19:11:38.175 [Test worker] DEBUG org.apache.velocity - Velocimacro : added VM stringArray: source=/templates/macros/array.js.vm
19:11:38.175 [Test worker] DEBUG org.apache.velocity - Velocimacro : added VM numberArray: source=/templates/macros/array.js.vm
19:11:38.175 [Test worker] DEBUG org.apache.velocity - ResourceManager : found /templates/macros/array.js.vm with loader org.apache.velocity.runtime.resource.loader.ClasspathResourceLoader
19:11:38.175 [Test worker] DEBUG org.apache.velocity - Velocimacro : added VM includeBuildInfo: source=/templates/macros/page/buildinfo.vm
19:11:38.175 [Test worker] DEBUG org.apache.velocity - ResourceManager : found /templates/macros/page/buildinfo.vm with loader org.apache.velocity.runtime.resource.loader.ClasspathResourceLoader
19:11:38.175 [Test worker] DEBUG org.apache.velocity - Velocimacro : added VM includeClassifications: source=/templates/macros/page/classifications.vm
19:11:38.175 [Test worker] DEBUG org.apache.velocity - ResourceManager : found /templates/macros/page/classifications.vm with loader org.apache.velocity.runtime.resource.loader.ClasspathResourceLoader
19:11:38.175 [Test worker] DEBUG org.apache.velocity - Velocimacro : added VM includeLead: source=/templates/macros/page/lead.vm
19:11:38.175 [Test worker] DEBUG org.apache.velocity - ResourceManager : found /templates/macros/page/lead.vm with loader org.apache.velocity.runtime.resource.loader.ClasspathResourceLoader
19:11:38.175 [Test worker] DEBUG org.apache.velocity - Velocimacro : added VM includeNavigation: source=/templates/macros/page/navigation.vm
19:11:38.175 [Test worker] DEBUG org.apache.velocity - ResourceManager : found /templates/macros/page/navigation.vm with loader org.apache.velocity.runtime.resource.loader.ClasspathResourceLoader
19:11:38.175 [Test worker] DEBUG org.apache.velocity - Velocimacro : added VM includeReportInfo: source=/templates/macros/page/reportInfo.vm
19:11:38.175 [Test worker] DEBUG org.apache.velocity - ResourceManager : found /templates/macros/page/reportInfo.vm with loader org.apache.velocity.runtime.resource.loader.ClasspathResourceLoader
19:11:38.175 [Test worker] DEBUG org.apache.velocity - Velocimacro : added VM includeTitle: source=/templates/macros/page/title.vm
19:11:38.175 [Test worker] DEBUG org.apache.velocity - ResourceManager : found /templates/macros/page/title.vm with loader org.apache.velocity.runtime.resource.loader.ClasspathResourceLoader
19:11:38.175 [Test worker] DEBUG org.apache.velocity - Velocimacro : added VM includeExpandingButtons: source=/templates/macros/report/expandAllButtons.vm
19:11:38.175 [Test worker] DEBUG org.apache.velocity - ResourceManager : found /templates/macros/report/expandAllButtons.vm with loader org.apache.velocity.runtime.resource.loader.ClasspathResourceLoader
19:11:38.175 [Test worker] DEBUG org.apache.velocity - Velocimacro : added VM includeReportTable: source=/templates/macros/report/reportTable.vm
19:11:38.175 [Test worker] DEBUG org.apache.velocity - ResourceManager : found /templates/macros/report/reportTable.vm with loader org.apache.velocity.runtime.resource.loader.ClasspathResourceLoader
19:11:38.175 [Test worker] DEBUG org.apache.velocity - Velocimacro : added VM includeReportHeader: source=/templates/macros/report/reportHeader.vm
19:11:38.175 [Test worker] DEBUG org.apache.velocity - ResourceManager : found /templates/macros/report/reportHeader.vm with loader org.apache.velocity.runtime.resource.loader.ClasspathResourceLoader
19:11:38.175 [Test worker] DEBUG org.apache.velocity - Velocimacro : added VM includeStatsTable: source=/templates/macros/report/statsTable.vm
19:11:38.175 [Test worker] DEBUG org.apache.velocity - ResourceManager : found /templates/macros/report/statsTable.vm with loader org.apache.velocity.runtime.resource.loader.ClasspathResourceLoader
19:11:38.175 [Test worker] DEBUG org.apache.velocity - Velocimacro : added VM includeBrief: source=/templates/macros/json/brief.vm
19:11:38.175 [Test worker] DEBUG org.apache.velocity - ResourceManager : found /templates/macros/json/brief.vm with loader org.apache.velocity.runtime.resource.loader.ClasspathResourceLoader
19:11:38.175 [Test worker] DEBUG org.apache.velocity - Velocimacro : added VM includeDocString: source=/templates/macros/json/docstring.vm
19:11:38.175 [Test worker] DEBUG org.apache.velocity - ResourceManager : found /templates/macros/json/docstring.vm with loader org.apache.velocity.runtime.resource.loader.ClasspathResourceLoader
19:11:38.175 [Test worker] DEBUG org.apache.velocity - Velocimacro : added VM includeDuration: source=/templates/macros/json/duration.vm
19:11:38.175 [Test worker] DEBUG org.apache.velocity - ResourceManager : found /templates/macros/json/duration.vm with loader org.apache.velocity.runtime.resource.loader.ClasspathResourceLoader
19:11:38.175 [Test worker] DEBUG org.apache.velocity - Velocimacro : added VM includeElement: source=/templates/macros/json/element.vm
19:11:38.175 [Test worker] DEBUG org.apache.velocity - ResourceManager : found /templates/macros/json/element.vm with loader org.apache.velocity.runtime.resource.loader.ClasspathResourceLoader
19:11:38.175 [Test worker] DEBUG org.apache.velocity - Velocimacro : added VM includeEmbeddings: source=/templates/macros/json/embeddings.vm
19:11:38.175 [Test worker] DEBUG org.apache.velocity - Velocimacro : added VM includeHtmlEmbedding: source=/templates/macros/json/embeddings.vm
19:11:38.175 [Test worker] DEBUG org.apache.velocity - Velocimacro : added VM includeImageEmbedding: source=/templates/macros/json/embeddings.vm
19:11:38.175 [Test worker] DEBUG org.apache.velocity - Velocimacro : added VM includeImageReferenceEmbedding: source=/templates/macros/json/embeddings.vm
19:11:38.175 [Test worker] DEBUG org.apache.velocity - Velocimacro : added VM includeTextEmbedding: source=/templates/macros/json/embeddings.vm
19:11:38.175 [Test worker] DEBUG org.apache.velocity - Velocimacro : added VM includeUnknownEmbedding: source=/templates/macros/json/embeddings.vm
19:11:38.175 [Test worker] DEBUG org.apache.velocity - ResourceManager : found /templates/macros/json/embeddings.vm with loader org.apache.velocity.runtime.resource.loader.ClasspathResourceLoader
19:11:38.175 [Test worker] DEBUG org.apache.velocity - Velocimacro : added VM includeHooks: source=/templates/macros/json/hooks.vm
19:11:38.175 [Test worker] DEBUG org.apache.velocity - ResourceManager : found /templates/macros/json/hooks.vm with loader org.apache.velocity.runtime.resource.loader.ClasspathResourceLoader
19:11:38.175 [Test worker] DEBUG org.apache.velocity - Velocimacro : added VM includeOutput: source=/templates/macros/json/output.vm
19:11:38.175 [Test worker] DEBUG org.apache.velocity - ResourceManager : found /templates/macros/json/output.vm with loader org.apache.velocity.runtime.resource.loader.ClasspathResourceLoader
19:11:38.191 [Test worker] DEBUG org.apache.velocity - Velocimacro : added VM includeMessage: source=/templates/macros/json/message.vm
19:11:38.191 [Test worker] DEBUG org.apache.velocity - ResourceManager : found /templates/macros/json/message.vm with loader org.apache.velocity.runtime.resource.loader.ClasspathResourceLoader
19:11:38.191 [Test worker] DEBUG org.apache.velocity - Velocimacro : added VM includeSteps: source=/templates/macros/json/steps.vm
19:11:38.191 [Test worker] DEBUG org.apache.velocity - ResourceManager : found /templates/macros/json/steps.vm with loader org.apache.velocity.runtime.resource.loader.ClasspathResourceLoader
19:11:38.191 [Test worker] DEBUG org.apache.velocity - Velocimacro : added VM includeTags: source=/templates/macros/json/tags.vm
19:11:38.191 [Test worker] DEBUG org.apache.velocity - ResourceManager : found /templates/macros/json/tags.vm with loader org.apache.velocity.runtime.resource.loader.ClasspathResourceLoader
19:11:38.191 [Test worker] DEBUG org.apache.velocity - VM #includeNavigation: too few arguments to macro. Wanted 1 got 0
19:11:38.191 [Test worker] DEBUG org.apache.velocity - Left side ($active_tab) of '==' operation has null value. If it is a reference, it may not be in the context or its toString() returned null. /templates/macros/page/navigation.vm[line 14, column 51]
19:11:38.191 [Test worker] DEBUG org.apache.velocity - Left side ($active_tab) of '==' operation has null value. If it is a reference, it may not be in the context or its toString() returned null. /templates/macros/page/navigation.vm[line 15, column 51]
19:11:38.191 [Test worker] DEBUG org.apache.velocity - Left side ($active_tab) of '==' operation has null value. If it is a reference, it may not be in the context or its toString() returned null. /templates/macros/page/navigation.vm[line 16, column 51]
19:11:38.191 [Test worker] DEBUG org.apache.velocity - Left side ($active_tab) of '==' operation has null value. If it is a reference, it may not be in the context or its toString() returned null. /templates/macros/page/navigation.vm[line 20, column 51]
19:11:38.191 [Test worker] DEBUG org.apache.velocity - VM #includeLead: too few arguments to macro. Wanted 2 got 1
19:11:38.191 [Test worker] DEBUG org.apache.velocity - VM #includeBrief: too few arguments to macro. Wanted 5 got 3
19:11:38.191 [Test worker] DEBUG org.apache.velocity - VM #includeBrief: too few arguments to macro. Wanted 5 got 4
19:11:38.191 [Test worker] DEBUG org.apache.velocity - VM #includeBrief: too few arguments to macro. Wanted 5 got 4
19:11:38.191 [Test worker] DEBUG org.apache.velocity - ResourceManager : found /templates/footer.vm with loader org.apache.velocity.runtime.resource.loader.ClasspathResourceLoader
19:11:38.191 [Test worker] DEBUG org.apache.velocity - ResourceManager : found templates/generators/reportFeature.vm with loader org.apache.velocity.runtime.resource.loader.ClasspathResourceLoader
19:11:38.191 [Test worker] DEBUG org.apache.velocity - ResourceManager : found /templates/headers.vm with loader org.apache.velocity.runtime.resource.loader.ClasspathResourceLoader
19:11:38.191 [Test worker] DEBUG org.apache.velocity - ResourceManager : found /templates/head.vm with loader org.apache.velocity.runtime.resource.loader.ClasspathResourceLoader
19:11:38.191 [Test worker] DEBUG org.apache.velocity - Velocimacro : added VM stringArray: source=/templates/macros/array.js.vm
19:11:38.191 [Test worker] DEBUG org.apache.velocity - Velocimacro : added VM numberArray: source=/templates/macros/array.js.vm
19:11:38.191 [Test worker] DEBUG org.apache.velocity - ResourceManager : found /templates/macros/array.js.vm with loader org.apache.velocity.runtime.resource.loader.ClasspathResourceLoader
19:11:38.191 [Test worker] DEBUG org.apache.velocity - Velocimacro : added VM includeBuildInfo: source=/templates/macros/page/buildinfo.vm
19:11:38.191 [Test worker] DEBUG org.apache.velocity - ResourceManager : found /templates/macros/page/buildinfo.vm with loader org.apache.velocity.runtime.resource.loader.ClasspathResourceLoader
19:11:38.191 [Test worker] DEBUG org.apache.velocity - Velocimacro : added VM includeClassifications: source=/templates/macros/page/classifications.vm
19:11:38.191 [Test worker] DEBUG org.apache.velocity - ResourceManager : found /templates/macros/page/classifications.vm with loader org.apache.velocity.runtime.resource.loader.ClasspathResourceLoader
19:11:38.191 [Test worker] DEBUG org.apache.velocity - Velocimacro : added VM includeLead: source=/templates/macros/page/lead.vm
19:11:38.191 [Test worker] DEBUG org.apache.velocity - ResourceManager : found /templates/macros/page/lead.vm with loader org.apache.velocity.runtime.resource.loader.ClasspathResourceLoader
19:11:38.191 [Test worker] DEBUG org.apache.velocity - Velocimacro : added VM includeNavigation: source=/templates/macros/page/navigation.vm
19:11:38.191 [Test worker] DEBUG org.apache.velocity - ResourceManager : found /templates/macros/page/navigation.vm with loader org.apache.velocity.runtime.resource.loader.ClasspathResourceLoader
19:11:38.191 [Test worker] DEBUG org.apache.velocity - Velocimacro : added VM includeReportInfo: source=/templates/macros/page/reportInfo.vm
19:11:38.191 [Test worker] DEBUG org.apache.velocity - ResourceManager : found /templates/macros/page/reportInfo.vm with loader org.apache.velocity.runtime.resource.loader.ClasspathResourceLoader
19:11:38.191 [Test worker] DEBUG org.apache.velocity - Velocimacro : added VM includeTitle: source=/templates/macros/page/title.vm
19:11:38.191 [Test worker] DEBUG org.apache.velocity - ResourceManager : found /templates/macros/page/title.vm with loader org.apache.velocity.runtime.resource.loader.ClasspathResourceLoader
19:11:38.191 [Test worker] DEBUG org.apache.velocity - Velocimacro : added VM includeExpandingButtons: source=/templates/macros/report/expandAllButtons.vm
19:11:38.191 [Test worker] DEBUG org.apache.velocity - ResourceManager : found /templates/macros/report/expandAllButtons.vm with loader org.apache.velocity.runtime.resource.loader.ClasspathResourceLoader
19:11:38.191 [Test worker] DEBUG org.apache.velocity - Velocimacro : added VM includeReportTable: source=/templates/macros/report/reportTable.vm
19:11:38.191 [Test worker] DEBUG org.apache.velocity - ResourceManager : found /templates/macros/report/reportTable.vm with loader org.apache.velocity.runtime.resource.loader.ClasspathResourceLoader
19:11:38.191 [Test worker] DEBUG org.apache.velocity - Velocimacro : added VM includeReportHeader: source=/templates/macros/report/reportHeader.vm
19:11:38.191 [Test worker] DEBUG org.apache.velocity - ResourceManager : found /templates/macros/report/reportHeader.vm with loader org.apache.velocity.runtime.resource.loader.ClasspathResourceLoader
19:11:38.191 [Test worker] DEBUG org.apache.velocity - Velocimacro : added VM includeStatsTable: source=/templates/macros/report/statsTable.vm
19:11:38.191 [Test worker] DEBUG org.apache.velocity - ResourceManager : found /templates/macros/report/statsTable.vm with loader org.apache.velocity.runtime.resource.loader.ClasspathResourceLoader
19:11:38.191 [Test worker] DEBUG org.apache.velocity - Velocimacro : added VM includeBrief: source=/templates/macros/json/brief.vm
19:11:38.191 [Test worker] DEBUG org.apache.velocity - ResourceManager : found /templates/macros/json/brief.vm with loader org.apache.velocity.runtime.resource.loader.ClasspathResourceLoader
19:11:38.191 [Test worker] DEBUG org.apache.velocity - Velocimacro : added VM includeDocString: source=/templates/macros/json/docstring.vm
19:11:38.191 [Test worker] DEBUG org.apache.velocity - ResourceManager : found /templates/macros/json/docstring.vm with loader org.apache.velocity.runtime.resource.loader.ClasspathResourceLoader
19:11:38.191 [Test worker] DEBUG org.apache.velocity - Velocimacro : added VM includeDuration: source=/templates/macros/json/duration.vm
19:11:38.191 [Test worker] DEBUG org.apache.velocity - ResourceManager : found /templates/macros/json/duration.vm with loader org.apache.velocity.runtime.resource.loader.ClasspathResourceLoader
19:11:38.191 [Test worker] DEBUG org.apache.velocity - Velocimacro : added VM includeElement: source=/templates/macros/json/element.vm
19:11:38.191 [Test worker] DEBUG org.apache.velocity - ResourceManager : found /templates/macros/json/element.vm with loader org.apache.velocity.runtime.resource.loader.ClasspathResourceLoader
19:11:38.191 [Test worker] DEBUG org.apache.velocity - Velocimacro : added VM includeEmbeddings: source=/templates/macros/json/embeddings.vm
19:11:38.191 [Test worker] DEBUG org.apache.velocity - Velocimacro : added VM includeHtmlEmbedding: source=/templates/macros/json/embeddings.vm
19:11:38.191 [Test worker] DEBUG org.apache.velocity - Velocimacro : added VM includeImageEmbedding: source=/templates/macros/json/embeddings.vm
19:11:38.191 [Test worker] DEBUG org.apache.velocity - Velocimacro : added VM includeImageReferenceEmbedding: source=/templates/macros/json/embeddings.vm
19:11:38.191 [Test worker] DEBUG org.apache.velocity - Velocimacro : added VM includeTextEmbedding: source=/templates/macros/json/embeddings.vm
19:11:38.191 [Test worker] DEBUG org.apache.velocity - Velocimacro : added VM includeUnknownEmbedding: source=/templates/macros/json/embeddings.vm
19:11:38.191 [Test worker] DEBUG org.apache.velocity - ResourceManager : found /templates/macros/json/embeddings.vm with loader org.apache.velocity.runtime.resource.loader.ClasspathResourceLoader
19:11:38.191 [Test worker] DEBUG org.apache.velocity - Velocimacro : added VM includeHooks: source=/templates/macros/json/hooks.vm
19:11:38.191 [Test worker] DEBUG org.apache.velocity - ResourceManager : found /templates/macros/json/hooks.vm with loader org.apache.velocity.runtime.resource.loader.ClasspathResourceLoader
19:11:38.191 [Test worker] DEBUG org.apache.velocity - Velocimacro : added VM includeOutput: source=/templates/macros/json/output.vm
19:11:38.191 [Test worker] DEBUG org.apache.velocity - ResourceManager : found /templates/macros/json/output.vm with loader org.apache.velocity.runtime.resource.loader.ClasspathResourceLoader
19:11:38.191 [Test worker] DEBUG org.apache.velocity - Velocimacro : added VM includeMessage: source=/templates/macros/json/message.vm
19:11:38.191 [Test worker] DEBUG org.apache.velocity - ResourceManager : found /templates/macros/json/message.vm with loader org.apache.velocity.runtime.resource.loader.ClasspathResourceLoader
19:11:38.191 [Test worker] DEBUG org.apache.velocity - Velocimacro : added VM includeSteps: source=/templates/macros/json/steps.vm
19:11:38.191 [Test worker] DEBUG org.apache.velocity - ResourceManager : found /templates/macros/json/steps.vm with loader org.apache.velocity.runtime.resource.loader.ClasspathResourceLoader
19:11:38.191 [Test worker] DEBUG org.apache.velocity - Velocimacro : added VM includeTags: source=/templates/macros/json/tags.vm
19:11:38.191 [Test worker] DEBUG org.apache.velocity - ResourceManager : found /templates/macros/json/tags.vm with loader org.apache.velocity.runtime.resource.loader.ClasspathResourceLoader
19:11:38.191 [Test worker] DEBUG org.apache.velocity - VM #includeNavigation: too few arguments to macro. Wanted 1 got 0
19:11:38.191 [Test worker] DEBUG org.apache.velocity - Left side ($active_tab) of '==' operation has null value. If it is a reference, it may not be in the context or its toString() returned null. /templates/macros/page/navigation.vm[line 14, column 51]
19:11:38.191 [Test worker] DEBUG org.apache.velocity - Left side ($active_tab) of '==' operation has null value. If it is a reference, it may not be in the context or its toString() returned null. /templates/macros/page/navigation.vm[line 15, column 51]
19:11:38.191 [Test worker] DEBUG org.apache.velocity - Left side ($active_tab) of '==' operation has null value. If it is a reference, it may not be in the context or its toString() returned null. /templates/macros/page/navigation.vm[line 16, column 51]
19:11:38.191 [Test worker] DEBUG org.apache.velocity - Left side ($active_tab) of '==' operation has null value. If it is a reference, it may not be in the context or its toString() returned null. /templates/macros/page/navigation.vm[line 20, column 51]
19:11:38.191 [Test worker] DEBUG org.apache.velocity - VM #includeLead: too few arguments to macro. Wanted 2 got 1
19:11:38.191 [Test worker] DEBUG org.apache.velocity - VM #includeBrief: too few arguments to macro. Wanted 5 got 3
19:11:38.191 [Test worker] DEBUG org.apache.velocity - VM #includeBrief: too few arguments to macro. Wanted 5 got 4
19:11:38.191 [Test worker] DEBUG org.apache.velocity - VM #includeBrief: too few arguments to macro. Wanted 5 got 4
19:11:38.206 [Test worker] DEBUG org.apache.velocity - ResourceManager : found /templates/footer.vm with loader org.apache.velocity.runtime.resource.loader.ClasspathResourceLoader
19:11:38.206 [Test worker] DEBUG org.apache.velocity - ResourceManager : found templates/generators/reportFeature.vm with loader org.apache.velocity.runtime.resource.loader.ClasspathResourceLoader
19:11:38.206 [Test worker] DEBUG org.apache.velocity - ResourceManager : found /templates/headers.vm with loader org.apache.velocity.runtime.resource.loader.ClasspathResourceLoader
19:11:38.206 [Test worker] DEBUG org.apache.velocity - ResourceManager : found /templates/head.vm with loader org.apache.velocity.runtime.resource.loader.ClasspathResourceLoader
19:11:38.206 [Test worker] DEBUG org.apache.velocity - Velocimacro : added VM stringArray: source=/templates/macros/array.js.vm
19:11:38.206 [Test worker] DEBUG org.apache.velocity - Velocimacro : added VM numberArray: source=/templates/macros/array.js.vm
19:11:38.206 [Test worker] DEBUG org.apache.velocity - ResourceManager : found /templates/macros/array.js.vm with loader org.apache.velocity.runtime.resource.loader.ClasspathResourceLoader
19:11:38.206 [Test worker] DEBUG org.apache.velocity - Velocimacro : added VM includeBuildInfo: source=/templates/macros/page/buildinfo.vm
19:11:38.206 [Test worker] DEBUG org.apache.velocity - ResourceManager : found /templates/macros/page/buildinfo.vm with loader org.apache.velocity.runtime.resource.loader.ClasspathResourceLoader
19:11:38.206 [Test worker] DEBUG org.apache.velocity - Velocimacro : added VM includeClassifications: source=/templates/macros/page/classifications.vm
19:11:38.206 [Test worker] DEBUG org.apache.velocity - ResourceManager : found /templates/macros/page/classifications.vm with loader org.apache.velocity.runtime.resource.loader.ClasspathResourceLoader
19:11:38.206 [Test worker] DEBUG org.apache.velocity - Velocimacro : added VM includeLead: source=/templates/macros/page/lead.vm
19:11:38.206 [Test worker] DEBUG org.apache.velocity - ResourceManager : found /templates/macros/page/lead.vm with loader org.apache.velocity.runtime.resource.loader.ClasspathResourceLoader
19:11:38.206 [Test worker] DEBUG org.apache.velocity - Velocimacro : added VM includeNavigation: source=/templates/macros/page/navigation.vm
19:11:38.206 [Test worker] DEBUG org.apache.velocity - ResourceManager : found /templates/macros/page/navigation.vm with loader org.apache.velocity.runtime.resource.loader.ClasspathResourceLoader
19:11:38.206 [Test worker] DEBUG org.apache.velocity - Velocimacro : added VM includeReportInfo: source=/templates/macros/page/reportInfo.vm
19:11:38.206 [Test worker] DEBUG org.apache.velocity - ResourceManager : found /templates/macros/page/reportInfo.vm with loader org.apache.velocity.runtime.resource.loader.ClasspathResourceLoader
19:11:38.206 [Test worker] DEBUG org.apache.velocity - Velocimacro : added VM includeTitle: source=/templates/macros/page/title.vm
19:11:38.206 [Test worker] DEBUG org.apache.velocity - ResourceManager : found /templates/macros/page/title.vm with loader org.apache.velocity.runtime.resource.loader.ClasspathResourceLoader
19:11:38.206 [Test worker] DEBUG org.apache.velocity - Velocimacro : added VM includeExpandingButtons: source=/templates/macros/report/expandAllButtons.vm
19:11:38.206 [Test worker] DEBUG org.apache.velocity - ResourceManager : found /templates/macros/report/expandAllButtons.vm with loader org.apache.velocity.runtime.resource.loader.ClasspathResourceLoader
19:11:38.206 [Test worker] DEBUG org.apache.velocity - Velocimacro : added VM includeReportTable: source=/templates/macros/report/reportTable.vm
19:11:38.206 [Test worker] DEBUG org.apache.velocity - ResourceManager : found /templates/macros/report/reportTable.vm with loader org.apache.velocity.runtime.resource.loader.ClasspathResourceLoader
19:11:38.206 [Test worker] DEBUG org.apache.velocity - Velocimacro : added VM includeReportHeader: source=/templates/macros/report/reportHeader.vm
19:11:38.206 [Test worker] DEBUG org.apache.velocity - ResourceManager : found /templates/macros/report/reportHeader.vm with loader org.apache.velocity.runtime.resource.loader.ClasspathResourceLoader
19:11:38.206 [Test worker] DEBUG org.apache.velocity - Velocimacro : added VM includeStatsTable: source=/templates/macros/report/statsTable.vm
19:11:38.206 [Test worker] DEBUG org.apache.velocity - ResourceManager : found /templates/macros/report/statsTable.vm with loader org.apache.velocity.runtime.resource.loader.ClasspathResourceLoader
19:11:38.206 [Test worker] DEBUG org.apache.velocity - Velocimacro : added VM includeBrief: source=/templates/macros/json/brief.vm
19:11:38.206 [Test worker] DEBUG org.apache.velocity - ResourceManager : found /templates/macros/json/brief.vm with loader org.apache.velocity.runtime.resource.loader.ClasspathResourceLoader
19:11:38.206 [Test worker] DEBUG org.apache.velocity - Velocimacro : added VM includeDocString: source=/templates/macros/json/docstring.vm
19:11:38.206 [Test worker] DEBUG org.apache.velocity - ResourceManager : found /templates/macros/json/docstring.vm with loader org.apache.velocity.runtime.resource.loader.ClasspathResourceLoader
19:11:38.206 [Test worker] DEBUG org.apache.velocity - Velocimacro : added VM includeDuration: source=/templates/macros/json/duration.vm
19:11:38.206 [Test worker] DEBUG org.apache.velocity - ResourceManager : found /templates/macros/json/duration.vm with loader org.apache.velocity.runtime.resource.loader.ClasspathResourceLoader
19:11:38.206 [Test worker] DEBUG org.apache.velocity - Velocimacro : added VM includeElement: source=/templates/macros/json/element.vm
19:11:38.206 [Test worker] DEBUG org.apache.velocity - ResourceManager : found /templates/macros/json/element.vm with loader org.apache.velocity.runtime.resource.loader.ClasspathResourceLoader
19:11:38.206 [Test worker] DEBUG org.apache.velocity - Velocimacro : added VM includeEmbeddings: source=/templates/macros/json/embeddings.vm
19:11:38.206 [Test worker] DEBUG org.apache.velocity - Velocimacro : added VM includeHtmlEmbedding: source=/templates/macros/json/embeddings.vm
19:11:38.206 [Test worker] DEBUG org.apache.velocity - Velocimacro : added VM includeImageEmbedding: source=/templates/macros/json/embeddings.vm
19:11:38.206 [Test worker] DEBUG org.apache.velocity - Velocimacro : added VM includeImageReferenceEmbedding: source=/templates/macros/json/embeddings.vm
19:11:38.206 [Test worker] DEBUG org.apache.velocity - Velocimacro : added VM includeTextEmbedding: source=/templates/macros/json/embeddings.vm
19:11:38.206 [Test worker] DEBUG org.apache.velocity - Velocimacro : added VM includeUnknownEmbedding: source=/templates/macros/json/embeddings.vm
19:11:38.206 [Test worker] DEBUG org.apache.velocity - ResourceManager : found /templates/macros/json/embeddings.vm with loader org.apache.velocity.runtime.resource.loader.ClasspathResourceLoader
19:11:38.206 [Test worker] DEBUG org.apache.velocity - Velocimacro : added VM includeHooks: source=/templates/macros/json/hooks.vm
19:11:38.206 [Test worker] DEBUG org.apache.velocity - ResourceManager : found /templates/macros/json/hooks.vm with loader org.apache.velocity.runtime.resource.loader.ClasspathResourceLoader
19:11:38.206 [Test worker] DEBUG org.apache.velocity - Velocimacro : added VM includeOutput: source=/templates/macros/json/output.vm
19:11:38.206 [Test worker] DEBUG org.apache.velocity - ResourceManager : found /templates/macros/json/output.vm with loader org.apache.velocity.runtime.resource.loader.ClasspathResourceLoader
19:11:38.206 [Test worker] DEBUG org.apache.velocity - Velocimacro : added VM includeMessage: source=/templates/macros/json/message.vm
19:11:38.206 [Test worker] DEBUG org.apache.velocity - ResourceManager : found /templates/macros/json/message.vm with loader org.apache.velocity.runtime.resource.loader.ClasspathResourceLoader
19:11:38.206 [Test worker] DEBUG org.apache.velocity - Velocimacro : added VM includeSteps: source=/templates/macros/json/steps.vm
19:11:38.206 [Test worker] DEBUG org.apache.velocity - ResourceManager : found /templates/macros/json/steps.vm with loader org.apache.velocity.runtime.resource.loader.ClasspathResourceLoader
19:11:38.206 [Test worker] DEBUG org.apache.velocity - Velocimacro : added VM includeTags: source=/templates/macros/json/tags.vm
19:11:38.206 [Test worker] DEBUG org.apache.velocity - ResourceManager : found /templates/macros/json/tags.vm with loader org.apache.velocity.runtime.resource.loader.ClasspathResourceLoader
19:11:38.222 [Test worker] DEBUG org.apache.velocity - VM #includeNavigation: too few arguments to macro. Wanted 1 got 0
19:11:38.222 [Test worker] DEBUG org.apache.velocity - Left side ($active_tab) of '==' operation has null value. If it is a reference, it may not be in the context or its toString() returned null. /templates/macros/page/navigation.vm[line 14, column 51]
19:11:38.222 [Test worker] DEBUG org.apache.velocity - Left side ($active_tab) of '==' operation has null value. If it is a reference, it may not be in the context or its toString() returned null. /templates/macros/page/navigation.vm[line 15, column 51]
19:11:38.222 [Test worker] DEBUG org.apache.velocity - Left side ($active_tab) of '==' operation has null value. If it is a reference, it may not be in the context or its toString() returned null. /templates/macros/page/navigation.vm[line 16, column 51]
19:11:38.222 [Test worker] DEBUG org.apache.velocity - Left side ($active_tab) of '==' operation has null value. If it is a reference, it may not be in the context or its toString() returned null. /templates/macros/page/navigation.vm[line 20, column 51]
19:11:38.222 [Test worker] DEBUG org.apache.velocity - VM #includeLead: too few arguments to macro. Wanted 2 got 1
19:11:38.222 [Test worker] DEBUG org.apache.velocity - VM #includeBrief: too few arguments to macro. Wanted 5 got 3
19:11:38.222 [Test worker] DEBUG org.apache.velocity - VM #includeBrief: too few arguments to macro. Wanted 5 got 4
19:11:38.222 [Test worker] DEBUG org.apache.velocity - VM #includeBrief: too few arguments to macro. Wanted 5 got 4
19:11:38.222 [Test worker] DEBUG org.apache.velocity - ResourceManager : found /templates/footer.vm with loader org.apache.velocity.runtime.resource.loader.ClasspathResourceLoader
19:11:38.222 [Test worker] DEBUG org.apache.velocity - ResourceManager : found templates/generators/reportFeature.vm with loader org.apache.velocity.runtime.resource.loader.ClasspathResourceLoader
19:11:38.222 [Test worker] DEBUG org.apache.velocity - ResourceManager : found /templates/headers.vm with loader org.apache.velocity.runtime.resource.loader.ClasspathResourceLoader
19:11:38.222 [Test worker] DEBUG org.apache.velocity - ResourceManager : found /templates/head.vm with loader org.apache.velocity.runtime.resource.loader.ClasspathResourceLoader
19:11:38.222 [Test worker] DEBUG org.apache.velocity - Velocimacro : added VM stringArray: source=/templates/macros/array.js.vm
19:11:38.222 [Test worker] DEBUG org.apache.velocity - Velocimacro : added VM numberArray: source=/templates/macros/array.js.vm
19:11:38.222 [Test worker] DEBUG org.apache.velocity - ResourceManager : found /templates/macros/array.js.vm with loader org.apache.velocity.runtime.resource.loader.ClasspathResourceLoader
19:11:38.222 [Test worker] DEBUG org.apache.velocity - Velocimacro : added VM includeBuildInfo: source=/templates/macros/page/buildinfo.vm
19:11:38.222 [Test worker] DEBUG org.apache.velocity - ResourceManager : found /templates/macros/page/buildinfo.vm with loader org.apache.velocity.runtime.resource.loader.ClasspathResourceLoader
19:11:38.222 [Test worker] DEBUG org.apache.velocity - Velocimacro : added VM includeClassifications: source=/templates/macros/page/classifications.vm
19:11:38.222 [Test worker] DEBUG org.apache.velocity - ResourceManager : found /templates/macros/page/classifications.vm with loader org.apache.velocity.runtime.resource.loader.ClasspathResourceLoader
19:11:38.222 [Test worker] DEBUG org.apache.velocity - Velocimacro : added VM includeLead: source=/templates/macros/page/lead.vm
19:11:38.222 [Test worker] DEBUG org.apache.velocity - ResourceManager : found /templates/macros/page/lead.vm with loader org.apache.velocity.runtime.resource.loader.ClasspathResourceLoader
19:11:38.222 [Test worker] DEBUG org.apache.velocity - Velocimacro : added VM includeNavigation: source=/templates/macros/page/navigation.vm
19:11:38.222 [Test worker] DEBUG org.apache.velocity - ResourceManager : found /templates/macros/page/navigation.vm with loader org.apache.velocity.runtime.resource.loader.ClasspathResourceLoader
19:11:38.222 [Test worker] DEBUG org.apache.velocity - Velocimacro : added VM includeReportInfo: source=/templates/macros/page/reportInfo.vm
19:11:38.222 [Test worker] DEBUG org.apache.velocity - ResourceManager : found /templates/macros/page/reportInfo.vm with loader org.apache.velocity.runtime.resource.loader.ClasspathResourceLoader
19:11:38.222 [Test worker] DEBUG org.apache.velocity - Velocimacro : added VM includeTitle: source=/templates/macros/page/title.vm
19:11:38.222 [Test worker] DEBUG org.apache.velocity - ResourceManager : found /templates/macros/page/title.vm with loader org.apache.velocity.runtime.resource.loader.ClasspathResourceLoader
19:11:38.222 [Test worker] DEBUG org.apache.velocity - Velocimacro : added VM includeExpandingButtons: source=/templates/macros/report/expandAllButtons.vm
19:11:38.222 [Test worker] DEBUG org.apache.velocity - ResourceManager : found /templates/macros/report/expandAllButtons.vm with loader org.apache.velocity.runtime.resource.loader.ClasspathResourceLoader
19:11:38.222 [Test worker] DEBUG org.apache.velocity - Velocimacro : added VM includeReportTable: source=/templates/macros/report/reportTable.vm
19:11:38.222 [Test worker] DEBUG org.apache.velocity - ResourceManager : found /templates/macros/report/reportTable.vm with loader org.apache.velocity.runtime.resource.loader.ClasspathResourceLoader
19:11:38.222 [Test worker] DEBUG org.apache.velocity - Velocimacro : added VM includeReportHeader: source=/templates/macros/report/reportHeader.vm
19:11:38.222 [Test worker] DEBUG org.apache.velocity - ResourceManager : found /templates/macros/report/reportHeader.vm with loader org.apache.velocity.runtime.resource.loader.ClasspathResourceLoader
19:11:38.222 [Test worker] DEBUG org.apache.velocity - Velocimacro : added VM includeStatsTable: source=/templates/macros/report/statsTable.vm
19:11:38.222 [Test worker] DEBUG org.apache.velocity - ResourceManager : found /templates/macros/report/statsTable.vm with loader org.apache.velocity.runtime.resource.loader.ClasspathResourceLoader
19:11:38.222 [Test worker] DEBUG org.apache.velocity - Velocimacro : added VM includeBrief: source=/templates/macros/json/brief.vm
19:11:38.222 [Test worker] DEBUG org.apache.velocity - ResourceManager : found /templates/macros/json/brief.vm with loader org.apache.velocity.runtime.resource.loader.ClasspathResourceLoader
19:11:38.222 [Test worker] DEBUG org.apache.velocity - Velocimacro : added VM includeDocString: source=/templates/macros/json/docstring.vm
19:11:38.222 [Test worker] DEBUG org.apache.velocity - ResourceManager : found /templates/macros/json/docstring.vm with loader org.apache.velocity.runtime.resource.loader.ClasspathResourceLoader
19:11:38.222 [Test worker] DEBUG org.apache.velocity - Velocimacro : added VM includeDuration: source=/templates/macros/json/duration.vm
19:11:38.222 [Test worker] DEBUG org.apache.velocity - ResourceManager : found /templates/macros/json/duration.vm with loader org.apache.velocity.runtime.resource.loader.ClasspathResourceLoader
19:11:38.222 [Test worker] DEBUG org.apache.velocity - Velocimacro : added VM includeElement: source=/templates/macros/json/element.vm
19:11:38.222 [Test worker] DEBUG org.apache.velocity - ResourceManager : found /templates/macros/json/element.vm with loader org.apache.velocity.runtime.resource.loader.ClasspathResourceLoader
19:11:38.222 [Test worker] DEBUG org.apache.velocity - Velocimacro : added VM includeEmbeddings: source=/templates/macros/json/embeddings.vm
19:11:38.222 [Test worker] DEBUG org.apache.velocity - Velocimacro : added VM includeHtmlEmbedding: source=/templates/macros/json/embeddings.vm
19:11:38.222 [Test worker] DEBUG org.apache.velocity - Velocimacro : added VM includeImageEmbedding: source=/templates/macros/json/embeddings.vm
19:11:38.222 [Test worker] DEBUG org.apache.velocity - Velocimacro : added VM includeImageReferenceEmbedding: source=/templates/macros/json/embeddings.vm
19:11:38.222 [Test worker] DEBUG org.apache.velocity - Velocimacro : added VM includeTextEmbedding: source=/templates/macros/json/embeddings.vm
19:11:38.222 [Test worker] DEBUG org.apache.velocity - Velocimacro : added VM includeUnknownEmbedding: source=/templates/macros/json/embeddings.vm
19:11:38.222 [Test worker] DEBUG org.apache.velocity - ResourceManager : found /templates/macros/json/embeddings.vm with loader org.apache.velocity.runtime.resource.loader.ClasspathResourceLoader
19:11:38.237 [Test worker] DEBUG org.apache.velocity - Velocimacro : added VM includeHooks: source=/templates/macros/json/hooks.vm
19:11:38.237 [Test worker] DEBUG org.apache.velocity - ResourceManager : found /templates/macros/json/hooks.vm with loader org.apache.velocity.runtime.resource.loader.ClasspathResourceLoader
19:11:38.237 [Test worker] DEBUG org.apache.velocity - Velocimacro : added VM includeOutput: source=/templates/macros/json/output.vm
19:11:38.237 [Test worker] DEBUG org.apache.velocity - ResourceManager : found /templates/macros/json/output.vm with loader org.apache.velocity.runtime.resource.loader.ClasspathResourceLoader
19:11:38.237 [Test worker] DEBUG org.apache.velocity - Velocimacro : added VM includeMessage: source=/templates/macros/json/message.vm
19:11:38.237 [Test worker] DEBUG org.apache.velocity - ResourceManager : found /templates/macros/json/message.vm with loader org.apache.velocity.runtime.resource.loader.ClasspathResourceLoader
19:11:38.237 [Test worker] DEBUG org.apache.velocity - Velocimacro : added VM includeSteps: source=/templates/macros/json/steps.vm
19:11:38.237 [Test worker] DEBUG org.apache.velocity - ResourceManager : found /templates/macros/json/steps.vm with loader org.apache.velocity.runtime.resource.loader.ClasspathResourceLoader
19:11:38.237 [Test worker] DEBUG org.apache.velocity - Velocimacro : added VM includeTags: source=/templates/macros/json/tags.vm
19:11:38.237 [Test worker] DEBUG org.apache.velocity - ResourceManager : found /templates/macros/json/tags.vm with loader org.apache.velocity.runtime.resource.loader.ClasspathResourceLoader
19:11:38.237 [Test worker] DEBUG org.apache.velocity - VM #includeNavigation: too few arguments to macro. Wanted 1 got 0
19:11:38.237 [Test worker] DEBUG org.apache.velocity - Left side ($active_tab) of '==' operation has null value. If it is a reference, it may not be in the context or its toString() returned null. /templates/macros/page/navigation.vm[line 14, column 51]
19:11:38.237 [Test worker] DEBUG org.apache.velocity - Left side ($active_tab) of '==' operation has null value. If it is a reference, it may not be in the context or its toString() returned null. /templates/macros/page/navigation.vm[line 15, column 51]
19:11:38.237 [Test worker] DEBUG org.apache.velocity - Left side ($active_tab) of '==' operation has null value. If it is a reference, it may not be in the context or its toString() returned null. /templates/macros/page/navigation.vm[line 16, column 51]
19:11:38.237 [Test worker] DEBUG org.apache.velocity - Left side ($active_tab) of '==' operation has null value. If it is a reference, it may not be in the context or its toString() returned null. /templates/macros/page/navigation.vm[line 20, column 51]
19:11:38.237 [Test worker] DEBUG org.apache.velocity - VM #includeLead: too few arguments to macro. Wanted 2 got 1
19:11:38.237 [Test worker] DEBUG org.apache.velocity - VM #includeBrief: too few arguments to macro. Wanted 5 got 3
19:11:38.237 [Test worker] DEBUG org.apache.velocity - VM #includeBrief: too few arguments to macro. Wanted 5 got 4
19:11:38.237 [Test worker] DEBUG org.apache.velocity - VM #includeBrief: too few arguments to macro. Wanted 5 got 4
19:11:38.237 [Test worker] DEBUG org.apache.velocity - VM #includeBrief: too few arguments to macro. Wanted 5 got 4
19:11:38.237 [Test worker] DEBUG org.apache.velocity - VM #includeBrief: too few arguments to macro. Wanted 5 got 4
19:11:38.237 [Test worker] DEBUG org.apache.velocity - ResourceManager : found /templates/footer.vm with loader org.apache.velocity.runtime.resource.loader.ClasspathResourceLoader
19:11:38.237 [Test worker] DEBUG org.apache.velocity - ResourceManager : found templates/generators/reportFeature.vm with loader org.apache.velocity.runtime.resource.loader.ClasspathResourceLoader
19:11:38.237 [Test worker] DEBUG org.apache.velocity - ResourceManager : found /templates/headers.vm with loader org.apache.velocity.runtime.resource.loader.ClasspathResourceLoader
19:11:38.237 [Test worker] DEBUG org.apache.velocity - ResourceManager : found /templates/head.vm with loader org.apache.velocity.runtime.resource.loader.ClasspathResourceLoader
19:11:38.237 [Test worker] DEBUG org.apache.velocity - Velocimacro : added VM stringArray: source=/templates/macros/array.js.vm
19:11:38.237 [Test worker] DEBUG org.apache.velocity - Velocimacro : added VM numberArray: source=/templates/macros/array.js.vm
19:11:38.237 [Test worker] DEBUG org.apache.velocity - ResourceManager : found /templates/macros/array.js.vm with loader org.apache.velocity.runtime.resource.loader.ClasspathResourceLoader
19:11:38.237 [Test worker] DEBUG org.apache.velocity - Velocimacro : added VM includeBuildInfo: source=/templates/macros/page/buildinfo.vm
19:11:38.237 [Test worker] DEBUG org.apache.velocity - ResourceManager : found /templates/macros/page/buildinfo.vm with loader org.apache.velocity.runtime.resource.loader.ClasspathResourceLoader
19:11:38.237 [Test worker] DEBUG org.apache.velocity - Velocimacro : added VM includeClassifications: source=/templates/macros/page/classifications.vm
19:11:38.237 [Test worker] DEBUG org.apache.velocity - ResourceManager : found /templates/macros/page/classifications.vm with loader org.apache.velocity.runtime.resource.loader.ClasspathResourceLoader
19:11:38.237 [Test worker] DEBUG org.apache.velocity - Velocimacro : added VM includeLead: source=/templates/macros/page/lead.vm
19:11:38.237 [Test worker] DEBUG org.apache.velocity - ResourceManager : found /templates/macros/page/lead.vm with loader org.apache.velocity.runtime.resource.loader.ClasspathResourceLoader
19:11:38.237 [Test worker] DEBUG org.apache.velocity - Velocimacro : added VM includeNavigation: source=/templates/macros/page/navigation.vm
19:11:38.237 [Test worker] DEBUG org.apache.velocity - ResourceManager : found /templates/macros/page/navigation.vm with loader org.apache.velocity.runtime.resource.loader.ClasspathResourceLoader
19:11:38.237 [Test worker] DEBUG org.apache.velocity - Velocimacro : added VM includeReportInfo: source=/templates/macros/page/reportInfo.vm
19:11:38.237 [Test worker] DEBUG org.apache.velocity - ResourceManager : found /templates/macros/page/reportInfo.vm with loader org.apache.velocity.runtime.resource.loader.ClasspathResourceLoader
19:11:38.237 [Test worker] DEBUG org.apache.velocity - Velocimacro : added VM includeTitle: source=/templates/macros/page/title.vm
19:11:38.237 [Test worker] DEBUG org.apache.velocity - ResourceManager : found /templates/macros/page/title.vm with loader org.apache.velocity.runtime.resource.loader.ClasspathResourceLoader
19:11:38.237 [Test worker] DEBUG org.apache.velocity - Velocimacro : added VM includeExpandingButtons: source=/templates/macros/report/expandAllButtons.vm
19:11:38.237 [Test worker] DEBUG org.apache.velocity - ResourceManager : found /templates/macros/report/expandAllButtons.vm with loader org.apache.velocity.runtime.resource.loader.ClasspathResourceLoader
19:11:38.237 [Test worker] DEBUG org.apache.velocity - Velocimacro : added VM includeReportTable: source=/templates/macros/report/reportTable.vm
19:11:38.237 [Test worker] DEBUG org.apache.velocity - ResourceManager : found /templates/macros/report/reportTable.vm with loader org.apache.velocity.runtime.resource.loader.ClasspathResourceLoader
19:11:38.237 [Test worker] DEBUG org.apache.velocity - Velocimacro : added VM includeReportHeader: source=/templates/macros/report/reportHeader.vm
19:11:38.237 [Test worker] DEBUG org.apache.velocity - ResourceManager : found /templates/macros/report/reportHeader.vm with loader org.apache.velocity.runtime.resource.loader.ClasspathResourceLoader
19:11:38.237 [Test worker] DEBUG org.apache.velocity - Velocimacro : added VM includeStatsTable: source=/templates/macros/report/statsTable.vm
19:11:38.237 [Test worker] DEBUG org.apache.velocity - ResourceManager : found /templates/macros/report/statsTable.vm with loader org.apache.velocity.runtime.resource.loader.ClasspathResourceLoader
19:11:38.237 [Test worker] DEBUG org.apache.velocity - Velocimacro : added VM includeBrief: source=/templates/macros/json/brief.vm
19:11:38.237 [Test worker] DEBUG org.apache.velocity - ResourceManager : found /templates/macros/json/brief.vm with loader org.apache.velocity.runtime.resource.loader.ClasspathResourceLoader
19:11:38.237 [Test worker] DEBUG org.apache.velocity - Velocimacro : added VM includeDocString: source=/templates/macros/json/docstring.vm
19:11:38.237 [Test worker] DEBUG org.apache.velocity - ResourceManager : found /templates/macros/json/docstring.vm with loader org.apache.velocity.runtime.resource.loader.ClasspathResourceLoader
19:11:38.237 [Test worker] DEBUG org.apache.velocity - Velocimacro : added VM includeDuration: source=/templates/macros/json/duration.vm
19:11:38.237 [Test worker] DEBUG org.apache.velocity - ResourceManager : found /templates/macros/json/duration.vm with loader org.apache.velocity.runtime.resource.loader.ClasspathResourceLoader
19:11:38.237 [Test worker] DEBUG org.apache.velocity - Velocimacro : added VM includeElement: source=/templates/macros/json/element.vm
19:11:38.237 [Test worker] DEBUG org.apache.velocity - ResourceManager : found /templates/macros/json/element.vm with loader org.apache.velocity.runtime.resource.loader.ClasspathResourceLoader
19:11:38.237 [Test worker] DEBUG org.apache.velocity - Velocimacro : added VM includeEmbeddings: source=/templates/macros/json/embeddings.vm
19:11:38.237 [Test worker] DEBUG org.apache.velocity - Velocimacro : added VM includeHtmlEmbedding: source=/templates/macros/json/embeddings.vm
19:11:38.237 [Test worker] DEBUG org.apache.velocity - Velocimacro : added VM includeImageEmbedding: source=/templates/macros/json/embeddings.vm
19:11:38.237 [Test worker] DEBUG org.apache.velocity - Velocimacro : added VM includeImageReferenceEmbedding: source=/templates/macros/json/embeddings.vm
19:11:38.237 [Test worker] DEBUG org.apache.velocity - Velocimacro : added VM includeTextEmbedding: source=/templates/macros/json/embeddings.vm
19:11:38.237 [Test worker] DEBUG org.apache.velocity - Velocimacro : added VM includeUnknownEmbedding: source=/templates/macros/json/embeddings.vm
19:11:38.237 [Test worker] DEBUG org.apache.velocity - ResourceManager : found /templates/macros/json/embeddings.vm with loader org.apache.velocity.runtime.resource.loader.ClasspathResourceLoader
19:11:38.237 [Test worker] DEBUG org.apache.velocity - Velocimacro : added VM includeHooks: source=/templates/macros/json/hooks.vm
19:11:38.237 [Test worker] DEBUG org.apache.velocity - ResourceManager : found /templates/macros/json/hooks.vm with loader org.apache.velocity.runtime.resource.loader.ClasspathResourceLoader
19:11:38.253 [Test worker] DEBUG org.apache.velocity - Velocimacro : added VM includeOutput: source=/templates/macros/json/output.vm
19:11:38.253 [Test worker] DEBUG org.apache.velocity - ResourceManager : found /templates/macros/json/output.vm with loader org.apache.velocity.runtime.resource.loader.ClasspathResourceLoader
19:11:38.254 [Test worker] DEBUG org.apache.velocity - Velocimacro : added VM includeMessage: source=/templates/macros/json/message.vm
19:11:38.254 [Test worker] DEBUG org.apache.velocity - ResourceManager : found /templates/macros/json/message.vm with loader org.apache.velocity.runtime.resource.loader.ClasspathResourceLoader
19:11:38.254 [Test worker] DEBUG org.apache.velocity - Velocimacro : added VM includeSteps: source=/templates/macros/json/steps.vm
19:11:38.254 [Test worker] DEBUG org.apache.velocity - ResourceManager : found /templates/macros/json/steps.vm with loader org.apache.velocity.runtime.resource.loader.ClasspathResourceLoader
19:11:38.254 [Test worker] DEBUG org.apache.velocity - Velocimacro : added VM includeTags: source=/templates/macros/json/tags.vm
19:11:38.254 [Test worker] DEBUG org.apache.velocity - ResourceManager : found /templates/macros/json/tags.vm with loader org.apache.velocity.runtime.resource.loader.ClasspathResourceLoader
19:11:38.254 [Test worker] DEBUG org.apache.velocity - VM #includeNavigation: too few arguments to macro. Wanted 1 got 0
19:11:38.254 [Test worker] DEBUG org.apache.velocity - Left side ($active_tab) of '==' operation has null value. If it is a reference, it may not be in the context or its toString() returned null. /templates/macros/page/navigation.vm[line 14, column 51]
19:11:38.254 [Test worker] DEBUG org.apache.velocity - Left side ($active_tab) of '==' operation has null value. If it is a reference, it may not be in the context or its toString() returned null. /templates/macros/page/navigation.vm[line 15, column 51]
19:11:38.254 [Test worker] DEBUG org.apache.velocity - Left side ($active_tab) of '==' operation has null value. If it is a reference, it may not be in the context or its toString() returned null. /templates/macros/page/navigation.vm[line 16, column 51]
19:11:38.254 [Test worker] DEBUG org.apache.velocity - Left side ($active_tab) of '==' operation has null value. If it is a reference, it may not be in the context or its toString() returned null. /templates/macros/page/navigation.vm[line 20, column 51]
19:11:38.254 [Test worker] DEBUG org.apache.velocity - VM #includeLead: too few arguments to macro. Wanted 2 got 1
19:11:38.254 [Test worker] DEBUG org.apache.velocity - VM #includeBrief: too few arguments to macro. Wanted 5 got 3
19:11:38.254 [Test worker] DEBUG org.apache.velocity - VM #includeBrief: too few arguments to macro. Wanted 5 got 4
19:11:38.254 [Test worker] DEBUG org.apache.velocity - VM #includeBrief: too few arguments to macro. Wanted 5 got 4
19:11:38.254 [Test worker] DEBUG org.apache.velocity - VM #includeBrief: too few arguments to macro. Wanted 5 got 4
19:11:38.254 [Test worker] DEBUG org.apache.velocity - VM #includeBrief: too few arguments to macro. Wanted 5 got 4
19:11:38.254 [Test worker] DEBUG org.apache.velocity - VM #includeBrief: too few arguments to macro. Wanted 5 got 4
19:11:38.254 [Test worker] DEBUG org.apache.velocity - VM #includeBrief: too few arguments to macro. Wanted 5 got 4
19:11:38.254 [Test worker] DEBUG org.apache.velocity - VM #includeBrief: too few arguments to macro. Wanted 5 got 4
19:11:38.254 [Test worker] DEBUG org.apache.velocity - VM #includeBrief: too few arguments to macro. Wanted 5 got 4
19:11:38.254 [Test worker] DEBUG org.apache.velocity - VM #includeBrief: too few arguments to macro. Wanted 5 got 4
19:11:38.254 [Test worker] DEBUG org.apache.velocity - VM #includeBrief: too few arguments to macro. Wanted 5 got 4
19:11:38.254 [Test worker] DEBUG org.apache.velocity - ResourceManager : found /templates/footer.vm with loader org.apache.velocity.runtime.resource.loader.ClasspathResourceLoader
19:11:38.254 [Test worker] DEBUG org.apache.velocity - ResourceManager : found templates/generators/reportFeature.vm with loader org.apache.velocity.runtime.resource.loader.ClasspathResourceLoader
19:11:38.254 [Test worker] DEBUG org.apache.velocity - ResourceManager : found /templates/headers.vm with loader org.apache.velocity.runtime.resource.loader.ClasspathResourceLoader
19:11:38.254 [Test worker] DEBUG org.apache.velocity - ResourceManager : found /templates/head.vm with loader org.apache.velocity.runtime.resource.loader.ClasspathResourceLoader
19:11:38.254 [Test worker] DEBUG org.apache.velocity - Velocimacro : added VM stringArray: source=/templates/macros/array.js.vm
19:11:38.254 [Test worker] DEBUG org.apache.velocity - Velocimacro : added VM numberArray: source=/templates/macros/array.js.vm
19:11:38.254 [Test worker] DEBUG org.apache.velocity - ResourceManager : found /templates/macros/array.js.vm with loader org.apache.velocity.runtime.resource.loader.ClasspathResourceLoader
19:11:38.254 [Test worker] DEBUG org.apache.velocity - Velocimacro : added VM includeBuildInfo: source=/templates/macros/page/buildinfo.vm
19:11:38.254 [Test worker] DEBUG org.apache.velocity - ResourceManager : found /templates/macros/page/buildinfo.vm with loader org.apache.velocity.runtime.resource.loader.ClasspathResourceLoader
19:11:38.254 [Test worker] DEBUG org.apache.velocity - Velocimacro : added VM includeClassifications: source=/templates/macros/page/classifications.vm
19:11:38.254 [Test worker] DEBUG org.apache.velocity - ResourceManager : found /templates/macros/page/classifications.vm with loader org.apache.velocity.runtime.resource.loader.ClasspathResourceLoader
19:11:38.254 [Test worker] DEBUG org.apache.velocity - Velocimacro : added VM includeLead: source=/templates/macros/page/lead.vm
19:11:38.254 [Test worker] DEBUG org.apache.velocity - ResourceManager : found /templates/macros/page/lead.vm with loader org.apache.velocity.runtime.resource.loader.ClasspathResourceLoader
19:11:38.254 [Test worker] DEBUG org.apache.velocity - Velocimacro : added VM includeNavigation: source=/templates/macros/page/navigation.vm
19:11:38.254 [Test worker] DEBUG org.apache.velocity - ResourceManager : found /templates/macros/page/navigation.vm with loader org.apache.velocity.runtime.resource.loader.ClasspathResourceLoader
19:11:38.254 [Test worker] DEBUG org.apache.velocity - Velocimacro : added VM includeReportInfo: source=/templates/macros/page/reportInfo.vm
19:11:38.254 [Test worker] DEBUG org.apache.velocity - ResourceManager : found /templates/macros/page/reportInfo.vm with loader org.apache.velocity.runtime.resource.loader.ClasspathResourceLoader
19:11:38.254 [Test worker] DEBUG org.apache.velocity - Velocimacro : added VM includeTitle: source=/templates/macros/page/title.vm
19:11:38.254 [Test worker] DEBUG org.apache.velocity - ResourceManager : found /templates/macros/page/title.vm with loader org.apache.velocity.runtime.resource.loader.ClasspathResourceLoader
19:11:38.254 [Test worker] DEBUG org.apache.velocity - Velocimacro : added VM includeExpandingButtons: source=/templates/macros/report/expandAllButtons.vm
19:11:38.254 [Test worker] DEBUG org.apache.velocity - ResourceManager : found /templates/macros/report/expandAllButtons.vm with loader org.apache.velocity.runtime.resource.loader.ClasspathResourceLoader
19:11:38.254 [Test worker] DEBUG org.apache.velocity - Velocimacro : added VM includeReportTable: source=/templates/macros/report/reportTable.vm
19:11:38.254 [Test worker] DEBUG org.apache.velocity - ResourceManager : found /templates/macros/report/reportTable.vm with loader org.apache.velocity.runtime.resource.loader.ClasspathResourceLoader
19:11:38.254 [Test worker] DEBUG org.apache.velocity - Velocimacro : added VM includeReportHeader: source=/templates/macros/report/reportHeader.vm
19:11:38.254 [Test worker] DEBUG org.apache.velocity - ResourceManager : found /templates/macros/report/reportHeader.vm with loader org.apache.velocity.runtime.resource.loader.ClasspathResourceLoader
19:11:38.254 [Test worker] DEBUG org.apache.velocity - Velocimacro : added VM includeStatsTable: source=/templates/macros/report/statsTable.vm
19:11:38.254 [Test worker] DEBUG org.apache.velocity - ResourceManager : found /templates/macros/report/statsTable.vm with loader org.apache.velocity.runtime.resource.loader.ClasspathResourceLoader
19:11:38.254 [Test worker] DEBUG org.apache.velocity - Velocimacro : added VM includeBrief: source=/templates/macros/json/brief.vm
19:11:38.254 [Test worker] DEBUG org.apache.velocity - ResourceManager : found /templates/macros/json/brief.vm with loader org.apache.velocity.runtime.resource.loader.ClasspathResourceLoader
19:11:38.269 [Test worker] DEBUG org.apache.velocity - Velocimacro : added VM includeDocString: source=/templates/macros/json/docstring.vm
19:11:38.269 [Test worker] DEBUG org.apache.velocity - ResourceManager : found /templates/macros/json/docstring.vm with loader org.apache.velocity.runtime.resource.loader.ClasspathResourceLoader
19:11:38.269 [Test worker] DEBUG org.apache.velocity - Velocimacro : added VM includeDuration: source=/templates/macros/json/duration.vm
19:11:38.269 [Test worker] DEBUG org.apache.velocity - ResourceManager : found /templates/macros/json/duration.vm with loader org.apache.velocity.runtime.resource.loader.ClasspathResourceLoader
19:11:38.269 [Test worker] DEBUG org.apache.velocity - Velocimacro : added VM includeElement: source=/templates/macros/json/element.vm
19:11:38.269 [Test worker] DEBUG org.apache.velocity - ResourceManager : found /templates/macros/json/element.vm with loader org.apache.velocity.runtime.resource.loader.ClasspathResourceLoader
19:11:38.269 [Test worker] DEBUG org.apache.velocity - Velocimacro : added VM includeEmbeddings: source=/templates/macros/json/embeddings.vm
19:11:38.269 [Test worker] DEBUG org.apache.velocity - Velocimacro : added VM includeHtmlEmbedding: source=/templates/macros/json/embeddings.vm
19:11:38.269 [Test worker] DEBUG org.apache.velocity - Velocimacro : added VM includeImageEmbedding: source=/templates/macros/json/embeddings.vm
19:11:38.269 [Test worker] DEBUG org.apache.velocity - Velocimacro : added VM includeImageReferenceEmbedding: source=/templates/macros/json/embeddings.vm
19:11:38.269 [Test worker] DEBUG org.apache.velocity - Velocimacro : added VM includeTextEmbedding: source=/templates/macros/json/embeddings.vm
19:11:38.269 [Test worker] DEBUG org.apache.velocity - Velocimacro : added VM includeUnknownEmbedding: source=/templates/macros/json/embeddings.vm
19:11:38.269 [Test worker] DEBUG org.apache.velocity - ResourceManager : found /templates/macros/json/embeddings.vm with loader org.apache.velocity.runtime.resource.loader.ClasspathResourceLoader
19:11:38.269 [Test worker] DEBUG org.apache.velocity - Velocimacro : added VM includeHooks: source=/templates/macros/json/hooks.vm
19:11:38.269 [Test worker] DEBUG org.apache.velocity - ResourceManager : found /templates/macros/json/hooks.vm with loader org.apache.velocity.runtime.resource.loader.ClasspathResourceLoader
19:11:38.269 [Test worker] DEBUG org.apache.velocity - Velocimacro : added VM includeOutput: source=/templates/macros/json/output.vm
19:11:38.269 [Test worker] DEBUG org.apache.velocity - ResourceManager : found /templates/macros/json/output.vm with loader org.apache.velocity.runtime.resource.loader.ClasspathResourceLoader
19:11:38.269 [Test worker] DEBUG org.apache.velocity - Velocimacro : added VM includeMessage: source=/templates/macros/json/message.vm
19:11:38.269 [Test worker] DEBUG org.apache.velocity - ResourceManager : found /templates/macros/json/message.vm with loader org.apache.velocity.runtime.resource.loader.ClasspathResourceLoader
19:11:38.269 [Test worker] DEBUG org.apache.velocity - Velocimacro : added VM includeSteps: source=/templates/macros/json/steps.vm
19:11:38.269 [Test worker] DEBUG org.apache.velocity - ResourceManager : found /templates/macros/json/steps.vm with loader org.apache.velocity.runtime.resource.loader.ClasspathResourceLoader
19:11:38.269 [Test worker] DEBUG org.apache.velocity - Velocimacro : added VM includeTags: source=/templates/macros/json/tags.vm
19:11:38.269 [Test worker] DEBUG org.apache.velocity - ResourceManager : found /templates/macros/json/tags.vm with loader org.apache.velocity.runtime.resource.loader.ClasspathResourceLoader
19:11:38.269 [Test worker] DEBUG org.apache.velocity - VM #includeNavigation: too few arguments to macro. Wanted 1 got 0
19:11:38.269 [Test worker] DEBUG org.apache.velocity - Left side ($active_tab) of '==' operation has null value. If it is a reference, it may not be in the context or its toString() returned null. /templates/macros/page/navigation.vm[line 14, column 51]
19:11:38.269 [Test worker] DEBUG org.apache.velocity - Left side ($active_tab) of '==' operation has null value. If it is a reference, it may not be in the context or its toString() returned null. /templates/macros/page/navigation.vm[line 15, column 51]
19:11:38.269 [Test worker] DEBUG org.apache.velocity - Left side ($active_tab) of '==' operation has null value. If it is a reference, it may not be in the context or its toString() returned null. /templates/macros/page/navigation.vm[line 16, column 51]
19:11:38.269 [Test worker] DEBUG org.apache.velocity - Left side ($active_tab) of '==' operation has null value. If it is a reference, it may not be in the context or its toString() returned null. /templates/macros/page/navigation.vm[line 20, column 51]
19:11:38.269 [Test worker] DEBUG org.apache.velocity - VM #includeLead: too few arguments to macro. Wanted 2 got 1
19:11:38.269 [Test worker] DEBUG org.apache.velocity - VM #includeBrief: too few arguments to macro. Wanted 5 got 3
19:11:38.269 [Test worker] DEBUG org.apache.velocity - VM #includeBrief: too few arguments to macro. Wanted 5 got 4
19:11:38.269 [Test worker] DEBUG org.apache.velocity - VM #includeBrief: too few arguments to macro. Wanted 5 got 4
19:11:38.269 [Test worker] DEBUG org.apache.velocity - ResourceManager : found /templates/footer.vm with loader org.apache.velocity.runtime.resource.loader.ClasspathResourceLoader
19:11:38.269 [Test worker] DEBUG org.apache.velocity - ResourceManager : found templates/generators/reportFeature.vm with loader org.apache.velocity.runtime.resource.loader.ClasspathResourceLoader
19:11:38.269 [Test worker] DEBUG org.apache.velocity - ResourceManager : found /templates/headers.vm with loader org.apache.velocity.runtime.resource.loader.ClasspathResourceLoader
19:11:38.269 [Test worker] DEBUG org.apache.velocity - ResourceManager : found /templates/head.vm with loader org.apache.velocity.runtime.resource.loader.ClasspathResourceLoader
19:11:38.269 [Test worker] DEBUG org.apache.velocity - Velocimacro : added VM stringArray: source=/templates/macros/array.js.vm
19:11:38.269 [Test worker] DEBUG org.apache.velocity - Velocimacro : added VM numberArray: source=/templates/macros/array.js.vm
19:11:38.269 [Test worker] DEBUG org.apache.velocity - ResourceManager : found /templates/macros/array.js.vm with loader org.apache.velocity.runtime.resource.loader.ClasspathResourceLoader
19:11:38.269 [Test worker] DEBUG org.apache.velocity - Velocimacro : added VM includeBuildInfo: source=/templates/macros/page/buildinfo.vm
19:11:38.269 [Test worker] DEBUG org.apache.velocity - ResourceManager : found /templates/macros/page/buildinfo.vm with loader org.apache.velocity.runtime.resource.loader.ClasspathResourceLoader
19:11:38.269 [Test worker] DEBUG org.apache.velocity - Velocimacro : added VM includeClassifications: source=/templates/macros/page/classifications.vm
19:11:38.269 [Test worker] DEBUG org.apache.velocity - ResourceManager : found /templates/macros/page/classifications.vm with loader org.apache.velocity.runtime.resource.loader.ClasspathResourceLoader
19:11:38.269 [Test worker] DEBUG org.apache.velocity - Velocimacro : added VM includeLead: source=/templates/macros/page/lead.vm
19:11:38.269 [Test worker] DEBUG org.apache.velocity - ResourceManager : found /templates/macros/page/lead.vm with loader org.apache.velocity.runtime.resource.loader.ClasspathResourceLoader
19:11:38.269 [Test worker] DEBUG org.apache.velocity - Velocimacro : added VM includeNavigation: source=/templates/macros/page/navigation.vm
19:11:38.269 [Test worker] DEBUG org.apache.velocity - ResourceManager : found /templates/macros/page/navigation.vm with loader org.apache.velocity.runtime.resource.loader.ClasspathResourceLoader
19:11:38.269 [Test worker] DEBUG org.apache.velocity - Velocimacro : added VM includeReportInfo: source=/templates/macros/page/reportInfo.vm
19:11:38.269 [Test worker] DEBUG org.apache.velocity - ResourceManager : found /templates/macros/page/reportInfo.vm with loader org.apache.velocity.runtime.resource.loader.ClasspathResourceLoader
19:11:38.269 [Test worker] DEBUG org.apache.velocity - Velocimacro : added VM includeTitle: source=/templates/macros/page/title.vm
19:11:38.269 [Test worker] DEBUG org.apache.velocity - ResourceManager : found /templates/macros/page/title.vm with loader org.apache.velocity.runtime.resource.loader.ClasspathResourceLoader
19:11:38.269 [Test worker] DEBUG org.apache.velocity - Velocimacro : added VM includeExpandingButtons: source=/templates/macros/report/expandAllButtons.vm
19:11:38.269 [Test worker] DEBUG org.apache.velocity - ResourceManager : found /templates/macros/report/expandAllButtons.vm with loader org.apache.velocity.runtime.resource.loader.ClasspathResourceLoader
19:11:38.269 [Test worker] DEBUG org.apache.velocity - Velocimacro : added VM includeReportTable: source=/templates/macros/report/reportTable.vm
19:11:38.269 [Test worker] DEBUG org.apache.velocity - ResourceManager : found /templates/macros/report/reportTable.vm with loader org.apache.velocity.runtime.resource.loader.ClasspathResourceLoader
19:11:38.269 [Test worker] DEBUG org.apache.velocity - Velocimacro : added VM includeReportHeader: source=/templates/macros/report/reportHeader.vm
19:11:38.269 [Test worker] DEBUG org.apache.velocity - ResourceManager : found /templates/macros/report/reportHeader.vm with loader org.apache.velocity.runtime.resource.loader.ClasspathResourceLoader
19:11:38.269 [Test worker] DEBUG org.apache.velocity - Velocimacro : added VM includeStatsTable: source=/templates/macros/report/statsTable.vm
19:11:38.269 [Test worker] DEBUG org.apache.velocity - ResourceManager : found /templates/macros/report/statsTable.vm with loader org.apache.velocity.runtime.resource.loader.ClasspathResourceLoader
19:11:38.269 [Test worker] DEBUG org.apache.velocity - Velocimacro : added VM includeBrief: source=/templates/macros/json/brief.vm
19:11:38.269 [Test worker] DEBUG org.apache.velocity - ResourceManager : found /templates/macros/json/brief.vm with loader org.apache.velocity.runtime.resource.loader.ClasspathResourceLoader
19:11:38.269 [Test worker] DEBUG org.apache.velocity - Velocimacro : added VM includeDocString: source=/templates/macros/json/docstring.vm
19:11:38.269 [Test worker] DEBUG org.apache.velocity - ResourceManager : found /templates/macros/json/docstring.vm with loader org.apache.velocity.runtime.resource.loader.ClasspathResourceLoader
19:11:38.269 [Test worker] DEBUG org.apache.velocity - Velocimacro : added VM includeDuration: source=/templates/macros/json/duration.vm
19:11:38.269 [Test worker] DEBUG org.apache.velocity - ResourceManager : found /templates/macros/json/duration.vm with loader org.apache.velocity.runtime.resource.loader.ClasspathResourceLoader
19:11:38.269 [Test worker] DEBUG org.apache.velocity - Velocimacro : added VM includeElement: source=/templates/macros/json/element.vm
19:11:38.269 [Test worker] DEBUG org.apache.velocity - ResourceManager : found /templates/macros/json/element.vm with loader org.apache.velocity.runtime.resource.loader.ClasspathResourceLoader
19:11:38.285 [Test worker] DEBUG org.apache.velocity - Velocimacro : added VM includeEmbeddings: source=/templates/macros/json/embeddings.vm
19:11:38.285 [Test worker] DEBUG org.apache.velocity - Velocimacro : added VM includeHtmlEmbedding: source=/templates/macros/json/embeddings.vm
19:11:38.285 [Test worker] DEBUG org.apache.velocity - Velocimacro : added VM includeImageEmbedding: source=/templates/macros/json/embeddings.vm
19:11:38.285 [Test worker] DEBUG org.apache.velocity - Velocimacro : added VM includeImageReferenceEmbedding: source=/templates/macros/json/embeddings.vm
19:11:38.285 [Test worker] DEBUG org.apache.velocity - Velocimacro : added VM includeTextEmbedding: source=/templates/macros/json/embeddings.vm
19:11:38.285 [Test worker] DEBUG org.apache.velocity - Velocimacro : added VM includeUnknownEmbedding: source=/templates/macros/json/embeddings.vm
19:11:38.285 [Test worker] DEBUG org.apache.velocity - ResourceManager : found /templates/macros/json/embeddings.vm with loader org.apache.velocity.runtime.resource.loader.ClasspathResourceLoader
19:11:38.285 [Test worker] DEBUG org.apache.velocity - Velocimacro : added VM includeHooks: source=/templates/macros/json/hooks.vm
19:11:38.285 [Test worker] DEBUG org.apache.velocity - ResourceManager : found /templates/macros/json/hooks.vm with loader org.apache.velocity.runtime.resource.loader.ClasspathResourceLoader
19:11:38.285 [Test worker] DEBUG org.apache.velocity - Velocimacro : added VM includeOutput: source=/templates/macros/json/output.vm
19:11:38.285 [Test worker] DEBUG org.apache.velocity - ResourceManager : found /templates/macros/json/output.vm with loader org.apache.velocity.runtime.resource.loader.ClasspathResourceLoader
19:11:38.285 [Test worker] DEBUG org.apache.velocity - Velocimacro : added VM includeMessage: source=/templates/macros/json/message.vm
19:11:38.285 [Test worker] DEBUG org.apache.velocity - ResourceManager : found /templates/macros/json/message.vm with loader org.apache.velocity.runtime.resource.loader.ClasspathResourceLoader
19:11:38.285 [Test worker] DEBUG org.apache.velocity - Velocimacro : added VM includeSteps: source=/templates/macros/json/steps.vm
19:11:38.285 [Test worker] DEBUG org.apache.velocity - ResourceManager : found /templates/macros/json/steps.vm with loader org.apache.velocity.runtime.resource.loader.ClasspathResourceLoader
19:11:38.285 [Test worker] DEBUG org.apache.velocity - Velocimacro : added VM includeTags: source=/templates/macros/json/tags.vm
19:11:38.285 [Test worker] DEBUG org.apache.velocity - ResourceManager : found /templates/macros/json/tags.vm with loader org.apache.velocity.runtime.resource.loader.ClasspathResourceLoader
19:11:38.285 [Test worker] DEBUG org.apache.velocity - VM #includeNavigation: too few arguments to macro. Wanted 1 got 0
19:11:38.285 [Test worker] DEBUG org.apache.velocity - Left side ($active_tab) of '==' operation has null value. If it is a reference, it may not be in the context or its toString() returned null. /templates/macros/page/navigation.vm[line 14, column 51]
19:11:38.285 [Test worker] DEBUG org.apache.velocity - Left side ($active_tab) of '==' operation has null value. If it is a reference, it may not be in the context or its toString() returned null. /templates/macros/page/navigation.vm[line 15, column 51]
19:11:38.285 [Test worker] DEBUG org.apache.velocity - Left side ($active_tab) of '==' operation has null value. If it is a reference, it may not be in the context or its toString() returned null. /templates/macros/page/navigation.vm[line 16, column 51]
19:11:38.285 [Test worker] DEBUG org.apache.velocity - Left side ($active_tab) of '==' operation has null value. If it is a reference, it may not be in the context or its toString() returned null. /templates/macros/page/navigation.vm[line 20, column 51]
19:11:38.285 [Test worker] DEBUG org.apache.velocity - VM #includeLead: too few arguments to macro. Wanted 2 got 1
19:11:38.285 [Test worker] DEBUG org.apache.velocity - VM #includeBrief: too few arguments to macro. Wanted 5 got 3
19:11:38.285 [Test worker] DEBUG org.apache.velocity - VM #includeBrief: too few arguments to macro. Wanted 5 got 4
19:11:38.285 [Test worker] DEBUG org.apache.velocity - VM #includeBrief: too few arguments to macro. Wanted 5 got 4
19:11:38.285 [Test worker] DEBUG org.apache.velocity - VM #includeBrief: too few arguments to macro. Wanted 5 got 4
19:11:38.285 [Test worker] DEBUG org.apache.velocity - VM #includeBrief: too few arguments to macro. Wanted 5 got 4
19:11:38.285 [Test worker] DEBUG org.apache.velocity - VM #includeBrief: too few arguments to macro. Wanted 5 got 4
19:11:38.285 [Test worker] DEBUG org.apache.velocity - VM #includeBrief: too few arguments to macro. Wanted 5 got 4
19:11:38.285 [Test worker] DEBUG org.apache.velocity - ResourceManager : found /templates/footer.vm with loader org.apache.velocity.runtime.resource.loader.ClasspathResourceLoader
19:11:38.285 [Test worker] DEBUG org.apache.velocity - ResourceManager : found templates/generators/reportFeature.vm with loader org.apache.velocity.runtime.resource.loader.ClasspathResourceLoader
19:11:38.285 [Test worker] DEBUG org.apache.velocity - ResourceManager : found /templates/headers.vm with loader org.apache.velocity.runtime.resource.loader.ClasspathResourceLoader
19:11:38.285 [Test worker] DEBUG org.apache.velocity - ResourceManager : found /templates/head.vm with loader org.apache.velocity.runtime.resource.loader.ClasspathResourceLoader
19:11:38.285 [Test worker] DEBUG org.apache.velocity - Velocimacro : added VM stringArray: source=/templates/macros/array.js.vm
19:11:38.285 [Test worker] DEBUG org.apache.velocity - Velocimacro : added VM numberArray: source=/templates/macros/array.js.vm
19:11:38.285 [Test worker] DEBUG org.apache.velocity - ResourceManager : found /templates/macros/array.js.vm with loader org.apache.velocity.runtime.resource.loader.ClasspathResourceLoader
19:11:38.285 [Test worker] DEBUG org.apache.velocity - Velocimacro : added VM includeBuildInfo: source=/templates/macros/page/buildinfo.vm
19:11:38.285 [Test worker] DEBUG org.apache.velocity - ResourceManager : found /templates/macros/page/buildinfo.vm with loader org.apache.velocity.runtime.resource.loader.ClasspathResourceLoader
19:11:38.285 [Test worker] DEBUG org.apache.velocity - Velocimacro : added VM includeClassifications: source=/templates/macros/page/classifications.vm
19:11:38.285 [Test worker] DEBUG org.apache.velocity - ResourceManager : found /templates/macros/page/classifications.vm with loader org.apache.velocity.runtime.resource.loader.ClasspathResourceLoader
19:11:38.285 [Test worker] DEBUG org.apache.velocity - Velocimacro : added VM includeLead: source=/templates/macros/page/lead.vm
19:11:38.285 [Test worker] DEBUG org.apache.velocity - ResourceManager : found /templates/macros/page/lead.vm with loader org.apache.velocity.runtime.resource.loader.ClasspathResourceLoader
19:11:38.285 [Test worker] DEBUG org.apache.velocity - Velocimacro : added VM includeNavigation: source=/templates/macros/page/navigation.vm
19:11:38.285 [Test worker] DEBUG org.apache.velocity - ResourceManager : found /templates/macros/page/navigation.vm with loader org.apache.velocity.runtime.resource.loader.ClasspathResourceLoader
19:11:38.285 [Test worker] DEBUG org.apache.velocity - Velocimacro : added VM includeReportInfo: source=/templates/macros/page/reportInfo.vm
19:11:38.285 [Test worker] DEBUG org.apache.velocity - ResourceManager : found /templates/macros/page/reportInfo.vm with loader org.apache.velocity.runtime.resource.loader.ClasspathResourceLoader
19:11:38.285 [Test worker] DEBUG org.apache.velocity - Velocimacro : added VM includeTitle: source=/templates/macros/page/title.vm
19:11:38.285 [Test worker] DEBUG org.apache.velocity - ResourceManager : found /templates/macros/page/title.vm with loader org.apache.velocity.runtime.resource.loader.ClasspathResourceLoader
19:11:38.285 [Test worker] DEBUG org.apache.velocity - Velocimacro : added VM includeExpandingButtons: source=/templates/macros/report/expandAllButtons.vm
19:11:38.285 [Test worker] DEBUG org.apache.velocity - ResourceManager : found /templates/macros/report/expandAllButtons.vm with loader org.apache.velocity.runtime.resource.loader.ClasspathResourceLoader
19:11:38.285 [Test worker] DEBUG org.apache.velocity - Velocimacro : added VM includeReportTable: source=/templates/macros/report/reportTable.vm
19:11:38.285 [Test worker] DEBUG org.apache.velocity - ResourceManager : found /templates/macros/report/reportTable.vm with loader org.apache.velocity.runtime.resource.loader.ClasspathResourceLoader
19:11:38.285 [Test worker] DEBUG org.apache.velocity - Velocimacro : added VM includeReportHeader: source=/templates/macros/report/reportHeader.vm
19:11:38.285 [Test worker] DEBUG org.apache.velocity - ResourceManager : found /templates/macros/report/reportHeader.vm with loader org.apache.velocity.runtime.resource.loader.ClasspathResourceLoader
19:11:38.285 [Test worker] DEBUG org.apache.velocity - Velocimacro : added VM includeStatsTable: source=/templates/macros/report/statsTable.vm
19:11:38.285 [Test worker] DEBUG org.apache.velocity - ResourceManager : found /templates/macros/report/statsTable.vm with loader org.apache.velocity.runtime.resource.loader.ClasspathResourceLoader
19:11:38.285 [Test worker] DEBUG org.apache.velocity - Velocimacro : added VM includeBrief: source=/templates/macros/json/brief.vm
19:11:38.285 [Test worker] DEBUG org.apache.velocity - ResourceManager : found /templates/macros/json/brief.vm with loader org.apache.velocity.runtime.resource.loader.ClasspathResourceLoader
19:11:38.285 [Test worker] DEBUG org.apache.velocity - Velocimacro : added VM includeDocString: source=/templates/macros/json/docstring.vm
19:11:38.285 [Test worker] DEBUG org.apache.velocity - ResourceManager : found /templates/macros/json/docstring.vm with loader org.apache.velocity.runtime.resource.loader.ClasspathResourceLoader
19:11:38.300 [Test worker] DEBUG org.apache.velocity - Velocimacro : added VM includeDuration: source=/templates/macros/json/duration.vm
19:11:38.300 [Test worker] DEBUG org.apache.velocity - ResourceManager : found /templates/macros/json/duration.vm with loader org.apache.velocity.runtime.resource.loader.ClasspathResourceLoader
19:11:38.300 [Test worker] DEBUG org.apache.velocity - Velocimacro : added VM includeElement: source=/templates/macros/json/element.vm
19:11:38.300 [Test worker] DEBUG org.apache.velocity - ResourceManager : found /templates/macros/json/element.vm with loader org.apache.velocity.runtime.resource.loader.ClasspathResourceLoader
19:11:38.300 [Test worker] DEBUG org.apache.velocity - Velocimacro : added VM includeEmbeddings: source=/templates/macros/json/embeddings.vm
19:11:38.300 [Test worker] DEBUG org.apache.velocity - Velocimacro : added VM includeHtmlEmbedding: source=/templates/macros/json/embeddings.vm
19:11:38.300 [Test worker] DEBUG org.apache.velocity - Velocimacro : added VM includeImageEmbedding: source=/templates/macros/json/embeddings.vm
19:11:38.300 [Test worker] DEBUG org.apache.velocity - Velocimacro : added VM includeImageReferenceEmbedding: source=/templates/macros/json/embeddings.vm
19:11:38.300 [Test worker] DEBUG org.apache.velocity - Velocimacro : added VM includeTextEmbedding: source=/templates/macros/json/embeddings.vm
19:11:38.300 [Test worker] DEBUG org.apache.velocity - Velocimacro : added VM includeUnknownEmbedding: source=/templates/macros/json/embeddings.vm
19:11:38.300 [Test worker] DEBUG org.apache.velocity - ResourceManager : found /templates/macros/json/embeddings.vm with loader org.apache.velocity.runtime.resource.loader.ClasspathResourceLoader
19:11:38.300 [Test worker] DEBUG org.apache.velocity - Velocimacro : added VM includeHooks: source=/templates/macros/json/hooks.vm
19:11:38.300 [Test worker] DEBUG org.apache.velocity - ResourceManager : found /templates/macros/json/hooks.vm with loader org.apache.velocity.runtime.resource.loader.ClasspathResourceLoader
19:11:38.300 [Test worker] DEBUG org.apache.velocity - Velocimacro : added VM includeOutput: source=/templates/macros/json/output.vm
19:11:38.300 [Test worker] DEBUG org.apache.velocity - ResourceManager : found /templates/macros/json/output.vm with loader org.apache.velocity.runtime.resource.loader.ClasspathResourceLoader
19:11:38.300 [Test worker] DEBUG org.apache.velocity - Velocimacro : added VM includeMessage: source=/templates/macros/json/message.vm
19:11:38.300 [Test worker] DEBUG org.apache.velocity - ResourceManager : found /templates/macros/json/message.vm with loader org.apache.velocity.runtime.resource.loader.ClasspathResourceLoader
19:11:38.300 [Test worker] DEBUG org.apache.velocity - Velocimacro : added VM includeSteps: source=/templates/macros/json/steps.vm
19:11:38.300 [Test worker] DEBUG org.apache.velocity - ResourceManager : found /templates/macros/json/steps.vm with loader org.apache.velocity.runtime.resource.loader.ClasspathResourceLoader
19:11:38.300 [Test worker] DEBUG org.apache.velocity - Velocimacro : added VM includeTags: source=/templates/macros/json/tags.vm
19:11:38.300 [Test worker] DEBUG org.apache.velocity - ResourceManager : found /templates/macros/json/tags.vm with loader org.apache.velocity.runtime.resource.loader.ClasspathResourceLoader
19:11:38.300 [Test worker] DEBUG org.apache.velocity - VM #includeNavigation: too few arguments to macro. Wanted 1 got 0
19:11:38.300 [Test worker] DEBUG org.apache.velocity - Left side ($active_tab) of '==' operation has null value. If it is a reference, it may not be in the context or its toString() returned null. /templates/macros/page/navigation.vm[line 14, column 51]
19:11:38.300 [Test worker] DEBUG org.apache.velocity - Left side ($active_tab) of '==' operation has null value. If it is a reference, it may not be in the context or its toString() returned null. /templates/macros/page/navigation.vm[line 15, column 51]
19:11:38.300 [Test worker] DEBUG org.apache.velocity - Left side ($active_tab) of '==' operation has null value. If it is a reference, it may not be in the context or its toString() returned null. /templates/macros/page/navigation.vm[line 16, column 51]
19:11:38.300 [Test worker] DEBUG org.apache.velocity - Left side ($active_tab) of '==' operation has null value. If it is a reference, it may not be in the context or its toString() returned null. /templates/macros/page/navigation.vm[line 20, column 51]
19:11:38.300 [Test worker] DEBUG org.apache.velocity - VM #includeLead: too few arguments to macro. Wanted 2 got 1
19:11:38.300 [Test worker] DEBUG org.apache.velocity - VM #includeBrief: too few arguments to macro. Wanted 5 got 3
19:11:38.300 [Test worker] DEBUG org.apache.velocity - VM #includeBrief: too few arguments to macro. Wanted 5 got 4
19:11:38.300 [Test worker] DEBUG org.apache.velocity - VM #includeBrief: too few arguments to macro. Wanted 5 got 4
19:11:38.300 [Test worker] DEBUG org.apache.velocity - VM #includeBrief: too few arguments to macro. Wanted 5 got 4
19:11:38.300 [Test worker] DEBUG org.apache.velocity - VM #includeBrief: too few arguments to macro. Wanted 5 got 4
19:11:38.300 [Test worker] DEBUG org.apache.velocity - VM #includeBrief: too few arguments to macro. Wanted 5 got 4
19:11:38.300 [Test worker] DEBUG org.apache.velocity - VM #includeBrief: too few arguments to macro. Wanted 5 got 4
19:11:38.300 [Test worker] DEBUG org.apache.velocity - VM #includeBrief: too few arguments to macro. Wanted 5 got 4
19:11:38.300 [Test worker] DEBUG org.apache.velocity - VM #includeBrief: too few arguments to macro. Wanted 5 got 4
19:11:38.300 [Test worker] DEBUG org.apache.velocity - VM #includeBrief: too few arguments to macro. Wanted 5 got 4
19:11:38.300 [Test worker] DEBUG org.apache.velocity - VM #includeBrief: too few arguments to macro. Wanted 5 got 4
19:11:38.300 [Test worker] DEBUG org.apache.velocity - VM #includeBrief: too few arguments to macro. Wanted 5 got 4
19:11:38.300 [Test worker] DEBUG org.apache.velocity - VM #includeBrief: too few arguments to macro. Wanted 5 got 4
19:11:38.300 [Test worker] DEBUG org.apache.velocity - VM #includeBrief: too few arguments to macro. Wanted 5 got 4
19:11:38.300 [Test worker] DEBUG org.apache.velocity - VM #includeBrief: too few arguments to macro. Wanted 5 got 4
19:11:38.300 [Test worker] DEBUG org.apache.velocity - VM #includeBrief: too few arguments to macro. Wanted 5 got 4
19:11:38.300 [Test worker] DEBUG org.apache.velocity - VM #includeBrief: too few arguments to macro. Wanted 5 got 4
19:11:38.300 [Test worker] DEBUG org.apache.velocity - ResourceManager : found /templates/footer.vm with loader org.apache.velocity.runtime.resource.loader.ClasspathResourceLoader
19:11:38.300 [Test worker] DEBUG org.apache.velocity - ResourceManager : found templates/generators/reportFeature.vm with loader org.apache.velocity.runtime.resource.loader.ClasspathResourceLoader
19:11:38.300 [Test worker] DEBUG org.apache.velocity - ResourceManager : found /templates/headers.vm with loader org.apache.velocity.runtime.resource.loader.ClasspathResourceLoader
19:11:38.300 [Test worker] DEBUG org.apache.velocity - ResourceManager : found /templates/head.vm with loader org.apache.velocity.runtime.resource.loader.ClasspathResourceLoader
19:11:38.300 [Test worker] DEBUG org.apache.velocity - Velocimacro : added VM stringArray: source=/templates/macros/array.js.vm
19:11:38.300 [Test worker] DEBUG org.apache.velocity - Velocimacro : added VM numberArray: source=/templates/macros/array.js.vm
19:11:38.300 [Test worker] DEBUG org.apache.velocity - ResourceManager : found /templates/macros/array.js.vm with loader org.apache.velocity.runtime.resource.loader.ClasspathResourceLoader
19:11:38.300 [Test worker] DEBUG org.apache.velocity - Velocimacro : added VM includeBuildInfo: source=/templates/macros/page/buildinfo.vm
19:11:38.300 [Test worker] DEBUG org.apache.velocity - ResourceManager : found /templates/macros/page/buildinfo.vm with loader org.apache.velocity.runtime.resource.loader.ClasspathResourceLoader
19:11:38.300 [Test worker] DEBUG org.apache.velocity - Velocimacro : added VM includeClassifications: source=/templates/macros/page/classifications.vm
19:11:38.300 [Test worker] DEBUG org.apache.velocity - ResourceManager : found /templates/macros/page/classifications.vm with loader org.apache.velocity.runtime.resource.loader.ClasspathResourceLoader
19:11:38.300 [Test worker] DEBUG org.apache.velocity - Velocimacro : added VM includeLead: source=/templates/macros/page/lead.vm
19:11:38.300 [Test worker] DEBUG org.apache.velocity - ResourceManager : found /templates/macros/page/lead.vm with loader org.apache.velocity.runtime.resource.loader.ClasspathResourceLoader
19:11:38.300 [Test worker] DEBUG org.apache.velocity - Velocimacro : added VM includeNavigation: source=/templates/macros/page/navigation.vm
19:11:38.300 [Test worker] DEBUG org.apache.velocity - ResourceManager : found /templates/macros/page/navigation.vm with loader org.apache.velocity.runtime.resource.loader.ClasspathResourceLoader
19:11:38.300 [Test worker] DEBUG org.apache.velocity - Velocimacro : added VM includeReportInfo: source=/templates/macros/page/reportInfo.vm
19:11:38.300 [Test worker] DEBUG org.apache.velocity - ResourceManager : found /templates/macros/page/reportInfo.vm with loader org.apache.velocity.runtime.resource.loader.ClasspathResourceLoader
19:11:38.300 [Test worker] DEBUG org.apache.velocity - Velocimacro : added VM includeTitle: source=/templates/macros/page/title.vm
19:11:38.300 [Test worker] DEBUG org.apache.velocity - ResourceManager : found /templates/macros/page/title.vm with loader org.apache.velocity.runtime.resource.loader.ClasspathResourceLoader
19:11:38.300 [Test worker] DEBUG org.apache.velocity - Velocimacro : added VM includeExpandingButtons: source=/templates/macros/report/expandAllButtons.vm
19:11:38.300 [Test worker] DEBUG org.apache.velocity - ResourceManager : found /templates/macros/report/expandAllButtons.vm with loader org.apache.velocity.runtime.resource.loader.ClasspathResourceLoader
19:11:38.300 [Test worker] DEBUG org.apache.velocity - Velocimacro : added VM includeReportTable: source=/templates/macros/report/reportTable.vm
19:11:38.300 [Test worker] DEBUG org.apache.velocity - ResourceManager : found /templates/macros/report/reportTable.vm with loader org.apache.velocity.runtime.resource.loader.ClasspathResourceLoader
19:11:38.300 [Test worker] DEBUG org.apache.velocity - Velocimacro : added VM includeReportHeader: source=/templates/macros/report/reportHeader.vm
19:11:38.300 [Test worker] DEBUG org.apache.velocity - ResourceManager : found /templates/macros/report/reportHeader.vm with loader org.apache.velocity.runtime.resource.loader.ClasspathResourceLoader
19:11:38.300 [Test worker] DEBUG org.apache.velocity - Velocimacro : added VM includeStatsTable: source=/templates/macros/report/statsTable.vm
19:11:38.300 [Test worker] DEBUG org.apache.velocity - ResourceManager : found /templates/macros/report/statsTable.vm with loader org.apache.velocity.runtime.resource.loader.ClasspathResourceLoader
19:11:38.300 [Test worker] DEBUG org.apache.velocity - Velocimacro : added VM includeBrief: source=/templates/macros/json/brief.vm
19:11:38.300 [Test worker] DEBUG org.apache.velocity - ResourceManager : found /templates/macros/json/brief.vm with loader org.apache.velocity.runtime.resource.loader.ClasspathResourceLoader
19:11:38.300 [Test worker] DEBUG org.apache.velocity - Velocimacro : added VM includeDocString: source=/templates/macros/json/docstring.vm
19:11:38.300 [Test worker] DEBUG org.apache.velocity - ResourceManager : found /templates/macros/json/docstring.vm with loader org.apache.velocity.runtime.resource.loader.ClasspathResourceLoader
19:11:38.300 [Test worker] DEBUG org.apache.velocity - Velocimacro : added VM includeDuration: source=/templates/macros/json/duration.vm
19:11:38.300 [Test worker] DEBUG org.apache.velocity - ResourceManager : found /templates/macros/json/duration.vm with loader org.apache.velocity.runtime.resource.loader.ClasspathResourceLoader
19:11:38.300 [Test worker] DEBUG org.apache.velocity - Velocimacro : added VM includeElement: source=/templates/macros/json/element.vm
19:11:38.300 [Test worker] DEBUG org.apache.velocity - ResourceManager : found /templates/macros/json/element.vm with loader org.apache.velocity.runtime.resource.loader.ClasspathResourceLoader
19:11:38.316 [Test worker] DEBUG org.apache.velocity - Velocimacro : added VM includeEmbeddings: source=/templates/macros/json/embeddings.vm
19:11:38.316 [Test worker] DEBUG org.apache.velocity - Velocimacro : added VM includeHtmlEmbedding: source=/templates/macros/json/embeddings.vm
19:11:38.316 [Test worker] DEBUG org.apache.velocity - Velocimacro : added VM includeImageEmbedding: source=/templates/macros/json/embeddings.vm
19:11:38.316 [Test worker] DEBUG org.apache.velocity - Velocimacro : added VM includeImageReferenceEmbedding: source=/templates/macros/json/embeddings.vm
19:11:38.316 [Test worker] DEBUG org.apache.velocity - Velocimacro : added VM includeTextEmbedding: source=/templates/macros/json/embeddings.vm
19:11:38.316 [Test worker] DEBUG org.apache.velocity - Velocimacro : added VM includeUnknownEmbedding: source=/templates/macros/json/embeddings.vm
19:11:38.316 [Test worker] DEBUG org.apache.velocity - ResourceManager : found /templates/macros/json/embeddings.vm with loader org.apache.velocity.runtime.resource.loader.ClasspathResourceLoader
19:11:38.316 [Test worker] DEBUG org.apache.velocity - Velocimacro : added VM includeHooks: source=/templates/macros/json/hooks.vm
19:11:38.316 [Test worker] DEBUG org.apache.velocity - ResourceManager : found /templates/macros/json/hooks.vm with loader org.apache.velocity.runtime.resource.loader.ClasspathResourceLoader
19:11:38.316 [Test worker] DEBUG org.apache.velocity - Velocimacro : added VM includeOutput: source=/templates/macros/json/output.vm
19:11:38.316 [Test worker] DEBUG org.apache.velocity - ResourceManager : found /templates/macros/json/output.vm with loader org.apache.velocity.runtime.resource.loader.ClasspathResourceLoader
19:11:38.316 [Test worker] DEBUG org.apache.velocity - Velocimacro : added VM includeMessage: source=/templates/macros/json/message.vm
19:11:38.316 [Test worker] DEBUG org.apache.velocity - ResourceManager : found /templates/macros/json/message.vm with loader org.apache.velocity.runtime.resource.loader.ClasspathResourceLoader
19:11:38.316 [Test worker] DEBUG org.apache.velocity - Velocimacro : added VM includeSteps: source=/templates/macros/json/steps.vm
19:11:38.316 [Test worker] DEBUG org.apache.velocity - ResourceManager : found /templates/macros/json/steps.vm with loader org.apache.velocity.runtime.resource.loader.ClasspathResourceLoader
19:11:38.316 [Test worker] DEBUG org.apache.velocity - Velocimacro : added VM includeTags: source=/templates/macros/json/tags.vm
19:11:38.316 [Test worker] DEBUG org.apache.velocity - ResourceManager : found /templates/macros/json/tags.vm with loader org.apache.velocity.runtime.resource.loader.ClasspathResourceLoader
19:11:38.316 [Test worker] DEBUG org.apache.velocity - VM #includeNavigation: too few arguments to macro. Wanted 1 got 0
19:11:38.316 [Test worker] DEBUG org.apache.velocity - Left side ($active_tab) of '==' operation has null value. If it is a reference, it may not be in the context or its toString() returned null. /templates/macros/page/navigation.vm[line 14, column 51]
19:11:38.316 [Test worker] DEBUG org.apache.velocity - Left side ($active_tab) of '==' operation has null value. If it is a reference, it may not be in the context or its toString() returned null. /templates/macros/page/navigation.vm[line 15, column 51]
19:11:38.316 [Test worker] DEBUG org.apache.velocity - Left side ($active_tab) of '==' operation has null value. If it is a reference, it may not be in the context or its toString() returned null. /templates/macros/page/navigation.vm[line 16, column 51]
19:11:38.316 [Test worker] DEBUG org.apache.velocity - Left side ($active_tab) of '==' operation has null value. If it is a reference, it may not be in the context or its toString() returned null. /templates/macros/page/navigation.vm[line 20, column 51]
19:11:38.316 [Test worker] DEBUG org.apache.velocity - VM #includeLead: too few arguments to macro. Wanted 2 got 1
19:11:38.316 [Test worker] DEBUG org.apache.velocity - VM #includeBrief: too few arguments to macro. Wanted 5 got 3
19:11:38.316 [Test worker] DEBUG org.apache.velocity - VM #includeBrief: too few arguments to macro. Wanted 5 got 4
19:11:38.316 [Test worker] DEBUG org.apache.velocity - VM #includeBrief: too few arguments to macro. Wanted 5 got 4
19:11:38.316 [Test worker] DEBUG org.apache.velocity - VM #includeBrief: too few arguments to macro. Wanted 5 got 4
19:11:38.316 [Test worker] DEBUG org.apache.velocity - VM #includeBrief: too few arguments to macro. Wanted 5 got 4
19:11:38.316 [Test worker] DEBUG org.apache.velocity - VM #includeBrief: too few arguments to macro. Wanted 5 got 4
19:11:38.316 [Test worker] DEBUG org.apache.velocity - VM #includeBrief: too few arguments to macro. Wanted 5 got 4
19:11:38.316 [Test worker] DEBUG org.apache.velocity - VM #includeBrief: too few arguments to macro. Wanted 5 got 4
19:11:38.316 [Test worker] DEBUG org.apache.velocity - VM #includeBrief: too few arguments to macro. Wanted 5 got 4
19:11:38.316 [Test worker] DEBUG org.apache.velocity - VM #includeBrief: too few arguments to macro. Wanted 5 got 4
19:11:38.316 [Test worker] DEBUG org.apache.velocity - VM #includeBrief: too few arguments to macro. Wanted 5 got 4
19:11:38.316 [Test worker] DEBUG org.apache.velocity - ResourceManager : found /templates/footer.vm with loader org.apache.velocity.runtime.resource.loader.ClasspathResourceLoader
19:11:38.316 [Test worker] DEBUG org.apache.velocity - ResourceManager : found templates/generators/reportFeature.vm with loader org.apache.velocity.runtime.resource.loader.ClasspathResourceLoader
19:11:38.316 [Test worker] DEBUG org.apache.velocity - ResourceManager : found /templates/headers.vm with loader org.apache.velocity.runtime.resource.loader.ClasspathResourceLoader
19:11:38.316 [Test worker] DEBUG org.apache.velocity - ResourceManager : found /templates/head.vm with loader org.apache.velocity.runtime.resource.loader.ClasspathResourceLoader
19:11:38.316 [Test worker] DEBUG org.apache.velocity - Velocimacro : added VM stringArray: source=/templates/macros/array.js.vm
19:11:38.316 [Test worker] DEBUG org.apache.velocity - Velocimacro : added VM numberArray: source=/templates/macros/array.js.vm
19:11:38.316 [Test worker] DEBUG org.apache.velocity - ResourceManager : found /templates/macros/array.js.vm with loader org.apache.velocity.runtime.resource.loader.ClasspathResourceLoader
19:11:38.316 [Test worker] DEBUG org.apache.velocity - Velocimacro : added VM includeBuildInfo: source=/templates/macros/page/buildinfo.vm
19:11:38.316 [Test worker] DEBUG org.apache.velocity - ResourceManager : found /templates/macros/page/buildinfo.vm with loader org.apache.velocity.runtime.resource.loader.ClasspathResourceLoader
19:11:38.316 [Test worker] DEBUG org.apache.velocity - Velocimacro : added VM includeClassifications: source=/templates/macros/page/classifications.vm
19:11:38.316 [Test worker] DEBUG org.apache.velocity - ResourceManager : found /templates/macros/page/classifications.vm with loader org.apache.velocity.runtime.resource.loader.ClasspathResourceLoader
19:11:38.316 [Test worker] DEBUG org.apache.velocity - Velocimacro : added VM includeLead: source=/templates/macros/page/lead.vm
19:11:38.316 [Test worker] DEBUG org.apache.velocity - ResourceManager : found /templates/macros/page/lead.vm with loader org.apache.velocity.runtime.resource.loader.ClasspathResourceLoader
19:11:38.316 [Test worker] DEBUG org.apache.velocity - Velocimacro : added VM includeNavigation: source=/templates/macros/page/navigation.vm
19:11:38.316 [Test worker] DEBUG org.apache.velocity - ResourceManager : found /templates/macros/page/navigation.vm with loader org.apache.velocity.runtime.resource.loader.ClasspathResourceLoader
19:11:38.316 [Test worker] DEBUG org.apache.velocity - Velocimacro : added VM includeReportInfo: source=/templates/macros/page/reportInfo.vm
19:11:38.316 [Test worker] DEBUG org.apache.velocity - ResourceManager : found /templates/macros/page/reportInfo.vm with loader org.apache.velocity.runtime.resource.loader.ClasspathResourceLoader
19:11:38.316 [Test worker] DEBUG org.apache.velocity - Velocimacro : added VM includeTitle: source=/templates/macros/page/title.vm
19:11:38.316 [Test worker] DEBUG org.apache.velocity - ResourceManager : found /templates/macros/page/title.vm with loader org.apache.velocity.runtime.resource.loader.ClasspathResourceLoader
19:11:38.316 [Test worker] DEBUG org.apache.velocity - Velocimacro : added VM includeExpandingButtons: source=/templates/macros/report/expandAllButtons.vm
19:11:38.316 [Test worker] DEBUG org.apache.velocity - ResourceManager : found /templates/macros/report/expandAllButtons.vm with loader org.apache.velocity.runtime.resource.loader.ClasspathResourceLoader
19:11:38.316 [Test worker] DEBUG org.apache.velocity - Velocimacro : added VM includeReportTable: source=/templates/macros/report/reportTable.vm
19:11:38.316 [Test worker] DEBUG org.apache.velocity - ResourceManager : found /templates/macros/report/reportTable.vm with loader org.apache.velocity.runtime.resource.loader.ClasspathResourceLoader
19:11:38.316 [Test worker] DEBUG org.apache.velocity - Velocimacro : added VM includeReportHeader: source=/templates/macros/report/reportHeader.vm
19:11:38.316 [Test worker] DEBUG org.apache.velocity - ResourceManager : found /templates/macros/report/reportHeader.vm with loader org.apache.velocity.runtime.resource.loader.ClasspathResourceLoader
19:11:38.316 [Test worker] DEBUG org.apache.velocity - Velocimacro : added VM includeStatsTable: source=/templates/macros/report/statsTable.vm
19:11:38.316 [Test worker] DEBUG org.apache.velocity - ResourceManager : found /templates/macros/report/statsTable.vm with loader org.apache.velocity.runtime.resource.loader.ClasspathResourceLoader
19:11:38.316 [Test worker] DEBUG org.apache.velocity - Velocimacro : added VM includeBrief: source=/templates/macros/json/brief.vm
19:11:38.316 [Test worker] DEBUG org.apache.velocity - ResourceManager : found /templates/macros/json/brief.vm with loader org.apache.velocity.runtime.resource.loader.ClasspathResourceLoader
19:11:38.316 [Test worker] DEBUG org.apache.velocity - Velocimacro : added VM includeDocString: source=/templates/macros/json/docstring.vm
19:11:38.316 [Test worker] DEBUG org.apache.velocity - ResourceManager : found /templates/macros/json/docstring.vm with loader org.apache.velocity.runtime.resource.loader.ClasspathResourceLoader
19:11:38.316 [Test worker] DEBUG org.apache.velocity - Velocimacro : added VM includeDuration: source=/templates/macros/json/duration.vm
19:11:38.316 [Test worker] DEBUG org.apache.velocity - ResourceManager : found /templates/macros/json/duration.vm with loader org.apache.velocity.runtime.resource.loader.ClasspathResourceLoader
19:11:38.316 [Test worker] DEBUG org.apache.velocity - Velocimacro : added VM includeElement: source=/templates/macros/json/element.vm
19:11:38.316 [Test worker] DEBUG org.apache.velocity - ResourceManager : found /templates/macros/json/element.vm with loader org.apache.velocity.runtime.resource.loader.ClasspathResourceLoader
19:11:38.316 [Test worker] DEBUG org.apache.velocity - Velocimacro : added VM includeEmbeddings: source=/templates/macros/json/embeddings.vm
19:11:38.316 [Test worker] DEBUG org.apache.velocity - Velocimacro : added VM includeHtmlEmbedding: source=/templates/macros/json/embeddings.vm
19:11:38.316 [Test worker] DEBUG org.apache.velocity - Velocimacro : added VM includeImageEmbedding: source=/templates/macros/json/embeddings.vm
19:11:38.316 [Test worker] DEBUG org.apache.velocity - Velocimacro : added VM includeImageReferenceEmbedding: source=/templates/macros/json/embeddings.vm
19:11:38.316 [Test worker] DEBUG org.apache.velocity - Velocimacro : added VM includeTextEmbedding: source=/templates/macros/json/embeddings.vm
19:11:38.316 [Test worker] DEBUG org.apache.velocity - Velocimacro : added VM includeUnknownEmbedding: source=/templates/macros/json/embeddings.vm
19:11:38.316 [Test worker] DEBUG org.apache.velocity - ResourceManager : found /templates/macros/json/embeddings.vm with loader org.apache.velocity.runtime.resource.loader.ClasspathResourceLoader
19:11:38.316 [Test worker] DEBUG org.apache.velocity - Velocimacro : added VM includeHooks: source=/templates/macros/json/hooks.vm
19:11:38.316 [Test worker] DEBUG org.apache.velocity - ResourceManager : found /templates/macros/json/hooks.vm with loader org.apache.velocity.runtime.resource.loader.ClasspathResourceLoader
19:11:38.316 [Test worker] DEBUG org.apache.velocity - Velocimacro : added VM includeOutput: source=/templates/macros/json/output.vm
19:11:38.316 [Test worker] DEBUG org.apache.velocity - ResourceManager : found /templates/macros/json/output.vm with loader org.apache.velocity.runtime.resource.loader.ClasspathResourceLoader
19:11:38.316 [Test worker] DEBUG org.apache.velocity - Velocimacro : added VM includeMessage: source=/templates/macros/json/message.vm
19:11:38.316 [Test worker] DEBUG org.apache.velocity - ResourceManager : found /templates/macros/json/message.vm with loader org.apache.velocity.runtime.resource.loader.ClasspathResourceLoader
19:11:38.316 [Test worker] DEBUG org.apache.velocity - Velocimacro : added VM includeSteps: source=/templates/macros/json/steps.vm
19:11:38.316 [Test worker] DEBUG org.apache.velocity - ResourceManager : found /templates/macros/json/steps.vm with loader org.apache.velocity.runtime.resource.loader.ClasspathResourceLoader
19:11:38.331 [Test worker] DEBUG org.apache.velocity - Velocimacro : added VM includeTags: source=/templates/macros/json/tags.vm
19:11:38.331 [Test worker] DEBUG org.apache.velocity - ResourceManager : found /templates/macros/json/tags.vm with loader org.apache.velocity.runtime.resource.loader.ClasspathResourceLoader
19:11:38.331 [Test worker] DEBUG org.apache.velocity - VM #includeNavigation: too few arguments to macro. Wanted 1 got 0
19:11:38.331 [Test worker] DEBUG org.apache.velocity - Left side ($active_tab) of '==' operation has null value. If it is a reference, it may not be in the context or its toString() returned null. /templates/macros/page/navigation.vm[line 14, column 51]
19:11:38.331 [Test worker] DEBUG org.apache.velocity - Left side ($active_tab) of '==' operation has null value. If it is a reference, it may not be in the context or its toString() returned null. /templates/macros/page/navigation.vm[line 15, column 51]
19:11:38.331 [Test worker] DEBUG org.apache.velocity - Left side ($active_tab) of '==' operation has null value. If it is a reference, it may not be in the context or its toString() returned null. /templates/macros/page/navigation.vm[line 16, column 51]
19:11:38.331 [Test worker] DEBUG org.apache.velocity - Left side ($active_tab) of '==' operation has null value. If it is a reference, it may not be in the context or its toString() returned null. /templates/macros/page/navigation.vm[line 20, column 51]
19:11:38.331 [Test worker] DEBUG org.apache.velocity - VM #includeLead: too few arguments to macro. Wanted 2 got 1
19:11:38.331 [Test worker] DEBUG org.apache.velocity - VM #includeBrief: too few arguments to macro. Wanted 5 got 3
19:11:38.331 [Test worker] DEBUG org.apache.velocity - VM #includeBrief: too few arguments to macro. Wanted 5 got 4
19:11:38.331 [Test worker] DEBUG org.apache.velocity - VM #includeBrief: too few arguments to macro. Wanted 5 got 4
19:11:38.331 [Test worker] DEBUG org.apache.velocity - VM #includeBrief: too few arguments to macro. Wanted 5 got 4
19:11:38.331 [Test worker] DEBUG org.apache.velocity - VM #includeBrief: too few arguments to macro. Wanted 5 got 4
19:11:38.331 [Test worker] DEBUG org.apache.velocity - VM #includeBrief: too few arguments to macro. Wanted 5 got 4
19:11:38.331 [Test worker] DEBUG org.apache.velocity - VM #includeBrief: too few arguments to macro. Wanted 5 got 4
19:11:38.331 [Test worker] DEBUG org.apache.velocity - VM #includeBrief: too few arguments to macro. Wanted 5 got 4
19:11:38.331 [Test worker] DEBUG org.apache.velocity - VM #includeBrief: too few arguments to macro. Wanted 5 got 4
19:11:38.331 [Test worker] DEBUG org.apache.velocity - VM #includeBrief: too few arguments to macro. Wanted 5 got 4
19:11:38.331 [Test worker] DEBUG org.apache.velocity - VM #includeBrief: too few arguments to macro. Wanted 5 got 4
19:11:38.331 [Test worker] DEBUG org.apache.velocity - VM #includeBrief: too few arguments to macro. Wanted 5 got 4
19:11:38.331 [Test worker] DEBUG org.apache.velocity - VM #includeBrief: too few arguments to macro. Wanted 5 got 4
19:11:38.331 [Test worker] DEBUG org.apache.velocity - VM #includeBrief: too few arguments to macro. Wanted 5 got 4
19:11:38.331 [Test worker] DEBUG org.apache.velocity - VM #includeBrief: too few arguments to macro. Wanted 5 got 4
19:11:38.331 [Test worker] DEBUG org.apache.velocity - VM #includeBrief: too few arguments to macro. Wanted 5 got 4
19:11:38.331 [Test worker] DEBUG org.apache.velocity - VM #includeBrief: too few arguments to macro. Wanted 5 got 4
19:11:38.331 [Test worker] DEBUG org.apache.velocity - VM #includeBrief: too few arguments to macro. Wanted 5 got 4
19:11:38.331 [Test worker] DEBUG org.apache.velocity - VM #includeBrief: too few arguments to macro. Wanted 5 got 4
19:11:38.331 [Test worker] DEBUG org.apache.velocity - VM #includeBrief: too few arguments to macro. Wanted 5 got 4
19:11:38.331 [Test worker] DEBUG org.apache.velocity - VM #includeBrief: too few arguments to macro. Wanted 5 got 4
19:11:38.331 [Test worker] DEBUG org.apache.velocity - ResourceManager : found /templates/footer.vm with loader org.apache.velocity.runtime.resource.loader.ClasspathResourceLoader
19:11:38.331 [Test worker] DEBUG org.apache.velocity - ResourceManager : found templates/generators/reportFeature.vm with loader org.apache.velocity.runtime.resource.loader.ClasspathResourceLoader
19:11:38.331 [Test worker] DEBUG org.apache.velocity - ResourceManager : found /templates/headers.vm with loader org.apache.velocity.runtime.resource.loader.ClasspathResourceLoader
19:11:38.331 [Test worker] DEBUG org.apache.velocity - ResourceManager : found /templates/head.vm with loader org.apache.velocity.runtime.resource.loader.ClasspathResourceLoader
19:11:38.331 [Test worker] DEBUG org.apache.velocity - Velocimacro : added VM stringArray: source=/templates/macros/array.js.vm
19:11:38.331 [Test worker] DEBUG org.apache.velocity - Velocimacro : added VM numberArray: source=/templates/macros/array.js.vm
19:11:38.331 [Test worker] DEBUG org.apache.velocity - ResourceManager : found /templates/macros/array.js.vm with loader org.apache.velocity.runtime.resource.loader.ClasspathResourceLoader
19:11:38.331 [Test worker] DEBUG org.apache.velocity - Velocimacro : added VM includeBuildInfo: source=/templates/macros/page/buildinfo.vm
19:11:38.331 [Test worker] DEBUG org.apache.velocity - ResourceManager : found /templates/macros/page/buildinfo.vm with loader org.apache.velocity.runtime.resource.loader.ClasspathResourceLoader
19:11:38.331 [Test worker] DEBUG org.apache.velocity - Velocimacro : added VM includeClassifications: source=/templates/macros/page/classifications.vm
19:11:38.331 [Test worker] DEBUG org.apache.velocity - ResourceManager : found /templates/macros/page/classifications.vm with loader org.apache.velocity.runtime.resource.loader.ClasspathResourceLoader
19:11:38.331 [Test worker] DEBUG org.apache.velocity - Velocimacro : added VM includeLead: source=/templates/macros/page/lead.vm
19:11:38.331 [Test worker] DEBUG org.apache.velocity - ResourceManager : found /templates/macros/page/lead.vm with loader org.apache.velocity.runtime.resource.loader.ClasspathResourceLoader
19:11:38.331 [Test worker] DEBUG org.apache.velocity - Velocimacro : added VM includeNavigation: source=/templates/macros/page/navigation.vm
19:11:38.331 [Test worker] DEBUG org.apache.velocity - ResourceManager : found /templates/macros/page/navigation.vm with loader org.apache.velocity.runtime.resource.loader.ClasspathResourceLoader
19:11:38.331 [Test worker] DEBUG org.apache.velocity - Velocimacro : added VM includeReportInfo: source=/templates/macros/page/reportInfo.vm
19:11:38.331 [Test worker] DEBUG org.apache.velocity - ResourceManager : found /templates/macros/page/reportInfo.vm with loader org.apache.velocity.runtime.resource.loader.ClasspathResourceLoader
19:11:38.331 [Test worker] DEBUG org.apache.velocity - Velocimacro : added VM includeTitle: source=/templates/macros/page/title.vm
19:11:38.331 [Test worker] DEBUG org.apache.velocity - ResourceManager : found /templates/macros/page/title.vm with loader org.apache.velocity.runtime.resource.loader.ClasspathResourceLoader
19:11:38.331 [Test worker] DEBUG org.apache.velocity - Velocimacro : added VM includeExpandingButtons: source=/templates/macros/report/expandAllButtons.vm
19:11:38.331 [Test worker] DEBUG org.apache.velocity - ResourceManager : found /templates/macros/report/expandAllButtons.vm with loader org.apache.velocity.runtime.resource.loader.ClasspathResourceLoader
19:11:38.331 [Test worker] DEBUG org.apache.velocity - Velocimacro : added VM includeReportTable: source=/templates/macros/report/reportTable.vm
19:11:38.331 [Test worker] DEBUG org.apache.velocity - ResourceManager : found /templates/macros/report/reportTable.vm with loader org.apache.velocity.runtime.resource.loader.ClasspathResourceLoader
19:11:38.331 [Test worker] DEBUG org.apache.velocity - Velocimacro : added VM includeReportHeader: source=/templates/macros/report/reportHeader.vm
19:11:38.331 [Test worker] DEBUG org.apache.velocity - ResourceManager : found /templates/macros/report/reportHeader.vm with loader org.apache.velocity.runtime.resource.loader.ClasspathResourceLoader
19:11:38.331 [Test worker] DEBUG org.apache.velocity - Velocimacro : added VM includeStatsTable: source=/templates/macros/report/statsTable.vm
19:11:38.331 [Test worker] DEBUG org.apache.velocity - ResourceManager : found /templates/macros/report/statsTable.vm with loader org.apache.velocity.runtime.resource.loader.ClasspathResourceLoader
19:11:38.331 [Test worker] DEBUG org.apache.velocity - Velocimacro : added VM includeBrief: source=/templates/macros/json/brief.vm
19:11:38.331 [Test worker] DEBUG org.apache.velocity - ResourceManager : found /templates/macros/json/brief.vm with loader org.apache.velocity.runtime.resource.loader.ClasspathResourceLoader
19:11:38.331 [Test worker] DEBUG org.apache.velocity - Velocimacro : added VM includeDocString: source=/templates/macros/json/docstring.vm
19:11:38.331 [Test worker] DEBUG org.apache.velocity - ResourceManager : found /templates/macros/json/docstring.vm with loader org.apache.velocity.runtime.resource.loader.ClasspathResourceLoader
19:11:38.331 [Test worker] DEBUG org.apache.velocity - Velocimacro : added VM includeDuration: source=/templates/macros/json/duration.vm
19:11:38.331 [Test worker] DEBUG org.apache.velocity - ResourceManager : found /templates/macros/json/duration.vm with loader org.apache.velocity.runtime.resource.loader.ClasspathResourceLoader
19:11:38.331 [Test worker] DEBUG org.apache.velocity - Velocimacro : added VM includeElement: source=/templates/macros/json/element.vm
19:11:38.331 [Test worker] DEBUG org.apache.velocity - ResourceManager : found /templates/macros/json/element.vm with loader org.apache.velocity.runtime.resource.loader.ClasspathResourceLoader
19:11:38.347 [Test worker] DEBUG org.apache.velocity - Velocimacro : added VM includeEmbeddings: source=/templates/macros/json/embeddings.vm
19:11:38.347 [Test worker] DEBUG org.apache.velocity - Velocimacro : added VM includeHtmlEmbedding: source=/templates/macros/json/embeddings.vm
19:11:38.347 [Test worker] DEBUG org.apache.velocity - Velocimacro : added VM includeImageEmbedding: source=/templates/macros/json/embeddings.vm
19:11:38.347 [Test worker] DEBUG org.apache.velocity - Velocimacro : added VM includeImageReferenceEmbedding: source=/templates/macros/json/embeddings.vm
19:11:38.347 [Test worker] DEBUG org.apache.velocity - Velocimacro : added VM includeTextEmbedding: source=/templates/macros/json/embeddings.vm
19:11:38.347 [Test worker] DEBUG org.apache.velocity - Velocimacro : added VM includeUnknownEmbedding: source=/templates/macros/json/embeddings.vm
19:11:38.347 [Test worker] DEBUG org.apache.velocity - ResourceManager : found /templates/macros/json/embeddings.vm with loader org.apache.velocity.runtime.resource.loader.ClasspathResourceLoader
19:11:38.347 [Test worker] DEBUG org.apache.velocity - Velocimacro : added VM includeHooks: source=/templates/macros/json/hooks.vm
19:11:38.347 [Test worker] DEBUG org.apache.velocity - ResourceManager : found /templates/macros/json/hooks.vm with loader org.apache.velocity.runtime.resource.loader.ClasspathResourceLoader
19:11:38.347 [Test worker] DEBUG org.apache.velocity - Velocimacro : added VM includeOutput: source=/templates/macros/json/output.vm
19:11:38.347 [Test worker] DEBUG org.apache.velocity - ResourceManager : found /templates/macros/json/output.vm with loader org.apache.velocity.runtime.resource.loader.ClasspathResourceLoader
19:11:38.347 [Test worker] DEBUG org.apache.velocity - Velocimacro : added VM includeMessage: source=/templates/macros/json/message.vm
19:11:38.347 [Test worker] DEBUG org.apache.velocity - ResourceManager : found /templates/macros/json/message.vm with loader org.apache.velocity.runtime.resource.loader.ClasspathResourceLoader
19:11:38.347 [Test worker] DEBUG org.apache.velocity - Velocimacro : added VM includeSteps: source=/templates/macros/json/steps.vm
19:11:38.347 [Test worker] DEBUG org.apache.velocity - ResourceManager : found /templates/macros/json/steps.vm with loader org.apache.velocity.runtime.resource.loader.ClasspathResourceLoader
19:11:38.347 [Test worker] DEBUG org.apache.velocity - Velocimacro : added VM includeTags: source=/templates/macros/json/tags.vm
19:11:38.347 [Test worker] DEBUG org.apache.velocity - ResourceManager : found /templates/macros/json/tags.vm with loader org.apache.velocity.runtime.resource.loader.ClasspathResourceLoader
19:11:38.347 [Test worker] DEBUG org.apache.velocity - VM #includeNavigation: too few arguments to macro. Wanted 1 got 0
19:11:38.347 [Test worker] DEBUG org.apache.velocity - Left side ($active_tab) of '==' operation has null value. If it is a reference, it may not be in the context or its toString() returned null. /templates/macros/page/navigation.vm[line 14, column 51]
19:11:38.347 [Test worker] DEBUG org.apache.velocity - Left side ($active_tab) of '==' operation has null value. If it is a reference, it may not be in the context or its toString() returned null. /templates/macros/page/navigation.vm[line 15, column 51]
19:11:38.347 [Test worker] DEBUG org.apache.velocity - Left side ($active_tab) of '==' operation has null value. If it is a reference, it may not be in the context or its toString() returned null. /templates/macros/page/navigation.vm[line 16, column 51]
19:11:38.347 [Test worker] DEBUG org.apache.velocity - Left side ($active_tab) of '==' operation has null value. If it is a reference, it may not be in the context or its toString() returned null. /templates/macros/page/navigation.vm[line 20, column 51]
19:11:38.347 [Test worker] DEBUG org.apache.velocity - VM #includeLead: too few arguments to macro. Wanted 2 got 1
19:11:38.347 [Test worker] DEBUG org.apache.velocity - VM #includeBrief: too few arguments to macro. Wanted 5 got 3
19:11:38.347 [Test worker] DEBUG org.apache.velocity - VM #includeBrief: too few arguments to macro. Wanted 5 got 4
19:11:38.347 [Test worker] DEBUG org.apache.velocity - VM #includeBrief: too few arguments to macro. Wanted 5 got 4
19:11:38.347 [Test worker] DEBUG org.apache.velocity - VM #includeBrief: too few arguments to macro. Wanted 5 got 4
19:11:38.347 [Test worker] DEBUG org.apache.velocity - VM #includeBrief: too few arguments to macro. Wanted 5 got 4
19:11:38.347 [Test worker] DEBUG org.apache.velocity - ResourceManager : found /templates/footer.vm with loader org.apache.velocity.runtime.resource.loader.ClasspathResourceLoader
19:11:38.347 [Test worker] DEBUG org.apache.velocity - ResourceManager : found templates/generators/reportFeature.vm with loader org.apache.velocity.runtime.resource.loader.ClasspathResourceLoader
19:11:38.347 [Test worker] DEBUG org.apache.velocity - ResourceManager : found /templates/headers.vm with loader org.apache.velocity.runtime.resource.loader.ClasspathResourceLoader
19:11:38.347 [Test worker] DEBUG org.apache.velocity - ResourceManager : found /templates/head.vm with loader org.apache.velocity.runtime.resource.loader.ClasspathResourceLoader
19:11:38.347 [Test worker] DEBUG org.apache.velocity - Velocimacro : added VM stringArray: source=/templates/macros/array.js.vm
19:11:38.347 [Test worker] DEBUG org.apache.velocity - Velocimacro : added VM numberArray: source=/templates/macros/array.js.vm
19:11:38.347 [Test worker] DEBUG org.apache.velocity - ResourceManager : found /templates/macros/array.js.vm with loader org.apache.velocity.runtime.resource.loader.ClasspathResourceLoader
19:11:38.347 [Test worker] DEBUG org.apache.velocity - Velocimacro : added VM includeBuildInfo: source=/templates/macros/page/buildinfo.vm
19:11:38.347 [Test worker] DEBUG org.apache.velocity - ResourceManager : found /templates/macros/page/buildinfo.vm with loader org.apache.velocity.runtime.resource.loader.ClasspathResourceLoader
19:11:38.347 [Test worker] DEBUG org.apache.velocity - Velocimacro : added VM includeClassifications: source=/templates/macros/page/classifications.vm
19:11:38.347 [Test worker] DEBUG org.apache.velocity - ResourceManager : found /templates/macros/page/classifications.vm with loader org.apache.velocity.runtime.resource.loader.ClasspathResourceLoader
19:11:38.347 [Test worker] DEBUG org.apache.velocity - Velocimacro : added VM includeLead: source=/templates/macros/page/lead.vm
19:11:38.347 [Test worker] DEBUG org.apache.velocity - ResourceManager : found /templates/macros/page/lead.vm with loader org.apache.velocity.runtime.resource.loader.ClasspathResourceLoader
19:11:38.347 [Test worker] DEBUG org.apache.velocity - Velocimacro : added VM includeNavigation: source=/templates/macros/page/navigation.vm
19:11:38.347 [Test worker] DEBUG org.apache.velocity - ResourceManager : found /templates/macros/page/navigation.vm with loader org.apache.velocity.runtime.resource.loader.ClasspathResourceLoader
19:11:38.347 [Test worker] DEBUG org.apache.velocity - Velocimacro : added VM includeReportInfo: source=/templates/macros/page/reportInfo.vm
19:11:38.347 [Test worker] DEBUG org.apache.velocity - ResourceManager : found /templates/macros/page/reportInfo.vm with loader org.apache.velocity.runtime.resource.loader.ClasspathResourceLoader
19:11:38.347 [Test worker] DEBUG org.apache.velocity - Velocimacro : added VM includeTitle: source=/templates/macros/page/title.vm
19:11:38.347 [Test worker] DEBUG org.apache.velocity - ResourceManager : found /templates/macros/page/title.vm with loader org.apache.velocity.runtime.resource.loader.ClasspathResourceLoader
19:11:38.347 [Test worker] DEBUG org.apache.velocity - Velocimacro : added VM includeExpandingButtons: source=/templates/macros/report/expandAllButtons.vm
19:11:38.347 [Test worker] DEBUG org.apache.velocity - ResourceManager : found /templates/macros/report/expandAllButtons.vm with loader org.apache.velocity.runtime.resource.loader.ClasspathResourceLoader
19:11:38.347 [Test worker] DEBUG org.apache.velocity - Velocimacro : added VM includeReportTable: source=/templates/macros/report/reportTable.vm
19:11:38.347 [Test worker] DEBUG org.apache.velocity - ResourceManager : found /templates/macros/report/reportTable.vm with loader org.apache.velocity.runtime.resource.loader.ClasspathResourceLoader
19:11:38.347 [Test worker] DEBUG org.apache.velocity - Velocimacro : added VM includeReportHeader: source=/templates/macros/report/reportHeader.vm
19:11:38.347 [Test worker] DEBUG org.apache.velocity - ResourceManager : found /templates/macros/report/reportHeader.vm with loader org.apache.velocity.runtime.resource.loader.ClasspathResourceLoader
19:11:38.347 [Test worker] DEBUG org.apache.velocity - Velocimacro : added VM includeStatsTable: source=/templates/macros/report/statsTable.vm
19:11:38.347 [Test worker] DEBUG org.apache.velocity - ResourceManager : found /templates/macros/report/statsTable.vm with loader org.apache.velocity.runtime.resource.loader.ClasspathResourceLoader
19:11:38.347 [Test worker] DEBUG org.apache.velocity - Velocimacro : added VM includeBrief: source=/templates/macros/json/brief.vm
19:11:38.347 [Test worker] DEBUG org.apache.velocity - ResourceManager : found /templates/macros/json/brief.vm with loader org.apache.velocity.runtime.resource.loader.ClasspathResourceLoader
19:11:38.347 [Test worker] DEBUG org.apache.velocity - Velocimacro : added VM includeDocString: source=/templates/macros/json/docstring.vm
19:11:38.347 [Test worker] DEBUG org.apache.velocity - ResourceManager : found /templates/macros/json/docstring.vm with loader org.apache.velocity.runtime.resource.loader.ClasspathResourceLoader
19:11:38.347 [Test worker] DEBUG org.apache.velocity - Velocimacro : added VM includeDuration: source=/templates/macros/json/duration.vm
19:11:38.347 [Test worker] DEBUG org.apache.velocity - ResourceManager : found /templates/macros/json/duration.vm with loader org.apache.velocity.runtime.resource.loader.ClasspathResourceLoader
19:11:38.347 [Test worker] DEBUG org.apache.velocity - Velocimacro : added VM includeElement: source=/templates/macros/json/element.vm
19:11:38.347 [Test worker] DEBUG org.apache.velocity - ResourceManager : found /templates/macros/json/element.vm with loader org.apache.velocity.runtime.resource.loader.ClasspathResourceLoader
19:11:38.347 [Test worker] DEBUG org.apache.velocity - Velocimacro : added VM includeEmbeddings: source=/templates/macros/json/embeddings.vm
19:11:38.347 [Test worker] DEBUG org.apache.velocity - Velocimacro : added VM includeHtmlEmbedding: source=/templates/macros/json/embeddings.vm
19:11:38.347 [Test worker] DEBUG org.apache.velocity - Velocimacro : added VM includeImageEmbedding: source=/templates/macros/json/embeddings.vm
19:11:38.347 [Test worker] DEBUG org.apache.velocity - Velocimacro : added VM includeImageReferenceEmbedding: source=/templates/macros/json/embeddings.vm
19:11:38.347 [Test worker] DEBUG org.apache.velocity - Velocimacro : added VM includeTextEmbedding: source=/templates/macros/json/embeddings.vm
19:11:38.347 [Test worker] DEBUG org.apache.velocity - Velocimacro : added VM includeUnknownEmbedding: source=/templates/macros/json/embeddings.vm
19:11:38.347 [Test worker] DEBUG org.apache.velocity - ResourceManager : found /templates/macros/json/embeddings.vm with loader org.apache.velocity.runtime.resource.loader.ClasspathResourceLoader
19:11:38.363 [Test worker] DEBUG org.apache.velocity - Velocimacro : added VM includeHooks: source=/templates/macros/json/hooks.vm
19:11:38.363 [Test worker] DEBUG org.apache.velocity - ResourceManager : found /templates/macros/json/hooks.vm with loader org.apache.velocity.runtime.resource.loader.ClasspathResourceLoader
19:11:38.363 [Test worker] DEBUG org.apache.velocity - Velocimacro : added VM includeOutput: source=/templates/macros/json/output.vm
19:11:38.363 [Test worker] DEBUG org.apache.velocity - ResourceManager : found /templates/macros/json/output.vm with loader org.apache.velocity.runtime.resource.loader.ClasspathResourceLoader
19:11:38.363 [Test worker] DEBUG org.apache.velocity - Velocimacro : added VM includeMessage: source=/templates/macros/json/message.vm
19:11:38.363 [Test worker] DEBUG org.apache.velocity - ResourceManager : found /templates/macros/json/message.vm with loader org.apache.velocity.runtime.resource.loader.ClasspathResourceLoader
19:11:38.363 [Test worker] DEBUG org.apache.velocity - Velocimacro : added VM includeSteps: source=/templates/macros/json/steps.vm
19:11:38.363 [Test worker] DEBUG org.apache.velocity - ResourceManager : found /templates/macros/json/steps.vm with loader org.apache.velocity.runtime.resource.loader.ClasspathResourceLoader
19:11:38.363 [Test worker] DEBUG org.apache.velocity - Velocimacro : added VM includeTags: source=/templates/macros/json/tags.vm
19:11:38.363 [Test worker] DEBUG org.apache.velocity - ResourceManager : found /templates/macros/json/tags.vm with loader org.apache.velocity.runtime.resource.loader.ClasspathResourceLoader
19:11:38.363 [Test worker] DEBUG org.apache.velocity - VM #includeNavigation: too few arguments to macro. Wanted 1 got 0
19:11:38.363 [Test worker] DEBUG org.apache.velocity - Left side ($active_tab) of '==' operation has null value. If it is a reference, it may not be in the context or its toString() returned null. /templates/macros/page/navigation.vm[line 14, column 51]
19:11:38.363 [Test worker] DEBUG org.apache.velocity - Left side ($active_tab) of '==' operation has null value. If it is a reference, it may not be in the context or its toString() returned null. /templates/macros/page/navigation.vm[line 15, column 51]
19:11:38.363 [Test worker] DEBUG org.apache.velocity - Left side ($active_tab) of '==' operation has null value. If it is a reference, it may not be in the context or its toString() returned null. /templates/macros/page/navigation.vm[line 16, column 51]
19:11:38.363 [Test worker] DEBUG org.apache.velocity - Left side ($active_tab) of '==' operation has null value. If it is a reference, it may not be in the context or its toString() returned null. /templates/macros/page/navigation.vm[line 20, column 51]
19:11:38.363 [Test worker] DEBUG org.apache.velocity - VM #includeLead: too few arguments to macro. Wanted 2 got 1
19:11:38.363 [Test worker] DEBUG org.apache.velocity - VM #includeBrief: too few arguments to macro. Wanted 5 got 3
19:11:38.363 [Test worker] DEBUG org.apache.velocity - VM #includeBrief: too few arguments to macro. Wanted 5 got 4
19:11:38.363 [Test worker] DEBUG org.apache.velocity - VM #includeBrief: too few arguments to macro. Wanted 5 got 4
19:11:38.363 [Test worker] DEBUG org.apache.velocity - VM #includeBrief: too few arguments to macro. Wanted 5 got 4
19:11:38.363 [Test worker] DEBUG org.apache.velocity - VM #includeBrief: too few arguments to macro. Wanted 5 got 4
19:11:38.363 [Test worker] DEBUG org.apache.velocity - VM #includeBrief: too few arguments to macro. Wanted 5 got 4
19:11:38.363 [Test worker] DEBUG org.apache.velocity - VM #includeBrief: too few arguments to macro. Wanted 5 got 4
19:11:38.363 [Test worker] DEBUG org.apache.velocity - VM #includeBrief: too few arguments to macro. Wanted 5 got 4
19:11:38.363 [Test worker] DEBUG org.apache.velocity - VM #includeBrief: too few arguments to macro. Wanted 5 got 4
19:11:38.363 [Test worker] DEBUG org.apache.velocity - ResourceManager : found /templates/footer.vm with loader org.apache.velocity.runtime.resource.loader.ClasspathResourceLoader
19:11:38.363 [Test worker] DEBUG org.apache.velocity - ResourceManager : found templates/generators/reportFeature.vm with loader org.apache.velocity.runtime.resource.loader.ClasspathResourceLoader
19:11:38.363 [Test worker] DEBUG org.apache.velocity - ResourceManager : found /templates/headers.vm with loader org.apache.velocity.runtime.resource.loader.ClasspathResourceLoader
19:11:38.363 [Test worker] DEBUG org.apache.velocity - ResourceManager : found /templates/head.vm with loader org.apache.velocity.runtime.resource.loader.ClasspathResourceLoader
19:11:38.363 [Test worker] DEBUG org.apache.velocity - Velocimacro : added VM stringArray: source=/templates/macros/array.js.vm
19:11:38.363 [Test worker] DEBUG org.apache.velocity - Velocimacro : added VM numberArray: source=/templates/macros/array.js.vm
19:11:38.363 [Test worker] DEBUG org.apache.velocity - ResourceManager : found /templates/macros/array.js.vm with loader org.apache.velocity.runtime.resource.loader.ClasspathResourceLoader
19:11:38.363 [Test worker] DEBUG org.apache.velocity - Velocimacro : added VM includeBuildInfo: source=/templates/macros/page/buildinfo.vm
19:11:38.363 [Test worker] DEBUG org.apache.velocity - ResourceManager : found /templates/macros/page/buildinfo.vm with loader org.apache.velocity.runtime.resource.loader.ClasspathResourceLoader
19:11:38.363 [Test worker] DEBUG org.apache.velocity - Velocimacro : added VM includeClassifications: source=/templates/macros/page/classifications.vm
19:11:38.363 [Test worker] DEBUG org.apache.velocity - ResourceManager : found /templates/macros/page/classifications.vm with loader org.apache.velocity.runtime.resource.loader.ClasspathResourceLoader
19:11:38.363 [Test worker] DEBUG org.apache.velocity - Velocimacro : added VM includeLead: source=/templates/macros/page/lead.vm
19:11:38.363 [Test worker] DEBUG org.apache.velocity - ResourceManager : found /templates/macros/page/lead.vm with loader org.apache.velocity.runtime.resource.loader.ClasspathResourceLoader
19:11:38.363 [Test worker] DEBUG org.apache.velocity - Velocimacro : added VM includeNavigation: source=/templates/macros/page/navigation.vm
19:11:38.363 [Test worker] DEBUG org.apache.velocity - ResourceManager : found /templates/macros/page/navigation.vm with loader org.apache.velocity.runtime.resource.loader.ClasspathResourceLoader
19:11:38.363 [Test worker] DEBUG org.apache.velocity - Velocimacro : added VM includeReportInfo: source=/templates/macros/page/reportInfo.vm
19:11:38.363 [Test worker] DEBUG org.apache.velocity - ResourceManager : found /templates/macros/page/reportInfo.vm with loader org.apache.velocity.runtime.resource.loader.ClasspathResourceLoader
19:11:38.363 [Test worker] DEBUG org.apache.velocity - Velocimacro : added VM includeTitle: source=/templates/macros/page/title.vm
19:11:38.363 [Test worker] DEBUG org.apache.velocity - ResourceManager : found /templates/macros/page/title.vm with loader org.apache.velocity.runtime.resource.loader.ClasspathResourceLoader
19:11:38.363 [Test worker] DEBUG org.apache.velocity - Velocimacro : added VM includeExpandingButtons: source=/templates/macros/report/expandAllButtons.vm
19:11:38.363 [Test worker] DEBUG org.apache.velocity - ResourceManager : found /templates/macros/report/expandAllButtons.vm with loader org.apache.velocity.runtime.resource.loader.ClasspathResourceLoader
19:11:38.363 [Test worker] DEBUG org.apache.velocity - Velocimacro : added VM includeReportTable: source=/templates/macros/report/reportTable.vm
19:11:38.363 [Test worker] DEBUG org.apache.velocity - ResourceManager : found /templates/macros/report/reportTable.vm with loader org.apache.velocity.runtime.resource.loader.ClasspathResourceLoader
19:11:38.363 [Test worker] DEBUG org.apache.velocity - Velocimacro : added VM includeReportHeader: source=/templates/macros/report/reportHeader.vm
19:11:38.363 [Test worker] DEBUG org.apache.velocity - ResourceManager : found /templates/macros/report/reportHeader.vm with loader org.apache.velocity.runtime.resource.loader.ClasspathResourceLoader
19:11:38.363 [Test worker] DEBUG org.apache.velocity - Velocimacro : added VM includeStatsTable: source=/templates/macros/report/statsTable.vm
19:11:38.363 [Test worker] DEBUG org.apache.velocity - ResourceManager : found /templates/macros/report/statsTable.vm with loader org.apache.velocity.runtime.resource.loader.ClasspathResourceLoader
19:11:38.363 [Test worker] DEBUG org.apache.velocity - Velocimacro : added VM includeBrief: source=/templates/macros/json/brief.vm
19:11:38.363 [Test worker] DEBUG org.apache.velocity - ResourceManager : found /templates/macros/json/brief.vm with loader org.apache.velocity.runtime.resource.loader.ClasspathResourceLoader
19:11:38.363 [Test worker] DEBUG org.apache.velocity - Velocimacro : added VM includeDocString: source=/templates/macros/json/docstring.vm
19:11:38.363 [Test worker] DEBUG org.apache.velocity - ResourceManager : found /templates/macros/json/docstring.vm with loader org.apache.velocity.runtime.resource.loader.ClasspathResourceLoader
19:11:38.363 [Test worker] DEBUG org.apache.velocity - Velocimacro : added VM includeDuration: source=/templates/macros/json/duration.vm
19:11:38.363 [Test worker] DEBUG org.apache.velocity - ResourceManager : found /templates/macros/json/duration.vm with loader org.apache.velocity.runtime.resource.loader.ClasspathResourceLoader
19:11:38.363 [Test worker] DEBUG org.apache.velocity - Velocimacro : added VM includeElement: source=/templates/macros/json/element.vm
19:11:38.363 [Test worker] DEBUG org.apache.velocity - ResourceManager : found /templates/macros/json/element.vm with loader org.apache.velocity.runtime.resource.loader.ClasspathResourceLoader
19:11:38.363 [Test worker] DEBUG org.apache.velocity - Velocimacro : added VM includeEmbeddings: source=/templates/macros/json/embeddings.vm
19:11:38.363 [Test worker] DEBUG org.apache.velocity - Velocimacro : added VM includeHtmlEmbedding: source=/templates/macros/json/embeddings.vm
19:11:38.363 [Test worker] DEBUG org.apache.velocity - Velocimacro : added VM includeImageEmbedding: source=/templates/macros/json/embeddings.vm
19:11:38.363 [Test worker] DEBUG org.apache.velocity - Velocimacro : added VM includeImageReferenceEmbedding: source=/templates/macros/json/embeddings.vm
19:11:38.363 [Test worker] DEBUG org.apache.velocity - Velocimacro : added VM includeTextEmbedding: source=/templates/macros/json/embeddings.vm
19:11:38.363 [Test worker] DEBUG org.apache.velocity - Velocimacro : added VM includeUnknownEmbedding: source=/templates/macros/json/embeddings.vm
19:11:38.363 [Test worker] DEBUG org.apache.velocity - ResourceManager : found /templates/macros/json/embeddings.vm with loader org.apache.velocity.runtime.resource.loader.ClasspathResourceLoader
19:11:38.363 [Test worker] DEBUG org.apache.velocity - Velocimacro : added VM includeHooks: source=/templates/macros/json/hooks.vm
19:11:38.363 [Test worker] DEBUG org.apache.velocity - ResourceManager : found /templates/macros/json/hooks.vm with loader org.apache.velocity.runtime.resource.loader.ClasspathResourceLoader
19:11:38.363 [Test worker] DEBUG org.apache.velocity - Velocimacro : added VM includeOutput: source=/templates/macros/json/output.vm
19:11:38.363 [Test worker] DEBUG org.apache.velocity - ResourceManager : found /templates/macros/json/output.vm with loader org.apache.velocity.runtime.resource.loader.ClasspathResourceLoader
19:11:38.363 [Test worker] DEBUG org.apache.velocity - Velocimacro : added VM includeMessage: source=/templates/macros/json/message.vm
19:11:38.378 [Test worker] DEBUG org.apache.velocity - ResourceManager : found /templates/macros/json/message.vm with loader org.apache.velocity.runtime.resource.loader.ClasspathResourceLoader
19:11:38.378 [Test worker] DEBUG org.apache.velocity - Velocimacro : added VM includeSteps: source=/templates/macros/json/steps.vm
19:11:38.378 [Test worker] DEBUG org.apache.velocity - ResourceManager : found /templates/macros/json/steps.vm with loader org.apache.velocity.runtime.resource.loader.ClasspathResourceLoader
19:11:38.378 [Test worker] DEBUG org.apache.velocity - Velocimacro : added VM includeTags: source=/templates/macros/json/tags.vm
19:11:38.378 [Test worker] DEBUG org.apache.velocity - ResourceManager : found /templates/macros/json/tags.vm with loader org.apache.velocity.runtime.resource.loader.ClasspathResourceLoader
19:11:38.378 [Test worker] DEBUG org.apache.velocity - VM #includeNavigation: too few arguments to macro. Wanted 1 got 0
19:11:38.378 [Test worker] DEBUG org.apache.velocity - Left side ($active_tab) of '==' operation has null value. If it is a reference, it may not be in the context or its toString() returned null. /templates/macros/page/navigation.vm[line 14, column 51]
19:11:38.378 [Test worker] DEBUG org.apache.velocity - Left side ($active_tab) of '==' operation has null value. If it is a reference, it may not be in the context or its toString() returned null. /templates/macros/page/navigation.vm[line 15, column 51]
19:11:38.378 [Test worker] DEBUG org.apache.velocity - Left side ($active_tab) of '==' operation has null value. If it is a reference, it may not be in the context or its toString() returned null. /templates/macros/page/navigation.vm[line 16, column 51]
19:11:38.378 [Test worker] DEBUG org.apache.velocity - Left side ($active_tab) of '==' operation has null value. If it is a reference, it may not be in the context or its toString() returned null. /templates/macros/page/navigation.vm[line 20, column 51]
19:11:38.378 [Test worker] DEBUG org.apache.velocity - VM #includeLead: too few arguments to macro. Wanted 2 got 1
19:11:38.378 [Test worker] DEBUG org.apache.velocity - VM #includeBrief: too few arguments to macro. Wanted 5 got 3
19:11:38.378 [Test worker] DEBUG org.apache.velocity - VM #includeBrief: too few arguments to macro. Wanted 5 got 4
19:11:38.378 [Test worker] DEBUG org.apache.velocity - VM #includeBrief: too few arguments to macro. Wanted 5 got 4
19:11:38.378 [Test worker] DEBUG org.apache.velocity - VM #includeBrief: too few arguments to macro. Wanted 5 got 4
19:11:38.378 [Test worker] DEBUG org.apache.velocity - VM #includeBrief: too few arguments to macro. Wanted 5 got 4
19:11:38.378 [Test worker] DEBUG org.apache.velocity - VM #includeBrief: too few arguments to macro. Wanted 5 got 4
19:11:38.378 [Test worker] DEBUG org.apache.velocity - VM #includeBrief: too few arguments to macro. Wanted 5 got 4
19:11:38.378 [Test worker] DEBUG org.apache.velocity - VM #includeBrief: too few arguments to macro. Wanted 5 got 4
19:11:38.378 [Test worker] DEBUG org.apache.velocity - VM #includeBrief: too few arguments to macro. Wanted 5 got 4
19:11:38.378 [Test worker] DEBUG org.apache.velocity - ResourceManager : found /templates/footer.vm with loader org.apache.velocity.runtime.resource.loader.ClasspathResourceLoader
19:11:38.378 [Test worker] DEBUG org.apache.velocity - ResourceManager : found templates/generators/reportFeature.vm with loader org.apache.velocity.runtime.resource.loader.ClasspathResourceLoader
19:11:38.378 [Test worker] DEBUG org.apache.velocity - ResourceManager : found /templates/headers.vm with loader org.apache.velocity.runtime.resource.loader.ClasspathResourceLoader
19:11:38.378 [Test worker] DEBUG org.apache.velocity - ResourceManager : found /templates/head.vm with loader org.apache.velocity.runtime.resource.loader.ClasspathResourceLoader
19:11:38.378 [Test worker] DEBUG org.apache.velocity - Velocimacro : added VM stringArray: source=/templates/macros/array.js.vm
19:11:38.378 [Test worker] DEBUG org.apache.velocity - Velocimacro : added VM numberArray: source=/templates/macros/array.js.vm
19:11:38.378 [Test worker] DEBUG org.apache.velocity - ResourceManager : found /templates/macros/array.js.vm with loader org.apache.velocity.runtime.resource.loader.ClasspathResourceLoader
19:11:38.378 [Test worker] DEBUG org.apache.velocity - Velocimacro : added VM includeBuildInfo: source=/templates/macros/page/buildinfo.vm
19:11:38.378 [Test worker] DEBUG org.apache.velocity - ResourceManager : found /templates/macros/page/buildinfo.vm with loader org.apache.velocity.runtime.resource.loader.ClasspathResourceLoader
19:11:38.378 [Test worker] DEBUG org.apache.velocity - Velocimacro : added VM includeClassifications: source=/templates/macros/page/classifications.vm
19:11:38.378 [Test worker] DEBUG org.apache.velocity - ResourceManager : found /templates/macros/page/classifications.vm with loader org.apache.velocity.runtime.resource.loader.ClasspathResourceLoader
19:11:38.378 [Test worker] DEBUG org.apache.velocity - Velocimacro : added VM includeLead: source=/templates/macros/page/lead.vm
19:11:38.378 [Test worker] DEBUG org.apache.velocity - ResourceManager : found /templates/macros/page/lead.vm with loader org.apache.velocity.runtime.resource.loader.ClasspathResourceLoader
19:11:38.378 [Test worker] DEBUG org.apache.velocity - Velocimacro : added VM includeNavigation: source=/templates/macros/page/navigation.vm
19:11:38.378 [Test worker] DEBUG org.apache.velocity - ResourceManager : found /templates/macros/page/navigation.vm with loader org.apache.velocity.runtime.resource.loader.ClasspathResourceLoader
19:11:38.378 [Test worker] DEBUG org.apache.velocity - Velocimacro : added VM includeReportInfo: source=/templates/macros/page/reportInfo.vm
19:11:38.378 [Test worker] DEBUG org.apache.velocity - ResourceManager : found /templates/macros/page/reportInfo.vm with loader org.apache.velocity.runtime.resource.loader.ClasspathResourceLoader
19:11:38.378 [Test worker] DEBUG org.apache.velocity - Velocimacro : added VM includeTitle: source=/templates/macros/page/title.vm
19:11:38.378 [Test worker] DEBUG org.apache.velocity - ResourceManager : found /templates/macros/page/title.vm with loader org.apache.velocity.runtime.resource.loader.ClasspathResourceLoader
19:11:38.378 [Test worker] DEBUG org.apache.velocity - Velocimacro : added VM includeExpandingButtons: source=/templates/macros/report/expandAllButtons.vm
19:11:38.378 [Test worker] DEBUG org.apache.velocity - ResourceManager : found /templates/macros/report/expandAllButtons.vm with loader org.apache.velocity.runtime.resource.loader.ClasspathResourceLoader
19:11:38.378 [Test worker] DEBUG org.apache.velocity - Velocimacro : added VM includeReportTable: source=/templates/macros/report/reportTable.vm
19:11:38.378 [Test worker] DEBUG org.apache.velocity - ResourceManager : found /templates/macros/report/reportTable.vm with loader org.apache.velocity.runtime.resource.loader.ClasspathResourceLoader
19:11:38.378 [Test worker] DEBUG org.apache.velocity - Velocimacro : added VM includeReportHeader: source=/templates/macros/report/reportHeader.vm
19:11:38.378 [Test worker] DEBUG org.apache.velocity - ResourceManager : found /templates/macros/report/reportHeader.vm with loader org.apache.velocity.runtime.resource.loader.ClasspathResourceLoader
19:11:38.378 [Test worker] DEBUG org.apache.velocity - Velocimacro : added VM includeStatsTable: source=/templates/macros/report/statsTable.vm
19:11:38.378 [Test worker] DEBUG org.apache.velocity - ResourceManager : found /templates/macros/report/statsTable.vm with loader org.apache.velocity.runtime.resource.loader.ClasspathResourceLoader
19:11:38.378 [Test worker] DEBUG org.apache.velocity - Velocimacro : added VM includeBrief: source=/templates/macros/json/brief.vm
19:11:38.378 [Test worker] DEBUG org.apache.velocity - ResourceManager : found /templates/macros/json/brief.vm with loader org.apache.velocity.runtime.resource.loader.ClasspathResourceLoader
19:11:38.378 [Test worker] DEBUG org.apache.velocity - Velocimacro : added VM includeDocString: source=/templates/macros/json/docstring.vm
19:11:38.378 [Test worker] DEBUG org.apache.velocity - ResourceManager : found /templates/macros/json/docstring.vm with loader org.apache.velocity.runtime.resource.loader.ClasspathResourceLoader
19:11:38.378 [Test worker] DEBUG org.apache.velocity - Velocimacro : added VM includeDuration: source=/templates/macros/json/duration.vm
19:11:38.378 [Test worker] DEBUG org.apache.velocity - ResourceManager : found /templates/macros/json/duration.vm with loader org.apache.velocity.runtime.resource.loader.ClasspathResourceLoader
19:11:38.378 [Test worker] DEBUG org.apache.velocity - Velocimacro : added VM includeElement: source=/templates/macros/json/element.vm
19:11:38.378 [Test worker] DEBUG org.apache.velocity - ResourceManager : found /templates/macros/json/element.vm with loader org.apache.velocity.runtime.resource.loader.ClasspathResourceLoader
19:11:38.378 [Test worker] DEBUG org.apache.velocity - Velocimacro : added VM includeEmbeddings: source=/templates/macros/json/embeddings.vm
19:11:38.378 [Test worker] DEBUG org.apache.velocity - Velocimacro : added VM includeHtmlEmbedding: source=/templates/macros/json/embeddings.vm
19:11:38.378 [Test worker] DEBUG org.apache.velocity - Velocimacro : added VM includeImageEmbedding: source=/templates/macros/json/embeddings.vm
19:11:38.378 [Test worker] DEBUG org.apache.velocity - Velocimacro : added VM includeImageReferenceEmbedding: source=/templates/macros/json/embeddings.vm
19:11:38.378 [Test worker] DEBUG org.apache.velocity - Velocimacro : added VM includeTextEmbedding: source=/templates/macros/json/embeddings.vm
19:11:38.378 [Test worker] DEBUG org.apache.velocity - Velocimacro : added VM includeUnknownEmbedding: source=/templates/macros/json/embeddings.vm
19:11:38.378 [Test worker] DEBUG org.apache.velocity - ResourceManager : found /templates/macros/json/embeddings.vm with loader org.apache.velocity.runtime.resource.loader.ClasspathResourceLoader
19:11:38.378 [Test worker] DEBUG org.apache.velocity - Velocimacro : added VM includeHooks: source=/templates/macros/json/hooks.vm
19:11:38.378 [Test worker] DEBUG org.apache.velocity - ResourceManager : found /templates/macros/json/hooks.vm with loader org.apache.velocity.runtime.resource.loader.ClasspathResourceLoader
19:11:38.378 [Test worker] DEBUG org.apache.velocity - Velocimacro : added VM includeOutput: source=/templates/macros/json/output.vm
19:11:38.378 [Test worker] DEBUG org.apache.velocity - ResourceManager : found /templates/macros/json/output.vm with loader org.apache.velocity.runtime.resource.loader.ClasspathResourceLoader
19:11:38.378 [Test worker] DEBUG org.apache.velocity - Velocimacro : added VM includeMessage: source=/templates/macros/json/message.vm
19:11:38.378 [Test worker] DEBUG org.apache.velocity - ResourceManager : found /templates/macros/json/message.vm with loader org.apache.velocity.runtime.resource.loader.ClasspathResourceLoader
19:11:38.378 [Test worker] DEBUG org.apache.velocity - Velocimacro : added VM includeSteps: source=/templates/macros/json/steps.vm
19:11:38.378 [Test worker] DEBUG org.apache.velocity - ResourceManager : found /templates/macros/json/steps.vm with loader org.apache.velocity.runtime.resource.loader.ClasspathResourceLoader
19:11:38.378 [Test worker] DEBUG org.apache.velocity - Velocimacro : added VM includeTags: source=/templates/macros/json/tags.vm
19:11:38.378 [Test worker] DEBUG org.apache.velocity - ResourceManager : found /templates/macros/json/tags.vm with loader org.apache.velocity.runtime.resource.loader.ClasspathResourceLoader
19:11:38.378 [Test worker] DEBUG org.apache.velocity - VM #includeNavigation: too few arguments to macro. Wanted 1 got 0
19:11:38.378 [Test worker] DEBUG org.apache.velocity - Left side ($active_tab) of '==' operation has null value. If it is a reference, it may not be in the context or its toString() returned null. /templates/macros/page/navigation.vm[line 14, column 51]
19:11:38.378 [Test worker] DEBUG org.apache.velocity - Left side ($active_tab) of '==' operation has null value. If it is a reference, it may not be in the context or its toString() returned null. /templates/macros/page/navigation.vm[line 15, column 51]
19:11:38.378 [Test worker] DEBUG org.apache.velocity - Left side ($active_tab) of '==' operation has null value. If it is a reference, it may not be in the context or its toString() returned null. /templates/macros/page/navigation.vm[line 16, column 51]
19:11:38.378 [Test worker] DEBUG org.apache.velocity - Left side ($active_tab) of '==' operation has null value. If it is a reference, it may not be in the context or its toString() returned null. /templates/macros/page/navigation.vm[line 20, column 51]
19:11:38.378 [Test worker] DEBUG org.apache.velocity - VM #includeLead: too few arguments to macro. Wanted 2 got 1
19:11:38.378 [Test worker] DEBUG org.apache.velocity - VM #includeBrief: too few arguments to macro. Wanted 5 got 3
19:11:38.378 [Test worker] DEBUG org.apache.velocity - VM #includeBrief: too few arguments to macro. Wanted 5 got 4
19:11:38.378 [Test worker] DEBUG org.apache.velocity - VM #includeBrief: too few arguments to macro. Wanted 5 got 4
19:11:38.378 [Test worker] DEBUG org.apache.velocity - VM #includeBrief: too few arguments to macro. Wanted 5 got 4
19:11:38.378 [Test worker] DEBUG org.apache.velocity - VM #includeBrief: too few arguments to macro. Wanted 5 got 4
19:11:38.378 [Test worker] DEBUG org.apache.velocity - VM #includeBrief: too few arguments to macro. Wanted 5 got 4
19:11:38.378 [Test worker] DEBUG org.apache.velocity - VM #includeBrief: too few arguments to macro. Wanted 5 got 4
19:11:38.378 [Test worker] DEBUG org.apache.velocity - VM #includeBrief: too few arguments to macro. Wanted 5 got 4
19:11:38.378 [Test worker] DEBUG org.apache.velocity - VM #includeBrief: too few arguments to macro. Wanted 5 got 4
19:11:38.378 [Test worker] DEBUG org.apache.velocity - ResourceManager : found /templates/footer.vm with loader org.apache.velocity.runtime.resource.loader.ClasspathResourceLoader
19:11:38.394 [Test worker] DEBUG org.apache.velocity - ResourceManager : found templates/generators/overviewTags.vm with loader org.apache.velocity.runtime.resource.loader.ClasspathResourceLoader
19:11:38.394 [Test worker] DEBUG org.apache.velocity - ResourceManager : found /templates/headers.vm with loader org.apache.velocity.runtime.resource.loader.ClasspathResourceLoader
19:11:38.394 [Test worker] DEBUG org.apache.velocity - ResourceManager : found /templates/head.vm with loader org.apache.velocity.runtime.resource.loader.ClasspathResourceLoader
19:11:38.394 [Test worker] DEBUG org.apache.velocity - Velocimacro : added VM stringArray: source=/templates/macros/array.js.vm
19:11:38.394 [Test worker] DEBUG org.apache.velocity - Velocimacro : added VM numberArray: source=/templates/macros/array.js.vm
19:11:38.394 [Test worker] DEBUG org.apache.velocity - ResourceManager : found /templates/macros/array.js.vm with loader org.apache.velocity.runtime.resource.loader.ClasspathResourceLoader
19:11:38.394 [Test worker] DEBUG org.apache.velocity - Velocimacro : added VM includeBuildInfo: source=/templates/macros/page/buildinfo.vm
19:11:38.394 [Test worker] DEBUG org.apache.velocity - ResourceManager : found /templates/macros/page/buildinfo.vm with loader org.apache.velocity.runtime.resource.loader.ClasspathResourceLoader
19:11:38.394 [Test worker] DEBUG org.apache.velocity - Velocimacro : added VM includeClassifications: source=/templates/macros/page/classifications.vm
19:11:38.394 [Test worker] DEBUG org.apache.velocity - ResourceManager : found /templates/macros/page/classifications.vm with loader org.apache.velocity.runtime.resource.loader.ClasspathResourceLoader
19:11:38.394 [Test worker] DEBUG org.apache.velocity - Velocimacro : added VM includeLead: source=/templates/macros/page/lead.vm
19:11:38.394 [Test worker] DEBUG org.apache.velocity - ResourceManager : found /templates/macros/page/lead.vm with loader org.apache.velocity.runtime.resource.loader.ClasspathResourceLoader
19:11:38.394 [Test worker] DEBUG org.apache.velocity - Velocimacro : added VM includeNavigation: source=/templates/macros/page/navigation.vm
19:11:38.394 [Test worker] DEBUG org.apache.velocity - ResourceManager : found /templates/macros/page/navigation.vm with loader org.apache.velocity.runtime.resource.loader.ClasspathResourceLoader
19:11:38.394 [Test worker] DEBUG org.apache.velocity - Velocimacro : added VM includeReportInfo: source=/templates/macros/page/reportInfo.vm
19:11:38.394 [Test worker] DEBUG org.apache.velocity - ResourceManager : found /templates/macros/page/reportInfo.vm with loader org.apache.velocity.runtime.resource.loader.ClasspathResourceLoader
19:11:38.394 [Test worker] DEBUG org.apache.velocity - Velocimacro : added VM includeTitle: source=/templates/macros/page/title.vm
19:11:38.394 [Test worker] DEBUG org.apache.velocity - ResourceManager : found /templates/macros/page/title.vm with loader org.apache.velocity.runtime.resource.loader.ClasspathResourceLoader
19:11:38.394 [Test worker] DEBUG org.apache.velocity - Velocimacro : added VM includeExpandingButtons: source=/templates/macros/report/expandAllButtons.vm
19:11:38.394 [Test worker] DEBUG org.apache.velocity - ResourceManager : found /templates/macros/report/expandAllButtons.vm with loader org.apache.velocity.runtime.resource.loader.ClasspathResourceLoader
19:11:38.394 [Test worker] DEBUG org.apache.velocity - Velocimacro : added VM includeReportTable: source=/templates/macros/report/reportTable.vm
19:11:38.394 [Test worker] DEBUG org.apache.velocity - ResourceManager : found /templates/macros/report/reportTable.vm with loader org.apache.velocity.runtime.resource.loader.ClasspathResourceLoader
19:11:38.394 [Test worker] DEBUG org.apache.velocity - Velocimacro : added VM includeReportHeader: source=/templates/macros/report/reportHeader.vm
19:11:38.394 [Test worker] DEBUG org.apache.velocity - ResourceManager : found /templates/macros/report/reportHeader.vm with loader org.apache.velocity.runtime.resource.loader.ClasspathResourceLoader
19:11:38.394 [Test worker] DEBUG org.apache.velocity - Velocimacro : added VM includeStatsTable: source=/templates/macros/report/statsTable.vm
19:11:38.394 [Test worker] DEBUG org.apache.velocity - ResourceManager : found /templates/macros/report/statsTable.vm with loader org.apache.velocity.runtime.resource.loader.ClasspathResourceLoader
19:11:38.394 [Test worker] DEBUG org.apache.velocity - Velocimacro : added VM includeBrief: source=/templates/macros/json/brief.vm
19:11:38.394 [Test worker] DEBUG org.apache.velocity - ResourceManager : found /templates/macros/json/brief.vm with loader org.apache.velocity.runtime.resource.loader.ClasspathResourceLoader
19:11:38.394 [Test worker] DEBUG org.apache.velocity - Velocimacro : added VM includeDocString: source=/templates/macros/json/docstring.vm
19:11:38.394 [Test worker] DEBUG org.apache.velocity - ResourceManager : found /templates/macros/json/docstring.vm with loader org.apache.velocity.runtime.resource.loader.ClasspathResourceLoader
19:11:38.394 [Test worker] DEBUG org.apache.velocity - Velocimacro : added VM includeDuration: source=/templates/macros/json/duration.vm
19:11:38.394 [Test worker] DEBUG org.apache.velocity - ResourceManager : found /templates/macros/json/duration.vm with loader org.apache.velocity.runtime.resource.loader.ClasspathResourceLoader
19:11:38.394 [Test worker] DEBUG org.apache.velocity - Velocimacro : added VM includeElement: source=/templates/macros/json/element.vm
19:11:38.394 [Test worker] DEBUG org.apache.velocity - ResourceManager : found /templates/macros/json/element.vm with loader org.apache.velocity.runtime.resource.loader.ClasspathResourceLoader
19:11:38.394 [Test worker] DEBUG org.apache.velocity - Velocimacro : added VM includeEmbeddings: source=/templates/macros/json/embeddings.vm
19:11:38.394 [Test worker] DEBUG org.apache.velocity - Velocimacro : added VM includeHtmlEmbedding: source=/templates/macros/json/embeddings.vm
19:11:38.394 [Test worker] DEBUG org.apache.velocity - Velocimacro : added VM includeImageEmbedding: source=/templates/macros/json/embeddings.vm
19:11:38.394 [Test worker] DEBUG org.apache.velocity - Velocimacro : added VM includeImageReferenceEmbedding: source=/templates/macros/json/embeddings.vm
19:11:38.394 [Test worker] DEBUG org.apache.velocity - Velocimacro : added VM includeTextEmbedding: source=/templates/macros/json/embeddings.vm
19:11:38.394 [Test worker] DEBUG org.apache.velocity - Velocimacro : added VM includeUnknownEmbedding: source=/templates/macros/json/embeddings.vm
19:11:38.394 [Test worker] DEBUG org.apache.velocity - ResourceManager : found /templates/macros/json/embeddings.vm with loader org.apache.velocity.runtime.resource.loader.ClasspathResourceLoader
19:11:38.394 [Test worker] DEBUG org.apache.velocity - Velocimacro : added VM includeHooks: source=/templates/macros/json/hooks.vm
19:11:38.394 [Test worker] DEBUG org.apache.velocity - ResourceManager : found /templates/macros/json/hooks.vm with loader org.apache.velocity.runtime.resource.loader.ClasspathResourceLoader
19:11:38.394 [Test worker] DEBUG org.apache.velocity - Velocimacro : added VM includeOutput: source=/templates/macros/json/output.vm
19:11:38.394 [Test worker] DEBUG org.apache.velocity - ResourceManager : found /templates/macros/json/output.vm with loader org.apache.velocity.runtime.resource.loader.ClasspathResourceLoader
19:11:38.394 [Test worker] DEBUG org.apache.velocity - Velocimacro : added VM includeMessage: source=/templates/macros/json/message.vm
19:11:38.394 [Test worker] DEBUG org.apache.velocity - ResourceManager : found /templates/macros/json/message.vm with loader org.apache.velocity.runtime.resource.loader.ClasspathResourceLoader
19:11:38.394 [Test worker] DEBUG org.apache.velocity - Velocimacro : added VM includeSteps: source=/templates/macros/json/steps.vm
19:11:38.394 [Test worker] DEBUG org.apache.velocity - ResourceManager : found /templates/macros/json/steps.vm with loader org.apache.velocity.runtime.resource.loader.ClasspathResourceLoader
19:11:38.394 [Test worker] DEBUG org.apache.velocity - Velocimacro : added VM includeTags: source=/templates/macros/json/tags.vm
19:11:38.394 [Test worker] DEBUG org.apache.velocity - ResourceManager : found /templates/macros/json/tags.vm with loader org.apache.velocity.runtime.resource.loader.ClasspathResourceLoader
19:11:38.394 [Test worker] DEBUG org.apache.velocity - ResourceManager : found /templates/js/tags-chart.js.vm with loader org.apache.velocity.runtime.resource.loader.ClasspathResourceLoader
19:11:38.394 [Test worker] DEBUG org.apache.velocity - ResourceManager : found /templates/footer.vm with loader org.apache.velocity.runtime.resource.loader.ClasspathResourceLoader
19:11:38.394 [Test worker] DEBUG org.apache.velocity - ResourceManager : found templates/generators/reportTag.vm with loader org.apache.velocity.runtime.resource.loader.ClasspathResourceLoader
19:11:38.394 [Test worker] DEBUG org.apache.velocity - ResourceManager : found /templates/headers.vm with loader org.apache.velocity.runtime.resource.loader.ClasspathResourceLoader
19:11:38.409 [Test worker] DEBUG org.apache.velocity - ResourceManager : found /templates/head.vm with loader org.apache.velocity.runtime.resource.loader.ClasspathResourceLoader
19:11:38.409 [Test worker] DEBUG org.apache.velocity - Velocimacro : added VM stringArray: source=/templates/macros/array.js.vm
19:11:38.409 [Test worker] DEBUG org.apache.velocity - Velocimacro : added VM numberArray: source=/templates/macros/array.js.vm
19:11:38.409 [Test worker] DEBUG org.apache.velocity - ResourceManager : found /templates/macros/array.js.vm with loader org.apache.velocity.runtime.resource.loader.ClasspathResourceLoader
19:11:38.409 [Test worker] DEBUG org.apache.velocity - Velocimacro : added VM includeBuildInfo: source=/templates/macros/page/buildinfo.vm
19:11:38.409 [Test worker] DEBUG org.apache.velocity - ResourceManager : found /templates/macros/page/buildinfo.vm with loader org.apache.velocity.runtime.resource.loader.ClasspathResourceLoader
19:11:38.409 [Test worker] DEBUG org.apache.velocity - Velocimacro : added VM includeClassifications: source=/templates/macros/page/classifications.vm
19:11:38.409 [Test worker] DEBUG org.apache.velocity - ResourceManager : found /templates/macros/page/classifications.vm with loader org.apache.velocity.runtime.resource.loader.ClasspathResourceLoader
19:11:38.409 [Test worker] DEBUG org.apache.velocity - Velocimacro : added VM includeLead: source=/templates/macros/page/lead.vm
19:11:38.409 [Test worker] DEBUG org.apache.velocity - ResourceManager : found /templates/macros/page/lead.vm with loader org.apache.velocity.runtime.resource.loader.ClasspathResourceLoader
19:11:38.409 [Test worker] DEBUG org.apache.velocity - Velocimacro : added VM includeNavigation: source=/templates/macros/page/navigation.vm
19:11:38.409 [Test worker] DEBUG org.apache.velocity - ResourceManager : found /templates/macros/page/navigation.vm with loader org.apache.velocity.runtime.resource.loader.ClasspathResourceLoader
19:11:38.409 [Test worker] DEBUG org.apache.velocity - Velocimacro : added VM includeReportInfo: source=/templates/macros/page/reportInfo.vm
19:11:38.409 [Test worker] DEBUG org.apache.velocity - ResourceManager : found /templates/macros/page/reportInfo.vm with loader org.apache.velocity.runtime.resource.loader.ClasspathResourceLoader
19:11:38.409 [Test worker] DEBUG org.apache.velocity - Velocimacro : added VM includeTitle: source=/templates/macros/page/title.vm
19:11:38.409 [Test worker] DEBUG org.apache.velocity - ResourceManager : found /templates/macros/page/title.vm with loader org.apache.velocity.runtime.resource.loader.ClasspathResourceLoader
19:11:38.409 [Test worker] DEBUG org.apache.velocity - Velocimacro : added VM includeExpandingButtons: source=/templates/macros/report/expandAllButtons.vm
19:11:38.409 [Test worker] DEBUG org.apache.velocity - ResourceManager : found /templates/macros/report/expandAllButtons.vm with loader org.apache.velocity.runtime.resource.loader.ClasspathResourceLoader
19:11:38.409 [Test worker] DEBUG org.apache.velocity - Velocimacro : added VM includeReportTable: source=/templates/macros/report/reportTable.vm
19:11:38.409 [Test worker] DEBUG org.apache.velocity - ResourceManager : found /templates/macros/report/reportTable.vm with loader org.apache.velocity.runtime.resource.loader.ClasspathResourceLoader
19:11:38.409 [Test worker] DEBUG org.apache.velocity - Velocimacro : added VM includeReportHeader: source=/templates/macros/report/reportHeader.vm
19:11:38.409 [Test worker] DEBUG org.apache.velocity - ResourceManager : found /templates/macros/report/reportHeader.vm with loader org.apache.velocity.runtime.resource.loader.ClasspathResourceLoader
19:11:38.409 [Test worker] DEBUG org.apache.velocity - Velocimacro : added VM includeStatsTable: source=/templates/macros/report/statsTable.vm
19:11:38.409 [Test worker] DEBUG org.apache.velocity - ResourceManager : found /templates/macros/report/statsTable.vm with loader org.apache.velocity.runtime.resource.loader.ClasspathResourceLoader
19:11:38.409 [Test worker] DEBUG org.apache.velocity - Velocimacro : added VM includeBrief: source=/templates/macros/json/brief.vm
19:11:38.409 [Test worker] DEBUG org.apache.velocity - ResourceManager : found /templates/macros/json/brief.vm with loader org.apache.velocity.runtime.resource.loader.ClasspathResourceLoader
19:11:38.409 [Test worker] DEBUG org.apache.velocity - Velocimacro : added VM includeDocString: source=/templates/macros/json/docstring.vm
19:11:38.409 [Test worker] DEBUG org.apache.velocity - ResourceManager : found /templates/macros/json/docstring.vm with loader org.apache.velocity.runtime.resource.loader.ClasspathResourceLoader
19:11:38.409 [Test worker] DEBUG org.apache.velocity - Velocimacro : added VM includeDuration: source=/templates/macros/json/duration.vm
19:11:38.409 [Test worker] DEBUG org.apache.velocity - ResourceManager : found /templates/macros/json/duration.vm with loader org.apache.velocity.runtime.resource.loader.ClasspathResourceLoader
19:11:38.409 [Test worker] DEBUG org.apache.velocity - Velocimacro : added VM includeElement: source=/templates/macros/json/element.vm
19:11:38.409 [Test worker] DEBUG org.apache.velocity - ResourceManager : found /templates/macros/json/element.vm with loader org.apache.velocity.runtime.resource.loader.ClasspathResourceLoader
19:11:38.409 [Test worker] DEBUG org.apache.velocity - Velocimacro : added VM includeEmbeddings: source=/templates/macros/json/embeddings.vm
19:11:38.409 [Test worker] DEBUG org.apache.velocity - Velocimacro : added VM includeHtmlEmbedding: source=/templates/macros/json/embeddings.vm
19:11:38.409 [Test worker] DEBUG org.apache.velocity - Velocimacro : added VM includeImageEmbedding: source=/templates/macros/json/embeddings.vm
19:11:38.409 [Test worker] DEBUG org.apache.velocity - Velocimacro : added VM includeImageReferenceEmbedding: source=/templates/macros/json/embeddings.vm
19:11:38.409 [Test worker] DEBUG org.apache.velocity - Velocimacro : added VM includeTextEmbedding: source=/templates/macros/json/embeddings.vm
19:11:38.409 [Test worker] DEBUG org.apache.velocity - Velocimacro : added VM includeUnknownEmbedding: source=/templates/macros/json/embeddings.vm
19:11:38.409 [Test worker] DEBUG org.apache.velocity - ResourceManager : found /templates/macros/json/embeddings.vm with loader org.apache.velocity.runtime.resource.loader.ClasspathResourceLoader
19:11:38.409 [Test worker] DEBUG org.apache.velocity - Velocimacro : added VM includeHooks: source=/templates/macros/json/hooks.vm
19:11:38.409 [Test worker] DEBUG org.apache.velocity - ResourceManager : found /templates/macros/json/hooks.vm with loader org.apache.velocity.runtime.resource.loader.ClasspathResourceLoader
19:11:38.409 [Test worker] DEBUG org.apache.velocity - Velocimacro : added VM includeOutput: source=/templates/macros/json/output.vm
19:11:38.409 [Test worker] DEBUG org.apache.velocity - ResourceManager : found /templates/macros/json/output.vm with loader org.apache.velocity.runtime.resource.loader.ClasspathResourceLoader
19:11:38.409 [Test worker] DEBUG org.apache.velocity - Velocimacro : added VM includeMessage: source=/templates/macros/json/message.vm
19:11:38.409 [Test worker] DEBUG org.apache.velocity - ResourceManager : found /templates/macros/json/message.vm with loader org.apache.velocity.runtime.resource.loader.ClasspathResourceLoader
19:11:38.409 [Test worker] DEBUG org.apache.velocity - Velocimacro : added VM includeSteps: source=/templates/macros/json/steps.vm
19:11:38.409 [Test worker] DEBUG org.apache.velocity - ResourceManager : found /templates/macros/json/steps.vm with loader org.apache.velocity.runtime.resource.loader.ClasspathResourceLoader
19:11:38.409 [Test worker] DEBUG org.apache.velocity - Velocimacro : added VM includeTags: source=/templates/macros/json/tags.vm
19:11:38.409 [Test worker] DEBUG org.apache.velocity - ResourceManager : found /templates/macros/json/tags.vm with loader org.apache.velocity.runtime.resource.loader.ClasspathResourceLoader
19:11:38.409 [Test worker] DEBUG org.apache.velocity - VM #includeNavigation: too few arguments to macro. Wanted 1 got 0
19:11:38.409 [Test worker] DEBUG org.apache.velocity - Left side ($active_tab) of '==' operation has null value. If it is a reference, it may not be in the context or its toString() returned null. /templates/macros/page/navigation.vm[line 14, column 51]
19:11:38.409 [Test worker] DEBUG org.apache.velocity - Left side ($active_tab) of '==' operation has null value. If it is a reference, it may not be in the context or its toString() returned null. /templates/macros/page/navigation.vm[line 15, column 51]
19:11:38.409 [Test worker] DEBUG org.apache.velocity - Left side ($active_tab) of '==' operation has null value. If it is a reference, it may not be in the context or its toString() returned null. /templates/macros/page/navigation.vm[line 16, column 51]
19:11:38.409 [Test worker] DEBUG org.apache.velocity - Left side ($active_tab) of '==' operation has null value. If it is a reference, it may not be in the context or its toString() returned null. /templates/macros/page/navigation.vm[line 20, column 51]
19:11:38.409 [Test worker] DEBUG org.apache.velocity - VM #includeLead: too few arguments to macro. Wanted 2 got 1
19:11:38.409 [Test worker] DEBUG org.apache.velocity - VM #includeBrief: too few arguments to macro. Wanted 5 got 4
19:11:38.409 [Test worker] DEBUG org.apache.velocity - VM #includeBrief: too few arguments to macro. Wanted 5 got 4
19:11:38.409 [Test worker] DEBUG org.apache.velocity - ResourceManager : found /templates/footer.vm with loader org.apache.velocity.runtime.resource.loader.ClasspathResourceLoader
19:11:38.425 [Test worker] DEBUG org.apache.velocity - ResourceManager : found templates/generators/reportTag.vm with loader org.apache.velocity.runtime.resource.loader.ClasspathResourceLoader
19:11:38.425 [Test worker] DEBUG org.apache.velocity - ResourceManager : found /templates/headers.vm with loader org.apache.velocity.runtime.resource.loader.ClasspathResourceLoader
19:11:38.425 [Test worker] DEBUG org.apache.velocity - ResourceManager : found /templates/head.vm with loader org.apache.velocity.runtime.resource.loader.ClasspathResourceLoader
19:11:38.425 [Test worker] DEBUG org.apache.velocity - Velocimacro : added VM stringArray: source=/templates/macros/array.js.vm
19:11:38.425 [Test worker] DEBUG org.apache.velocity - Velocimacro : added VM numberArray: source=/templates/macros/array.js.vm
19:11:38.425 [Test worker] DEBUG org.apache.velocity - ResourceManager : found /templates/macros/array.js.vm with loader org.apache.velocity.runtime.resource.loader.ClasspathResourceLoader
19:11:38.425 [Test worker] DEBUG org.apache.velocity - Velocimacro : added VM includeBuildInfo: source=/templates/macros/page/buildinfo.vm
19:11:38.425 [Test worker] DEBUG org.apache.velocity - ResourceManager : found /templates/macros/page/buildinfo.vm with loader org.apache.velocity.runtime.resource.loader.ClasspathResourceLoader
19:11:38.425 [Test worker] DEBUG org.apache.velocity - Velocimacro : added VM includeClassifications: source=/templates/macros/page/classifications.vm
19:11:38.425 [Test worker] DEBUG org.apache.velocity - ResourceManager : found /templates/macros/page/classifications.vm with loader org.apache.velocity.runtime.resource.loader.ClasspathResourceLoader
19:11:38.425 [Test worker] DEBUG org.apache.velocity - Velocimacro : added VM includeLead: source=/templates/macros/page/lead.vm
19:11:38.425 [Test worker] DEBUG org.apache.velocity - ResourceManager : found /templates/macros/page/lead.vm with loader org.apache.velocity.runtime.resource.loader.ClasspathResourceLoader
19:11:38.425 [Test worker] DEBUG org.apache.velocity - Velocimacro : added VM includeNavigation: source=/templates/macros/page/navigation.vm
19:11:38.425 [Test worker] DEBUG org.apache.velocity - ResourceManager : found /templates/macros/page/navigation.vm with loader org.apache.velocity.runtime.resource.loader.ClasspathResourceLoader
19:11:38.425 [Test worker] DEBUG org.apache.velocity - Velocimacro : added VM includeReportInfo: source=/templates/macros/page/reportInfo.vm
19:11:38.425 [Test worker] DEBUG org.apache.velocity - ResourceManager : found /templates/macros/page/reportInfo.vm with loader org.apache.velocity.runtime.resource.loader.ClasspathResourceLoader
19:11:38.425 [Test worker] DEBUG org.apache.velocity - Velocimacro : added VM includeTitle: source=/templates/macros/page/title.vm
19:11:38.425 [Test worker] DEBUG org.apache.velocity - ResourceManager : found /templates/macros/page/title.vm with loader org.apache.velocity.runtime.resource.loader.ClasspathResourceLoader
19:11:38.425 [Test worker] DEBUG org.apache.velocity - Velocimacro : added VM includeExpandingButtons: source=/templates/macros/report/expandAllButtons.vm
19:11:38.425 [Test worker] DEBUG org.apache.velocity - ResourceManager : found /templates/macros/report/expandAllButtons.vm with loader org.apache.velocity.runtime.resource.loader.ClasspathResourceLoader
19:11:38.425 [Test worker] DEBUG org.apache.velocity - Velocimacro : added VM includeReportTable: source=/templates/macros/report/reportTable.vm
19:11:38.425 [Test worker] DEBUG org.apache.velocity - ResourceManager : found /templates/macros/report/reportTable.vm with loader org.apache.velocity.runtime.resource.loader.ClasspathResourceLoader
19:11:38.425 [Test worker] DEBUG org.apache.velocity - Velocimacro : added VM includeReportHeader: source=/templates/macros/report/reportHeader.vm
19:11:38.425 [Test worker] DEBUG org.apache.velocity - ResourceManager : found /templates/macros/report/reportHeader.vm with loader org.apache.velocity.runtime.resource.loader.ClasspathResourceLoader
19:11:38.425 [Test worker] DEBUG org.apache.velocity - Velocimacro : added VM includeStatsTable: source=/templates/macros/report/statsTable.vm
19:11:38.425 [Test worker] DEBUG org.apache.velocity - ResourceManager : found /templates/macros/report/statsTable.vm with loader org.apache.velocity.runtime.resource.loader.ClasspathResourceLoader
19:11:38.425 [Test worker] DEBUG org.apache.velocity - Velocimacro : added VM includeBrief: source=/templates/macros/json/brief.vm
19:11:38.425 [Test worker] DEBUG org.apache.velocity - ResourceManager : found /templates/macros/json/brief.vm with loader org.apache.velocity.runtime.resource.loader.ClasspathResourceLoader
19:11:38.425 [Test worker] DEBUG org.apache.velocity - Velocimacro : added VM includeDocString: source=/templates/macros/json/docstring.vm
19:11:38.425 [Test worker] DEBUG org.apache.velocity - ResourceManager : found /templates/macros/json/docstring.vm with loader org.apache.velocity.runtime.resource.loader.ClasspathResourceLoader
19:11:38.425 [Test worker] DEBUG org.apache.velocity - Velocimacro : added VM includeDuration: source=/templates/macros/json/duration.vm
19:11:38.425 [Test worker] DEBUG org.apache.velocity - ResourceManager : found /templates/macros/json/duration.vm with loader org.apache.velocity.runtime.resource.loader.ClasspathResourceLoader
19:11:38.425 [Test worker] DEBUG org.apache.velocity - Velocimacro : added VM includeElement: source=/templates/macros/json/element.vm
19:11:38.425 [Test worker] DEBUG org.apache.velocity - ResourceManager : found /templates/macros/json/element.vm with loader org.apache.velocity.runtime.resource.loader.ClasspathResourceLoader
19:11:38.425 [Test worker] DEBUG org.apache.velocity - Velocimacro : added VM includeEmbeddings: source=/templates/macros/json/embeddings.vm
19:11:38.425 [Test worker] DEBUG org.apache.velocity - Velocimacro : added VM includeHtmlEmbedding: source=/templates/macros/json/embeddings.vm
19:11:38.425 [Test worker] DEBUG org.apache.velocity - Velocimacro : added VM includeImageEmbedding: source=/templates/macros/json/embeddings.vm
19:11:38.425 [Test worker] DEBUG org.apache.velocity - Velocimacro : added VM includeImageReferenceEmbedding: source=/templates/macros/json/embeddings.vm
19:11:38.425 [Test worker] DEBUG org.apache.velocity - Velocimacro : added VM includeTextEmbedding: source=/templates/macros/json/embeddings.vm
19:11:38.425 [Test worker] DEBUG org.apache.velocity - Velocimacro : added VM includeUnknownEmbedding: source=/templates/macros/json/embeddings.vm
19:11:38.425 [Test worker] DEBUG org.apache.velocity - ResourceManager : found /templates/macros/json/embeddings.vm with loader org.apache.velocity.runtime.resource.loader.ClasspathResourceLoader
19:11:38.425 [Test worker] DEBUG org.apache.velocity - Velocimacro : added VM includeHooks: source=/templates/macros/json/hooks.vm
19:11:38.425 [Test worker] DEBUG org.apache.velocity - ResourceManager : found /templates/macros/json/hooks.vm with loader org.apache.velocity.runtime.resource.loader.ClasspathResourceLoader
19:11:38.425 [Test worker] DEBUG org.apache.velocity - Velocimacro : added VM includeOutput: source=/templates/macros/json/output.vm
19:11:38.425 [Test worker] DEBUG org.apache.velocity - ResourceManager : found /templates/macros/json/output.vm with loader org.apache.velocity.runtime.resource.loader.ClasspathResourceLoader
19:11:38.425 [Test worker] DEBUG org.apache.velocity - Velocimacro : added VM includeMessage: source=/templates/macros/json/message.vm
19:11:38.425 [Test worker] DEBUG org.apache.velocity - ResourceManager : found /templates/macros/json/message.vm with loader org.apache.velocity.runtime.resource.loader.ClasspathResourceLoader
19:11:38.425 [Test worker] DEBUG org.apache.velocity - Velocimacro : added VM includeSteps: source=/templates/macros/json/steps.vm
19:11:38.425 [Test worker] DEBUG org.apache.velocity - ResourceManager : found /templates/macros/json/steps.vm with loader org.apache.velocity.runtime.resource.loader.ClasspathResourceLoader
19:11:38.425 [Test worker] DEBUG org.apache.velocity - Velocimacro : added VM includeTags: source=/templates/macros/json/tags.vm
19:11:38.425 [Test worker] DEBUG org.apache.velocity - ResourceManager : found /templates/macros/json/tags.vm with loader org.apache.velocity.runtime.resource.loader.ClasspathResourceLoader
19:11:38.425 [Test worker] DEBUG org.apache.velocity - VM #includeNavigation: too few arguments to macro. Wanted 1 got 0
19:11:38.425 [Test worker] DEBUG org.apache.velocity - Left side ($active_tab) of '==' operation has null value. If it is a reference, it may not be in the context or its toString() returned null. /templates/macros/page/navigation.vm[line 14, column 51]
19:11:38.425 [Test worker] DEBUG org.apache.velocity - Left side ($active_tab) of '==' operation has null value. If it is a reference, it may not be in the context or its toString() returned null. /templates/macros/page/navigation.vm[line 15, column 51]
19:11:38.425 [Test worker] DEBUG org.apache.velocity - Left side ($active_tab) of '==' operation has null value. If it is a reference, it may not be in the context or its toString() returned null. /templates/macros/page/navigation.vm[line 16, column 51]
19:11:38.425 [Test worker] DEBUG org.apache.velocity - Left side ($active_tab) of '==' operation has null value. If it is a reference, it may not be in the context or its toString() returned null. /templates/macros/page/navigation.vm[line 20, column 51]
19:11:38.425 [Test worker] DEBUG org.apache.velocity - VM #includeLead: too few arguments to macro. Wanted 2 got 1
19:11:38.425 [Test worker] DEBUG org.apache.velocity - VM #includeBrief: too few arguments to macro. Wanted 5 got 4
19:11:38.425 [Test worker] DEBUG org.apache.velocity - VM #includeBrief: too few arguments to macro. Wanted 5 got 4
19:11:38.425 [Test worker] DEBUG org.apache.velocity - VM #includeBrief: too few arguments to macro. Wanted 5 got 4
19:11:38.425 [Test worker] DEBUG org.apache.velocity - VM #includeBrief: too few arguments to macro. Wanted 5 got 4
19:11:38.425 [Test worker] DEBUG org.apache.velocity - VM #includeBrief: too few arguments to macro. Wanted 5 got 4
19:11:38.425 [Test worker] DEBUG org.apache.velocity - VM #includeBrief: too few arguments to macro. Wanted 5 got 4
19:11:38.425 [Test worker] DEBUG org.apache.velocity - VM #includeBrief: too few arguments to macro. Wanted 5 got 4
19:11:38.425 [Test worker] DEBUG org.apache.velocity - VM #includeBrief: too few arguments to macro. Wanted 5 got 4
19:11:38.425 [Test worker] DEBUG org.apache.velocity - VM #includeBrief: too few arguments to macro. Wanted 5 got 4
19:11:38.425 [Test worker] DEBUG org.apache.velocity - VM #includeBrief: too few arguments to macro. Wanted 5 got 4
19:11:38.425 [Test worker] DEBUG org.apache.velocity - ResourceManager : found /templates/footer.vm with loader org.apache.velocity.runtime.resource.loader.ClasspathResourceLoader
19:11:38.425 [Test worker] DEBUG org.apache.velocity - ResourceManager : found templates/generators/reportTag.vm with loader org.apache.velocity.runtime.resource.loader.ClasspathResourceLoader
19:11:38.425 [Test worker] DEBUG org.apache.velocity - ResourceManager : found /templates/headers.vm with loader org.apache.velocity.runtime.resource.loader.ClasspathResourceLoader
19:11:38.425 [Test worker] DEBUG org.apache.velocity - ResourceManager : found /templates/head.vm with loader org.apache.velocity.runtime.resource.loader.ClasspathResourceLoader
19:11:38.425 [Test worker] DEBUG org.apache.velocity - Velocimacro : added VM stringArray: source=/templates/macros/array.js.vm
19:11:38.425 [Test worker] DEBUG org.apache.velocity - Velocimacro : added VM numberArray: source=/templates/macros/array.js.vm
19:11:38.425 [Test worker] DEBUG org.apache.velocity - ResourceManager : found /templates/macros/array.js.vm with loader org.apache.velocity.runtime.resource.loader.ClasspathResourceLoader
19:11:38.425 [Test worker] DEBUG org.apache.velocity - Velocimacro : added VM includeBuildInfo: source=/templates/macros/page/buildinfo.vm
19:11:38.425 [Test worker] DEBUG org.apache.velocity - ResourceManager : found /templates/macros/page/buildinfo.vm with loader org.apache.velocity.runtime.resource.loader.ClasspathResourceLoader
19:11:38.441 [Test worker] DEBUG org.apache.velocity - Velocimacro : added VM includeClassifications: source=/templates/macros/page/classifications.vm
19:11:38.441 [Test worker] DEBUG org.apache.velocity - ResourceManager : found /templates/macros/page/classifications.vm with loader org.apache.velocity.runtime.resource.loader.ClasspathResourceLoader
19:11:38.441 [Test worker] DEBUG org.apache.velocity - Velocimacro : added VM includeLead: source=/templates/macros/page/lead.vm
19:11:38.441 [Test worker] DEBUG org.apache.velocity - ResourceManager : found /templates/macros/page/lead.vm with loader org.apache.velocity.runtime.resource.loader.ClasspathResourceLoader
19:11:38.441 [Test worker] DEBUG org.apache.velocity - Velocimacro : added VM includeNavigation: source=/templates/macros/page/navigation.vm
19:11:38.441 [Test worker] DEBUG org.apache.velocity - ResourceManager : found /templates/macros/page/navigation.vm with loader org.apache.velocity.runtime.resource.loader.ClasspathResourceLoader
19:11:38.441 [Test worker] DEBUG org.apache.velocity - Velocimacro : added VM includeReportInfo: source=/templates/macros/page/reportInfo.vm
19:11:38.441 [Test worker] DEBUG org.apache.velocity - ResourceManager : found /templates/macros/page/reportInfo.vm with loader org.apache.velocity.runtime.resource.loader.ClasspathResourceLoader
19:11:38.441 [Test worker] DEBUG org.apache.velocity - Velocimacro : added VM includeTitle: source=/templates/macros/page/title.vm
19:11:38.441 [Test worker] DEBUG org.apache.velocity - ResourceManager : found /templates/macros/page/title.vm with loader org.apache.velocity.runtime.resource.loader.ClasspathResourceLoader
19:11:38.441 [Test worker] DEBUG org.apache.velocity - Velocimacro : added VM includeExpandingButtons: source=/templates/macros/report/expandAllButtons.vm
19:11:38.441 [Test worker] DEBUG org.apache.velocity - ResourceManager : found /templates/macros/report/expandAllButtons.vm with loader org.apache.velocity.runtime.resource.loader.ClasspathResourceLoader
19:11:38.441 [Test worker] DEBUG org.apache.velocity - Velocimacro : added VM includeReportTable: source=/templates/macros/report/reportTable.vm
19:11:38.441 [Test worker] DEBUG org.apache.velocity - ResourceManager : found /templates/macros/report/reportTable.vm with loader org.apache.velocity.runtime.resource.loader.ClasspathResourceLoader
19:11:38.441 [Test worker] DEBUG org.apache.velocity - Velocimacro : added VM includeReportHeader: source=/templates/macros/report/reportHeader.vm
19:11:38.441 [Test worker] DEBUG org.apache.velocity - ResourceManager : found /templates/macros/report/reportHeader.vm with loader org.apache.velocity.runtime.resource.loader.ClasspathResourceLoader
19:11:38.441 [Test worker] DEBUG org.apache.velocity - Velocimacro : added VM includeStatsTable: source=/templates/macros/report/statsTable.vm
19:11:38.441 [Test worker] DEBUG org.apache.velocity - ResourceManager : found /templates/macros/report/statsTable.vm with loader org.apache.velocity.runtime.resource.loader.ClasspathResourceLoader
19:11:38.441 [Test worker] DEBUG org.apache.velocity - Velocimacro : added VM includeBrief: source=/templates/macros/json/brief.vm
19:11:38.441 [Test worker] DEBUG org.apache.velocity - ResourceManager : found /templates/macros/json/brief.vm with loader org.apache.velocity.runtime.resource.loader.ClasspathResourceLoader
19:11:38.441 [Test worker] DEBUG org.apache.velocity - Velocimacro : added VM includeDocString: source=/templates/macros/json/docstring.vm
19:11:38.441 [Test worker] DEBUG org.apache.velocity - ResourceManager : found /templates/macros/json/docstring.vm with loader org.apache.velocity.runtime.resource.loader.ClasspathResourceLoader
19:11:38.441 [Test worker] DEBUG org.apache.velocity - Velocimacro : added VM includeDuration: source=/templates/macros/json/duration.vm
19:11:38.441 [Test worker] DEBUG org.apache.velocity - ResourceManager : found /templates/macros/json/duration.vm with loader org.apache.velocity.runtime.resource.loader.ClasspathResourceLoader
19:11:38.441 [Test worker] DEBUG org.apache.velocity - Velocimacro : added VM includeElement: source=/templates/macros/json/element.vm
19:11:38.441 [Test worker] DEBUG org.apache.velocity - ResourceManager : found /templates/macros/json/element.vm with loader org.apache.velocity.runtime.resource.loader.ClasspathResourceLoader
19:11:38.441 [Test worker] DEBUG org.apache.velocity - Velocimacro : added VM includeEmbeddings: source=/templates/macros/json/embeddings.vm
19:11:38.441 [Test worker] DEBUG org.apache.velocity - Velocimacro : added VM includeHtmlEmbedding: source=/templates/macros/json/embeddings.vm
19:11:38.441 [Test worker] DEBUG org.apache.velocity - Velocimacro : added VM includeImageEmbedding: source=/templates/macros/json/embeddings.vm
19:11:38.441 [Test worker] DEBUG org.apache.velocity - Velocimacro : added VM includeImageReferenceEmbedding: source=/templates/macros/json/embeddings.vm
19:11:38.441 [Test worker] DEBUG org.apache.velocity - Velocimacro : added VM includeTextEmbedding: source=/templates/macros/json/embeddings.vm
19:11:38.441 [Test worker] DEBUG org.apache.velocity - Velocimacro : added VM includeUnknownEmbedding: source=/templates/macros/json/embeddings.vm
19:11:38.441 [Test worker] DEBUG org.apache.velocity - ResourceManager : found /templates/macros/json/embeddings.vm with loader org.apache.velocity.runtime.resource.loader.ClasspathResourceLoader
19:11:38.441 [Test worker] DEBUG org.apache.velocity - Velocimacro : added VM includeHooks: source=/templates/macros/json/hooks.vm
19:11:38.441 [Test worker] DEBUG org.apache.velocity - ResourceManager : found /templates/macros/json/hooks.vm with loader org.apache.velocity.runtime.resource.loader.ClasspathResourceLoader
19:11:38.441 [Test worker] DEBUG org.apache.velocity - Velocimacro : added VM includeOutput: source=/templates/macros/json/output.vm
19:11:38.441 [Test worker] DEBUG org.apache.velocity - ResourceManager : found /templates/macros/json/output.vm with loader org.apache.velocity.runtime.resource.loader.ClasspathResourceLoader
19:11:38.441 [Test worker] DEBUG org.apache.velocity - Velocimacro : added VM includeMessage: source=/templates/macros/json/message.vm
19:11:38.441 [Test worker] DEBUG org.apache.velocity - ResourceManager : found /templates/macros/json/message.vm with loader org.apache.velocity.runtime.resource.loader.ClasspathResourceLoader
19:11:38.441 [Test worker] DEBUG org.apache.velocity - Velocimacro : added VM includeSteps: source=/templates/macros/json/steps.vm
19:11:38.441 [Test worker] DEBUG org.apache.velocity - ResourceManager : found /templates/macros/json/steps.vm with loader org.apache.velocity.runtime.resource.loader.ClasspathResourceLoader
19:11:38.441 [Test worker] DEBUG org.apache.velocity - Velocimacro : added VM includeTags: source=/templates/macros/json/tags.vm
19:11:38.441 [Test worker] DEBUG org.apache.velocity - ResourceManager : found /templates/macros/json/tags.vm with loader org.apache.velocity.runtime.resource.loader.ClasspathResourceLoader
19:11:38.441 [Test worker] DEBUG org.apache.velocity - VM #includeNavigation: too few arguments to macro. Wanted 1 got 0
19:11:38.441 [Test worker] DEBUG org.apache.velocity - Left side ($active_tab) of '==' operation has null value. If it is a reference, it may not be in the context or its toString() returned null. /templates/macros/page/navigation.vm[line 14, column 51]
19:11:38.441 [Test worker] DEBUG org.apache.velocity - Left side ($active_tab) of '==' operation has null value. If it is a reference, it may not be in the context or its toString() returned null. /templates/macros/page/navigation.vm[line 15, column 51]
19:11:38.441 [Test worker] DEBUG org.apache.velocity - Left side ($active_tab) of '==' operation has null value. If it is a reference, it may not be in the context or its toString() returned null. /templates/macros/page/navigation.vm[line 16, column 51]
19:11:38.441 [Test worker] DEBUG org.apache.velocity - Left side ($active_tab) of '==' operation has null value. If it is a reference, it may not be in the context or its toString() returned null. /templates/macros/page/navigation.vm[line 20, column 51]
19:11:38.441 [Test worker] DEBUG org.apache.velocity - VM #includeLead: too few arguments to macro. Wanted 2 got 1
19:11:38.441 [Test worker] DEBUG org.apache.velocity - VM #includeBrief: too few arguments to macro. Wanted 5 got 4
19:11:38.441 [Test worker] DEBUG org.apache.velocity - VM #includeBrief: too few arguments to macro. Wanted 5 got 4
19:11:38.441 [Test worker] DEBUG org.apache.velocity - VM #includeBrief: too few arguments to macro. Wanted 5 got 4
19:11:38.441 [Test worker] DEBUG org.apache.velocity - VM #includeBrief: too few arguments to macro. Wanted 5 got 4
19:11:38.441 [Test worker] DEBUG org.apache.velocity - ResourceManager : found /templates/footer.vm with loader org.apache.velocity.runtime.resource.loader.ClasspathResourceLoader
19:11:38.441 [Test worker] DEBUG org.apache.velocity - ResourceManager : found templates/generators/reportTag.vm with loader org.apache.velocity.runtime.resource.loader.ClasspathResourceLoader
19:11:38.441 [Test worker] DEBUG org.apache.velocity - ResourceManager : found /templates/headers.vm with loader org.apache.velocity.runtime.resource.loader.ClasspathResourceLoader
19:11:38.441 [Test worker] DEBUG org.apache.velocity - ResourceManager : found /templates/head.vm with loader org.apache.velocity.runtime.resource.loader.ClasspathResourceLoader
19:11:38.441 [Test worker] DEBUG org.apache.velocity - Velocimacro : added VM stringArray: source=/templates/macros/array.js.vm
19:11:38.441 [Test worker] DEBUG org.apache.velocity - Velocimacro : added VM numberArray: source=/templates/macros/array.js.vm
19:11:38.441 [Test worker] DEBUG org.apache.velocity - ResourceManager : found /templates/macros/array.js.vm with loader org.apache.velocity.runtime.resource.loader.ClasspathResourceLoader
19:11:38.441 [Test worker] DEBUG org.apache.velocity - Velocimacro : added VM includeBuildInfo: source=/templates/macros/page/buildinfo.vm
19:11:38.441 [Test worker] DEBUG org.apache.velocity - ResourceManager : found /templates/macros/page/buildinfo.vm with loader org.apache.velocity.runtime.resource.loader.ClasspathResourceLoader
19:11:38.441 [Test worker] DEBUG org.apache.velocity - Velocimacro : added VM includeClassifications: source=/templates/macros/page/classifications.vm
19:11:38.441 [Test worker] DEBUG org.apache.velocity - ResourceManager : found /templates/macros/page/classifications.vm with loader org.apache.velocity.runtime.resource.loader.ClasspathResourceLoader
19:11:38.441 [Test worker] DEBUG org.apache.velocity - Velocimacro : added VM includeLead: source=/templates/macros/page/lead.vm
19:11:38.441 [Test worker] DEBUG org.apache.velocity - ResourceManager : found /templates/macros/page/lead.vm with loader org.apache.velocity.runtime.resource.loader.ClasspathResourceLoader
19:11:38.456 [Test worker] DEBUG org.apache.velocity - Velocimacro : added VM includeNavigation: source=/templates/macros/page/navigation.vm
19:11:38.456 [Test worker] DEBUG org.apache.velocity - ResourceManager : found /templates/macros/page/navigation.vm with loader org.apache.velocity.runtime.resource.loader.ClasspathResourceLoader
19:11:38.456 [Test worker] DEBUG org.apache.velocity - Velocimacro : added VM includeReportInfo: source=/templates/macros/page/reportInfo.vm
19:11:38.456 [Test worker] DEBUG org.apache.velocity - ResourceManager : found /templates/macros/page/reportInfo.vm with loader org.apache.velocity.runtime.resource.loader.ClasspathResourceLoader
19:11:38.456 [Test worker] DEBUG org.apache.velocity - Velocimacro : added VM includeTitle: source=/templates/macros/page/title.vm
19:11:38.456 [Test worker] DEBUG org.apache.velocity - ResourceManager : found /templates/macros/page/title.vm with loader org.apache.velocity.runtime.resource.loader.ClasspathResourceLoader
19:11:38.456 [Test worker] DEBUG org.apache.velocity - Velocimacro : added VM includeExpandingButtons: source=/templates/macros/report/expandAllButtons.vm
19:11:38.456 [Test worker] DEBUG org.apache.velocity - ResourceManager : found /templates/macros/report/expandAllButtons.vm with loader org.apache.velocity.runtime.resource.loader.ClasspathResourceLoader
19:11:38.456 [Test worker] DEBUG org.apache.velocity - Velocimacro : added VM includeReportTable: source=/templates/macros/report/reportTable.vm
19:11:38.456 [Test worker] DEBUG org.apache.velocity - ResourceManager : found /templates/macros/report/reportTable.vm with loader org.apache.velocity.runtime.resource.loader.ClasspathResourceLoader
19:11:38.456 [Test worker] DEBUG org.apache.velocity - Velocimacro : added VM includeReportHeader: source=/templates/macros/report/reportHeader.vm
19:11:38.456 [Test worker] DEBUG org.apache.velocity - ResourceManager : found /templates/macros/report/reportHeader.vm with loader org.apache.velocity.runtime.resource.loader.ClasspathResourceLoader
19:11:38.456 [Test worker] DEBUG org.apache.velocity - Velocimacro : added VM includeStatsTable: source=/templates/macros/report/statsTable.vm
19:11:38.456 [Test worker] DEBUG org.apache.velocity - ResourceManager : found /templates/macros/report/statsTable.vm with loader org.apache.velocity.runtime.resource.loader.ClasspathResourceLoader
19:11:38.456 [Test worker] DEBUG org.apache.velocity - Velocimacro : added VM includeBrief: source=/templates/macros/json/brief.vm
19:11:38.456 [Test worker] DEBUG org.apache.velocity - ResourceManager : found /templates/macros/json/brief.vm with loader org.apache.velocity.runtime.resource.loader.ClasspathResourceLoader
19:11:38.456 [Test worker] DEBUG org.apache.velocity - Velocimacro : added VM includeDocString: source=/templates/macros/json/docstring.vm
19:11:38.456 [Test worker] DEBUG org.apache.velocity - ResourceManager : found /templates/macros/json/docstring.vm with loader org.apache.velocity.runtime.resource.loader.ClasspathResourceLoader
19:11:38.456 [Test worker] DEBUG org.apache.velocity - Velocimacro : added VM includeDuration: source=/templates/macros/json/duration.vm
19:11:38.456 [Test worker] DEBUG org.apache.velocity - ResourceManager : found /templates/macros/json/duration.vm with loader org.apache.velocity.runtime.resource.loader.ClasspathResourceLoader
19:11:38.456 [Test worker] DEBUG org.apache.velocity - Velocimacro : added VM includeElement: source=/templates/macros/json/element.vm
19:11:38.456 [Test worker] DEBUG org.apache.velocity - ResourceManager : found /templates/macros/json/element.vm with loader org.apache.velocity.runtime.resource.loader.ClasspathResourceLoader
19:11:38.456 [Test worker] DEBUG org.apache.velocity - Velocimacro : added VM includeEmbeddings: source=/templates/macros/json/embeddings.vm
19:11:38.456 [Test worker] DEBUG org.apache.velocity - Velocimacro : added VM includeHtmlEmbedding: source=/templates/macros/json/embeddings.vm
19:11:38.456 [Test worker] DEBUG org.apache.velocity - Velocimacro : added VM includeImageEmbedding: source=/templates/macros/json/embeddings.vm
19:11:38.456 [Test worker] DEBUG org.apache.velocity - Velocimacro : added VM includeImageReferenceEmbedding: source=/templates/macros/json/embeddings.vm
19:11:38.456 [Test worker] DEBUG org.apache.velocity - Velocimacro : added VM includeTextEmbedding: source=/templates/macros/json/embeddings.vm
19:11:38.456 [Test worker] DEBUG org.apache.velocity - Velocimacro : added VM includeUnknownEmbedding: source=/templates/macros/json/embeddings.vm
19:11:38.456 [Test worker] DEBUG org.apache.velocity - ResourceManager : found /templates/macros/json/embeddings.vm with loader org.apache.velocity.runtime.resource.loader.ClasspathResourceLoader
19:11:38.456 [Test worker] DEBUG org.apache.velocity - Velocimacro : added VM includeHooks: source=/templates/macros/json/hooks.vm
19:11:38.456 [Test worker] DEBUG org.apache.velocity - ResourceManager : found /templates/macros/json/hooks.vm with loader org.apache.velocity.runtime.resource.loader.ClasspathResourceLoader
19:11:38.456 [Test worker] DEBUG org.apache.velocity - Velocimacro : added VM includeOutput: source=/templates/macros/json/output.vm
19:11:38.456 [Test worker] DEBUG org.apache.velocity - ResourceManager : found /templates/macros/json/output.vm with loader org.apache.velocity.runtime.resource.loader.ClasspathResourceLoader
19:11:38.456 [Test worker] DEBUG org.apache.velocity - Velocimacro : added VM includeMessage: source=/templates/macros/json/message.vm
19:11:38.456 [Test worker] DEBUG org.apache.velocity - ResourceManager : found /templates/macros/json/message.vm with loader org.apache.velocity.runtime.resource.loader.ClasspathResourceLoader
19:11:38.456 [Test worker] DEBUG org.apache.velocity - Velocimacro : added VM includeSteps: source=/templates/macros/json/steps.vm
19:11:38.456 [Test worker] DEBUG org.apache.velocity - ResourceManager : found /templates/macros/json/steps.vm with loader org.apache.velocity.runtime.resource.loader.ClasspathResourceLoader
19:11:38.456 [Test worker] DEBUG org.apache.velocity - Velocimacro : added VM includeTags: source=/templates/macros/json/tags.vm
19:11:38.456 [Test worker] DEBUG org.apache.velocity - ResourceManager : found /templates/macros/json/tags.vm with loader org.apache.velocity.runtime.resource.loader.ClasspathResourceLoader
19:11:38.456 [Test worker] DEBUG org.apache.velocity - VM #includeNavigation: too few arguments to macro. Wanted 1 got 0
19:11:38.456 [Test worker] DEBUG org.apache.velocity - Left side ($active_tab) of '==' operation has null value. If it is a reference, it may not be in the context or its toString() returned null. /templates/macros/page/navigation.vm[line 14, column 51]
19:11:38.456 [Test worker] DEBUG org.apache.velocity - Left side ($active_tab) of '==' operation has null value. If it is a reference, it may not be in the context or its toString() returned null. /templates/macros/page/navigation.vm[line 15, column 51]
19:11:38.456 [Test worker] DEBUG org.apache.velocity - Left side ($active_tab) of '==' operation has null value. If it is a reference, it may not be in the context or its toString() returned null. /templates/macros/page/navigation.vm[line 16, column 51]
19:11:38.456 [Test worker] DEBUG org.apache.velocity - Left side ($active_tab) of '==' operation has null value. If it is a reference, it may not be in the context or its toString() returned null. /templates/macros/page/navigation.vm[line 20, column 51]
19:11:38.456 [Test worker] DEBUG org.apache.velocity - VM #includeLead: too few arguments to macro. Wanted 2 got 1
19:11:38.456 [Test worker] DEBUG org.apache.velocity - VM #includeBrief: too few arguments to macro. Wanted 5 got 4
19:11:38.456 [Test worker] DEBUG org.apache.velocity - VM #includeBrief: too few arguments to macro. Wanted 5 got 4
19:11:38.456 [Test worker] DEBUG org.apache.velocity - VM #includeBrief: too few arguments to macro. Wanted 5 got 4
19:11:38.456 [Test worker] DEBUG org.apache.velocity - VM #includeBrief: too few arguments to macro. Wanted 5 got 4
19:11:38.456 [Test worker] DEBUG org.apache.velocity - ResourceManager : found /templates/footer.vm with loader org.apache.velocity.runtime.resource.loader.ClasspathResourceLoader
19:11:38.456 [Test worker] DEBUG org.apache.velocity - ResourceManager : found templates/generators/overviewSteps.vm with loader org.apache.velocity.runtime.resource.loader.ClasspathResourceLoader
19:11:38.456 [Test worker] DEBUG org.apache.velocity - ResourceManager : found /templates/headers.vm with loader org.apache.velocity.runtime.resource.loader.ClasspathResourceLoader
19:11:38.456 [Test worker] DEBUG org.apache.velocity - ResourceManager : found /templates/head.vm with loader org.apache.velocity.runtime.resource.loader.ClasspathResourceLoader
19:11:38.456 [Test worker] DEBUG org.apache.velocity - Velocimacro : added VM stringArray: source=/templates/macros/array.js.vm
19:11:38.456 [Test worker] DEBUG org.apache.velocity - Velocimacro : added VM numberArray: source=/templates/macros/array.js.vm
19:11:38.456 [Test worker] DEBUG org.apache.velocity - ResourceManager : found /templates/macros/array.js.vm with loader org.apache.velocity.runtime.resource.loader.ClasspathResourceLoader
19:11:38.456 [Test worker] DEBUG org.apache.velocity - Velocimacro : added VM includeBuildInfo: source=/templates/macros/page/buildinfo.vm
19:11:38.456 [Test worker] DEBUG org.apache.velocity - ResourceManager : found /templates/macros/page/buildinfo.vm with loader org.apache.velocity.runtime.resource.loader.ClasspathResourceLoader
19:11:38.456 [Test worker] DEBUG org.apache.velocity - Velocimacro : added VM includeClassifications: source=/templates/macros/page/classifications.vm
19:11:38.456 [Test worker] DEBUG org.apache.velocity - ResourceManager : found /templates/macros/page/classifications.vm with loader org.apache.velocity.runtime.resource.loader.ClasspathResourceLoader
19:11:38.456 [Test worker] DEBUG org.apache.velocity - Velocimacro : added VM includeLead: source=/templates/macros/page/lead.vm
19:11:38.456 [Test worker] DEBUG org.apache.velocity - ResourceManager : found /templates/macros/page/lead.vm with loader org.apache.velocity.runtime.resource.loader.ClasspathResourceLoader
19:11:38.456 [Test worker] DEBUG org.apache.velocity - Velocimacro : added VM includeNavigation: source=/templates/macros/page/navigation.vm
19:11:38.456 [Test worker] DEBUG org.apache.velocity - ResourceManager : found /templates/macros/page/navigation.vm with loader org.apache.velocity.runtime.resource.loader.ClasspathResourceLoader
19:11:38.472 [Test worker] DEBUG org.apache.velocity - Velocimacro : added VM includeReportInfo: source=/templates/macros/page/reportInfo.vm
19:11:38.472 [Test worker] DEBUG org.apache.velocity - ResourceManager : found /templates/macros/page/reportInfo.vm with loader org.apache.velocity.runtime.resource.loader.ClasspathResourceLoader
19:11:38.472 [Test worker] DEBUG org.apache.velocity - Velocimacro : added VM includeTitle: source=/templates/macros/page/title.vm
19:11:38.472 [Test worker] DEBUG org.apache.velocity - ResourceManager : found /templates/macros/page/title.vm with loader org.apache.velocity.runtime.resource.loader.ClasspathResourceLoader
19:11:38.472 [Test worker] DEBUG org.apache.velocity - Velocimacro : added VM includeExpandingButtons: source=/templates/macros/report/expandAllButtons.vm
19:11:38.472 [Test worker] DEBUG org.apache.velocity - ResourceManager : found /templates/macros/report/expandAllButtons.vm with loader org.apache.velocity.runtime.resource.loader.ClasspathResourceLoader
19:11:38.472 [Test worker] DEBUG org.apache.velocity - Velocimacro : added VM includeReportTable: source=/templates/macros/report/reportTable.vm
19:11:38.472 [Test worker] DEBUG org.apache.velocity - ResourceManager : found /templates/macros/report/reportTable.vm with loader org.apache.velocity.runtime.resource.loader.ClasspathResourceLoader
19:11:38.472 [Test worker] DEBUG org.apache.velocity - Velocimacro : added VM includeReportHeader: source=/templates/macros/report/reportHeader.vm
19:11:38.472 [Test worker] DEBUG org.apache.velocity - ResourceManager : found /templates/macros/report/reportHeader.vm with loader org.apache.velocity.runtime.resource.loader.ClasspathResourceLoader
19:11:38.472 [Test worker] DEBUG org.apache.velocity - Velocimacro : added VM includeStatsTable: source=/templates/macros/report/statsTable.vm
19:11:38.472 [Test worker] DEBUG org.apache.velocity - ResourceManager : found /templates/macros/report/statsTable.vm with loader org.apache.velocity.runtime.resource.loader.ClasspathResourceLoader
19:11:38.472 [Test worker] DEBUG org.apache.velocity - Velocimacro : added VM includeBrief: source=/templates/macros/json/brief.vm
19:11:38.472 [Test worker] DEBUG org.apache.velocity - ResourceManager : found /templates/macros/json/brief.vm with loader org.apache.velocity.runtime.resource.loader.ClasspathResourceLoader
19:11:38.472 [Test worker] DEBUG org.apache.velocity - Velocimacro : added VM includeDocString: source=/templates/macros/json/docstring.vm
19:11:38.472 [Test worker] DEBUG org.apache.velocity - ResourceManager : found /templates/macros/json/docstring.vm with loader org.apache.velocity.runtime.resource.loader.ClasspathResourceLoader
19:11:38.472 [Test worker] DEBUG org.apache.velocity - Velocimacro : added VM includeDuration: source=/templates/macros/json/duration.vm
19:11:38.472 [Test worker] DEBUG org.apache.velocity - ResourceManager : found /templates/macros/json/duration.vm with loader org.apache.velocity.runtime.resource.loader.ClasspathResourceLoader
19:11:38.472 [Test worker] DEBUG org.apache.velocity - Velocimacro : added VM includeElement: source=/templates/macros/json/element.vm
19:11:38.472 [Test worker] DEBUG org.apache.velocity - ResourceManager : found /templates/macros/json/element.vm with loader org.apache.velocity.runtime.resource.loader.ClasspathResourceLoader
19:11:38.472 [Test worker] DEBUG org.apache.velocity - Velocimacro : added VM includeEmbeddings: source=/templates/macros/json/embeddings.vm
19:11:38.472 [Test worker] DEBUG org.apache.velocity - Velocimacro : added VM includeHtmlEmbedding: source=/templates/macros/json/embeddings.vm
19:11:38.472 [Test worker] DEBUG org.apache.velocity - Velocimacro : added VM includeImageEmbedding: source=/templates/macros/json/embeddings.vm
19:11:38.472 [Test worker] DEBUG org.apache.velocity - Velocimacro : added VM includeImageReferenceEmbedding: source=/templates/macros/json/embeddings.vm
19:11:38.472 [Test worker] DEBUG org.apache.velocity - Velocimacro : added VM includeTextEmbedding: source=/templates/macros/json/embeddings.vm
19:11:38.472 [Test worker] DEBUG org.apache.velocity - Velocimacro : added VM includeUnknownEmbedding: source=/templates/macros/json/embeddings.vm
19:11:38.472 [Test worker] DEBUG org.apache.velocity - ResourceManager : found /templates/macros/json/embeddings.vm with loader org.apache.velocity.runtime.resource.loader.ClasspathResourceLoader
19:11:38.472 [Test worker] DEBUG org.apache.velocity - Velocimacro : added VM includeHooks: source=/templates/macros/json/hooks.vm
19:11:38.472 [Test worker] DEBUG org.apache.velocity - ResourceManager : found /templates/macros/json/hooks.vm with loader org.apache.velocity.runtime.resource.loader.ClasspathResourceLoader
19:11:38.472 [Test worker] DEBUG org.apache.velocity - Velocimacro : added VM includeOutput: source=/templates/macros/json/output.vm
19:11:38.472 [Test worker] DEBUG org.apache.velocity - ResourceManager : found /templates/macros/json/output.vm with loader org.apache.velocity.runtime.resource.loader.ClasspathResourceLoader
19:11:38.472 [Test worker] DEBUG org.apache.velocity - Velocimacro : added VM includeMessage: source=/templates/macros/json/message.vm
19:11:38.472 [Test worker] DEBUG org.apache.velocity - ResourceManager : found /templates/macros/json/message.vm with loader org.apache.velocity.runtime.resource.loader.ClasspathResourceLoader
19:11:38.472 [Test worker] DEBUG org.apache.velocity - Velocimacro : added VM includeSteps: source=/templates/macros/json/steps.vm
19:11:38.472 [Test worker] DEBUG org.apache.velocity - ResourceManager : found /templates/macros/json/steps.vm with loader org.apache.velocity.runtime.resource.loader.ClasspathResourceLoader
19:11:38.472 [Test worker] DEBUG org.apache.velocity - Velocimacro : added VM includeTags: source=/templates/macros/json/tags.vm
19:11:38.472 [Test worker] DEBUG org.apache.velocity - ResourceManager : found /templates/macros/json/tags.vm with loader org.apache.velocity.runtime.resource.loader.ClasspathResourceLoader
19:11:38.472 [Test worker] DEBUG org.apache.velocity - ResourceManager : found /templates/footer.vm with loader org.apache.velocity.runtime.resource.loader.ClasspathResourceLoader
19:11:38.472 [Test worker] DEBUG org.apache.velocity - ResourceManager : found templates/generators/overviewFailures.vm with loader org.apache.velocity.runtime.resource.loader.ClasspathResourceLoader
19:11:38.472 [Test worker] DEBUG org.apache.velocity - ResourceManager : found /templates/headers.vm with loader org.apache.velocity.runtime.resource.loader.ClasspathResourceLoader
19:11:38.472 [Test worker] DEBUG org.apache.velocity - ResourceManager : found /templates/head.vm with loader org.apache.velocity.runtime.resource.loader.ClasspathResourceLoader
19:11:38.472 [Test worker] DEBUG org.apache.velocity - Velocimacro : added VM stringArray: source=/templates/macros/array.js.vm
19:11:38.472 [Test worker] DEBUG org.apache.velocity - Velocimacro : added VM numberArray: source=/templates/macros/array.js.vm
19:11:38.472 [Test worker] DEBUG org.apache.velocity - ResourceManager : found /templates/macros/array.js.vm with loader org.apache.velocity.runtime.resource.loader.ClasspathResourceLoader
19:11:38.472 [Test worker] DEBUG org.apache.velocity - Velocimacro : added VM includeBuildInfo: source=/templates/macros/page/buildinfo.vm
19:11:38.472 [Test worker] DEBUG org.apache.velocity - ResourceManager : found /templates/macros/page/buildinfo.vm with loader org.apache.velocity.runtime.resource.loader.ClasspathResourceLoader
19:11:38.472 [Test worker] DEBUG org.apache.velocity - Velocimacro : added VM includeClassifications: source=/templates/macros/page/classifications.vm
19:11:38.472 [Test worker] DEBUG org.apache.velocity - ResourceManager : found /templates/macros/page/classifications.vm with loader org.apache.velocity.runtime.resource.loader.ClasspathResourceLoader
19:11:38.472 [Test worker] DEBUG org.apache.velocity - Velocimacro : added VM includeLead: source=/templates/macros/page/lead.vm
19:11:38.472 [Test worker] DEBUG org.apache.velocity - ResourceManager : found /templates/macros/page/lead.vm with loader org.apache.velocity.runtime.resource.loader.ClasspathResourceLoader
19:11:38.472 [Test worker] DEBUG org.apache.velocity - Velocimacro : added VM includeNavigation: source=/templates/macros/page/navigation.vm
19:11:38.472 [Test worker] DEBUG org.apache.velocity - ResourceManager : found /templates/macros/page/navigation.vm with loader org.apache.velocity.runtime.resource.loader.ClasspathResourceLoader
19:11:38.472 [Test worker] DEBUG org.apache.velocity - Velocimacro : added VM includeReportInfo: source=/templates/macros/page/reportInfo.vm
19:11:38.472 [Test worker] DEBUG org.apache.velocity - ResourceManager : found /templates/macros/page/reportInfo.vm with loader org.apache.velocity.runtime.resource.loader.ClasspathResourceLoader
19:11:38.472 [Test worker] DEBUG org.apache.velocity - Velocimacro : added VM includeTitle: source=/templates/macros/page/title.vm
19:11:38.472 [Test worker] DEBUG org.apache.velocity - ResourceManager : found /templates/macros/page/title.vm with loader org.apache.velocity.runtime.resource.loader.ClasspathResourceLoader
19:11:38.472 [Test worker] DEBUG org.apache.velocity - Velocimacro : added VM includeExpandingButtons: source=/templates/macros/report/expandAllButtons.vm
19:11:38.472 [Test worker] DEBUG org.apache.velocity - ResourceManager : found /templates/macros/report/expandAllButtons.vm with loader org.apache.velocity.runtime.resource.loader.ClasspathResourceLoader
19:11:38.472 [Test worker] DEBUG org.apache.velocity - Velocimacro : added VM includeReportTable: source=/templates/macros/report/reportTable.vm
19:11:38.472 [Test worker] DEBUG org.apache.velocity - ResourceManager : found /templates/macros/report/reportTable.vm with loader org.apache.velocity.runtime.resource.loader.ClasspathResourceLoader
19:11:38.488 [Test worker] DEBUG org.apache.velocity - Velocimacro : added VM includeReportHeader: source=/templates/macros/report/reportHeader.vm
19:11:38.488 [Test worker] DEBUG org.apache.velocity - ResourceManager : found /templates/macros/report/reportHeader.vm with loader org.apache.velocity.runtime.resource.loader.ClasspathResourceLoader
19:11:38.488 [Test worker] DEBUG org.apache.velocity - Velocimacro : added VM includeStatsTable: source=/templates/macros/report/statsTable.vm
19:11:38.488 [Test worker] DEBUG org.apache.velocity - ResourceManager : found /templates/macros/report/statsTable.vm with loader org.apache.velocity.runtime.resource.loader.ClasspathResourceLoader
19:11:38.488 [Test worker] DEBUG org.apache.velocity - Velocimacro : added VM includeBrief: source=/templates/macros/json/brief.vm
19:11:38.488 [Test worker] DEBUG org.apache.velocity - ResourceManager : found /templates/macros/json/brief.vm with loader org.apache.velocity.runtime.resource.loader.ClasspathResourceLoader
19:11:38.488 [Test worker] DEBUG org.apache.velocity - Velocimacro : added VM includeDocString: source=/templates/macros/json/docstring.vm
19:11:38.488 [Test worker] DEBUG org.apache.velocity - ResourceManager : found /templates/macros/json/docstring.vm with loader org.apache.velocity.runtime.resource.loader.ClasspathResourceLoader
19:11:38.488 [Test worker] DEBUG org.apache.velocity - Velocimacro : added VM includeDuration: source=/templates/macros/json/duration.vm
19:11:38.488 [Test worker] DEBUG org.apache.velocity - ResourceManager : found /templates/macros/json/duration.vm with loader org.apache.velocity.runtime.resource.loader.ClasspathResourceLoader
19:11:38.488 [Test worker] DEBUG org.apache.velocity - Velocimacro : added VM includeElement: source=/templates/macros/json/element.vm
19:11:38.488 [Test worker] DEBUG org.apache.velocity - ResourceManager : found /templates/macros/json/element.vm with loader org.apache.velocity.runtime.resource.loader.ClasspathResourceLoader
19:11:38.488 [Test worker] DEBUG org.apache.velocity - Velocimacro : added VM includeEmbeddings: source=/templates/macros/json/embeddings.vm
19:11:38.488 [Test worker] DEBUG org.apache.velocity - Velocimacro : added VM includeHtmlEmbedding: source=/templates/macros/json/embeddings.vm
19:11:38.488 [Test worker] DEBUG org.apache.velocity - Velocimacro : added VM includeImageEmbedding: source=/templates/macros/json/embeddings.vm
19:11:38.488 [Test worker] DEBUG org.apache.velocity - Velocimacro : added VM includeImageReferenceEmbedding: source=/templates/macros/json/embeddings.vm
19:11:38.488 [Test worker] DEBUG org.apache.velocity - Velocimacro : added VM includeTextEmbedding: source=/templates/macros/json/embeddings.vm
19:11:38.488 [Test worker] DEBUG org.apache.velocity - Velocimacro : added VM includeUnknownEmbedding: source=/templates/macros/json/embeddings.vm
19:11:38.488 [Test worker] DEBUG org.apache.velocity - ResourceManager : found /templates/macros/json/embeddings.vm with loader org.apache.velocity.runtime.resource.loader.ClasspathResourceLoader
19:11:38.488 [Test worker] DEBUG org.apache.velocity - Velocimacro : added VM includeHooks: source=/templates/macros/json/hooks.vm
19:11:38.488 [Test worker] DEBUG org.apache.velocity - ResourceManager : found /templates/macros/json/hooks.vm with loader org.apache.velocity.runtime.resource.loader.ClasspathResourceLoader
19:11:38.488 [Test worker] DEBUG org.apache.velocity - Velocimacro : added VM includeOutput: source=/templates/macros/json/output.vm
19:11:38.488 [Test worker] DEBUG org.apache.velocity - ResourceManager : found /templates/macros/json/output.vm with loader org.apache.velocity.runtime.resource.loader.ClasspathResourceLoader
19:11:38.488 [Test worker] DEBUG org.apache.velocity - Velocimacro : added VM includeMessage: source=/templates/macros/json/message.vm
19:11:38.488 [Test worker] DEBUG org.apache.velocity - ResourceManager : found /templates/macros/json/message.vm with loader org.apache.velocity.runtime.resource.loader.ClasspathResourceLoader
19:11:38.488 [Test worker] DEBUG org.apache.velocity - Velocimacro : added VM includeSteps: source=/templates/macros/json/steps.vm
19:11:38.488 [Test worker] DEBUG org.apache.velocity - ResourceManager : found /templates/macros/json/steps.vm with loader org.apache.velocity.runtime.resource.loader.ClasspathResourceLoader
19:11:38.488 [Test worker] DEBUG org.apache.velocity - Velocimacro : added VM includeTags: source=/templates/macros/json/tags.vm
19:11:38.488 [Test worker] DEBUG org.apache.velocity - ResourceManager : found /templates/macros/json/tags.vm with loader org.apache.velocity.runtime.resource.loader.ClasspathResourceLoader
19:11:38.488 [Test worker] DEBUG org.apache.velocity - VM #includeBrief: too few arguments to macro. Wanted 5 got 4
19:11:38.488 [Test worker] DEBUG org.apache.velocity - VM #includeBrief: too few arguments to macro. Wanted 5 got 4
19:11:38.488 [Test worker] DEBUG org.apache.velocity - VM #includeBrief: too few arguments to macro. Wanted 5 got 4
19:11:38.488 [Test worker] DEBUG org.apache.velocity - VM #includeBrief: too few arguments to macro. Wanted 5 got 4
19:11:38.488 [Test worker] DEBUG org.apache.velocity - VM #includeBrief: too few arguments to macro. Wanted 5 got 4
19:11:38.488 [Test worker] DEBUG org.apache.velocity - VM #includeBrief: too few arguments to macro. Wanted 5 got 4
19:11:38.488 [Test worker] DEBUG org.apache.velocity - VM #includeBrief: too few arguments to macro. Wanted 5 got 4
19:11:38.488 [Test worker] DEBUG org.apache.velocity - VM #includeBrief: too few arguments to macro. Wanted 5 got 4
19:11:38.488 [Test worker] DEBUG org.apache.velocity - ResourceManager : found /templates/footer.vm with loader org.apache.velocity.runtime.resource.loader.ClasspathResourceLoader
]]></system-out>
  <system-err><![CDATA[[Fatal Error] :4:74: Attribute name "data-pagespeed-no-defer" associated with an element type "script" must be followed by the ' = ' character.
ERROR StatusLogger No log4j2 configuration file found. Using default configuration: logging only errors to the console.
]]></system-err>
</testsuite>
